<?xml version="1.0" encoding="utf-8"?>
<TestRun id="7aa63100-be1b-488e-a81e-1b523d604254" name="bqhai@TOFU 2026-09-15 21:11:15" runUser="Tofu\CodexSandboxOffline" xmlns="http://microsoft.com/schemas/VisualStudio/TeamTest/2010">
  <Times creation="2026-09-15T21:11:15.9251759+07:00" queuing="2026-09-15T21:11:15.9251761+07:00" start="2026-09-15T21:11:12.7485781+07:00" finish="2026-09-15T21:11:17.4277493+07:00" />
  <TestSettings name="default" id="99769d57-6018-4122-8c99-fd2bba9b7685">
    <Deployment runDeploymentRoot="bqhai_TOFU_2026-09-15_21_11_15" />
  </TestSettings>
  <Results>
    <UnitTestResult executionId="013c33a9-c44b-4e3c-9f6f-48c8c2cc736d" testId="16e7eac1-8bde-f104-2e1b-1a3b214c2dfc" testName="FileHandler.Tests.Common.FileTypeDetectorTests.RejectsOtherNames(name: &quot;a&quot;)" computerName="TOFU" duration="00:00:00.0000220" startTime="2026-09-15T21:11:16.0267574+07:00" endTime="2026-09-15T21:11:16.0268060+07:00" testType="13cdc9d9-ddb5-4fa4-a97d-d965ccfc6d4b" outcome="Passed" testListId="8c84fa94-04c1-424b-9868-57a2d4851a1d" relativeResultsDirectory="013c33a9-c44b-4e3c-9f6f-48c8c2cc736d" />
    <UnitTestResult executionId="27fae46f-41e8-41fd-b865-ed4b58ad453a" testId="0397993a-c6aa-90f9-100c-4700ecde4142" testName="FileHandler.Tests.Modules.Office.OfficeTextCodecAndBindingTests.Decode_MissingToken_ReturnsInvalidTranslation" computerName="TOFU" duration="00:00:00.0003473" startTime="2026-09-15T21:11:16.1188578+07:00" endTime="2026-09-15T21:11:16.1192440+07:00" testType="13cdc9d9-ddb5-4fa4-a97d-d965ccfc6d4b" outcome="Passed" testListId="8c84fa94-04c1-424b-9868-57a2d4851a1d" relativeResultsDirectory="27fae46f-41e8-41fd-b865-ed4b58ad453a" />
    <UnitTestResult executionId="c392ff0c-eaa0-43b2-8b61-2462dd833219" testId="b5691c90-99b9-a8ee-28c0-b32894e40c06" testName="FileHandler.Tests.Modules.Markdown.MarkdownUnifiedTokenTests.SourceTokenLiteralsRemainCollisionSafe" computerName="TOFU" duration="00:00:00.0025318" startTime="2026-09-15T21:11:16.2339914+07:00" endTime="2026-09-15T21:11:16.2365737+07:00" testType="13cdc9d9-ddb5-4fa4-a97d-d965ccfc6d4b" outcome="Passed" testListId="8c84fa94-04c1-424b-9868-57a2d4851a1d" relativeResultsDirectory="c392ff0c-eaa0-43b2-8b61-2462dd833219" />
    <UnitTestResult executionId="cb040cc2-e665-425f-a575-d3716756d0e6" testId="66d18db1-7809-b80a-71ce-b815931d4d9b" testName="FileHandler.Tests.Modules.Markdown.MarkdownServiceBoundaryTests.ImportAndExport_ReturnReadErrorsWithoutPartialResults(sizeLimit: False)" computerName="TOFU" duration="00:00:00.4394286" startTime="2026-09-15T21:11:15.5818437+07:00" endTime="2026-09-15T21:11:16.0290709+07:00" testType="13cdc9d9-ddb5-4fa4-a97d-d965ccfc6d4b" outcome="Passed" testListId="8c84fa94-04c1-424b-9868-57a2d4851a1d" relativeResultsDirectory="cb040cc2-e665-425f-a575-d3716756d0e6" />
    <UnitTestResult executionId="4347eba8-b25b-4992-9bfa-7fab35b5c4b2" testId="8bb2216e-f9d5-9392-399a-a9d60d26ae75" testName="FileHandler.Tests.Modules.PlainText.PlainTextSegmenterTests.AllowsEmptySourceWithZeroQuota(source: &quot;\n\n&quot;)" computerName="TOFU" duration="00:00:00.0000307" startTime="2026-09-15T21:11:15.9418786+07:00" endTime="2026-09-15T21:11:15.9419347+07:00" testType="13cdc9d9-ddb5-4fa4-a97d-d965ccfc6d4b" outcome="Passed" testListId="8c84fa94-04c1-424b-9868-57a2d4851a1d" relativeResultsDirectory="4347eba8-b25b-4992-9bfa-7fab35b5c4b2" />
    <UnitTestResult executionId="fb9b9a1c-cdaf-4565-bab5-d931de9b2e9d" testId="4f81e929-e919-5165-b524-771f7f6fb555" testName="FileHandler.Tests.Modules.Markdown.MarkdownPrimitiveTests.GetLine_UsesOneBasedLines(offset: 2, expected: 1)" computerName="TOFU" duration="00:00:00.0000330" startTime="2026-09-15T21:11:16.1945720+07:00" endTime="2026-09-15T21:11:16.1946468+07:00" testType="13cdc9d9-ddb5-4fa4-a97d-d965ccfc6d4b" outcome="Passed" testListId="8c84fa94-04c1-424b-9868-57a2d4851a1d" relativeResultsDirectory="fb9b9a1c-cdaf-4565-bab5-d931de9b2e9d" />
    <UnitTestResult executionId="f8cfeda5-09c2-4c16-86bc-ac66426175ee" testId="d53ad50f-3add-b074-9940-e94b5f93d0a8" testName="FileHandler.Tests.Modules.Markdown.MarkdownExtractorTests.Extract_SkipsNonTranslatableContent(text: &quot;```cs\nvar a = 1;\n```\n&quot;)" computerName="TOFU" duration="00:00:00.0054054" startTime="2026-09-15T21:11:16.0729456+07:00" endTime="2026-09-15T21:11:16.0783939+07:00" testType="13cdc9d9-ddb5-4fa4-a97d-d965ccfc6d4b" outcome="Passed" testListId="8c84fa94-04c1-424b-9868-57a2d4851a1d" relativeResultsDirectory="f8cfeda5-09c2-4c16-86bc-ac66426175ee" />
    <UnitTestResult executionId="f2097334-d29d-451a-8d03-bf7fd97e4bde" testId="672b06f6-f5b3-aa07-6de6-2b8d7da58b2d" testName="FileHandler.Tests.Api.DebugTraceTests.ImportAndExportHaveIsolatedBalancedCallsAndRealValues" computerName="TOFU" duration="00:00:01.2273524" startTime="2026-09-15T21:11:15.5818179+07:00" endTime="2026-09-15T21:11:16.8170915+07:00" testType="13cdc9d9-ddb5-4fa4-a97d-d965ccfc6d4b" outcome="Passed" testListId="8c84fa94-04c1-424b-9868-57a2d4851a1d" relativeResultsDirectory="f2097334-d29d-451a-8d03-bf7fd97e4bde" />
    <UnitTestResult executionId="45b16bb5-dd5f-4135-addd-7571f7ec4d97" testId="2b6dd8c3-e680-7e34-06c6-3097ba5803ce" testName="FileHandler.Tests.Modules.Markdown.MarkdownExtractorTests.Extract_SkipsNonTranslatableContent(text: &quot;---\ntitle: Metadata\n---\n&quot;)" computerName="TOFU" duration="00:00:00.0004030" startTime="2026-09-15T21:11:16.0798427+07:00" endTime="2026-09-15T21:11:16.0802796+07:00" testType="13cdc9d9-ddb5-4fa4-a97d-d965ccfc6d4b" outcome="Passed" testListId="8c84fa94-04c1-424b-9868-57a2d4851a1d" relativeResultsDirectory="45b16bb5-dd5f-4135-addd-7571f7ec4d97" />
    <UnitTestResult executionId="f0d8fcdf-f036-4050-aaeb-08570ee738a3" testId="dcceee13-6bc5-27e1-13ee-9c9c3997b0d3" testName="FileHandler.Tests.Common.Utf8TextReaderTests.RejectsMalformedUtf16" computerName="TOFU" duration="00:00:00.0008919" startTime="2026-09-15T21:11:16.0408634+07:00" endTime="2026-09-15T21:11:16.0417922+07:00" testType="13cdc9d9-ddb5-4fa4-a97d-d965ccfc6d4b" outcome="Passed" testListId="8c84fa94-04c1-424b-9868-57a2d4851a1d" relativeResultsDirectory="f0d8fcdf-f036-4050-aaeb-08570ee738a3" />
    <UnitTestResult executionId="754f2e9a-51b4-4e87-97e9-0a0a9c40ff7b" testId="40cb82a1-26a7-45c9-f331-d68208ab35ba" testName="FileHandler.Tests.Modules.PlainText.PlainTextSegmenterTests.TreatsSyntaxAndNumbersAsLiteralText" computerName="TOFU" duration="00:00:00.0002643" startTime="2026-09-15T21:11:16.0261218+07:00" endTime="2026-09-15T21:11:16.0264223+07:00" testType="13cdc9d9-ddb5-4fa4-a97d-d965ccfc6d4b" outcome="Passed" testListId="8c84fa94-04c1-424b-9868-57a2d4851a1d" relativeResultsDirectory="754f2e9a-51b4-4e87-97e9-0a0a9c40ff7b" />
    <UnitTestResult executionId="1c6cfb2d-3bed-4b85-b0f2-f09ebea62ddc" testId="ea74679b-7323-33a4-f5c8-2d21b158f628" testName="FileHandler.Tests.Diagnostics.TraceStatePlacementTests.Detection_RecordsOnlySuccessfulType(name: &quot;guide.pdf&quot;, expected: null)" computerName="TOFU" duration="00:00:00.0086661" startTime="2026-09-15T21:11:16.4311755+07:00" endTime="2026-09-15T21:11:16.4398992+07:00" testType="13cdc9d9-ddb5-4fa4-a97d-d965ccfc6d4b" outcome="Passed" testListId="8c84fa94-04c1-424b-9868-57a2d4851a1d" relativeResultsDirectory="1c6cfb2d-3bed-4b85-b0f2-f09ebea62ddc" />
    <UnitTestResult executionId="f2e5482c-ca70-4c57-a1da-0e08622b7d11" testId="f619eec4-39e1-7d4b-b001-8edc9a52d52a" testName="FileHandler.Tests.Modules.Markdown.MarkdownTranslationApplierTests.Apply_PropagatesCancellation" computerName="TOFU" duration="00:00:00.0003299" startTime="2026-09-15T21:11:16.1173405+07:00" endTime="2026-09-15T21:11:16.1176948+07:00" testType="13cdc9d9-ddb5-4fa4-a97d-d965ccfc6d4b" outcome="Passed" testListId="8c84fa94-04c1-424b-9868-57a2d4851a1d" relativeResultsDirectory="f2e5482c-ca70-4c57-a1da-0e08622b7d11" />
    <UnitTestResult executionId="affacdf2-ad28-40ee-84c5-0a66c00e5513" testId="2ed25f66-4b58-6987-26e6-58b0b3dd5710" testName="FileHandler.Tests.Modules.Markdown.MarkdownPrimitiveTests.AllocateId_SkipsReservedAndPreviouslyAllocatedIds" computerName="TOFU" duration="00:00:00.0029258" startTime="2026-09-15T21:11:16.2096555+07:00" endTime="2026-09-15T21:11:16.2126260+07:00" testType="13cdc9d9-ddb5-4fa4-a97d-d965ccfc6d4b" outcome="Passed" testListId="8c84fa94-04c1-424b-9868-57a2d4851a1d" relativeResultsDirectory="affacdf2-ad28-40ee-84c5-0a66c00e5513" />
    <UnitTestResult executionId="4d369da2-9d6b-4af0-8b29-92697fb12b75" testId="da976fa5-4845-9d40-8fd9-f8c239fa29dc" testName="FileHandler.Tests.Modules.PlainText.PlainTextServiceTests.IdentityIsBytePerfect(text: &quot;one&quot;)" computerName="TOFU" duration="00:00:00.0023749" startTime="2026-09-15T21:11:16.0348564+07:00" endTime="2026-09-15T21:11:16.0372687+07:00" testType="13cdc9d9-ddb5-4fa4-a97d-d965ccfc6d4b" outcome="Passed" testListId="8c84fa94-04c1-424b-9868-57a2d4851a1d" relativeResultsDirectory="4d369da2-9d6b-4af0-8b29-92697fb12b75" />
    <UnitTestResult executionId="7602b3f6-7e54-4228-abae-104f321c5b4b" testId="73c7867b-1471-b42b-4844-78919b1f8c2a" testName="FileHandler.Tests.Modules.Markdown.MarkdownServiceTests.Export_PreservesLiteralHtmlEntitiesAndNumberedLists(translation: &quot;A &amp;copy; B &amp;#65;&quot;, expectedHtmlSubstring: &quot;A &amp;amp;copy; B &amp;amp;#65;&quot;)" computerName="TOFU" duration="00:00:00.0010014" startTime="2026-09-15T21:11:16.1598863+07:00" endTime="2026-09-15T21:11:16.1609327+07:00" testType="13cdc9d9-ddb5-4fa4-a97d-d965ccfc6d4b" outcome="Passed" testListId="8c84fa94-04c1-424b-9868-57a2d4851a1d" relativeResultsDirectory="7602b3f6-7e54-4228-abae-104f321c5b4b" />
    <UnitTestResult executionId="84e9377c-10de-48c2-90f3-c46544d516f3" testId="5ba9189e-69b4-8eeb-cab1-3a8b5541d4f5" testName="FileHandler.Tests.Modules.Office.OfficePackageReaderAndValidatorTests.ReadAsync_ValidExcelWorkbook_SucceedsWithSource" computerName="TOFU" duration="00:00:00.0019178" startTime="2026-09-15T21:11:16.3885297+07:00" endTime="2026-09-15T21:11:16.3904974+07:00" testType="13cdc9d9-ddb5-4fa4-a97d-d965ccfc6d4b" outcome="Passed" testListId="8c84fa94-04c1-424b-9868-57a2d4851a1d" relativeResultsDirectory="84e9377c-10de-48c2-90f3-c46544d516f3" />
    <UnitTestResult executionId="38bd5d62-c7e7-42da-8948-150243b7f589" testId="4430e0e2-1f53-5801-74fd-93a0f3775114" testName="FileHandler.Tests.Diagnostics.TraceStatePlacementTests.MarkdownFormatting_RecordsTokensBeforeAndAfterNormalization" computerName="TOFU" duration="00:00:00.0148980" startTime="2026-09-15T21:11:16.3977644+07:00" endTime="2026-09-15T21:11:16.4127052+07:00" testType="13cdc9d9-ddb5-4fa4-a97d-d965ccfc6d4b" outcome="Passed" testListId="8c84fa94-04c1-424b-9868-57a2d4851a1d" relativeResultsDirectory="38bd5d62-c7e7-42da-8948-150243b7f589" />
    <UnitTestResult executionId="80a10853-4097-4d21-b701-641a085f17b5" testId="e1ba0a59-3541-ae62-7e23-9a72dc47c8cf" testName="FileHandler.Tests.Modules.Markdown.MarkdownExtractorTests.ValidateStructure_ProtectsBlocksAndInlineTargets(before: &quot;[Hello](https://a.test)&quot;, after: &quot;[Hello](https://b.test)&quot;, valid: False)" computerName="TOFU" duration="00:00:00.0053868" startTime="2026-09-15T21:11:16.0889673+07:00" endTime="2026-09-15T21:11:16.0944055+07:00" testType="13cdc9d9-ddb5-4fa4-a97d-d965ccfc6d4b" outcome="Passed" testListId="8c84fa94-04c1-424b-9868-57a2d4851a1d" relativeResultsDirectory="80a10853-4097-4d21-b701-641a085f17b5" />
    <UnitTestResult executionId="0a1c33d6-4a37-461c-92cd-5493e081cc3b" testId="6461f272-959b-87e9-1b20-652c11735a7b" testName="FileHandler.Tests.Diagnostics.TraceStatePlacementTests.ReaderFailure_RecordsMeasuredBytesAndBom(limit: 3, code: &quot;file_too_large&quot;)" computerName="TOFU" duration="00:00:00.0097644" startTime="2026-09-15T21:11:16.3157027+07:00" endTime="2026-09-15T21:11:16.3255271+07:00" testType="13cdc9d9-ddb5-4fa4-a97d-d965ccfc6d4b" outcome="Passed" testListId="8c84fa94-04c1-424b-9868-57a2d4851a1d" relativeResultsDirectory="0a1c33d6-4a37-461c-92cd-5493e081cc3b" />
    <UnitTestResult executionId="2487d180-34a5-4aae-a8fc-2828ae86c446" testId="87de932d-4492-01d1-f140-b8a5f27b52ba" testName="FileHandler.Tests.Modules.PlainText.PlainTextServiceTests.RejectsOversizedAggregateBeforeAllocatingOutput" computerName="TOFU" duration="00:00:00.0078248" startTime="2026-09-15T21:11:16.0412852+07:00" endTime="2026-09-15T21:11:16.0491510+07:00" testType="13cdc9d9-ddb5-4fa4-a97d-d965ccfc6d4b" outcome="Passed" testListId="8c84fa94-04c1-424b-9868-57a2d4851a1d" relativeResultsDirectory="2487d180-34a5-4aae-a8fc-2828ae86c446" />
    <UnitTestResult executionId="ea632ba7-bc18-4f54-b957-ffd1f8f4d0d3" testId="662784e9-0e74-19f6-9397-95888d2d75d5" testName="FileHandler.Tests.Modules.Markdown.MarkdownTranslationApplierTests.Apply_PropagatesExtractionErrorsAndCountMismatch" computerName="TOFU" duration="00:00:00.0006870" startTime="2026-09-15T21:11:16.1132492+07:00" endTime="2026-09-15T21:11:16.1139769+07:00" testType="13cdc9d9-ddb5-4fa4-a97d-d965ccfc6d4b" outcome="Passed" testListId="8c84fa94-04c1-424b-9868-57a2d4851a1d" relativeResultsDirectory="ea632ba7-bc18-4f54-b957-ffd1f8f4d0d3" />
    <UnitTestResult executionId="ac0ef35e-11a6-4b93-90a1-33b1b060e6e6" testId="080b5f81-8146-701a-f162-8d3f16feb009" testName="FileHandler.Tests.Diagnostics.DebugTraceMiddlewareTests.InvokeAsync_LogsAndRethrowsOriginalException" computerName="TOFU" duration="00:00:00.0152592" startTime="2026-09-15T21:11:16.2331376+07:00" endTime="2026-09-15T21:11:16.2484436+07:00" testType="13cdc9d9-ddb5-4fa4-a97d-d965ccfc6d4b" outcome="Passed" testListId="8c84fa94-04c1-424b-9868-57a2d4851a1d" relativeResultsDirectory="ac0ef35e-11a6-4b93-90a1-33b1b060e6e6" />
    <UnitTestResult executionId="a77e250f-203a-4643-a15f-aa667c5c6154" testId="b679313d-2e31-f136-c939-70bd916c6715" testName="FileHandler.Tests.Modules.Markdown.MarkdownExtractorTests.Extract_ProtectsInlineSource(source: &quot;Read &lt;b&gt;text&lt;/b&gt;&quot;, protectedSource: &quot;&lt;b&gt;&quot;)" computerName="TOFU" duration="00:00:00.0003945" startTime="2026-09-15T21:11:16.0995016+07:00" endTime="2026-09-15T21:11:16.0999382+07:00" testType="13cdc9d9-ddb5-4fa4-a97d-d965ccfc6d4b" outcome="Passed" testListId="8c84fa94-04c1-424b-9868-57a2d4851a1d" relativeResultsDirectory="a77e250f-203a-4643-a15f-aa667c5c6154" />
    <UnitTestResult executionId="c1ff41ef-f3de-49bc-99a8-5ff98ee7d864" testId="81007fa6-ac90-54f7-b295-cb19111a8cb5" testName="FileHandler.Tests.Modules.PlainText.PlainTextSegmenterTests.PreservesParagraphSpansAndLineRanges(newline: &quot;\r\n&quot;)" computerName="TOFU" duration="00:00:00.0002084" startTime="2026-09-15T21:11:16.0250701+07:00" endTime="2026-09-15T21:11:16.0253103+07:00" testType="13cdc9d9-ddb5-4fa4-a97d-d965ccfc6d4b" outcome="Passed" testListId="8c84fa94-04c1-424b-9868-57a2d4851a1d" relativeResultsDirectory="c1ff41ef-f3de-49bc-99a8-5ff98ee7d864" />
    <UnitTestResult executionId="0791000b-41e8-48a3-b113-93c3c20df402" testId="887a2329-3b57-5b1b-d60e-58d8c211dab2" testName="FileHandler.Tests.Modules.PlainText.PlainTextServiceTests.ObservesCancellationDuringExport(cancelAfter: 3)" computerName="TOFU" duration="00:00:00.0004089" startTime="2026-09-15T21:11:15.8959480+07:00" endTime="2026-09-15T21:11:15.8963818+07:00" testType="13cdc9d9-ddb5-4fa4-a97d-d965ccfc6d4b" outcome="Passed" testListId="8c84fa94-04c1-424b-9868-57a2d4851a1d" relativeResultsDirectory="0791000b-41e8-48a3-b113-93c3c20df402" />
    <UnitTestResult executionId="084b8212-20b2-4afd-a3ac-93f2f21087f3" testId="30b36c46-1a33-c131-67cd-fcbc59815e8d" testName="FileHandler.Tests.Modules.Excel.ExcelModuleTests.E15_TranslationCountMismatch_ReturnsError" computerName="TOFU" duration="00:00:00.0078113" startTime="2026-09-15T21:11:16.4613041+07:00" endTime="2026-09-15T21:11:16.4691697+07:00" testType="13cdc9d9-ddb5-4fa4-a97d-d965ccfc6d4b" outcome="Passed" testListId="8c84fa94-04c1-424b-9868-57a2d4851a1d" relativeResultsDirectory="084b8212-20b2-4afd-a3ac-93f2f21087f3" />
    <UnitTestResult executionId="74b500a5-5088-447c-9d37-e77d6cc8883d" testId="de175096-debc-4ee2-bd82-706db6479631" testName="FileHandler.Tests.Modules.Office.OfficePackageReaderAndValidatorTests.ReadAsync_ValidWordDocument_SucceedsWithSource" computerName="TOFU" duration="00:00:00.0016407" startTime="2026-09-15T21:11:16.3400341+07:00" endTime="2026-09-15T21:11:16.3417248+07:00" testType="13cdc9d9-ddb5-4fa4-a97d-d965ccfc6d4b" outcome="Passed" testListId="8c84fa94-04c1-424b-9868-57a2d4851a1d" relativeResultsDirectory="74b500a5-5088-447c-9d37-e77d6cc8883d" />
    <UnitTestResult executionId="7962764d-ac30-449b-b26f-1311951738a9" testId="7aceb5d4-c904-1a4f-3de9-43b0cf465c65" testName="FileHandler.Tests.Api.FilesControllerTests.Export_AcceptsLenientJsonWithNewlinesAndTrailingCommas" computerName="TOFU" duration="00:00:00.0013741" startTime="2026-09-15T21:11:16.1954523+07:00" endTime="2026-09-15T21:11:16.1968550+07:00" testType="13cdc9d9-ddb5-4fa4-a97d-d965ccfc6d4b" outcome="Passed" testListId="8c84fa94-04c1-424b-9868-57a2d4851a1d" relativeResultsDirectory="7962764d-ac30-449b-b26f-1311951738a9" />
    <UnitTestResult executionId="4d9d1c14-aebd-472a-aa6f-9e8d4fbf1e95" testId="b6ea78bf-fb81-a1ee-7afd-863ccde0ff01" testName="FileHandler.Tests.Api.FilesApiTests.PlainTextResourceLimitsReturn413(limit: &quot;units&quot;, expected: &quot;too_many_units&quot;)" computerName="TOFU" duration="00:00:00.0378176" startTime="2026-09-15T21:11:17.0868626+07:00" endTime="2026-09-15T21:11:17.1247406+07:00" testType="13cdc9d9-ddb5-4fa4-a97d-d965ccfc6d4b" outcome="Passed" testListId="8c84fa94-04c1-424b-9868-57a2d4851a1d" relativeResultsDirectory="4d9d1c14-aebd-472a-aa6f-9e8d4fbf1e95" />
    <UnitTestResult executionId="93238a10-b497-438e-a1f1-1fc394baeb47" testId="db50120d-5ceb-9e52-690c-3ff6228d5d76" testName="FileHandler.Tests.Modules.Office.OfficeTraceAndApiTests.Export_ExcelDocument_ReturnsTranslatedFile" computerName="TOFU" duration="00:00:00.1453299" startTime="2026-09-15T21:11:16.3125253+07:00" endTime="2026-09-15T21:11:16.4579021+07:00" testType="13cdc9d9-ddb5-4fa4-a97d-d965ccfc6d4b" outcome="Passed" testListId="8c84fa94-04c1-424b-9868-57a2d4851a1d" relativeResultsDirectory="93238a10-b497-438e-a1f1-1fc394baeb47" />
    <UnitTestResult executionId="c2d1220e-d350-4403-a724-f902523f1d28" testId="9626a0e8-4df3-8834-992f-9813e41f4773" testName="FileHandler.Tests.Common.FileTypeDetectorTests.DetectsMarkdown(name: &quot;a.md&quot;)" computerName="TOFU" duration="00:00:00.0001385" startTime="2026-09-15T21:11:16.0232662+07:00" endTime="2026-09-15T21:11:16.0234494+07:00" testType="13cdc9d9-ddb5-4fa4-a97d-d965ccfc6d4b" outcome="Passed" testListId="8c84fa94-04c1-424b-9868-57a2d4851a1d" relativeResultsDirectory="c2d1220e-d350-4403-a724-f902523f1d28" />
    <UnitTestResult executionId="96b3c089-0429-4393-b37a-9922aab57f5a" testId="67c29756-17a3-78f5-88bd-547c25538eaf" testName="FileHandler.Tests.Modules.Markdown.MarkdownTranslationApplierTests.Apply_ValidatesEachTranslationWithSourceLocation(translation: &quot; \t&quot;, code: &quot;empty_translation&quot;)" computerName="TOFU" duration="00:00:00.0000966" startTime="2026-09-15T21:11:16.1116631+07:00" endTime="2026-09-15T21:11:16.1117846+07:00" testType="13cdc9d9-ddb5-4fa4-a97d-d965ccfc6d4b" outcome="Passed" testListId="8c84fa94-04c1-424b-9868-57a2d4851a1d" relativeResultsDirectory="96b3c089-0429-4393-b37a-9922aab57f5a" />
    <UnitTestResult executionId="6f64b909-3742-4493-82cc-3f8b1dd1ad23" testId="a3baf18d-64a5-fe04-9859-0334b4548bbf" testName="FileHandler.Tests.Modules.Markdown.MarkdownServiceTests.CallsAreDeterministicAndConcurrent" computerName="TOFU" duration="00:00:00.0175050" startTime="2026-09-15T21:11:16.1381825+07:00" endTime="2026-09-15T21:11:16.1568564+07:00" testType="13cdc9d9-ddb5-4fa4-a97d-d965ccfc6d4b" outcome="Passed" testListId="8c84fa94-04c1-424b-9868-57a2d4851a1d" relativeResultsDirectory="6f64b909-3742-4493-82cc-3f8b1dd1ad23" />
    <UnitTestResult executionId="7b21b6b9-0555-491a-bdac-215fa9b16095" testId="910292cf-307a-1798-c5a4-c8fe66619e17" testName="FileHandler.Tests.Modules.PlainText.PlainTextServiceTests.PropagatesSourceErrors(sizeLimit: False)" computerName="TOFU" duration="00:00:00.0010433" startTime="2026-09-15T21:11:16.0496912+07:00" endTime="2026-09-15T21:11:16.0507623+07:00" testType="13cdc9d9-ddb5-4fa4-a97d-d965ccfc6d4b" outcome="Passed" testListId="8c84fa94-04c1-424b-9868-57a2d4851a1d" relativeResultsDirectory="7b21b6b9-0555-491a-bdac-215fa9b16095" />
    <UnitTestResult executionId="dba6b1d6-8e1e-435c-a87c-5cabe6c6e28b" testId="15a4169b-70b1-ec39-a8f9-2089cc007d47" testName="FileHandler.Tests.Modules.Office.OfficeTraceAndApiTests.Import_PowerPointDocument_ReturnsOkWithTexts" computerName="TOFU" duration="00:00:00.0064346" startTime="2026-09-15T21:11:16.4841944+07:00" endTime="2026-09-15T21:11:16.4906886+07:00" testType="13cdc9d9-ddb5-4fa4-a97d-d965ccfc6d4b" outcome="Passed" testListId="8c84fa94-04c1-424b-9868-57a2d4851a1d" relativeResultsDirectory="dba6b1d6-8e1e-435c-a87c-5cabe6c6e28b" />
    <UnitTestResult executionId="988557cb-e8e7-47e1-b058-b17dd90b5498" testId="a4305c3e-f1cb-9006-8e2c-90f00392ac81" testName="FileHandler.Tests.Modules.Markdown.MarkdownExtractorTests.Extract_MapsUnitsToSourceAndDetectsInternalLinks" computerName="TOFU" duration="00:00:00.0010485" startTime="2026-09-15T21:11:16.0956350+07:00" endTime="2026-09-15T21:11:16.0967169+07:00" testType="13cdc9d9-ddb5-4fa4-a97d-d965ccfc6d4b" outcome="Passed" testListId="8c84fa94-04c1-424b-9868-57a2d4851a1d" relativeResultsDirectory="988557cb-e8e7-47e1-b058-b17dd90b5498" />
    <UnitTestResult executionId="05a6aa54-4e27-4eac-9e8d-a6fdc1a79a4c" testId="0c1cdf75-d0f0-911e-ac14-69442c7e0522" testName="FileHandler.Tests.Modules.Markdown.MarkdownTranslationApplierTests.Apply_RejectsInvalidMarkersAtomically(translation: &quot;&lt;ox:r2147483648&gt;x&lt;/ox:r2147483648&gt;&quot;, code: &quot;invalid_marker_syntax&quot;)" computerName="TOFU" duration="00:00:00.0001641" startTime="2026-09-15T21:11:16.0922517+07:00" endTime="2026-09-15T21:11:16.0924550+07:00" testType="13cdc9d9-ddb5-4fa4-a97d-d965ccfc6d4b" outcome="Passed" testListId="8c84fa94-04c1-424b-9868-57a2d4851a1d" relativeResultsDirectory="05a6aa54-4e27-4eac-9e8d-a6fdc1a79a4c" />
    <UnitTestResult executionId="56a32272-ab28-4169-aee1-1b26006aa765" testId="290bdbb9-aa67-83e7-b6a9-dbe06c274232" testName="FileHandler.Tests.Modules.Office.OfficePackageReaderAndValidatorTests.ReadAsync_FormatMismatch_ReturnsOfficeFormatMismatch" computerName="TOFU" duration="00:00:00.0028997" startTime="2026-09-15T21:11:16.3837561+07:00" endTime="2026-09-15T21:11:16.3867024+07:00" testType="13cdc9d9-ddb5-4fa4-a97d-d965ccfc6d4b" outcome="Passed" testListId="8c84fa94-04c1-424b-9868-57a2d4851a1d" relativeResultsDirectory="56a32272-ab28-4169-aee1-1b26006aa765" />
    <UnitTestResult executionId="a11677c6-313f-48b9-a7d5-7b1fe172aa7a" testId="da7a6684-75a3-5e5f-4dfd-15299431c2c7" testName="FileHandler.Tests.Modules.PlainText.PlainTextSegmenterTests.AllowsEmptySourceWithZeroQuota(source: &quot; \t\r\n \n\r&quot;)" computerName="TOFU" duration="00:00:00.3511731" startTime="2026-09-15T21:11:15.5817971+07:00" endTime="2026-09-15T21:11:15.9408734+07:00" testType="13cdc9d9-ddb5-4fa4-a97d-d965ccfc6d4b" outcome="Passed" testListId="8c84fa94-04c1-424b-9868-57a2d4851a1d" relativeResultsDirectory="a11677c6-313f-48b9-a7d5-7b1fe172aa7a" />
    <UnitTestResult executionId="2b87e767-42fc-4654-bf8c-37900698bee9" testId="16380bf7-8022-85c5-1238-51a385ab596a" testName="FileHandler.Tests.Common.FileTypeDetectorTests.DetectsPlainText(name: &quot;../../guide.txt&quot;)" computerName="TOFU" duration="00:00:00.0000289" startTime="2026-09-15T21:11:16.0227970+07:00" endTime="2026-09-15T21:11:16.0228501+07:00" testType="13cdc9d9-ddb5-4fa4-a97d-d965ccfc6d4b" outcome="Passed" testListId="8c84fa94-04c1-424b-9868-57a2d4851a1d" relativeResultsDirectory="2b87e767-42fc-4654-bf8c-37900698bee9" />
    <UnitTestResult executionId="efb2fb6f-c956-4657-98ec-b65c0c145633" testId="fb8d4c88-17e8-cdfc-2622-d776d332e403" testName="FileHandler.Tests.Modules.Office.OfficePackageReaderAndValidatorTests.ReadAsync_ValidPowerPointPresentation_SucceedsWithSource" computerName="TOFU" duration="00:00:00.0311293" startTime="2026-09-15T21:11:16.3068738+07:00" endTime="2026-09-15T21:11:16.3380532+07:00" testType="13cdc9d9-ddb5-4fa4-a97d-d965ccfc6d4b" outcome="Passed" testListId="8c84fa94-04c1-424b-9868-57a2d4851a1d" relativeResultsDirectory="efb2fb6f-c956-4657-98ec-b65c0c145633" />
    <UnitTestResult executionId="b7fdc68b-5de9-4f30-ab85-1683ab7e0727" testId="2a8ad839-abc0-a144-b018-0e9f08a799e4" testName="FileHandler.Tests.Modules.Office.OfficeTraceAndApiTests.Export_PowerPointDocument_ReturnsTranslatedFile" computerName="TOFU" duration="00:00:00.0174607" startTime="2026-09-15T21:11:16.4987445+07:00" endTime="2026-09-15T21:11:16.5162566+07:00" testType="13cdc9d9-ddb5-4fa4-a97d-d965ccfc6d4b" outcome="Passed" testListId="8c84fa94-04c1-424b-9868-57a2d4851a1d" relativeResultsDirectory="b7fdc68b-5de9-4f30-ab85-1683ab7e0727" />
    <UnitTestResult executionId="50c8c012-de31-43fb-a57a-2a1297f79d74" testId="43adb70c-97e8-a02e-66f0-71d0eb948e0d" testName="FileHandler.Tests.Api.FilesApiTests.ImportReturnsBareArray" computerName="TOFU" duration="00:00:00.0026622" startTime="2026-09-15T21:11:17.2232879+07:00" endTime="2026-09-15T21:11:17.2259857+07:00" testType="13cdc9d9-ddb5-4fa4-a97d-d965ccfc6d4b" outcome="Passed" testListId="8c84fa94-04c1-424b-9868-57a2d4851a1d" relativeResultsDirectory="50c8c012-de31-43fb-a57a-2a1297f79d74" />
    <UnitTestResult executionId="b58eab83-b755-44c2-a25e-7e46dedc3311" testId="19d6d8e4-ebd9-a755-1801-b6d5170e78b5" testName="FileHandler.Tests.Common.FileTypeDetectorTests.DetectsMarkdown(name: &quot;../../guide.md&quot;)" computerName="TOFU" duration="00:00:00.0000288" startTime="2026-09-15T21:11:16.0242422+07:00" endTime="2026-09-15T21:11:16.0243042+07:00" testType="13cdc9d9-ddb5-4fa4-a97d-d965ccfc6d4b" outcome="Passed" testListId="8c84fa94-04c1-424b-9868-57a2d4851a1d" relativeResultsDirectory="b58eab83-b755-44c2-a25e-7e46dedc3311" />
    <UnitTestResult executionId="8dafcd03-946b-41fd-b008-2ec73b78389f" testId="a7e200ab-d4a1-2471-e033-f9fbca85c007" testName="FileHandler.Tests.Api.FilesApiTests.Import_Returns415_WhenNotMultipart" computerName="TOFU" duration="00:00:00.0044619" startTime="2026-09-15T21:11:16.8530844+07:00" endTime="2026-09-15T21:11:16.8575882+07:00" testType="13cdc9d9-ddb5-4fa4-a97d-d965ccfc6d4b" outcome="Passed" testListId="8c84fa94-04c1-424b-9868-57a2d4851a1d" relativeResultsDirectory="8dafcd03-946b-41fd-b008-2ec73b78389f" />
    <UnitTestResult executionId="1fe5a76a-61e9-471d-b56c-97671df2a001" testId="4b978a2b-7d9e-7685-1784-4686ff40daba" testName="FileHandler.Tests.Common.FileTypeDetectorTests.SanitizesOutputName" computerName="TOFU" duration="00:00:00.0001420" startTime="2026-09-15T21:11:16.0279038+07:00" endTime="2026-09-15T21:11:16.0280805+07:00" testType="13cdc9d9-ddb5-4fa4-a97d-d965ccfc6d4b" outcome="Passed" testListId="8c84fa94-04c1-424b-9868-57a2d4851a1d" relativeResultsDirectory="1fe5a76a-61e9-471d-b56c-97671df2a001" />
    <UnitTestResult executionId="e2d05871-5d53-4d27-a38f-5802c816d4f9" testId="cff01ed7-9d45-2c5b-9090-5b1d900b3df6" testName="FileHandler.Tests.Modules.Markdown.MarkdownPrimitiveTests.Parse_PreservesMalformedMarkersAsText(text: &quot;&lt;keepme-1&gt;&quot;)" computerName="TOFU" duration="00:00:00.0000469" startTime="2026-09-15T21:11:16.1775098+07:00" endTime="2026-09-15T21:11:16.1775874+07:00" testType="13cdc9d9-ddb5-4fa4-a97d-d965ccfc6d4b" outcome="Passed" testListId="8c84fa94-04c1-424b-9868-57a2d4851a1d" relativeResultsDirectory="e2d05871-5d53-4d27-a38f-5802c816d4f9" />
    <UnitTestResult executionId="a662a558-cdd7-4ae7-aeae-9b5f1421039b" testId="de71410a-5444-b272-f601-ac6f99658afd" testName="FileHandler.Tests.Diagnostics.DebugTraceMiddlewareTests.Warn_ContainsLoggingProviderFailures" computerName="TOFU" duration="00:00:00.0014012" startTime="2026-09-15T21:11:16.2294390+07:00" endTime="2026-09-15T21:11:16.2308878+07:00" testType="13cdc9d9-ddb5-4fa4-a97d-d965ccfc6d4b" outcome="Passed" testListId="8c84fa94-04c1-424b-9868-57a2d4851a1d" relativeResultsDirectory="a662a558-cdd7-4ae7-aeae-9b5f1421039b" />
    <UnitTestResult executionId="1f5f5578-0538-4829-b7f1-f4773612dba6" testId="dafe0d87-1c14-564b-09ca-a3bd5aac9105" testName="FileHandler.Tests.Common.FileTypeDetectorTests.RejectsOtherNames(name: &quot;a.md.exe&quot;)" computerName="TOFU" duration="00:00:00.0000227" startTime="2026-09-15T21:11:16.0264981+07:00" endTime="2026-09-15T21:11:16.0265473+07:00" testType="13cdc9d9-ddb5-4fa4-a97d-d965ccfc6d4b" outcome="Passed" testListId="8c84fa94-04c1-424b-9868-57a2d4851a1d" relativeResultsDirectory="1f5f5578-0538-4829-b7f1-f4773612dba6" />
    <UnitTestResult executionId="978fc02b-8249-4046-85ab-d181d0a21c96" testId="40dd7cf3-945b-aab8-66de-64efaeed169f" testName="FileHandler.Tests.Common.FileTypeDetectorTests.RejectsOtherNames(name: &quot;&quot;)" computerName="TOFU" duration="00:00:00.0000313" startTime="2026-09-15T21:11:16.0274507+07:00" endTime="2026-09-15T21:11:16.0275173+07:00" testType="13cdc9d9-ddb5-4fa4-a97d-d965ccfc6d4b" outcome="Passed" testListId="8c84fa94-04c1-424b-9868-57a2d4851a1d" relativeResultsDirectory="978fc02b-8249-4046-85ab-d181d0a21c96" />
    <UnitTestResult executionId="1fc98118-7cb6-43d7-a244-a29bb29f6051" testId="48a5f744-9504-45be-6dbb-f54ae7c3ad91" testName="FileHandler.Tests.Common.FileTypeDetectorTests.PreservesOriginalAttachmentName(source: &quot;Deck.PPTX&quot;, expected: &quot;Deck.PPTX&quot;)" computerName="TOFU" duration="00:00:00.0000158" startTime="2026-09-15T21:11:15.8995189+07:00" endTime="2026-09-15T21:11:15.8995467+07:00" testType="13cdc9d9-ddb5-4fa4-a97d-d965ccfc6d4b" outcome="Passed" testListId="8c84fa94-04c1-424b-9868-57a2d4851a1d" relativeResultsDirectory="1fc98118-7cb6-43d7-a244-a29bb29f6051" />
    <UnitTestResult executionId="080c284c-8c94-4c00-85c7-04219d9273e5" testId="595fa0a4-13f2-f990-45ef-2be629954915" testName="FileHandler.Tests.Diagnostics.TraceSessionTests.TraceCall_RecordsOneCompletionAndRestoresParent(kind: &quot;error&quot;)" computerName="TOFU" duration="00:00:00.0089090" startTime="2026-09-15T21:11:16.2770771+07:00" endTime="2026-09-15T21:11:16.2860568+07:00" testType="13cdc9d9-ddb5-4fa4-a97d-d965ccfc6d4b" outcome="Passed" testListId="8c84fa94-04c1-424b-9868-57a2d4851a1d" relativeResultsDirectory="080c284c-8c94-4c00-85c7-04219d9273e5" />
    <UnitTestResult executionId="1d31e1b7-c42e-452b-9425-e2cd08814e0d" testId="7ca9eab3-30af-23e0-e3fd-8c38283a0c3d" testName="FileHandler.Tests.Modules.PlainText.PlainTextServiceTests.RejectsInvalidTranslationsWithLocations(translation: &quot; \t &quot;, code: &quot;empty_translation&quot;)" computerName="TOFU" duration="00:00:00.0812023" startTime="2026-09-15T21:11:15.9436102+07:00" endTime="2026-09-15T21:11:16.0248479+07:00" testType="13cdc9d9-ddb5-4fa4-a97d-d965ccfc6d4b" outcome="Passed" testListId="8c84fa94-04c1-424b-9868-57a2d4851a1d" relativeResultsDirectory="1d31e1b7-c42e-452b-9425-e2cd08814e0d" />
    <UnitTestResult executionId="6c2a6cf9-a75a-444e-b784-7367492497a4" testId="5757c5f3-82c4-27f1-7c5b-a018ec4d733f" testName="FileHandler.Tests.Api.FilesApiTests.PlainTextUsesExistingJsonAndErrorContracts(json: &quot;[null]&quot;, status: 400, expected: &quot;invalid_translated_texts&quot;)" computerName="TOFU" duration="00:00:00.0189696" startTime="2026-09-15T21:11:16.8211520+07:00" endTime="2026-09-15T21:11:16.8401701+07:00" testType="13cdc9d9-ddb5-4fa4-a97d-d965ccfc6d4b" outcome="Passed" testListId="8c84fa94-04c1-424b-9868-57a2d4851a1d" relativeResultsDirectory="6c2a6cf9-a75a-444e-b784-7367492497a4" />
    <UnitTestResult executionId="c9c2059b-a3a3-4e33-8bba-ef7002cbe5c2" testId="7e520cb1-d1d9-c86c-5463-ae82a22b950f" testName="FileHandler.Tests.Api.FilesControllerTests.Export_RejectsInvalidJsonContract(json: &quot;null&quot;, code: &quot;invalid_translated_texts&quot;)" computerName="TOFU" duration="00:00:00.0002651" startTime="2026-09-15T21:11:16.1776152+07:00" endTime="2026-09-15T21:11:16.1779119+07:00" testType="13cdc9d9-ddb5-4fa4-a97d-d965ccfc6d4b" outcome="Passed" testListId="8c84fa94-04c1-424b-9868-57a2d4851a1d" relativeResultsDirectory="c9c2059b-a3a3-4e33-8bba-ef7002cbe5c2" />
    <UnitTestResult executionId="244cf036-97ba-4ef3-8131-ac2653ec3baf" testId="37f112ec-6ffd-62a0-69f0-85bbcacf4b01" testName="FileHandler.Tests.Diagnostics.TraceStatePlacementTests.ReaderFailure_RecordsMeasuredBytesAndBom(limit: 100, code: &quot;invalid_encoding&quot;)" computerName="TOFU" duration="00:00:00.0102882" startTime="2026-09-15T21:11:16.3049641+07:00" endTime="2026-09-15T21:11:16.3153143+07:00" testType="13cdc9d9-ddb5-4fa4-a97d-d965ccfc6d4b" outcome="Passed" testListId="8c84fa94-04c1-424b-9868-57a2d4851a1d" relativeResultsDirectory="244cf036-97ba-4ef3-8131-ac2653ec3baf" />
    <UnitTestResult executionId="538fd669-1e73-47df-a529-7ada5c4c5bce" testId="a8746dd9-08e5-3039-bc6e-92242e43e11f" testName="FileHandler.Tests.Modules.Office.OfficeTextCodecAndBindingTests.Encode_PlainUnit_ReturnsLiteralText" computerName="TOFU" duration="00:00:00.0001610" startTime="2026-09-15T21:11:16.1174463+07:00" endTime="2026-09-15T21:11:16.1176386+07:00" testType="13cdc9d9-ddb5-4fa4-a97d-d965ccfc6d4b" outcome="Passed" testListId="8c84fa94-04c1-424b-9868-57a2d4851a1d" relativeResultsDirectory="538fd669-1e73-47df-a529-7ada5c4c5bce" />
    <UnitTestResult executionId="18132f24-83b7-45ce-8e12-35074a1f5a0c" testId="5d967018-5e57-aff0-45a9-8d5df5574df8" testName="FileHandler.Tests.Modules.PlainText.PlainTextServiceTests.PropagatesSourceErrors(sizeLimit: True)" computerName="TOFU" duration="00:00:00.0002082" startTime="2026-09-15T21:11:16.0509533+07:00" endTime="2026-09-15T21:11:16.0511898+07:00" testType="13cdc9d9-ddb5-4fa4-a97d-d965ccfc6d4b" outcome="Passed" testListId="8c84fa94-04c1-424b-9868-57a2d4851a1d" relativeResultsDirectory="18132f24-83b7-45ce-8e12-35074a1f5a0c" />
    <UnitTestResult executionId="54fd410f-7907-4175-b82d-02a9cf41f51e" testId="8f19649e-72f5-c71f-9402-03fb5ddfcc68" testName="FileHandler.Tests.Diagnostics.TraceSessionTests.Value_WhenHiddenDoesNotEvaluateFactory" computerName="TOFU" duration="00:00:00.0011804" startTime="2026-09-15T21:11:16.2173821+07:00" endTime="2026-09-15T21:11:16.2186156+07:00" testType="13cdc9d9-ddb5-4fa4-a97d-d965ccfc6d4b" outcome="Passed" testListId="8c84fa94-04c1-424b-9868-57a2d4851a1d" relativeResultsDirectory="54fd410f-7907-4175-b82d-02a9cf41f51e" />
    <UnitTestResult executionId="b38443ff-1215-4f22-95fe-33dbd920f7f7" testId="a161cc91-f800-1a1e-9ab5-62f1713d1802" testName="FileHandler.Tests.Modules.Markdown.MarkdownSourceReaderTests.PreservesBomAndMixedLines" computerName="TOFU" duration="00:00:00.0011130" startTime="2026-09-15T21:11:16.0767831+07:00" endTime="2026-09-15T21:11:16.0779382+07:00" testType="13cdc9d9-ddb5-4fa4-a97d-d965ccfc6d4b" outcome="Passed" testListId="8c84fa94-04c1-424b-9868-57a2d4851a1d" relativeResultsDirectory="b38443ff-1215-4f22-95fe-33dbd920f7f7" />
    <UnitTestResult executionId="dd2977b2-7e63-4608-be13-50973c9b79fc" testId="ac6bdef7-5bbd-d9e4-36ea-2afc5a81cf05" testName="FileHandler.Tests.Diagnostics.TraceValueTests.Format_SerializesValuesAndMaterializedCollections" computerName="TOFU" duration="00:00:00.6242332" startTime="2026-09-15T21:11:15.5817955+07:00" endTime="2026-09-15T21:11:16.2138847+07:00" testType="13cdc9d9-ddb5-4fa4-a97d-d965ccfc6d4b" outcome="Passed" testListId="8c84fa94-04c1-424b-9868-57a2d4851a1d" relativeResultsDirectory="dd2977b2-7e63-4608-be13-50973c9b79fc" />
    <UnitTestResult executionId="e94c5670-df50-41ca-9164-c478ed2b2c35" testId="106a0222-8a01-2229-73bf-5df97ecb84eb" testName="FileHandler.Tests.Modules.Markdown.MarkdownTranslationApplierTests.Apply_NormalizesNewlinesUsingSourcePolicy(translation: &quot;a\rb&quot;)" computerName="TOFU" duration="00:00:00.0002955" startTime="2026-09-15T21:11:16.0837780+07:00" endTime="2026-09-15T21:11:16.0840968+07:00" testType="13cdc9d9-ddb5-4fa4-a97d-d965ccfc6d4b" outcome="Passed" testListId="8c84fa94-04c1-424b-9868-57a2d4851a1d" relativeResultsDirectory="e94c5670-df50-41ca-9164-c478ed2b2c35" />
    <UnitTestResult executionId="736e3146-6bc1-427f-ab5d-862f737763db" testId="6f1ac53a-139c-0504-3be6-e59a4f894808" testName="FileHandler.Tests.Modules.Office.OfficePackageReaderAndValidatorTests.ReadAsync_ExceedsMaxEntryBytes_ReturnsLimitExceeded" computerName="TOFU" duration="00:00:00.0009953" startTime="2026-09-15T21:11:16.3871059+07:00" endTime="2026-09-15T21:11:16.3881348+07:00" testType="13cdc9d9-ddb5-4fa4-a97d-d965ccfc6d4b" outcome="Passed" testListId="8c84fa94-04c1-424b-9868-57a2d4851a1d" relativeResultsDirectory="736e3146-6bc1-427f-ab5d-862f737763db" />
    <UnitTestResult executionId="07e530d9-7423-403d-bed0-7a99132b85c9" testId="32979019-7d34-8898-0b6c-7b2962261d17" testName="FileHandler.Tests.Modules.Markdown.MarkdownTranslationApplierTests.Apply_RejectsInvalidMarkersAtomically(translation: &quot;&lt;ox:r00&gt;x&lt;/ox:r00&gt;&quot;, code: &quot;invalid_marker_syntax&quot;)" computerName="TOFU" duration="00:00:00.0001673" startTime="2026-09-15T21:11:16.0918223+07:00" endTime="2026-09-15T21:11:16.0920306+07:00" testType="13cdc9d9-ddb5-4fa4-a97d-d965ccfc6d4b" outcome="Passed" testListId="8c84fa94-04c1-424b-9868-57a2d4851a1d" relativeResultsDirectory="07e530d9-7423-403d-bed0-7a99132b85c9" />
    <UnitTestResult executionId="3d6029d8-b001-46ad-8432-bf313de45728" testId="f53ef7a4-63b5-61ca-897d-4be91661e7d3" testName="FileHandler.Tests.Modules.PlainText.PlainTextServiceTests.RejectsInvalidTranslationsWithLocations(translation: &quot;longer&quot;, code: &quot;translation_too_long&quot;)" computerName="TOFU" duration="00:00:00.0000678" startTime="2026-09-15T21:11:16.0256258+07:00" endTime="2026-09-15T21:11:16.0257258+07:00" testType="13cdc9d9-ddb5-4fa4-a97d-d965ccfc6d4b" outcome="Passed" testListId="8c84fa94-04c1-424b-9868-57a2d4851a1d" relativeResultsDirectory="3d6029d8-b001-46ad-8432-bf313de45728" />
    <UnitTestResult executionId="0c188b63-ca27-4e2e-b48d-1c699ebf8faa" testId="5e75aa97-80c1-7b78-fda6-039aec850501" testName="FileHandler.Tests.Modules.PlainText.PlainTextSegmenterTests.HandlesMixedEndingsAndUnicodeWhitespace" computerName="TOFU" duration="00:00:00.0112861" startTime="2026-09-15T21:11:16.0267631+07:00" endTime="2026-09-15T21:11:16.0380836+07:00" testType="13cdc9d9-ddb5-4fa4-a97d-d965ccfc6d4b" outcome="Passed" testListId="8c84fa94-04c1-424b-9868-57a2d4851a1d" relativeResultsDirectory="0c188b63-ca27-4e2e-b48d-1c699ebf8faa" />
    <UnitTestResult executionId="9d701bbc-d570-49ed-bdb0-e8ffe67ab3a8" testId="28cc37a8-d488-a45b-794e-33c6e60677e1" testName="FileHandler.Tests.Api.DebugTraceTests.CancellationAndLimitsProduceClosedSafeJson" computerName="TOFU" duration="00:00:00.0128480" startTime="2026-09-15T21:11:17.1145028+07:00" endTime="2026-09-15T21:11:17.1274036+07:00" testType="13cdc9d9-ddb5-4fa4-a97d-d965ccfc6d4b" outcome="Passed" testListId="8c84fa94-04c1-424b-9868-57a2d4851a1d" relativeResultsDirectory="9d701bbc-d570-49ed-bdb0-e8ffe67ab3a8" />
    <UnitTestResult executionId="8f10b947-3055-465e-b751-def6e6def50b" testId="a9b63746-d6f9-b45e-f0cb-fe6f5c5f8c4a" testName="FileHandler.Tests.Modules.Markdown.MarkdownExtractorTests.Extract_ProtectsInlineSource(source: &quot;Read `code`&quot;, protectedSource: &quot;`code`&quot;)" computerName="TOFU" duration="00:00:00.0020953" startTime="2026-09-15T21:11:16.0971297+07:00" endTime="2026-09-15T21:11:16.0992772+07:00" testType="13cdc9d9-ddb5-4fa4-a97d-d965ccfc6d4b" outcome="Passed" testListId="8c84fa94-04c1-424b-9868-57a2d4851a1d" relativeResultsDirectory="8f10b947-3055-465e-b751-def6e6def50b" />
    <UnitTestResult executionId="363ab9d4-aae0-4352-8b81-68f92b08a74b" testId="757e1da9-e5f4-1ae0-f633-9280dbe26894" testName="FileHandler.Tests.Modules.Markdown.MarkdownPrimitiveTests.GetLine_UsesOneBasedLines(offset: 3, expected: 2)" computerName="TOFU" duration="00:00:00.0000303" startTime="2026-09-15T21:11:16.1951783+07:00" endTime="2026-09-15T21:11:16.1952466+07:00" testType="13cdc9d9-ddb5-4fa4-a97d-d965ccfc6d4b" outcome="Passed" testListId="8c84fa94-04c1-424b-9868-57a2d4851a1d" relativeResultsDirectory="363ab9d4-aae0-4352-8b81-68f92b08a74b" />
    <UnitTestResult executionId="34f8ff90-0070-4bb5-8235-f2c72f80fcf5" testId="e46d6240-b21f-df45-4f91-96ffa4038003" testName="FileHandler.Tests.Modules.PlainText.PlainTextServiceTests.IdentityIsBytePerfect(text: &quot;```\n[link](https://example.com)\n```\n\n&lt;keepme1&gt;&quot;···)" computerName="TOFU" duration="00:00:00.0001013" startTime="2026-09-15T21:11:16.0387486+07:00" endTime="2026-09-15T21:11:16.0388768+07:00" testType="13cdc9d9-ddb5-4fa4-a97d-d965ccfc6d4b" outcome="Passed" testListId="8c84fa94-04c1-424b-9868-57a2d4851a1d" relativeResultsDirectory="34f8ff90-0070-4bb5-8235-f2c72f80fcf5" />
    <UnitTestResult executionId="fb7eabf6-bdb0-42cd-8af1-307b3b7eb8ec" testId="c7feea64-d6af-5f2f-3336-4790e8c5f40d" testName="FileHandler.Tests.Modules.Markdown.MarkdownPrimitiveTests.Parse_PreservesMalformedMarkersAsText(text: &quot;&lt;keepme1&quot;)" computerName="TOFU" duration="00:00:00.0026715" startTime="2026-09-15T21:11:16.1737601+07:00" endTime="2026-09-15T21:11:16.1764731+07:00" testType="13cdc9d9-ddb5-4fa4-a97d-d965ccfc6d4b" outcome="Passed" testListId="8c84fa94-04c1-424b-9868-57a2d4851a1d" relativeResultsDirectory="fb7eabf6-bdb0-42cd-8af1-307b3b7eb8ec" />
    <UnitTestResult executionId="93ca39d3-f9d8-4a6c-8a8e-1da0a90c04fe" testId="3a118d30-0da0-3bfe-cc16-8748947c6cc1" testName="FileHandler.Tests.Modules.Markdown.MarkdownSourceReaderTests.EnforcesActualStreamLimit" computerName="TOFU" duration="00:00:00.0006147" startTime="2026-09-15T21:11:16.0782246+07:00" endTime="2026-09-15T21:11:16.0788694+07:00" testType="13cdc9d9-ddb5-4fa4-a97d-d965ccfc6d4b" outcome="Passed" testListId="8c84fa94-04c1-424b-9868-57a2d4851a1d" relativeResultsDirectory="93ca39d3-f9d8-4a6c-8a8e-1da0a90c04fe" />
    <UnitTestResult executionId="923e3d4f-0561-422a-8861-d75b52480ca8" testId="011838c3-c634-7eab-7725-93f0534caf1c" testName="FileHandler.Tests.Modules.Markdown.MarkdownTranslationApplierTests.Apply_AcceptsExactCharacterLimit" computerName="TOFU" duration="00:00:00.0002518" startTime="2026-09-15T21:11:16.1126434+07:00" endTime="2026-09-15T21:11:16.1129219+07:00" testType="13cdc9d9-ddb5-4fa4-a97d-d965ccfc6d4b" outcome="Passed" testListId="8c84fa94-04c1-424b-9868-57a2d4851a1d" relativeResultsDirectory="923e3d4f-0561-422a-8861-d75b52480ca8" />
    <UnitTestResult executionId="b4c01322-b671-41fa-879d-8bb47bbcbf62" testId="32474e8d-8a4e-8ee5-d0b3-590bffee69fd" testName="FileHandler.Tests.Modules.Markdown.MarkdownServiceTests.Export_PreservesLiteralHtmlEntitiesAndNumberedLists(translation: &quot;1. Bonjour&quot;, expectedHtmlSubstring: &quot;&lt;p&gt;1. Bonjour&lt;/p&gt;&quot;)" computerName="TOFU" duration="00:00:00.0016121" startTime="2026-09-15T21:11:16.1612795+07:00" endTime="2026-09-15T21:11:16.1629429+07:00" testType="13cdc9d9-ddb5-4fa4-a97d-d965ccfc6d4b" outcome="Passed" testListId="8c84fa94-04c1-424b-9868-57a2d4851a1d" relativeResultsDirectory="b4c01322-b671-41fa-879d-8bb47bbcbf62" />
    <UnitTestResult executionId="f05a399b-7563-40e8-ae57-243957f26796" testId="540f255b-b87d-94d8-9035-aa36f485879f" testName="FileHandler.Tests.Modules.Markdown.MarkdownUnifiedTokenTests.RedInlineHtmlRemainsAroundTranslatedText" computerName="TOFU" duration="00:00:00.0014579" startTime="2026-09-15T21:11:16.2320601+07:00" endTime="2026-09-15T21:11:16.2335540+07:00" testType="13cdc9d9-ddb5-4fa4-a97d-d965ccfc6d4b" outcome="Passed" testListId="8c84fa94-04c1-424b-9868-57a2d4851a1d" relativeResultsDirectory="f05a399b-7563-40e8-ae57-243957f26796" />
    <UnitTestResult executionId="dade47c2-3801-442f-9cbe-49050709d22f" testId="6499a875-144a-e664-b410-20d13c34dc1c" testName="FileHandler.Tests.Modules.Markdown.MarkdownExtractorTests.ValidateStructure_ProtectsBlocksAndInlineTargets(before: &quot;# Hello&quot;, after: &quot;# Bonjour&quot;, valid: True)" computerName="TOFU" duration="00:00:00.0001250" startTime="2026-09-15T21:11:16.0946170+07:00" endTime="2026-09-15T21:11:16.0947739+07:00" testType="13cdc9d9-ddb5-4fa4-a97d-d965ccfc6d4b" outcome="Passed" testListId="8c84fa94-04c1-424b-9868-57a2d4851a1d" relativeResultsDirectory="dade47c2-3801-442f-9cbe-49050709d22f" />
    <UnitTestResult executionId="679421f2-5f6e-4319-9fb3-73eaf2c31e65" testId="a2202172-9102-bc7e-7a87-85bb5af6a00b" testName="FileHandler.Tests.Modules.Office.OfficeExportSessionAndBoundaryTests.ExportSession_ExceedsOutputLimit_ThrowsInvalidOperationException" computerName="TOFU" duration="00:00:00.0607438" startTime="2026-09-15T21:11:16.2460036+07:00" endTime="2026-09-15T21:11:16.3068012+07:00" testType="13cdc9d9-ddb5-4fa4-a97d-d965ccfc6d4b" outcome="Passed" testListId="8c84fa94-04c1-424b-9868-57a2d4851a1d" relativeResultsDirectory="679421f2-5f6e-4319-9fb3-73eaf2c31e65" />
    <UnitTestResult executionId="e1f15068-bffe-43f5-9eee-f1644bf54548" testId="9ab41f3d-b78a-2fa3-3656-a2ba870fd6bc" testName="FileHandler.Tests.Modules.Markdown.MarkdownTranslationApplierTests.Apply_ValidatesEachTranslationWithSourceLocation(translation: &quot;long&quot;, code: &quot;translation_too_long&quot;)" computerName="TOFU" duration="00:00:00.0002895" startTime="2026-09-15T21:11:16.1108760+07:00" endTime="2026-09-15T21:11:16.1112000+07:00" testType="13cdc9d9-ddb5-4fa4-a97d-d965ccfc6d4b" outcome="Passed" testListId="8c84fa94-04c1-424b-9868-57a2d4851a1d" relativeResultsDirectory="e1f15068-bffe-43f5-9eee-f1644bf54548" />
    <UnitTestResult executionId="20aa0b0f-ea77-4c57-af68-bb6358f4d3c3" testId="a4e2ccea-50ff-69b4-df7e-7be9f053a431" testName="FileHandler.Tests.Modules.Markdown.MarkdownPrimitiveTests.BuildLineMap_RecordsEveryLineStart(text: &quot;&quot;, expected: [0])" computerName="TOFU" duration="00:00:00.0000323" startTime="2026-09-15T21:11:16.1732825+07:00" endTime="2026-09-15T21:11:16.1733528+07:00" testType="13cdc9d9-ddb5-4fa4-a97d-d965ccfc6d4b" outcome="Passed" testListId="8c84fa94-04c1-424b-9868-57a2d4851a1d" relativeResultsDirectory="20aa0b0f-ea77-4c57-af68-bb6358f4d3c3" />
    <UnitTestResult executionId="18ed0267-d74b-4e62-8830-c39351029f56" testId="e6b4f7a3-63f1-a45f-8f50-f30b12e4cdc5" testName="FileHandler.Tests.Modules.Markdown.MarkdownPrimitiveTests.Parse_PreservesMalformedMarkersAsText(text: &quot;&lt;Keepme1&gt;&quot;)" computerName="TOFU" duration="00:00:00.0000423" startTime="2026-09-15T21:11:16.1782220+07:00" endTime="2026-09-15T21:11:16.1783009+07:00" testType="13cdc9d9-ddb5-4fa4-a97d-d965ccfc6d4b" outcome="Passed" testListId="8c84fa94-04c1-424b-9868-57a2d4851a1d" relativeResultsDirectory="18ed0267-d74b-4e62-8830-c39351029f56" />
    <UnitTestResult executionId="962ab11b-493a-4f19-931a-969cd6f19b9a" testId="d366c46c-5cca-0e4d-9a3b-f4a9c05a0ccc" testName="FileHandler.Tests.Diagnostics.TraceStatePlacementTests.PlainTextBudget_RecordsBytesBeforeEveryRejection(limit: 9, expectedBytes: 10)" computerName="TOFU" duration="00:00:00.0078489" startTime="2026-09-15T21:11:16.4226310+07:00" endTime="2026-09-15T21:11:16.4305390+07:00" testType="13cdc9d9-ddb5-4fa4-a97d-d965ccfc6d4b" outcome="Passed" testListId="8c84fa94-04c1-424b-9868-57a2d4851a1d" relativeResultsDirectory="962ab11b-493a-4f19-931a-969cd6f19b9a" />
    <UnitTestResult executionId="a911f2e3-9844-4f12-a26e-8700bfc202aa" testId="8d6f2e94-6ad7-8de6-f9cb-e18411c2f0f9" testName="FileHandler.Tests.Api.FilesControllerTests.Export_RejectsInvalidJsonContract(json: &quot;{}&quot;, code: &quot;invalid_translated_texts&quot;)" computerName="TOFU" duration="00:00:00.0001309" startTime="2026-09-15T21:11:16.1786865+07:00" endTime="2026-09-15T21:11:16.1788469+07:00" testType="13cdc9d9-ddb5-4fa4-a97d-d965ccfc6d4b" outcome="Passed" testListId="8c84fa94-04c1-424b-9868-57a2d4851a1d" relativeResultsDirectory="a911f2e3-9844-4f12-a26e-8700bfc202aa" />
    <UnitTestResult executionId="58fa9b4d-cd52-4580-8611-b7d209d5b113" testId="68708302-e4b2-157e-20ba-69cb8d26480e" testName="FileHandler.Tests.Common.Utf8TextReaderTests.ReadsChunkedNonSeekableSourceWithoutClosingIt(bom: False)" computerName="TOFU" duration="00:00:00.0003653" startTime="2026-09-15T21:11:16.0400720+07:00" endTime="2026-09-15T21:11:16.0404671+07:00" testType="13cdc9d9-ddb5-4fa4-a97d-d965ccfc6d4b" outcome="Passed" testListId="8c84fa94-04c1-424b-9868-57a2d4851a1d" relativeResultsDirectory="58fa9b4d-cd52-4580-8611-b7d209d5b113" />
    <UnitTestResult executionId="f158f989-e32f-4ac4-bed2-f9948357cd20" testId="22b419df-7dc5-dd6f-1535-d7a8130fba20" testName="FileHandler.Tests.Modules.Markdown.MarkdownTranslationApplierTests.Apply_ValidatesEachTranslationWithSourceLocation(translation: &quot;&quot;, code: &quot;empty_translation&quot;)" computerName="TOFU" duration="00:00:00.0031780" startTime="2026-09-15T21:11:16.1073187+07:00" endTime="2026-09-15T21:11:16.1105329+07:00" testType="13cdc9d9-ddb5-4fa4-a97d-d965ccfc6d4b" outcome="Passed" testListId="8c84fa94-04c1-424b-9868-57a2d4851a1d" relativeResultsDirectory="f158f989-e32f-4ac4-bed2-f9948357cd20" />
    <UnitTestResult executionId="9b37155d-9b6f-4cd4-84f0-ff3c5b1cc8a7" testId="9d7ce52b-047b-eb5b-39fc-d6982ff97068" testName="FileHandler.Tests.Modules.Markdown.MarkdownPrimitiveTests.GetRange_UsesExclusiveEnd(start: 0, end: 3, first: 1, last: 1)" computerName="TOFU" duration="00:00:00.0003935" startTime="2026-09-15T21:11:16.1878403+07:00" endTime="2026-09-15T21:11:16.1882905+07:00" testType="13cdc9d9-ddb5-4fa4-a97d-d965ccfc6d4b" outcome="Passed" testListId="8c84fa94-04c1-424b-9868-57a2d4851a1d" relativeResultsDirectory="9b37155d-9b6f-4cd4-84f0-ff3c5b1cc8a7" />
    <UnitTestResult executionId="7b118e99-0b91-4dae-9a46-37d9e224f03a" testId="a89fd723-ff4e-3ec5-27ab-6578d7aba2ae" testName="FileHandler.Tests.Modules.Office.OfficeTextCodecAndBindingTests.Decode_EmptyTranslation_ReturnsInvalidTranslation" computerName="TOFU" duration="00:00:00.0007078" startTime="2026-09-15T21:11:16.1158854+07:00" endTime="2026-09-15T21:11:16.1166342+07:00" testType="13cdc9d9-ddb5-4fa4-a97d-d965ccfc6d4b" outcome="Passed" testListId="8c84fa94-04c1-424b-9868-57a2d4851a1d" relativeResultsDirectory="7b118e99-0b91-4dae-9a46-37d9e224f03a" />
    <UnitTestResult executionId="3f4396f4-667d-424d-9c00-eb351130d638" testId="17221b6d-8d52-cd01-71a8-442b908d238a" testName="FileHandler.Tests.Modules.Word.WordModuleTests.W10_IdentityExport_ReturnsExactSourceBytes" computerName="TOFU" duration="00:00:00.0105896" startTime="2026-09-15T21:11:16.3822218+07:00" endTime="2026-09-15T21:11:16.3928618+07:00" testType="13cdc9d9-ddb5-4fa4-a97d-d965ccfc6d4b" outcome="Passed" testListId="8c84fa94-04c1-424b-9868-57a2d4851a1d" relativeResultsDirectory="3f4396f4-667d-424d-9c00-eb351130d638" />
    <UnitTestResult executionId="9a0dc8d7-d6a0-4af1-940c-355bbfeb6c31" testId="54a5ca33-7ec0-642c-3bdf-0a331044495a" testName="FileHandler.Tests.Modules.PlainText.PlainTextServiceTests.RejectsLoneSurrogatesWithoutThrowing" computerName="TOFU" duration="00:00:00.0010431" startTime="2026-09-15T21:11:16.0399666+07:00" endTime="2026-09-15T21:11:16.0410342+07:00" testType="13cdc9d9-ddb5-4fa4-a97d-d965ccfc6d4b" outcome="Passed" testListId="8c84fa94-04c1-424b-9868-57a2d4851a1d" relativeResultsDirectory="9a0dc8d7-d6a0-4af1-940c-355bbfeb6c31" />
    <UnitTestResult executionId="8f5d6917-dae1-4bad-a57a-5dc99eb310ef" testId="a81a43f3-1e09-abf0-b5aa-6b20b4944120" testName="FileHandler.Tests.Modules.PlainText.PlainTextServiceTests.EnforcesExactOutputByteBudget(limit: 11, success: False)" computerName="TOFU" duration="00:00:00.0019378" startTime="2026-09-15T21:11:15.9412169+07:00" endTime="2026-09-15T21:11:15.9431908+07:00" testType="13cdc9d9-ddb5-4fa4-a97d-d965ccfc6d4b" outcome="Passed" testListId="8c84fa94-04c1-424b-9868-57a2d4851a1d" relativeResultsDirectory="8f5d6917-dae1-4bad-a57a-5dc99eb310ef" />
    <UnitTestResult executionId="d2d08013-5b2b-43e9-a8c0-1d68aa3005df" testId="abb5ed7a-a8fe-6bd5-d0c0-6d609f8abe8f" testName="FileHandler.Tests.Modules.Markdown.MarkdownPrimitiveTests.BuildLineMap_RecordsEveryLineStart(text: &quot;\n\n&quot;, expected: [0, 1, 2])" computerName="TOFU" duration="00:00:00.0010920" startTime="2026-09-15T21:11:16.1708007+07:00" endTime="2026-09-15T21:11:16.1719432+07:00" testType="13cdc9d9-ddb5-4fa4-a97d-d965ccfc6d4b" outcome="Passed" testListId="8c84fa94-04c1-424b-9868-57a2d4851a1d" relativeResultsDirectory="d2d08013-5b2b-43e9-a8c0-1d68aa3005df" />
    <UnitTestResult executionId="28be2ca0-0524-4c30-8160-519b5145ae74" testId="d90fc2a8-04bd-5d2a-b4c2-b770fbf3c397" testName="FileHandler.Tests.Modules.PowerPoint.PowerPointModuleTests.P03_MergedTable_SkipsContinuationCell" computerName="TOFU" duration="00:00:00.0100981" startTime="2026-09-15T21:11:16.4565605+07:00" endTime="2026-09-15T21:11:16.4667195+07:00" testType="13cdc9d9-ddb5-4fa4-a97d-d965ccfc6d4b" outcome="Passed" testListId="8c84fa94-04c1-424b-9868-57a2d4851a1d" relativeResultsDirectory="28be2ca0-0524-4c30-8160-519b5145ae74" />
    <UnitTestResult executionId="ace0001b-bdac-45a9-a510-cb4df82d68de" testId="be66ab5c-356d-46da-ead3-bc926c9fefe4" testName="FileHandler.Tests.Modules.Markdown.MarkdownSourceReaderTests.RejectsInvalidUtf8" computerName="TOFU" duration="00:00:00.0005146" startTime="2026-09-15T21:11:16.0791152+07:00" endTime="2026-09-15T21:11:16.0796586+07:00" testType="13cdc9d9-ddb5-4fa4-a97d-d965ccfc6d4b" outcome="Passed" testListId="8c84fa94-04c1-424b-9868-57a2d4851a1d" relativeResultsDirectory="ace0001b-bdac-45a9-a510-cb4df82d68de" />
    <UnitTestResult executionId="ecbd5644-ad06-4343-8686-7df75635830e" testId="02daa22c-6d55-6b38-3148-6c36346e7e74" testName="FileHandler.Tests.Modules.Markdown.MarkdownPrimitiveTests.Parse_HandlesEmptyAndNonCanonicalMarkers" computerName="TOFU" duration="00:00:00.0002339" startTime="2026-09-15T21:11:16.2090584+07:00" endTime="2026-09-15T21:11:16.2093359+07:00" testType="13cdc9d9-ddb5-4fa4-a97d-d965ccfc6d4b" outcome="Passed" testListId="8c84fa94-04c1-424b-9868-57a2d4851a1d" relativeResultsDirectory="ecbd5644-ad06-4343-8686-7df75635830e" />
    <UnitTestResult executionId="03cea9ec-d38f-4708-ae0f-02fdc42c7f9e" testId="28db56e7-9d51-e198-8908-26bb6c3bf75c" testName="FileHandler.Tests.Modules.Markdown.MarkdownExtractorTests.Extract_RecordsNewlinePolicy(source: &quot;One\nTwo&quot;, replacement: &quot;\n&quot;, softBreak: True)" computerName="TOFU" duration="00:00:00.0000961" startTime="2026-09-15T21:11:16.0839237+07:00" endTime="2026-09-15T21:11:16.0840382+07:00" testType="13cdc9d9-ddb5-4fa4-a97d-d965ccfc6d4b" outcome="Passed" testListId="8c84fa94-04c1-424b-9868-57a2d4851a1d" relativeResultsDirectory="03cea9ec-d38f-4708-ae0f-02fdc42c7f9e" />
    <UnitTestResult executionId="e1ce8052-7012-44d3-aa71-cc8bd513aed8" testId="3fc054cb-90ba-2665-3a1b-853b9f679a2a" testName="FileHandler.Tests.Api.DebugTraceTests.DisabledDoesNotCreateDirectoryOrEvaluateSnapshots" computerName="TOFU" duration="00:00:00.0196418" startTime="2026-09-15T21:11:16.8685671+07:00" endTime="2026-09-15T21:11:16.8882606+07:00" testType="13cdc9d9-ddb5-4fa4-a97d-d965ccfc6d4b" outcome="Passed" testListId="8c84fa94-04c1-424b-9868-57a2d4851a1d" relativeResultsDirectory="e1ce8052-7012-44d3-aa71-cc8bd513aed8" />
    <UnitTestResult executionId="77c78643-d32c-46e6-b0a1-51d1729a4a0f" testId="56df04b4-c560-3e8b-a7fd-54e3293421f9" testName="FileHandler.Tests.Modules.Markdown.MarkdownTranslationApplierTests.Apply_RestoresFormattingAndProtectedContent" computerName="TOFU" duration="00:00:00.0010226" startTime="2026-09-15T21:11:16.1052004+07:00" endTime="2026-09-15T21:11:16.1062682+07:00" testType="13cdc9d9-ddb5-4fa4-a97d-d965ccfc6d4b" outcome="Passed" testListId="8c84fa94-04c1-424b-9868-57a2d4851a1d" relativeResultsDirectory="77c78643-d32c-46e6-b0a1-51d1729a4a0f" />
    <UnitTestResult executionId="2fb4994b-a9ef-43b9-9afe-c8a13253b900" testId="e48b0b7c-b1a4-9484-ae7d-3d8ea833c136" testName="FileHandler.Tests.Modules.PlainText.PlainTextSegmenterTests.AllowsEmptySourceWithZeroQuota(source: &quot;&quot;)" computerName="TOFU" duration="00:00:00.0004585" startTime="2026-09-15T21:11:15.9411951+07:00" endTime="2026-09-15T21:11:15.9416983+07:00" testType="13cdc9d9-ddb5-4fa4-a97d-d965ccfc6d4b" outcome="Passed" testListId="8c84fa94-04c1-424b-9868-57a2d4851a1d" relativeResultsDirectory="2fb4994b-a9ef-43b9-9afe-c8a13253b900" />
    <UnitTestResult executionId="f653c203-e469-4289-b3fa-a775bc141f71" testId="9c3e83c2-9573-0665-27cf-699710169095" testName="FileHandler.Tests.Modules.Markdown.MarkdownUnifiedTokenTests.InvalidWireTokensReturnNoOutput(translation: &quot;&lt;ox:r0&gt;\\q&lt;/ox:r0&gt;&lt;ox:r1&gt;B&lt;/ox:r1&gt;&quot;, code: &quot;invalid_marker_syntax&quot;)" computerName="TOFU" duration="00:00:00.0012834" startTime="2026-09-15T21:11:16.2271462+07:00" endTime="2026-09-15T21:11:16.2284761+07:00" testType="13cdc9d9-ddb5-4fa4-a97d-d965ccfc6d4b" outcome="Passed" testListId="8c84fa94-04c1-424b-9868-57a2d4851a1d" relativeResultsDirectory="f653c203-e469-4289-b3fa-a775bc141f71" />
    <UnitTestResult executionId="0e8fb8e9-6721-4547-82ec-b4dc93eabe2d" testId="210808ca-cec9-f0fb-d34f-1d46152aa3ea" testName="FileHandler.Tests.Api.FilesApiTests.SelectsHandlerByExtension(name: &quot;guide.md&quot;, expected: &quot;Hello&quot;)" computerName="TOFU" duration="00:00:00.5932582" startTime="2026-09-15T21:11:16.2201506+07:00" endTime="2026-09-15T21:11:16.8134690+07:00" testType="13cdc9d9-ddb5-4fa4-a97d-d965ccfc6d4b" outcome="Passed" testListId="8c84fa94-04c1-424b-9868-57a2d4851a1d" relativeResultsDirectory="0e8fb8e9-6721-4547-82ec-b4dc93eabe2d" />
    <UnitTestResult executionId="ae0c6738-f2a9-4d16-a209-618577e74e71" testId="a0a3c747-a9e6-5506-d6cc-a118637761ac" testName="FileHandler.Tests.Diagnostics.TraceValueTests.Format_SummarizesHttpResultsAndBytes" computerName="TOFU" duration="00:00:00.0013027" startTime="2026-09-15T21:11:16.2247714+07:00" endTime="2026-09-15T21:11:16.2261263+07:00" testType="13cdc9d9-ddb5-4fa4-a97d-d965ccfc6d4b" outcome="Passed" testListId="8c84fa94-04c1-424b-9868-57a2d4851a1d" relativeResultsDirectory="ae0c6738-f2a9-4d16-a209-618577e74e71" />
    <UnitTestResult executionId="46806bb2-2316-4cde-a21b-a151462501fd" testId="b13a78de-ee89-6bfb-3c76-95ca270b226d" testName="FileHandler.Tests.Modules.Office.OfficePackageReaderAndValidatorTests.ReadAsync_CorruptedZipPayload_ReturnsOfficePackageCorrupt" computerName="TOFU" duration="00:00:00.7167559" startTime="2026-09-15T21:11:15.5818572+07:00" endTime="2026-09-15T21:11:16.3064083+07:00" testType="13cdc9d9-ddb5-4fa4-a97d-d965ccfc6d4b" outcome="Passed" testListId="8c84fa94-04c1-424b-9868-57a2d4851a1d" relativeResultsDirectory="46806bb2-2316-4cde-a21b-a151462501fd" />
    <UnitTestResult executionId="d089fb33-1be5-4655-8167-1d517fba7ba6" testId="b525ee83-046a-ae32-0bc9-48eac56c092b" testName="FileHandler.Tests.Modules.Office.OfficePackageReaderAndValidatorTests.ValidateSource_ValidWordDocument_PassesValidation" computerName="TOFU" duration="00:00:00.0372620" startTime="2026-09-15T21:11:16.3442483+07:00" endTime="2026-09-15T21:11:16.3815587+07:00" testType="13cdc9d9-ddb5-4fa4-a97d-d965ccfc6d4b" outcome="Passed" testListId="8c84fa94-04c1-424b-9868-57a2d4851a1d" relativeResultsDirectory="d089fb33-1be5-4655-8167-1d517fba7ba6" />
    <UnitTestResult executionId="af311d43-9138-4269-b3b3-73633121630e" testId="aafcaca7-3884-a404-3359-1457676e64b4" testName="FileHandler.Tests.Diagnostics.TraceSessionTests.TraceItem_NestsChildCallsAndRestoresParent" computerName="TOFU" duration="00:00:00.0087003" startTime="2026-09-15T21:11:16.2209925+07:00" endTime="2026-09-15T21:11:16.2297363+07:00" testType="13cdc9d9-ddb5-4fa4-a97d-d965ccfc6d4b" outcome="Passed" testListId="8c84fa94-04c1-424b-9868-57a2d4851a1d" relativeResultsDirectory="af311d43-9138-4269-b3b3-73633121630e" />
    <UnitTestResult executionId="073f51bb-dd55-498e-b4d1-f1b322c02627" testId="0c93680d-ba04-c731-22e8-adcdff10ba5e" testName="FileHandler.Tests.Diagnostics.TraceStatePlacementTests.ControllerNormalization_RecordsParseProgressAndHonorsRedaction(captureContent: True)" computerName="TOFU" duration="00:00:00.0171066" startTime="2026-09-15T21:11:16.3802430+07:00" endTime="2026-09-15T21:11:16.3973937+07:00" testType="13cdc9d9-ddb5-4fa4-a97d-d965ccfc6d4b" outcome="Passed" testListId="8c84fa94-04c1-424b-9868-57a2d4851a1d" relativeResultsDirectory="073f51bb-dd55-498e-b4d1-f1b322c02627" />
    <UnitTestResult executionId="f0451098-2fb9-412e-8303-334db62d1a10" testId="2aae3276-e271-b1b0-c733-5425869c5669" testName="FileHandler.Tests.Diagnostics.TraceValueTests.Format_DescribesStreamsWithoutReadingThemAndDefersLazySequences" computerName="TOFU" duration="00:00:00.0053156" startTime="2026-09-15T21:11:16.2172728+07:00" endTime="2026-09-15T21:11:16.2226423+07:00" testType="13cdc9d9-ddb5-4fa4-a97d-d965ccfc6d4b" outcome="Passed" testListId="8c84fa94-04c1-424b-9868-57a2d4851a1d" relativeResultsDirectory="f0451098-2fb9-412e-8303-334db62d1a10" />
    <UnitTestResult executionId="c44e7d8e-50e0-4c50-a7b6-e8e3e58f5cef" testId="699da836-406e-89ca-00e7-997808931866" testName="FileHandler.Tests.Common.FileTypeDetectorTests.PreservesOriginalAttachmentName(source: &quot;../../Budget.XLSX&quot;, expected: &quot;Budget.XLSX&quot;)" computerName="TOFU" duration="00:00:00.0000286" startTime="2026-09-15T21:11:15.8992313+07:00" endTime="2026-09-15T21:11:15.8992802+07:00" testType="13cdc9d9-ddb5-4fa4-a97d-d965ccfc6d4b" outcome="Passed" testListId="8c84fa94-04c1-424b-9868-57a2d4851a1d" relativeResultsDirectory="c44e7d8e-50e0-4c50-a7b6-e8e3e58f5cef" />
    <UnitTestResult executionId="6a66c750-eaea-4c5b-b678-0fe3c9052872" testId="bcc536a2-fb79-b600-1783-8d5deba17b27" testName="FileHandler.Tests.Modules.Office.OfficeTextCodecAndBindingTests.Decode_ReorderedTokens_ReturnsInvalidTranslation" computerName="TOFU" duration="00:00:00.0002786" startTime="2026-09-15T21:11:16.1195077+07:00" endTime="2026-09-15T21:11:16.1198211+07:00" testType="13cdc9d9-ddb5-4fa4-a97d-d965ccfc6d4b" outcome="Passed" testListId="8c84fa94-04c1-424b-9868-57a2d4851a1d" relativeResultsDirectory="6a66c750-eaea-4c5b-b678-0fe3c9052872" />
    <UnitTestResult executionId="ad8dea04-cd12-48aa-83fc-c0eb26b9ab3b" testId="272f44e4-d7ed-b2ca-581d-b7c4376886e4" testName="FileHandler.Tests.Api.FilesApiTests.ExportAcceptsMultilineJsonTranslations" computerName="TOFU" duration="00:00:00.0034748" startTime="2026-09-15T21:11:17.2263289+07:00" endTime="2026-09-15T21:11:17.2298466+07:00" testType="13cdc9d9-ddb5-4fa4-a97d-d965ccfc6d4b" outcome="Passed" testListId="8c84fa94-04c1-424b-9868-57a2d4851a1d" relativeResultsDirectory="ad8dea04-cd12-48aa-83fc-c0eb26b9ab3b" />
    <UnitTestResult executionId="d011a053-5c59-486e-9a90-f936f41d98ba" testId="d720a001-e245-1294-ee63-8e77b709def6" testName="FileHandler.Tests.Modules.PlainText.PlainTextServiceTests.ObservesCancellationDuringExport(cancelAfter: 5)" computerName="TOFU" duration="00:00:00.3061083" startTime="2026-09-15T21:11:15.5818081+07:00" endTime="2026-09-15T21:11:15.8957531+07:00" testType="13cdc9d9-ddb5-4fa4-a97d-d965ccfc6d4b" outcome="Passed" testListId="8c84fa94-04c1-424b-9868-57a2d4851a1d" relativeResultsDirectory="d011a053-5c59-486e-9a90-f936f41d98ba" />
    <UnitTestResult executionId="acd5ceac-5498-4880-9cc1-0ad6dbd0efbc" testId="2109a8af-445f-b557-950f-0a3b07d6c8b2" testName="FileHandler.Tests.Common.Utf8TextReaderTests.RejectsInvalidEncoding(bytes: [255, 254, 65, 0])" computerName="TOFU" duration="00:00:00.0000723" startTime="2026-09-15T21:11:16.0443450+07:00" endTime="2026-09-15T21:11:16.0444514+07:00" testType="13cdc9d9-ddb5-4fa4-a97d-d965ccfc6d4b" outcome="Passed" testListId="8c84fa94-04c1-424b-9868-57a2d4851a1d" relativeResultsDirectory="acd5ceac-5498-4880-9cc1-0ad6dbd0efbc" />
    <UnitTestResult executionId="e8c69e89-d38b-4ff0-90df-6a7722ba6562" testId="30de41f5-daeb-2060-f10b-f3e3e71fbab6" testName="FileHandler.Tests.Api.DebugTraceTests.RealExecutionCreatesValidTraceFiles" computerName="TOFU" duration="00:00:00.0467391" startTime="2026-09-15T21:11:16.9705095+07:00" endTime="2026-09-15T21:11:17.0172835+07:00" testType="13cdc9d9-ddb5-4fa4-a97d-d965ccfc6d4b" outcome="Passed" testListId="8c84fa94-04c1-424b-9868-57a2d4851a1d" relativeResultsDirectory="e8c69e89-d38b-4ff0-90df-6a7722ba6562" />
    <UnitTestResult executionId="d4af3527-6e23-4516-be62-d4b350a4b98d" testId="719a2b99-97de-9358-c107-44757dbc6770" testName="FileHandler.Tests.Diagnostics.DebugTraceMiddlewareTests.InvokeAsync_EnabledLogsResponseAndRestoresAmbientState" computerName="TOFU" duration="00:00:00.0542813" startTime="2026-09-15T21:11:16.1747826+07:00" endTime="2026-09-15T21:11:16.2291062+07:00" testType="13cdc9d9-ddb5-4fa4-a97d-d965ccfc6d4b" outcome="Passed" testListId="8c84fa94-04c1-424b-9868-57a2d4851a1d" relativeResultsDirectory="d4af3527-6e23-4516-be62-d4b350a4b98d" />
    <UnitTestResult executionId="73853e42-a647-495f-ba98-3ea1b0371649" testId="b91b1d5c-4350-66b0-648a-a6bde46a6d8f" testName="FileHandler.Tests.Modules.Markdown.MarkdownExtractorTests.Extract_RecordsNewlinePolicy(source: &quot;One&quot;, replacement: &quot;\n&quot;, softBreak: False)" computerName="TOFU" duration="00:00:00.0003876" startTime="2026-09-15T21:11:16.0806318+07:00" endTime="2026-09-15T21:11:16.0810618+07:00" testType="13cdc9d9-ddb5-4fa4-a97d-d965ccfc6d4b" outcome="Passed" testListId="8c84fa94-04c1-424b-9868-57a2d4851a1d" relativeResultsDirectory="73853e42-a647-495f-ba98-3ea1b0371649" />
    <UnitTestResult executionId="c7476743-be99-4b82-bd5b-faa0ca5d968c" testId="c538e0fa-6775-7226-2b90-846e1926ec39" testName="FileHandler.Tests.Diagnostics.TraceStatePlacementTests.MarkdownExtraction_GroupsWorkBeforeProcessingAndSnapshotsBuffers" computerName="TOFU" duration="00:00:00.0250243" startTime="2026-09-15T21:11:16.4844267+07:00" endTime="2026-09-15T21:11:16.5094933+07:00" testType="13cdc9d9-ddb5-4fa4-a97d-d965ccfc6d4b" outcome="Passed" testListId="8c84fa94-04c1-424b-9868-57a2d4851a1d" relativeResultsDirectory="c7476743-be99-4b82-bd5b-faa0ca5d968c" />
    <UnitTestResult executionId="61605f19-7a1e-4559-ab80-6b4b3e05c50c" testId="ab8c4ba0-f6ed-db58-785c-c2199b9479b6" testName="FileHandler.Tests.Modules.Office.OfficeTraceAndApiTests.Import_WordDocument_ReturnsOkWithTexts" computerName="TOFU" duration="00:00:00.0051459" startTime="2026-09-15T21:11:16.4701734+07:00" endTime="2026-09-15T21:11:16.4753681+07:00" testType="13cdc9d9-ddb5-4fa4-a97d-d965ccfc6d4b" outcome="Passed" testListId="8c84fa94-04c1-424b-9868-57a2d4851a1d" relativeResultsDirectory="61605f19-7a1e-4559-ab80-6b4b3e05c50c" />
    <UnitTestResult executionId="bb672f3d-a776-4e88-8ce9-9c6b685c8899" testId="40bfac6f-ccc6-fe2e-cf55-b243c6cabe53" testName="FileHandler.Tests.Modules.Markdown.MarkdownExtractorTests.Extract_SkipsNonTranslatableContent(text: &quot;&quot;)" computerName="TOFU" duration="00:00:00.0142365" startTime="2026-09-15T21:11:16.0354176+07:00" endTime="2026-09-15T21:11:16.0496980+07:00" testType="13cdc9d9-ddb5-4fa4-a97d-d965ccfc6d4b" outcome="Passed" testListId="8c84fa94-04c1-424b-9868-57a2d4851a1d" relativeResultsDirectory="bb672f3d-a776-4e88-8ce9-9c6b685c8899" />
    <UnitTestResult executionId="8999c9b6-cb19-447a-8c40-03aa251c8c44" testId="4ad0dd35-20f6-6c91-0620-67e22df07c4a" testName="FileHandler.Tests.Modules.Office.OfficePackageReaderAndValidatorTests.Inspect_ValidWordDocument_CollectsPartsAndRelationships" computerName="TOFU" duration="00:00:00.0012993" startTime="2026-09-15T21:11:16.3819897+07:00" endTime="2026-09-15T21:11:16.3833242+07:00" testType="13cdc9d9-ddb5-4fa4-a97d-d965ccfc6d4b" outcome="Passed" testListId="8c84fa94-04c1-424b-9868-57a2d4851a1d" relativeResultsDirectory="8999c9b6-cb19-447a-8c40-03aa251c8c44" />
    <UnitTestResult executionId="831758e5-4f1d-4866-adeb-94446aa4806f" testId="da36d4df-896e-89a2-6d86-da23f8c22abd" testName="FileHandler.Tests.Modules.Excel.ExcelModuleTests.E05_FormulasAndMergedCells_ArePreserved" computerName="TOFU" duration="00:00:00.0218181" startTime="2026-09-15T21:11:16.5335862+07:00" endTime="2026-09-15T21:11:16.5554526+07:00" testType="13cdc9d9-ddb5-4fa4-a97d-d965ccfc6d4b" outcome="Passed" testListId="8c84fa94-04c1-424b-9868-57a2d4851a1d" relativeResultsDirectory="831758e5-4f1d-4866-adeb-94446aa4806f" />
    <UnitTestResult executionId="5c34e956-06be-4e7d-bd39-1268d71a10f3" testId="e14b8965-34d2-0a6c-6638-1832e4b085e1" testName="FileHandler.Tests.Modules.PlainText.PlainTextSegmenterTests.ObservesCancellation(length: 1000000)" computerName="TOFU" duration="00:00:00.0015219" startTime="2026-09-15T21:11:15.9430096+07:00" endTime="2026-09-15T21:11:15.9445723+07:00" testType="13cdc9d9-ddb5-4fa4-a97d-d965ccfc6d4b" outcome="Passed" testListId="8c84fa94-04c1-424b-9868-57a2d4851a1d" relativeResultsDirectory="5c34e956-06be-4e7d-bd39-1268d71a10f3" />
    <UnitTestResult executionId="2e752eb4-ea34-4ad5-99d2-14e173ff1fda" testId="a005a50e-2309-e149-b335-bd00c34cf541" testName="FileHandler.Tests.Modules.Markdown.MarkdownUnifiedTokenTests.InvalidWireTokensReturnNoOutput(translation: &quot;&lt;ox:r0&gt;&lt;ox:r1&gt;A&lt;/ox:r1&gt;&lt;/ox:r0&gt;&lt;ox:r1&gt;B&lt;/ox:r1&gt;&quot;, code: &quot;invalid_marker_syntax&quot;)" computerName="TOFU" duration="00:00:00.0002241" startTime="2026-09-15T21:11:16.2298308+07:00" endTime="2026-09-15T21:11:16.2300869+07:00" testType="13cdc9d9-ddb5-4fa4-a97d-d965ccfc6d4b" outcome="Passed" testListId="8c84fa94-04c1-424b-9868-57a2d4851a1d" relativeResultsDirectory="2e752eb4-ea34-4ad5-99d2-14e173ff1fda" />
    <UnitTestResult executionId="08500f98-9a7a-47ce-8907-5352231e15fb" testId="20f5da96-37fb-49db-c665-e0983bc91b49" testName="FileHandler.Tests.Api.DebugTraceTests.EventLimit_StopsAddingStatesAndEvaluatingFactories" computerName="TOFU" duration="00:00:00.0146344" startTime="2026-09-15T21:11:17.0176112+07:00" endTime="2026-09-15T21:11:17.0323190+07:00" testType="13cdc9d9-ddb5-4fa4-a97d-d965ccfc6d4b" outcome="Passed" testListId="8c84fa94-04c1-424b-9868-57a2d4851a1d" relativeResultsDirectory="08500f98-9a7a-47ce-8907-5352231e15fb" />
    <UnitTestResult executionId="41c8e382-e1d6-45a0-a987-76d1d3bfe04d" testId="4f65a761-d0bc-da9f-bf94-d971a78cb253" testName="FileHandler.Tests.Modules.Markdown.MarkdownPrimitiveTests.StrictEncoding_RejectsMalformedInput" computerName="TOFU" duration="00:00:00.0006430" startTime="2026-09-15T21:11:16.2130511+07:00" endTime="2026-09-15T21:11:16.2137375+07:00" testType="13cdc9d9-ddb5-4fa4-a97d-d965ccfc6d4b" outcome="Passed" testListId="8c84fa94-04c1-424b-9868-57a2d4851a1d" relativeResultsDirectory="41c8e382-e1d6-45a0-a987-76d1d3bfe04d" />
    <UnitTestResult executionId="66587025-23fc-4ba4-90d7-aa31240ac6a6" testId="f099ea4d-c76d-fd1e-0d83-0e2e186c88ad" testName="FileHandler.Tests.Diagnostics.DebugTraceMiddlewareTests.InvokeAsync_CannotCreateDirectoryStillCallsNextOnce" computerName="TOFU" duration="00:00:00.0080316" startTime="2026-09-15T21:11:16.2499335+07:00" endTime="2026-09-15T21:11:16.2580171+07:00" testType="13cdc9d9-ddb5-4fa4-a97d-d965ccfc6d4b" outcome="Passed" testListId="8c84fa94-04c1-424b-9868-57a2d4851a1d" relativeResultsDirectory="66587025-23fc-4ba4-90d7-aa31240ac6a6" />
    <UnitTestResult executionId="fbd4132d-c57c-4442-8c77-f409759416c2" testId="32814c2b-200c-4c35-a4d8-7a1734bde2ee" testName="FileHandler.Tests.Modules.Word.WordModuleTests.W01_SimpleTable_ExtractsAndTranslatesCells" computerName="TOFU" duration="00:00:00.0140619" startTime="2026-09-15T21:11:16.5389966+07:00" endTime="2026-09-15T21:11:16.5531168+07:00" testType="13cdc9d9-ddb5-4fa4-a97d-d965ccfc6d4b" outcome="Passed" testListId="8c84fa94-04c1-424b-9868-57a2d4851a1d" relativeResultsDirectory="fbd4132d-c57c-4442-8c77-f409759416c2" />
    <UnitTestResult executionId="7d9b3820-49e6-4b25-b058-f77ceda7eea2" testId="8efcb8a0-03f8-c325-7e57-262b2398f5d4" testName="FileHandler.Tests.Api.FilesControllerTests.Import_RejectsMissingUnsupportedAndInvalidSource" computerName="TOFU" duration="00:00:00.5775417" startTime="2026-09-15T21:11:15.5818376+07:00" endTime="2026-09-15T21:11:16.1671923+07:00" testType="13cdc9d9-ddb5-4fa4-a97d-d965ccfc6d4b" outcome="Passed" testListId="8c84fa94-04c1-424b-9868-57a2d4851a1d" relativeResultsDirectory="7d9b3820-49e6-4b25-b058-f77ceda7eea2" />
    <UnitTestResult executionId="3c872362-21c7-4d50-bc99-3a90749026c9" testId="ac4e380c-11b2-5b7f-ebe8-6dcdd74a9477" testName="FileHandler.Tests.Modules.Markdown.MarkdownPrimitiveTests.MarkerDelimiters_ParseAsMatchingPair(id: 2147483647)" computerName="TOFU" duration="00:00:00.0010859" startTime="2026-09-15T21:11:16.1793076+07:00" endTime="2026-09-15T21:11:16.1804361+07:00" testType="13cdc9d9-ddb5-4fa4-a97d-d965ccfc6d4b" outcome="Passed" testListId="8c84fa94-04c1-424b-9868-57a2d4851a1d" relativeResultsDirectory="3c872362-21c7-4d50-bc99-3a90749026c9" />
    <UnitTestResult executionId="9e3b202d-7b59-48fe-bfbd-dc43d8ff99c4" testId="6af726b5-dbb5-bc24-aaaf-e8416ed01246" testName="FileHandler.Tests.Modules.Word.WordModuleTests.W05_VerticallyMergedTable_SkipsContinuationCell" computerName="TOFU" duration="00:00:00.0602231" startTime="2026-09-15T21:11:16.3932013+07:00" endTime="2026-09-15T21:11:16.4534752+07:00" testType="13cdc9d9-ddb5-4fa4-a97d-d965ccfc6d4b" outcome="Passed" testListId="8c84fa94-04c1-424b-9868-57a2d4851a1d" relativeResultsDirectory="9e3b202d-7b59-48fe-bfbd-dc43d8ff99c4" />
    <UnitTestResult executionId="a87c5e20-ea73-4b4e-98b3-438820b69f40" testId="5702a71a-de50-e7aa-884f-eb91bde50c90" testName="FileHandler.Tests.Common.FileTypeDetectorTests.PreservesOriginalAttachmentName(source: &quot;.txt&quot;, expected: &quot;.txt&quot;)" computerName="TOFU" duration="00:00:00.0001643" startTime="2026-09-15T21:11:15.8987073+07:00" endTime="2026-09-15T21:11:15.8988983+07:00" testType="13cdc9d9-ddb5-4fa4-a97d-d965ccfc6d4b" outcome="Passed" testListId="8c84fa94-04c1-424b-9868-57a2d4851a1d" relativeResultsDirectory="a87c5e20-ea73-4b4e-98b3-438820b69f40" />
    <UnitTestResult executionId="ac77c9c8-5aa6-42ec-a2f0-b72699e21281" testId="7924ec40-1e0a-c846-9e2e-a6160fbff127" testName="FileHandler.Tests.Modules.PlainText.PlainTextServiceTests.PreservesUntouchedSpansAroundChangedAndUnchangedParagraphs" computerName="TOFU" duration="00:00:00.0011965" startTime="2026-09-15T21:11:16.0266367+07:00" endTime="2026-09-15T21:11:16.0278748+07:00" testType="13cdc9d9-ddb5-4fa4-a97d-d965ccfc6d4b" outcome="Passed" testListId="8c84fa94-04c1-424b-9868-57a2d4851a1d" relativeResultsDirectory="ac77c9c8-5aa6-42ec-a2f0-b72699e21281" />
    <UnitTestResult executionId="f7c63124-1799-43d7-b362-54d77b859cdf" testId="e1983cad-786e-ebcd-b70f-d65272e824e4" testName="FileHandler.Tests.Modules.Markdown.MarkdownPrimitiveTests.Parse_PreservesMalformedMarkersAsText(text: &quot;&lt;keepme&gt;&quot;)" computerName="TOFU" duration="00:00:00.0000486" startTime="2026-09-15T21:11:16.1778490+07:00" endTime="2026-09-15T21:11:16.1779313+07:00" testType="13cdc9d9-ddb5-4fa4-a97d-d965ccfc6d4b" outcome="Passed" testListId="8c84fa94-04c1-424b-9868-57a2d4851a1d" relativeResultsDirectory="f7c63124-1799-43d7-b362-54d77b859cdf" />
    <UnitTestResult executionId="717b5af1-67db-4c48-945d-2b8a78a71024" testId="96b66d1c-e889-3324-57a6-bbb05beeb66b" testName="FileHandler.Tests.Common.FileTypeDetectorTests.UsesPlainTextFallbackName(name: &quot;&quot;)" computerName="TOFU" duration="00:00:00.2986922" startTime="2026-09-15T21:11:15.5818345+07:00" endTime="2026-09-15T21:11:15.8906100+07:00" testType="13cdc9d9-ddb5-4fa4-a97d-d965ccfc6d4b" outcome="Passed" testListId="8c84fa94-04c1-424b-9868-57a2d4851a1d" relativeResultsDirectory="717b5af1-67db-4c48-945d-2b8a78a71024" />
    <UnitTestResult executionId="61d07fb2-ff9c-44a1-8943-44ba27aa7048" testId="f61dea73-9216-a8dc-584f-56879a772fd9" testName="FileHandler.Tests.Common.FileTypeDetectorTests.DetectsPlainText(name: &quot;guide.TXT&quot;)" computerName="TOFU" duration="00:00:00.0002774" startTime="2026-09-15T21:11:16.0218666+07:00" endTime="2026-09-15T21:11:16.0221867+07:00" testType="13cdc9d9-ddb5-4fa4-a97d-d965ccfc6d4b" outcome="Passed" testListId="8c84fa94-04c1-424b-9868-57a2d4851a1d" relativeResultsDirectory="61d07fb2-ff9c-44a1-8943-44ba27aa7048" />
    <UnitTestResult executionId="837d85bc-388e-4060-bd52-7e18b298059b" testId="d58f696d-8d8f-586e-01cb-0f03a8cc3677" testName="FileHandler.Tests.Modules.PlainText.PlainTextServiceTests.PropagatesCancellation" computerName="TOFU" duration="00:00:00.0015192" startTime="2026-09-15T21:11:16.1758644+07:00" endTime="2026-09-15T21:11:16.1774174+07:00" testType="13cdc9d9-ddb5-4fa4-a97d-d965ccfc6d4b" outcome="Passed" testListId="8c84fa94-04c1-424b-9868-57a2d4851a1d" relativeResultsDirectory="837d85bc-388e-4060-bd52-7e18b298059b" />
    <UnitTestResult executionId="84773a51-0481-4258-aab9-57442531c6b0" testId="3c3a58ce-f67c-1fff-7f70-431144e2c496" testName="FileHandler.Tests.Api.FilesApiTests.PlainTextRejectsInvalidEncoding(path: &quot;/export&quot;)" computerName="TOFU" duration="00:00:00.0022399" startTime="2026-09-15T21:11:17.1751986+07:00" endTime="2026-09-15T21:11:17.1774801+07:00" testType="13cdc9d9-ddb5-4fa4-a97d-d965ccfc6d4b" outcome="Passed" testListId="8c84fa94-04c1-424b-9868-57a2d4851a1d" relativeResultsDirectory="84773a51-0481-4258-aab9-57442531c6b0" />
    <UnitTestResult executionId="af11df61-5e83-4059-8d87-7abb5277c6f8" testId="1021dd24-c8e0-7d67-8c24-0ce3dd16cd5b" testName="FileHandler.Tests.Api.GlobalExceptionHandlerTests.TryHandleAsync_MapsErrorsWithoutLeakingExceptionDetails(kind: &quot;http&quot;, status: 413, code: &quot;request_too_large&quot;)" computerName="TOFU" duration="00:00:00.0004058" startTime="2026-09-15T21:11:16.2475566+07:00" endTime="2026-09-15T21:11:16.2481460+07:00" testType="13cdc9d9-ddb5-4fa4-a97d-d965ccfc6d4b" outcome="Passed" testListId="8c84fa94-04c1-424b-9868-57a2d4851a1d" relativeResultsDirectory="af11df61-5e83-4059-8d87-7abb5277c6f8" />
    <UnitTestResult executionId="e2d95bab-5d3c-45b1-ae95-fd493e8248e3" testId="ae9552db-5b75-2269-a874-59f6258a3b7e" testName="FileHandler.Tests.Modules.Markdown.MarkdownTranslationApplierTests.Apply_RejectsInvalidMarkersAtomically(translation: &quot;&lt;ox:r0&gt;x&quot;, code: &quot;invalid_marker_syntax&quot;)" computerName="TOFU" duration="00:00:00.0001559" startTime="2026-09-15T21:11:16.0909183+07:00" endTime="2026-09-15T21:11:16.0911109+07:00" testType="13cdc9d9-ddb5-4fa4-a97d-d965ccfc6d4b" outcome="Passed" testListId="8c84fa94-04c1-424b-9868-57a2d4851a1d" relativeResultsDirectory="e2d95bab-5d3c-45b1-ae95-fd493e8248e3" />
    <UnitTestResult executionId="66c1a38c-898e-432b-9bd3-50b59451bba3" testId="81e86b4d-3c9c-3a77-023c-430dcbdafb38" testName="FileHandler.Tests.Diagnostics.TraceSessionTests.Write_StopsAtLimitAndResultIsPreserved" computerName="TOFU" duration="00:00:00.0089120" startTime="2026-09-15T21:11:16.2307389+07:00" endTime="2026-09-15T21:11:16.2397081+07:00" testType="13cdc9d9-ddb5-4fa4-a97d-d965ccfc6d4b" outcome="Passed" testListId="8c84fa94-04c1-424b-9868-57a2d4851a1d" relativeResultsDirectory="66c1a38c-898e-432b-9bd3-50b59451bba3" />
    <UnitTestResult executionId="8f0041b2-ff99-4e73-8ab5-0e0a3cfbc006" testId="5384d886-02fe-2837-8d72-643dca71e133" testName="FileHandler.Tests.Modules.PlainText.PlainTextServiceTests.RejectsInvalidTranslationsWithLocations(translation: null, code: &quot;invalid_translation&quot;)" computerName="TOFU" duration="00:00:00.0000632" startTime="2026-09-15T21:11:16.0260598+07:00" endTime="2026-09-15T21:11:16.0261483+07:00" testType="13cdc9d9-ddb5-4fa4-a97d-d965ccfc6d4b" outcome="Passed" testListId="8c84fa94-04c1-424b-9868-57a2d4851a1d" relativeResultsDirectory="8f0041b2-ff99-4e73-8ab5-0e0a3cfbc006" />
[...]
    <TestEntry testId="e90a5145-ec89-d41f-260b-a3350d5a76e3" executionId="1fcf3525-443b-4d78-ada6-1d4e1d1bc434" testListId="8c84fa94-04c1-424b-9868-57a2d4851a1d" />
    <TestEntry testId="604384dc-28f8-2060-6de9-b7ca97ed7ae1" executionId="d89703cf-90f0-4e01-9892-d3507ad4ec90" testListId="8c84fa94-04c1-424b-9868-57a2d4851a1d" />
    <TestEntry testId="c923ae40-415d-31a7-a8b7-96eb1b5a230f" executionId="efc49996-c7eb-4474-a7ff-170584fe806e" testListId="8c84fa94-04c1-424b-9868-57a2d4851a1d" />
    <TestEntry testId="e9312ae3-8c70-f640-08e5-ecb8293e6f40" executionId="c106d2b5-205d-4b74-862f-d116d2b0952e" testListId="8c84fa94-04c1-424b-9868-57a2d4851a1d" />
    <TestEntry testId="6ec49d5c-f028-2018-ab06-7fdea8630b4d" executionId="9f8bd1b1-86b5-434a-be9f-564d2793d24c" testListId="8c84fa94-04c1-424b-9868-57a2d4851a1d" />
    <TestEntry testId="03b6c75d-4c51-f339-6319-01eac4674cf7" executionId="4ea33ccb-ff3a-49c8-b251-02743fab5765" testListId="8c84fa94-04c1-424b-9868-57a2d4851a1d" />
    <TestEntry testId="c54445cb-efb6-ff65-a1d0-bb4d41bb6d11" executionId="af0abcfb-65db-4fd5-a1c1-0ba778f99532" testListId="8c84fa94-04c1-424b-9868-57a2d4851a1d" />
    <TestEntry testId="c0cad581-442e-e477-4326-7f3df87554bc" executionId="5b877ccc-4853-409a-b069-3b441900287a" testListId="8c84fa94-04c1-424b-9868-57a2d4851a1d" />
    <TestEntry testId="445a7723-adf4-0ca3-7c97-1142651af21a" executionId="81e1361c-b311-4680-beb8-8c9e69178b6f" testListId="8c84fa94-04c1-424b-9868-57a2d4851a1d" />
    <TestEntry testId="51c583e0-cc41-a519-b4af-4cc337b181f0" executionId="a5903d45-87fa-4f09-9182-02b82f6a33be" testListId="8c84fa94-04c1-424b-9868-57a2d4851a1d" />
    <TestEntry testId="7b33229f-ef41-90cd-8c53-720865bd7da5" executionId="77b3e585-022a-419d-8c57-e793aa5a74ea" testListId="8c84fa94-04c1-424b-9868-57a2d4851a1d" />
    <TestEntry testId="244fb408-f161-163b-0631-056d18dafd28" executionId="50188816-3335-4ef4-861c-f2071327482c" testListId="8c84fa94-04c1-424b-9868-57a2d4851a1d" />
    <TestEntry testId="8dba80f8-534d-96eb-2b7f-70a3ee38b9f2" executionId="fbe54b51-6a9d-4f1d-8ccf-e42456e37316" testListId="8c84fa94-04c1-424b-9868-57a2d4851a1d" />
    <TestEntry testId="74905a7a-dda8-7fdb-034f-046ae913839a" executionId="36e66473-0e27-44dc-b621-1eb7d0c2ad49" testListId="8c84fa94-04c1-424b-9868-57a2d4851a1d" />
    <TestEntry testId="e21e305d-4acd-25e9-0153-7071c379ffcf" executionId="7b440806-e038-4efe-bea4-ada99048696d" testListId="8c84fa94-04c1-424b-9868-57a2d4851a1d" />
    <TestEntry testId="0eddcfc5-94ff-095e-aad8-7569634ac83e" executionId="29a4e5a3-015b-4333-9f33-a710593542b6" testListId="8c84fa94-04c1-424b-9868-57a2d4851a1d" />
    <TestEntry testId="b26c6fea-c967-3edc-cf6b-9e38451aa13e" executionId="849b6090-3c7b-44c1-887f-fc4771d0291c" testListId="8c84fa94-04c1-424b-9868-57a2d4851a1d" />
    <TestEntry testId="6c80bc22-6719-ab69-9d6b-b53015f28eb1" executionId="9df42c19-1fc9-48f3-91e3-d6787156f468" testListId="8c84fa94-04c1-424b-9868-57a2d4851a1d" />
    <TestEntry testId="8b8f3ade-7530-4063-d631-9b1789a3bcb8" executionId="69d40af6-c34f-42ec-acf7-8963cb60a034" testListId="8c84fa94-04c1-424b-9868-57a2d4851a1d" />
    <TestEntry testId="c9355402-324a-ca9c-24b4-a9a9d74733ad" executionId="5fe7a0bc-601e-4711-861e-9c9061fea5b6" testListId="8c84fa94-04c1-424b-9868-57a2d4851a1d" />
    <TestEntry testId="58450d44-1184-bae6-db30-e8a3573ea8c2" executionId="eca59ea3-781e-4aca-8fc5-f2eb86e25340" testListId="8c84fa94-04c1-424b-9868-57a2d4851a1d" />
    <TestEntry testId="1c4f6eef-2282-8862-f446-115dc0d9a7ee" executionId="7ee429aa-e883-4d6d-b014-ea7a12fe9b99" testListId="8c84fa94-04c1-424b-9868-57a2d4851a1d" />
    <TestEntry testId="184876ed-d8d0-0f84-a231-bbc69e10a8d4" executionId="833f52e9-bf64-439e-b683-86a41ec24969" testListId="8c84fa94-04c1-424b-9868-57a2d4851a1d" />
    <TestEntry testId="685d6313-7f16-9faf-f245-6cb5c58a746a" executionId="cc5b42d3-6b7b-45ac-b6a7-06567aafccf2" testListId="8c84fa94-04c1-424b-9868-57a2d4851a1d" />
    <TestEntry testId="ab5a1b86-da15-fafc-94de-e201c5f05101" executionId="b97cf661-7a44-4dab-b4f5-6f7fff0b55e3" testListId="8c84fa94-04c1-424b-9868-57a2d4851a1d" />
    <TestEntry testId="af86579b-7649-bb31-8e5e-86bc430daefb" executionId="0de0f320-138b-43e8-8f05-c30d9f0257fb" testListId="8c84fa94-04c1-424b-9868-57a2d4851a1d" />
    <TestEntry testId="26239874-47ce-c34e-0f15-7bbcb54967e6" executionId="c486000a-a49e-4535-ab6b-46c69cbfb0c3" testListId="8c84fa94-04c1-424b-9868-57a2d4851a1d" />
    <TestEntry testId="205586e7-672c-1d93-7d4a-0a4e563c7971" executionId="7060d4f0-a765-4e0e-82c9-2b232e3fbeb9" testListId="8c84fa94-04c1-424b-9868-57a2d4851a1d" />
    <TestEntry testId="96241b07-808a-a26d-a342-3f5bf8a1bc78" executionId="a0f38b21-ec6a-4a51-bb7b-639c638f0cd4" testListId="8c84fa94-04c1-424b-9868-57a2d4851a1d" />
    <TestEntry testId="37482440-967a-c570-40df-6e4d87c5661f" executionId="66d75e17-e590-421c-91c6-eef7fa3780ca" testListId="8c84fa94-04c1-424b-9868-57a2d4851a1d" />
    <TestEntry testId="b0850129-e862-1dcd-4fb2-449626409253" executionId="18fc36a4-5ebb-4067-a170-16bf2ec9e8a8" testListId="8c84fa94-04c1-424b-9868-57a2d4851a1d" />
    <TestEntry testId="a16ca726-fbc6-d7fc-dc1b-ce9ec9ccb1c3" executionId="b242b920-2c32-45c3-a219-031a2b713425" testListId="8c84fa94-04c1-424b-9868-57a2d4851a1d" />
    <TestEntry testId="5b4fc875-3064-bf4c-68e7-bb45b8ab7a76" executionId="6a6db430-c26f-4192-91e9-ae6918ff4c25" testListId="8c84fa94-04c1-424b-9868-57a2d4851a1d" />
    <TestEntry testId="093cc5f7-031c-bdcc-132d-a8aa8240593a" executionId="b464a2ab-2e7c-46d5-a6fc-e6060071bae5" testListId="8c84fa94-04c1-424b-9868-57a2d4851a1d" />
    <TestEntry testId="1fc646cf-d982-fb43-35b6-37f8afb82fea" executionId="2954531b-9f35-4d21-8730-b3bd9c886fc7" testListId="8c84fa94-04c1-424b-9868-57a2d4851a1d" />
    <TestEntry testId="70201412-7655-82c1-6df7-b4fde32449ce" executionId="cdf2aa64-3e12-4591-ab24-2033c20da6a5" testListId="8c84fa94-04c1-424b-9868-57a2d4851a1d" />
    <TestEntry testId="1d5cb18a-ca3c-0824-8e87-84b3345ffc03" executionId="179000aa-c5f5-4f82-89ff-8ee59245e5fa" testListId="8c84fa94-04c1-424b-9868-57a2d4851a1d" />
    <TestEntry testId="fbab741d-8d87-11cc-b970-68727f34f56f" executionId="abd886de-22f6-45eb-be99-3be065dc4b6c" testListId="8c84fa94-04c1-424b-9868-57a2d4851a1d" />
    <TestEntry testId="a0092c73-d595-21e6-99f6-a4b41b5bb5ed" executionId="058b78b3-2817-4cd7-811b-8e446166094c" testListId="8c84fa94-04c1-424b-9868-57a2d4851a1d" />
    <TestEntry testId="79b97a16-4d0c-7d4a-2ca6-747dbda5ad9e" executionId="93225195-d15a-4ae4-bd35-f70f7a407785" testListId="8c84fa94-04c1-424b-9868-57a2d4851a1d" />
    <TestEntry testId="6b7fc7ee-1004-bd76-6ee2-4e4d65f4469f" executionId="d542018a-1f8c-4e34-99cf-87d3626f23d6" testListId="8c84fa94-04c1-424b-9868-57a2d4851a1d" />
    <TestEntry testId="d55ca342-dda7-4efc-239f-39cbe52f6b8d" executionId="755bfa44-13f1-4133-8090-fe1f0391fce8" testListId="8c84fa94-04c1-424b-9868-57a2d4851a1d" />
    <TestEntry testId="bf18d36b-9fff-63bc-df85-069b1fe8285e" executionId="cf79e277-9391-4522-923f-cbea3d609447" testListId="8c84fa94-04c1-424b-9868-57a2d4851a1d" />
    <TestEntry testId="5f2e4eb2-ea14-3f49-b321-d2b5636a0dd9" executionId="f0b5e929-e44f-4b7e-8b04-1a5319db5612" testListId="8c84fa94-04c1-424b-9868-57a2d4851a1d" />
    <TestEntry testId="37f6a34b-6181-1583-7a94-a28c028f3efd" executionId="4d16da29-5c0c-4eec-914f-7a029bc3b14c" testListId="8c84fa94-04c1-424b-9868-57a2d4851a1d" />
    <TestEntry testId="7937cf12-de41-e4a0-91e6-52afedd92b65" executionId="70c464a9-c9cc-4fc2-8209-ff23d9507ddf" testListId="8c84fa94-04c1-424b-9868-57a2d4851a1d" />
    <TestEntry testId="197a7178-f0c2-4b16-e411-fe3ed085478b" executionId="b5591392-0c9a-4476-8edb-13381e8a199f" testListId="8c84fa94-04c1-424b-9868-57a2d4851a1d" />
    <TestEntry testId="ad988520-93f5-41f8-274b-ec07e0056c7e" executionId="7678368a-6518-4117-a291-2e7ab527ed78" testListId="8c84fa94-04c1-424b-9868-57a2d4851a1d" />
    <TestEntry testId="e0a38c4a-8bcf-6933-293c-f1e649be7a34" executionId="a71fb84a-1796-4f09-af55-665929a70c46" testListId="8c84fa94-04c1-424b-9868-57a2d4851a1d" />
    <TestEntry testId="e1ce5f4d-8574-1d81-1537-4ae8eadcbaa1" executionId="c146a2fb-75a0-497a-9abf-4e0ad070705f" testListId="8c84fa94-04c1-424b-9868-57a2d4851a1d" />
    <TestEntry testId="645dc0b6-863d-6cd5-c80b-0de668cbb4f7" executionId="8123ba9e-252d-4527-b06b-930edb51d2bc" testListId="8c84fa94-04c1-424b-9868-57a2d4851a1d" />
    <TestEntry testId="3bb4a669-7c68-691c-d34f-5dd534f09b95" executionId="88a784c6-32b8-49a6-9aef-4f1d5d82cf76" testListId="8c84fa94-04c1-424b-9868-57a2d4851a1d" />
    <TestEntry testId="52753c54-3fdd-2253-6c02-570a166b05ee" executionId="90dc4ed7-744a-406a-b69e-39f840616461" testListId="8c84fa94-04c1-424b-9868-57a2d4851a1d" />
    <TestEntry testId="937d5af8-bae8-5490-fe92-7e6f0a1b44ea" executionId="e6cf836a-781f-4cfd-b626-59f7dd96db46" testListId="8c84fa94-04c1-424b-9868-57a2d4851a1d" />
    <TestEntry testId="53cb3a4e-61f6-514b-4afe-ff5b48bda2aa" executionId="dbec45d1-9f3a-4a13-9934-96a30f89f2c1" testListId="8c84fa94-04c1-424b-9868-57a2d4851a1d" />
    <TestEntry testId="7ed66fcb-3a5a-bdce-3688-a4847f68c26e" executionId="9a638b3f-015b-4af4-982b-e63af3664c60" testListId="8c84fa94-04c1-424b-9868-57a2d4851a1d" />
    <TestEntry testId="728889bc-b10e-1f0f-3a40-ba743f3eed71" executionId="91c87531-d2e0-49f8-9d56-32511bf08161" testListId="8c84fa94-04c1-424b-9868-57a2d4851a1d" />
    <TestEntry testId="dd95533c-1faa-26b7-6945-d370548c0737" executionId="1444c8f2-b643-43c3-afcb-9d461bf40efc" testListId="8c84fa94-04c1-424b-9868-57a2d4851a1d" />
    <TestEntry testId="dc680dda-7b56-e55c-f5f7-4018ec2aee5a" executionId="490cfcf5-6ad2-40a2-a353-0da1e1c9abb6" testListId="8c84fa94-04c1-424b-9868-57a2d4851a1d" />
    <TestEntry testId="ed24907c-d8dd-619b-e945-e31db40b6a90" executionId="ed7a4e8d-ee81-49cd-9aa4-4f49ada2d996" testListId="8c84fa94-04c1-424b-9868-57a2d4851a1d" />
    <TestEntry testId="2eb58b26-cc7d-8831-901c-ed0736fba22f" executionId="74fef5f0-a461-49ac-9df2-946841568393" testListId="8c84fa94-04c1-424b-9868-57a2d4851a1d" />
    <TestEntry testId="b923650e-3e9e-bd7d-8bc0-fe63adaa771f" executionId="788258b9-5a8e-41c9-b2f3-424bbbf19baf" testListId="8c84fa94-04c1-424b-9868-57a2d4851a1d" />
    <TestEntry testId="93b74934-ad7d-b010-0fba-b4f5aae53e55" executionId="7d370d28-de91-4f14-b574-b2f7fca27b8f" testListId="8c84fa94-04c1-424b-9868-57a2d4851a1d" />
    <TestEntry testId="74c81d51-9005-7313-6115-2ce8f6ba7d07" executionId="5920f8e4-590a-486d-8442-c29e9715696e" testListId="8c84fa94-04c1-424b-9868-57a2d4851a1d" />
    <TestEntry testId="e8ab0a66-e3b7-98a3-f076-7e3583551aee" executionId="480eb13f-b2f1-47a2-98bc-35036fd6497e" testListId="8c84fa94-04c1-424b-9868-57a2d4851a1d" />
    <TestEntry testId="3f7fa056-d2a4-a8f0-32eb-60b8b608c464" executionId="250e43ae-41f8-40be-aee5-069d729edf19" testListId="8c84fa94-04c1-424b-9868-57a2d4851a1d" />
    <TestEntry testId="1e3b997d-8849-2f0b-8df1-c72577a7aabe" executionId="4236f9ae-442d-41e4-8f61-65dcb5d7753e" testListId="8c84fa94-04c1-424b-9868-57a2d4851a1d" />
    <TestEntry testId="c37d03f4-896c-14d3-2d29-6c211013e424" executionId="5723c48d-3a37-4118-8ab4-591e411096ad" testListId="8c84fa94-04c1-424b-9868-57a2d4851a1d" />
    <TestEntry testId="913791f7-18b1-f8a1-90f9-43c1de154eb6" executionId="7fe308d8-0c12-46e5-8e67-5367b6b6adcf" testListId="8c84fa94-04c1-424b-9868-57a2d4851a1d" />
    <TestEntry testId="4286f9fa-c999-acf5-5e9d-6846aa807408" executionId="451d19e2-de48-46fc-b0f4-705b1b1b1e61" testListId="8c84fa94-04c1-424b-9868-57a2d4851a1d" />
    <TestEntry testId="3335c73e-2ea8-5b23-32e2-468aa147abcc" executionId="c7f7cbc8-87fe-4a69-bf3d-5b401a368d68" testListId="8c84fa94-04c1-424b-9868-57a2d4851a1d" />
    <TestEntry testId="d7f8be77-5ea7-ed3d-9ede-60f86c8d184a" executionId="5d4e0501-0294-4b15-8916-532222f11bed" testListId="8c84fa94-04c1-424b-9868-57a2d4851a1d" />
    <TestEntry testId="52b70a87-86b6-8945-6331-e290727a4ec2" executionId="edcefbe5-b132-442a-bf4e-24944f03bbe2" testListId="8c84fa94-04c1-424b-9868-57a2d4851a1d" />
    <TestEntry testId="f323fab1-bbc2-c69a-0f32-f3a2e1a0f86e" executionId="347edb3d-c096-4650-9559-e70b7908ba23" testListId="8c84fa94-04c1-424b-9868-57a2d4851a1d" />
    <TestEntry testId="f8ac43f8-5bfd-ff67-facf-2f60cb3338e2" executionId="47d39843-95a9-493f-800c-9525c79a3b87" testListId="8c84fa94-04c1-424b-9868-57a2d4851a1d" />
    <TestEntry testId="26931c1d-9548-ad7b-d3bd-3ff1f82a5eba" executionId="64f37536-cb95-4faf-b04b-afc509631b0f" testListId="8c84fa94-04c1-424b-9868-57a2d4851a1d" />
    <TestEntry testId="b2bdce56-99d1-04d2-11e3-b41398a57dfe" executionId="920b03ae-00ae-45f7-b9d7-860b6706941f" testListId="8c84fa94-04c1-424b-9868-57a2d4851a1d" />
    <TestEntry testId="183c0650-db29-18f0-0adf-d480e7573375" executionId="28b45911-6ab7-4cdb-8b0e-a6a0aec1cd2c" testListId="8c84fa94-04c1-424b-9868-57a2d4851a1d" />
    <TestEntry testId="51aa5cea-f764-7437-a5a0-47ebccf9b745" executionId="7c10f8a7-6447-47fd-ad92-22c9782b8434" testListId="8c84fa94-04c1-424b-9868-57a2d4851a1d" />
    <TestEntry testId="21e45607-6bea-526f-c1ac-871d127e3e08" executionId="3d0cd2d5-130b-4434-8b9d-ac0eefcfc37a" testListId="8c84fa94-04c1-424b-9868-57a2d4851a1d" />
    <TestEntry testId="561699d2-c75a-f547-2336-bc51ce3026d1" executionId="83d34106-9997-424f-9b13-df1d836e9d3e" testListId="8c84fa94-04c1-424b-9868-57a2d4851a1d" />
    <TestEntry testId="1c465807-a1f0-fb31-6a2c-488b0830b6a8" executionId="f886ac71-62c9-41ad-80af-efef418f4ef4" testListId="8c84fa94-04c1-424b-9868-57a2d4851a1d" />
    <TestEntry testId="4368c7fc-f3ec-47d5-6434-c992d62aa7c0" executionId="bed65571-d167-4ff3-ad6a-c07e4c1a003d" testListId="8c84fa94-04c1-424b-9868-57a2d4851a1d" />
    <TestEntry testId="65c39c94-884b-c01a-01f9-03c17aee8608" executionId="4f52ee7c-7be6-49e1-b8a2-f0a6700cfcf9" testListId="8c84fa94-04c1-424b-9868-57a2d4851a1d" />
    <TestEntry testId="b79ec5f0-ac47-b719-a0e8-57fbde23e489" executionId="dcbb1893-81dd-40ca-80da-71717134829e" testListId="8c84fa94-04c1-424b-9868-57a2d4851a1d" />
    <TestEntry testId="cc74102b-a7ac-1ce5-8cc1-945d39f85984" executionId="ee995fbf-49ea-49e8-be8e-019d85ddbcb0" testListId="8c84fa94-04c1-424b-9868-57a2d4851a1d" />
    <TestEntry testId="b40f3dcb-6c17-ccf5-a353-f1f417810d4b" executionId="455263de-ba3f-401d-a140-d5100aaffec7" testListId="8c84fa94-04c1-424b-9868-57a2d4851a1d" />
    <TestEntry testId="f551d21d-3fb6-b8d4-751e-125fc3c1dac7" executionId="fdfcd481-2989-4a75-9918-06c78a222d62" testListId="8c84fa94-04c1-424b-9868-57a2d4851a1d" />
    <TestEntry testId="9d8f9729-62ea-209b-6851-d55dd50b39b4" executionId="d5d98474-58a1-4518-944b-87ca0fdbdb74" testListId="8c84fa94-04c1-424b-9868-57a2d4851a1d" />
    <TestEntry testId="016dd5c5-ad7d-e475-bb07-41c77c276245" executionId="980b2589-1cb9-45ff-9f48-8e18f560adbd" testListId="8c84fa94-04c1-424b-9868-57a2d4851a1d" />
    <TestEntry testId="31f556cb-9c3b-fd87-8c87-0cee3ba528df" executionId="bb83ea1e-e130-4c89-b55f-90a7cd00de2e" testListId="8c84fa94-04c1-424b-9868-57a2d4851a1d" />
    <TestEntry testId="bead30ce-8e13-a596-e9a6-bea8f72d685c" executionId="3431e53e-4a2a-4d6b-82c2-8249a5e06773" testListId="8c84fa94-04c1-424b-9868-57a2d4851a1d" />
    <TestEntry testId="3ba25545-a1e6-6e60-736f-6d6965adde50" executionId="3a903b12-a769-413a-b33d-feba2df96b6f" testListId="8c84fa94-04c1-424b-9868-57a2d4851a1d" />
    <TestEntry testId="9cbe6f34-d981-e9c8-e4a1-25d1b9415b9e" executionId="0749f74d-4a5d-4577-a03e-ff31c0c9fb5a" testListId="8c84fa94-04c1-424b-9868-57a2d4851a1d" />
    <TestEntry testId="b99963c8-70e1-0c66-15e6-c413668baddb" executionId="6cce39d9-73e2-49f8-8be5-19a35495068b" testListId="8c84fa94-04c1-424b-9868-57a2d4851a1d" />
    <TestEntry testId="b3a73fc6-a5d6-1ead-996d-4957908094d7" executionId="77b5ceab-b5d4-40ad-bf94-5fd8615ebe38" testListId="8c84fa94-04c1-424b-9868-57a2d4851a1d" />
    <TestEntry testId="099baf2e-d4b6-001e-96a7-7181c2d356a7" executionId="f09c31a9-cb74-48d8-b832-337d9afdf373" testListId="8c84fa94-04c1-424b-9868-57a2d4851a1d" />
    <TestEntry testId="ec2baaf7-f9a0-e8d3-9f71-b7fb6c32642a" executionId="9cd55100-7c4f-49b9-bb56-1aaa29b290f2" testListId="8c84fa94-04c1-424b-9868-57a2d4851a1d" />
    <TestEntry testId="736672b5-140f-d0ca-15b1-3b57290c0f73" executionId="9a7c9179-219d-456a-b634-3204455aee6d" testListId="8c84fa94-04c1-424b-9868-57a2d4851a1d" />
    <TestEntry testId="c7c74bf3-66e5-c060-b79d-84f1ba0a76ce" executionId="c66fd253-5afa-401c-9625-3cd6cd1d42fc" testListId="8c84fa94-04c1-424b-9868-57a2d4851a1d" />
    <TestEntry testId="25926472-a364-ffeb-5b93-80695e353950" executionId="c0b4a348-1892-4589-89e3-1e1e3885a639" testListId="8c84fa94-04c1-424b-9868-57a2d4851a1d" />
    <TestEntry testId="6d0fad59-442a-b9c3-371a-49f837a1c438" executionId="e3a32dee-f9ff-4374-8013-f31e20a2686e" testListId="8c84fa94-04c1-424b-9868-57a2d4851a1d" />
    <TestEntry testId="978d9eb3-40ae-5eab-50c8-3a2b1cfdac6c" executionId="9e81f14b-69d0-46c3-98f6-f3041a2251b3" testListId="8c84fa94-04c1-424b-9868-57a2d4851a1d" />
    <TestEntry testId="dca02781-74cf-c1b0-4d61-810e295b8010" executionId="0c6472f4-138a-445b-a43e-ebd1f121a80e" testListId="8c84fa94-04c1-424b-9868-57a2d4851a1d" />
    <TestEntry testId="0981d1cf-6e45-b287-8898-8a83a0e33332" executionId="e5a851d7-ddae-4bd7-8839-33a9122ae648" testListId="8c84fa94-04c1-424b-9868-57a2d4851a1d" />
    <TestEntry testId="d39ab237-5187-0302-ed11-c9d40d80ad2f" executionId="b4026d70-8e70-4a89-8e66-d05b02a852b0" testListId="8c84fa94-04c1-424b-9868-57a2d4851a1d" />
    <TestEntry testId="75475ad7-2b2f-d678-7ca0-cb62eb7b1d7d" executionId="09fa3f91-a78c-468e-989d-e8e4fe3af5d8" testListId="8c84fa94-04c1-424b-9868-57a2d4851a1d" />
    <TestEntry testId="5710ebdb-4709-48d8-7e9b-e8e1e675870f" executionId="810c9fb4-b18f-4454-a021-610c2c574675" testListId="8c84fa94-04c1-424b-9868-57a2d4851a1d" />
    <TestEntry testId="31f3a164-a0f7-704a-8fe6-52321f5792ce" executionId="4540ac8a-ad5c-48df-8108-96effa7ffad2" testListId="8c84fa94-04c1-424b-9868-57a2d4851a1d" />
    <TestEntry testId="7daa7abc-6fb5-abfc-4935-d6eca12dee2c" executionId="4979bb21-bc67-4e70-945a-1520d0257958" testListId="8c84fa94-04c1-424b-9868-57a2d4851a1d" />
    <TestEntry testId="bbe8b303-3879-013c-cbe8-43f9f75214b9" executionId="16723cf4-e45b-4ba4-a0e7-ecbd901f5465" testListId="8c84fa94-04c1-424b-9868-57a2d4851a1d" />
    <TestEntry testId="ad09ce0c-92cf-dc39-13c5-477412b2aac5" executionId="37295a0c-debc-4f84-a9da-0f0639866d70" testListId="8c84fa94-04c1-424b-9868-57a2d4851a1d" />
    <TestEntry testId="216df590-9ff3-2b45-3b81-ddf142e4e76d" executionId="41aaaa3c-ff10-4ae7-9f66-357aa9e3c3b5" testListId="8c84fa94-04c1-424b-9868-57a2d4851a1d" />
    <TestEntry testId="d24fcc4a-6f4b-5ce3-93eb-eb689ee1b57c" executionId="b0e0f556-7cff-4c41-92dc-7bd5e6b037de" testListId="8c84fa94-04c1-424b-9868-57a2d4851a1d" />
    <TestEntry testId="bad40f91-2c23-38aa-6ad4-9e4d9722aea9" executionId="fadc02b2-8de9-4148-bc4b-c2f912e2a302" testListId="8c84fa94-04c1-424b-9868-57a2d4851a1d" />
  </TestEntries>
  <TestLists>
    <TestList name="Results Not in a List" id="8c84fa94-04c1-424b-9868-57a2d4851a1d" />
    <TestList name="All Loaded Results" id="19431567-8539-422a-85d7-44ee4e166bda" />
  </TestLists>
  <ResultSummary outcome="Completed">
    <Counters total="345" executed="345" passed="345" failed="0" error="0" timeout="0" aborted="0" inconclusive="0" passedButRunAborted="0" notRunnable="0" notExecuted="0" disconnected="0" warning="0" completed="0" inProgress="0" pending="0" />
    <Output>
      <StdOut>[xUnit.net 00:00:00.00] xUnit.net VSTest Adapter v3.1.5+1b188a7b0a (64-bit .NET 10.0.12)&#xD;
[xUnit.net 00:00:00.92]   Discovering: FileHandler.Tests&#xD;
[xUnit.net 00:00:01.27]   Discovered:  FileHandler.Tests&#xD;
[xUnit.net 00:00:01.57]   Starting:    FileHandler.Tests&#xD;
[xUnit.net 00:00:03.40]   Finished:    FileHandler.Tests (ID = '4c64af4a2d734a84f9e2ad3c589cb0603c6ce5b148c30c738e29524e9d7b0b9c')&#xD;
</StdOut>
    </Output>
  </ResultSummary>
</TestRun>