<?xml version="1.0" encoding="utf-8"?>
<TestRun id="eeca49f9-ef30-44c6-ae3a-a7963dd52adf" name="bqhai@TOFU 2026-09-18 09:12:42" runUser="Tofu\CodexSandboxOffline" xmlns="http://microsoft.com/schemas/VisualStudio/TeamTest/2010">
  <Times creation="2026-09-18T09:12:42.9210516+07:00" queuing="2026-09-18T09:12:42.9210519+07:00" start="2026-09-18T09:12:40.0972984+07:00" finish="2026-09-18T09:12:44.2636586+07:00" />
  <TestSettings name="default" id="32512119-45b1-4522-a8df-f30dd852b8c4">
    <Deployment runDeploymentRoot="bqhai_TOFU_2026-09-18_09_12_42" />
  </TestSettings>
  <Results>
    <UnitTestResult executionId="42d93ca2-2437-4be8-889c-8731f65e7c59" testId="cff01ed7-9d45-2c5b-9090-5b1d900b3df6" testName="FileHandler.Tests.Modules.Markdown.MarkdownPrimitiveTests.Parse_PreservesMalformedMarkersAsText(text: &quot;&lt;keepme-1&gt;&quot;)" computerName="TOFU" duration="00:00:00.0000362" startTime="2026-09-18T09:12:42.9757282+07:00" endTime="2026-09-18T09:12:42.9757923+07:00" testType="13cdc9d9-ddb5-4fa4-a97d-d965ccfc6d4b" outcome="Passed" testListId="8c84fa94-04c1-424b-9868-57a2d4851a1d" relativeResultsDirectory="42d93ca2-2437-4be8-889c-8731f65e7c59" />
    <UnitTestResult executionId="1e21744c-667c-4883-8496-0e2e85a5548b" testId="81cc80cb-567a-86cf-f158-07e09f02c12e" testName="FileHandler.Tests.Modules.Office.OfficeReviewRegressionTests.Word_GroupedRuns_ApplyAllBindings" computerName="TOFU" duration="00:00:00.0161612" startTime="2026-09-18T09:12:43.3766341+07:00" endTime="2026-09-18T09:12:43.3928263+07:00" testType="13cdc9d9-ddb5-4fa4-a97d-d965ccfc6d4b" outcome="Passed" testListId="8c84fa94-04c1-424b-9868-57a2d4851a1d" relativeResultsDirectory="1e21744c-667c-4883-8496-0e2e85a5548b" />
    <UnitTestResult executionId="f61cdbc9-6c08-4ccd-b823-985ea76d199a" testId="7aceb5d4-c904-1a4f-3de9-43b0cf465c65" testName="FileHandler.Tests.Api.FilesControllerTests.Export_AcceptsLenientJsonWithNewlinesAndTrailingCommas" computerName="TOFU" duration="00:00:00.0011133" startTime="2026-09-18T09:12:43.0707857+07:00" endTime="2026-09-18T09:12:43.0719332+07:00" testType="13cdc9d9-ddb5-4fa4-a97d-d965ccfc6d4b" outcome="Passed" testListId="8c84fa94-04c1-424b-9868-57a2d4851a1d" relativeResultsDirectory="f61cdbc9-6c08-4ccd-b823-985ea76d199a" />
    <UnitTestResult executionId="cc6dac63-1746-46f7-acde-508b172ec0d7" testId="3b42eecc-b2ba-cd9b-562d-6ae84644885b" testName="FileHandler.Tests.Api.FilesApiTests.Export_Returns400_WhenUnicodeIsInvalid" computerName="TOFU" duration="00:00:00.0019388" startTime="2026-09-18T09:12:44.0309152+07:00" endTime="2026-09-18T09:12:44.0328732+07:00" testType="13cdc9d9-ddb5-4fa4-a97d-d965ccfc6d4b" outcome="Passed" testListId="8c84fa94-04c1-424b-9868-57a2d4851a1d" relativeResultsDirectory="cc6dac63-1746-46f7-acde-508b172ec0d7" />
    <UnitTestResult executionId="8d361fbd-6044-415e-b94b-275aee6f685b" testId="b774f495-0d72-dd9d-8cf5-1bd9ae7c0d60" testName="FileHandler.Tests.Modules.PlainText.PlainTextServiceTests.ObservesCancellationDuringExport(cancelAfter: 1)" computerName="TOFU" duration="00:00:00.0000885" startTime="2026-09-18T09:12:43.1116691+07:00" endTime="2026-09-18T09:12:43.1117843+07:00" testType="13cdc9d9-ddb5-4fa4-a97d-d965ccfc6d4b" outcome="Passed" testListId="8c84fa94-04c1-424b-9868-57a2d4851a1d" relativeResultsDirectory="8d361fbd-6044-415e-b94b-275aee6f685b" />
    <UnitTestResult executionId="6f9fc7b3-5851-4707-a748-557fc32aaaec" testId="dca02781-74cf-c1b0-4d61-810e295b8010" testName="FileHandler.Tests.Modules.Markdown.MarkdownProfileTests.FullProfileFixtureHasDeterministicIdentityRoundTrip" computerName="TOFU" duration="00:00:00.0347504" startTime="2026-09-18T09:12:43.0110238+07:00" endTime="2026-09-18T09:12:43.0470070+07:00" testType="13cdc9d9-ddb5-4fa4-a97d-d965ccfc6d4b" outcome="Passed" testListId="8c84fa94-04c1-424b-9868-57a2d4851a1d" relativeResultsDirectory="6f9fc7b3-5851-4707-a748-557fc32aaaec" />
    <UnitTestResult executionId="6a555c14-ad83-4573-aa73-427dcd84ba6c" testId="7ca9eab3-30af-23e0-e3fd-8c38283a0c3d" testName="FileHandler.Tests.Modules.PlainText.PlainTextServiceTests.RejectsInvalidTranslationsWithLocations(translation: &quot; \t &quot;, code: &quot;empty_translation&quot;)" computerName="TOFU" duration="00:00:00.0016800" startTime="2026-09-18T09:12:43.1140800+07:00" endTime="2026-09-18T09:12:43.1158026+07:00" testType="13cdc9d9-ddb5-4fa4-a97d-d965ccfc6d4b" outcome="Passed" testListId="8c84fa94-04c1-424b-9868-57a2d4851a1d" relativeResultsDirectory="6a555c14-ad83-4573-aa73-427dcd84ba6c" />
    <UnitTestResult executionId="35fa1e2c-3c30-4bda-b05f-be2baf0e457b" testId="e953c4eb-5a5a-cac3-7baf-b5c86e0f1394" testName="FileHandler.Tests.Api.FilesApiTests.SelectsHandlerByExtension(name: &quot;guide.TXT&quot;, expected: &quot;# Hello&quot;)" computerName="TOFU" duration="00:00:00.0021574" startTime="2026-09-18T09:12:43.7126446+07:00" endTime="2026-09-18T09:12:43.7148252+07:00" testType="13cdc9d9-ddb5-4fa4-a97d-d965ccfc6d4b" outcome="Passed" testListId="8c84fa94-04c1-424b-9868-57a2d4851a1d" relativeResultsDirectory="35fa1e2c-3c30-4bda-b05f-be2baf0e457b" />
    <UnitTestResult executionId="cb313eca-c0f3-43a7-93fb-1f2c272bb229" testId="ba54e486-ba25-28f4-b5c0-10a83d331d23" testName="FileHandler.Tests.Api.FilesControllerTests.Export_RejectsInvalidJsonContract(json: null, code: &quot;missing_translated_texts&quot;)" computerName="TOFU" duration="00:00:00.0009514" startTime="2026-09-18T09:12:43.0607790+07:00" endTime="2026-09-18T09:12:43.0617636+07:00" testType="13cdc9d9-ddb5-4fa4-a97d-d965ccfc6d4b" outcome="Passed" testListId="8c84fa94-04c1-424b-9868-57a2d4851a1d" relativeResultsDirectory="cb313eca-c0f3-43a7-93fb-1f2c272bb229" />
    <UnitTestResult executionId="ec568341-007b-4322-89ae-477cade0cbe2" testId="5e75aa97-80c1-7b78-fda6-039aec850501" testName="FileHandler.Tests.Modules.PlainText.PlainTextSegmenterTests.HandlesMixedEndingsAndUnicodeWhitespace" computerName="TOFU" duration="00:00:00.0010874" startTime="2026-09-18T09:12:43.0253504+07:00" endTime="2026-09-18T09:12:43.0264675+07:00" testType="13cdc9d9-ddb5-4fa4-a97d-d965ccfc6d4b" outcome="Passed" testListId="8c84fa94-04c1-424b-9868-57a2d4851a1d" relativeResultsDirectory="ec568341-007b-4322-89ae-477cade0cbe2" />
    <UnitTestResult executionId="a9c6a692-afab-4566-8d38-f4b795f9bcb2" testId="48d76bfe-e6c6-de5a-0427-13129585cfa2" testName="FileHandler.Tests.Modules.Office.OfficeTraceAndApiTests.Export_WordDocument_ReturnsTranslatedFile" computerName="TOFU" duration="00:00:00.0185602" startTime="2026-09-18T09:12:43.2335105+07:00" endTime="2026-09-18T09:12:43.2521156+07:00" testType="13cdc9d9-ddb5-4fa4-a97d-d965ccfc6d4b" outcome="Passed" testListId="8c84fa94-04c1-424b-9868-57a2d4851a1d" relativeResultsDirectory="a9c6a692-afab-4566-8d38-f4b795f9bcb2" />
    <UnitTestResult executionId="8e479537-aacb-4c22-bf17-b69bb8768cf7" testId="79b97a16-4d0c-7d4a-2ca6-747dbda5ad9e" testName="FileHandler.Tests.Modules.Markdown.MarkdownServiceTests.Export_PreservesHardBreak_SpacesAndBackslash_WithCrlfAndLf(source: &quot;One  \r\nTwo&quot;, expected: &quot;Mot  \r\nHai&quot;)" computerName="TOFU" duration="00:00:00.0024749" startTime="2026-09-18T09:12:43.1932656+07:00" endTime="2026-09-18T09:12:43.1957752+07:00" testType="13cdc9d9-ddb5-4fa4-a97d-d965ccfc6d4b" outcome="Passed" testListId="8c84fa94-04c1-424b-9868-57a2d4851a1d" relativeResultsDirectory="8e479537-aacb-4c22-bf17-b69bb8768cf7" />
    <UnitTestResult executionId="0407d88d-0265-4a36-933b-9fcf98417a2d" testId="aafcaca7-3884-a404-3359-1457676e64b4" testName="FileHandler.Tests.Diagnostics.TraceSessionTests.TraceItem_NestsChildCallsAndRestoresParent" computerName="TOFU" duration="00:00:00.0116592" startTime="2026-09-18T09:12:43.1257202+07:00" endTime="2026-09-18T09:12:43.1374110+07:00" testType="13cdc9d9-ddb5-4fa4-a97d-d965ccfc6d4b" outcome="Passed" testListId="8c84fa94-04c1-424b-9868-57a2d4851a1d" relativeResultsDirectory="0407d88d-0265-4a36-933b-9fcf98417a2d" />
    <UnitTestResult executionId="0eeb2141-a809-4119-9321-ab2ae747391b" testId="359c6284-3295-e9f9-6066-bf7f67202983" testName="FileHandler.Tests.Modules.Office.OfficePackageReaderAndValidatorTests.ReadAsync_MissingContentTypes_ReturnsOfficePackageCorrupt" computerName="TOFU" duration="00:00:00.0080057" startTime="2026-09-18T09:12:43.2070089+07:00" endTime="2026-09-18T09:12:43.2150428+07:00" testType="13cdc9d9-ddb5-4fa4-a97d-d965ccfc6d4b" outcome="Passed" testListId="8c84fa94-04c1-424b-9868-57a2d4851a1d" relativeResultsDirectory="0eeb2141-a809-4119-9321-ab2ae747391b" />
    <UnitTestResult executionId="f7d3feda-39bf-4c3d-881c-ae74537cc11d" testId="28cc37a8-d488-a45b-794e-33c6e60677e1" testName="FileHandler.Tests.Api.DebugTraceTests.CancellationAndLimitsProduceClosedSafeJson" computerName="TOFU" duration="00:00:00.0110871" startTime="2026-09-18T09:12:43.9829071+07:00" endTime="2026-09-18T09:12:43.9940309+07:00" testType="13cdc9d9-ddb5-4fa4-a97d-d965ccfc6d4b" outcome="Passed" testListId="8c84fa94-04c1-424b-9868-57a2d4851a1d" relativeResultsDirectory="f7d3feda-39bf-4c3d-881c-ae74537cc11d" />
    <UnitTestResult executionId="732fcb4f-14f0-4de8-88ef-c7ffbd97be9e" testId="080b5f81-8146-701a-f162-8d3f16feb009" testName="FileHandler.Tests.Diagnostics.DebugTraceMiddlewareTests.InvokeAsync_LogsAndRethrowsOriginalException" computerName="TOFU" duration="00:00:00.0128682" startTime="2026-09-18T09:12:43.1413908+07:00" endTime="2026-09-18T09:12:43.1542947+07:00" testType="13cdc9d9-ddb5-4fa4-a97d-d965ccfc6d4b" outcome="Passed" testListId="8c84fa94-04c1-424b-9868-57a2d4851a1d" relativeResultsDirectory="732fcb4f-14f0-4de8-88ef-c7ffbd97be9e" />
    <UnitTestResult executionId="d7fcfce6-258d-4388-8ce5-41917adc280e" testId="59e0280d-1a00-1724-0256-4d91041e2451" testName="FileHandler.Tests.Modules.PlainText.PlainTextServiceTests.RejectsInvalidTranslationsWithLocations(translation: &quot;&quot;, code: &quot;empty_translation&quot;)" computerName="TOFU" duration="00:00:00.0003089" startTime="2026-09-18T09:12:43.1160969+07:00" endTime="2026-09-18T09:12:43.1164429+07:00" testType="13cdc9d9-ddb5-4fa4-a97d-d965ccfc6d4b" outcome="Passed" testListId="8c84fa94-04c1-424b-9868-57a2d4851a1d" relativeResultsDirectory="d7fcfce6-258d-4388-8ce5-41917adc280e" />
    <UnitTestResult executionId="65bb012f-1c64-4a70-9171-ee656284e56b" testId="40bfac6f-ccc6-fe2e-cf55-b243c6cabe53" testName="FileHandler.Tests.Modules.Markdown.MarkdownExtractorTests.Extract_SkipsNonTranslatableContent(text: &quot;&quot;)" computerName="TOFU" duration="00:00:00.3858653" startTime="2026-09-18T09:12:42.5117630+07:00" endTime="2026-09-18T09:12:42.9015024+07:00" testType="13cdc9d9-ddb5-4fa4-a97d-d965ccfc6d4b" outcome="Passed" testListId="8c84fa94-04c1-424b-9868-57a2d4851a1d" relativeResultsDirectory="65bb012f-1c64-4a70-9171-ee656284e56b" />
    <UnitTestResult executionId="971c90cd-8963-4cec-8dc3-8ad91b4599d4" testId="5ba9189e-69b4-8eeb-cab1-3a8b5541d4f5" testName="FileHandler.Tests.Modules.Office.OfficePackageReaderAndValidatorTests.ReadAsync_ValidExcelWorkbook_SucceedsWithSource" computerName="TOFU" duration="00:00:00.0019838" startTime="2026-09-18T09:12:43.2046952+07:00" endTime="2026-09-18T09:12:43.2067049+07:00" testType="13cdc9d9-ddb5-4fa4-a97d-d965ccfc6d4b" outcome="Passed" testListId="8c84fa94-04c1-424b-9868-57a2d4851a1d" relativeResultsDirectory="971c90cd-8963-4cec-8dc3-8ad91b4599d4" />
    <UnitTestResult executionId="df725458-633a-4b4f-a00d-96890bd95942" testId="a958ade5-748c-3ba0-f9c9-4b9f65a41e36" testName="FileHandler.Tests.Modules.Markdown.MarkdownProfileTests.PreservesQuotePrefixAcrossTranslatedSoftBreak" computerName="TOFU" duration="00:00:00.0015368" startTime="2026-09-18T09:12:43.0502571+07:00" endTime="2026-09-18T09:12:43.0518216+07:00" testType="13cdc9d9-ddb5-4fa4-a97d-d965ccfc6d4b" outcome="Passed" testListId="8c84fa94-04c1-424b-9868-57a2d4851a1d" relativeResultsDirectory="df725458-633a-4b4f-a00d-96890bd95942" />
    <UnitTestResult executionId="63d94866-27dc-40b1-8123-7453ab303847" testId="5f73c565-b3d4-4fe3-9926-84d92d2354d3" testName="FileHandler.Tests.Modules.Markdown.MarkdownTranslationApplierTests.Apply_RejectsMissingSoftBreakTokens(translation: &quot;a\nb&quot;)" computerName="TOFU" duration="00:00:00.0001558" startTime="2026-09-18T09:12:43.0878592+07:00" endTime="2026-09-18T09:12:43.0880423+07:00" testType="13cdc9d9-ddb5-4fa4-a97d-d965ccfc6d4b" outcome="Passed" testListId="8c84fa94-04c1-424b-9868-57a2d4851a1d" relativeResultsDirectory="63d94866-27dc-40b1-8123-7453ab303847" />
    <UnitTestResult executionId="a9c3795d-c864-4032-9d3f-d29e0d3c00e5" testId="96241b07-808a-a26d-a342-3f5bf8a1bc78" testName="FileHandler.Tests.Api.DebugTraceTests.CaptureContent_WhenFalse_RedactsExceptionMessages" computerName="TOFU" duration="00:00:00.0188339" startTime="2026-09-18T09:12:43.9400572+07:00" endTime="2026-09-18T09:12:43.9589342+07:00" testType="13cdc9d9-ddb5-4fa4-a97d-d965ccfc6d4b" outcome="Passed" testListId="8c84fa94-04c1-424b-9868-57a2d4851a1d" relativeResultsDirectory="a9c3795d-c864-4032-9d3f-d29e0d3c00e5" />
    <UnitTestResult executionId="88acc367-7be3-47ab-a942-4df529fe1ed1" testId="51aa5cea-f764-7437-a5a0-47ebccf9b745" testName="FileHandler.Tests.Api.FilesApiTests.PlainTextResourceLimitsReturn413(limit: &quot;translation&quot;, expected: &quot;translation_too_long&quot;)" computerName="TOFU" duration="00:00:00.0187068" startTime="2026-09-18T09:12:43.9253384+07:00" endTime="2026-09-18T09:12:43.9440792+07:00" testType="13cdc9d9-ddb5-4fa4-a97d-d965ccfc6d4b" outcome="Passed" testListId="8c84fa94-04c1-424b-9868-57a2d4851a1d" relativeResultsDirectory="88acc367-7be3-47ab-a942-4df529fe1ed1" />
    <UnitTestResult executionId="4386f717-5b3c-4fc1-951d-5813a2aabc92" testId="0eddcfc5-94ff-095e-aad8-7569634ac83e" testName="FileHandler.Tests.Modules.PlainText.PlainTextServiceTests.RejectsCountMismatch(count: 2)" computerName="TOFU" duration="00:00:00.0012856" startTime="2026-09-18T09:12:43.1186637+07:00" endTime="2026-09-18T09:12:43.1199808+07:00" testType="13cdc9d9-ddb5-4fa4-a97d-d965ccfc6d4b" outcome="Passed" testListId="8c84fa94-04c1-424b-9868-57a2d4851a1d" relativeResultsDirectory="4386f717-5b3c-4fc1-951d-5813a2aabc92" />
    <UnitTestResult executionId="ae96f411-af1b-4b64-8a49-fe1c80ef3d79" testId="ac4e380c-11b2-5b7f-ebe8-6dcdd74a9477" testName="FileHandler.Tests.Modules.Markdown.MarkdownPrimitiveTests.MarkerDelimiters_ParseAsMatchingPair(id: 2147483647)" computerName="TOFU" duration="00:00:00.0077899" startTime="2026-09-18T09:12:42.9770043+07:00" endTime="2026-09-18T09:12:42.9848221+07:00" testType="13cdc9d9-ddb5-4fa4-a97d-d965ccfc6d4b" outcome="Passed" testListId="8c84fa94-04c1-424b-9868-57a2d4851a1d" relativeResultsDirectory="ae96f411-af1b-4b64-8a49-fe1c80ef3d79" />
    <UnitTestResult executionId="46f8a45b-ebfa-479f-90ea-4ed6c179fc05" testId="b26c6fea-c967-3edc-cf6b-9e38451aa13e" testName="FileHandler.Tests.Modules.Excel.ExcelModuleTests.E01_InlineStringCells_ExtractsAndTranslates" computerName="TOFU" duration="00:00:00.0307324" startTime="2026-09-18T09:12:43.2674535+07:00" endTime="2026-09-18T09:12:43.2982256+07:00" testType="13cdc9d9-ddb5-4fa4-a97d-d965ccfc6d4b" outcome="Passed" testListId="8c84fa94-04c1-424b-9868-57a2d4851a1d" relativeResultsDirectory="46f8a45b-ebfa-479f-90ea-4ed6c179fc05" />
    <UnitTestResult executionId="ddaa0f41-a09e-4bca-a02c-154d0e648f13" testId="abb5ed7a-a8fe-6bd5-d0c0-6d609f8abe8f" testName="FileHandler.Tests.Modules.Markdown.MarkdownPrimitiveTests.BuildLineMap_RecordsEveryLineStart(text: &quot;\n\n&quot;, expected: [0, 1, 2])" computerName="TOFU" duration="00:00:00.3018592" startTime="2026-09-18T09:12:42.5117714+07:00" endTime="2026-09-18T09:12:42.8226017+07:00" testType="13cdc9d9-ddb5-4fa4-a97d-d965ccfc6d4b" outcome="Passed" testListId="8c84fa94-04c1-424b-9868-57a2d4851a1d" relativeResultsDirectory="ddaa0f41-a09e-4bca-a02c-154d0e648f13" />
    <UnitTestResult executionId="bddcc551-a0e6-4336-bfa2-794dd77728ad" testId="34339ba6-393a-c624-9a62-d7093ca69d48" testName="FileHandler.Tests.Modules.Office.OfficeReviewRegressionTests.Excel_RichSecondSlot_PreservesRuns(shared: False)" computerName="TOFU" duration="00:00:00.1666617" startTime="2026-09-18T09:12:43.0683530+07:00" endTime="2026-09-18T09:12:43.2350590+07:00" testType="13cdc9d9-ddb5-4fa4-a97d-d965ccfc6d4b" outcome="Passed" testListId="8c84fa94-04c1-424b-9868-57a2d4851a1d" relativeResultsDirectory="bddcc551-a0e6-4336-bfa2-794dd77728ad" />
    <UnitTestResult executionId="84e3d682-5f11-4787-af31-81d20c0551de" testId="a0806af5-ce57-3f41-0e87-27f5f4405d4b" testName="FileHandler.Tests.Api.FilesControllerTests.Export_AcceptsJsonWithCommentsAndRawNewlines" computerName="TOFU" duration="00:00:00.0049866" startTime="2026-09-18T09:12:43.0733602+07:00" endTime="2026-09-18T09:12:43.0783879+07:00" testType="13cdc9d9-ddb5-4fa4-a97d-d965ccfc6d4b" outcome="Passed" testListId="8c84fa94-04c1-424b-9868-57a2d4851a1d" relativeResultsDirectory="84e3d682-5f11-4787-af31-81d20c0551de" />
    <UnitTestResult executionId="066ba358-209b-412f-9b27-811c824e5efc" testId="685d6313-7f16-9faf-f245-6cb5c58a746a" testName="FileHandler.Tests.Api.FilesApiTests.RejectsBadJsonAndExtensionWithArrayErrors" computerName="TOFU" duration="00:00:00.0028539" startTime="2026-09-18T09:12:44.0475834+07:00" endTime="2026-09-18T09:12:44.0504662+07:00" testType="13cdc9d9-ddb5-4fa4-a97d-d965ccfc6d4b" outcome="Passed" testListId="8c84fa94-04c1-424b-9868-57a2d4851a1d" relativeResultsDirectory="066ba358-209b-412f-9b27-811c824e5efc" />
    <UnitTestResult executionId="1d7a02ec-09a8-4c26-994c-b853c160f981" testId="40dd7cf3-945b-aab8-66de-64efaeed169f" testName="FileHandler.Tests.Common.FileTypeDetectorTests.RejectsOtherNames(name: &quot;&quot;)" computerName="TOFU" duration="00:00:00.0000206" startTime="2026-09-18T09:12:43.1390749+07:00" endTime="2026-09-18T09:12:43.1391255+07:00" testType="13cdc9d9-ddb5-4fa4-a97d-d965ccfc6d4b" outcome="Passed" testListId="8c84fa94-04c1-424b-9868-57a2d4851a1d" relativeResultsDirectory="1d7a02ec-09a8-4c26-994c-b853c160f981" />
    <UnitTestResult executionId="0982110b-fe41-4eb4-9013-704f3ebcc884" testId="4ad0dd35-20f6-6c91-0620-67e22df07c4a" testName="FileHandler.Tests.Modules.Office.OfficePackageReaderAndValidatorTests.Inspect_ValidWordDocument_CollectsPartsAndRelationships" computerName="TOFU" duration="00:00:00.0018621" startTime="2026-09-18T09:12:43.1950357+07:00" endTime="2026-09-18T09:12:43.1969322+07:00" testType="13cdc9d9-ddb5-4fa4-a97d-d965ccfc6d4b" outcome="Passed" testListId="8c84fa94-04c1-424b-9868-57a2d4851a1d" relativeResultsDirectory="0982110b-fe41-4eb4-9013-704f3ebcc884" />
    <UnitTestResult executionId="28194bbc-6ebe-4d68-ab3d-60eec0a2d7d2" testId="bf18d36b-9fff-63bc-df85-069b1fe8285e" testName="FileHandler.Tests.Api.DebugControllerTests.Viewer_ReturnsHtmlContent" computerName="TOFU" duration="00:00:00.0326954" startTime="2026-09-18T09:12:44.1214260+07:00" endTime="2026-09-18T09:12:44.1541565+07:00" testType="13cdc9d9-ddb5-4fa4-a97d-d965ccfc6d4b" outcome="Passed" testListId="8c84fa94-04c1-424b-9868-57a2d4851a1d" relativeResultsDirectory="28194bbc-6ebe-4d68-ab3d-60eec0a2d7d2" />
    <UnitTestResult executionId="c6a59b8f-55c5-45fe-b045-9a0b5d32e06c" testId="32366ec2-ffc8-f913-2136-90522051d49e" testName="FileHandler.Tests.Modules.PlainText.PlainTextServiceTests.ConcurrentRequestsRemainIsolated" computerName="TOFU" duration="00:00:00.0555123" startTime="2026-09-18T09:12:43.1426504+07:00" endTime="2026-09-18T09:12:43.1981944+07:00" testType="13cdc9d9-ddb5-4fa4-a97d-d965ccfc6d4b" outcome="Passed" testListId="8c84fa94-04c1-424b-9868-57a2d4851a1d" relativeResultsDirectory="c6a59b8f-55c5-45fe-b045-9a0b5d32e06c" />
    <UnitTestResult executionId="5167a1fc-0a0e-4a3b-ba92-868145be9acc" testId="9c3e83c2-9573-0665-27cf-699710169095" testName="FileHandler.Tests.Modules.Markdown.MarkdownUnifiedTokenTests.InvalidWireTokensReturnNoOutput(translation: &quot;&lt;ox:r0&gt;\\q&lt;/ox:r0&gt;&lt;ox:r1&gt;B&lt;/ox:r1&gt;&quot;, code: &quot;invalid_marker_syntax&quot;)" computerName="TOFU" duration="00:00:00.4501847" startTime="2026-09-18T09:12:42.5117865+07:00" endTime="2026-09-18T09:12:42.9689127+07:00" testType="13cdc9d9-ddb5-4fa4-a97d-d965ccfc6d4b" outcome="Passed" testListId="8c84fa94-04c1-424b-9868-57a2d4851a1d" relativeResultsDirectory="5167a1fc-0a0e-4a3b-ba92-868145be9acc" />
    <UnitTestResult executionId="0fbc17e9-b0be-45b9-b21c-2eaa846ae125" testId="a161cc91-f800-1a1e-9ab5-62f1713d1802" testName="FileHandler.Tests.Modules.Markdown.MarkdownSourceReaderTests.PreservesBomAndMixedLines" computerName="TOFU" duration="00:00:00.0007590" startTime="2026-09-18T09:12:43.0818709+07:00" endTime="2026-09-18T09:12:43.0826709+07:00" testType="13cdc9d9-ddb5-4fa4-a97d-d965ccfc6d4b" outcome="Passed" testListId="8c84fa94-04c1-424b-9868-57a2d4851a1d" relativeResultsDirectory="0fbc17e9-b0be-45b9-b21c-2eaa846ae125" />
    <UnitTestResult executionId="2bc5c52d-aea8-47c2-bd71-3fa4b1c8a2d7" testId="32474e8d-8a4e-8ee5-d0b3-590bffee69fd" testName="FileHandler.Tests.Modules.Markdown.MarkdownServiceTests.Export_PreservesLiteralHtmlEntitiesAndNumberedLists(translation: &quot;1. Bonjour&quot;, expectedHtmlSubstring: &quot;&lt;p&gt;1. Bonjour&lt;/p&gt;&quot;)" computerName="TOFU" duration="00:00:00.0010973" startTime="2026-09-18T09:12:43.2169279+07:00" endTime="2026-09-18T09:12:43.2180560+07:00" testType="13cdc9d9-ddb5-4fa4-a97d-d965ccfc6d4b" outcome="Passed" testListId="8c84fa94-04c1-424b-9868-57a2d4851a1d" relativeResultsDirectory="2bc5c52d-aea8-47c2-bd71-3fa4b1c8a2d7" />
    <UnitTestResult executionId="c2ccd694-ee38-4fd9-9c26-3f1b434b90de" testId="26931c1d-9548-ad7b-d3bd-3ff1f82a5eba" testName="FileHandler.Tests.Modules.Word.WordModuleTests.W14_TranslationCountMismatch_ReturnsError" computerName="TOFU" duration="00:00:00.6762615" startTime="2026-09-18T09:12:42.5117537+07:00" endTime="2026-09-18T09:12:43.1950598+07:00" testType="13cdc9d9-ddb5-4fa4-a97d-d965ccfc6d4b" outcome="Passed" testListId="8c84fa94-04c1-424b-9868-57a2d4851a1d" relativeResultsDirectory="c2ccd694-ee38-4fd9-9c26-3f1b434b90de" />
    <UnitTestResult executionId="ff32492e-d5c7-40fb-99fc-966af47bdee3" testId="9d8f9729-62ea-209b-6851-d55dd50b39b4" testName="FileHandler.Tests.Modules.Markdown.MarkdownUnifiedTokenTests.AnchorsAndRunIdsAreScopedToEachUnit" computerName="TOFU" duration="00:00:00.0044160" startTime="2026-09-18T09:12:43.0046613+07:00" endTime="2026-09-18T09:12:43.0091090+07:00" testType="13cdc9d9-ddb5-4fa4-a97d-d965ccfc6d4b" outcome="Passed" testListId="8c84fa94-04c1-424b-9868-57a2d4851a1d" relativeResultsDirectory="ff32492e-d5c7-40fb-99fc-966af47bdee3" />
    <UnitTestResult executionId="b349b165-1059-4140-9209-0fe96dfac4ad" testId="fbab741d-8d87-11cc-b970-68727f34f56f" testName="FileHandler.Tests.Api.FilesControllerTests.Export_RejectsInvalidJsonContract(json: &quot;[1]&quot;, code: &quot;invalid_translated_texts&quot;)" computerName="TOFU" duration="00:00:00.0002371" startTime="2026-09-18T09:12:43.0602993+07:00" endTime="2026-09-18T09:12:43.0605593+07:00" testType="13cdc9d9-ddb5-4fa4-a97d-d965ccfc6d4b" outcome="Passed" testListId="8c84fa94-04c1-424b-9868-57a2d4851a1d" relativeResultsDirectory="b349b165-1059-4140-9209-0fe96dfac4ad" />
    <UnitTestResult executionId="6d2a11b8-a1e3-40c4-be39-bd8c37832d76" testId="90d3dfb0-c871-1b17-c982-80aeb2ba8614" testName="FileHandler.Tests.Modules.Markdown.MarkdownPrimitiveTests.BuildLineMap_RecordsEveryLineStart(text: &quot;a\r\nb\nc\rd&quot;, expected: [0, 3, 5, 7])" computerName="TOFU" duration="00:00:00.0004516" startTime="2026-09-18T09:12:42.8284520+07:00" endTime="2026-09-18T09:12:42.8289592+07:00" testType="13cdc9d9-ddb5-4fa4-a97d-d965ccfc6d4b" outcome="Passed" testListId="8c84fa94-04c1-424b-9868-57a2d4851a1d" relativeResultsDirectory="6d2a11b8-a1e3-40c4-be39-bd8c37832d76" />
    <UnitTestResult executionId="8349e2a8-7a3d-4f97-ab5b-d1f90081255d" testId="32814c2b-200c-4c35-a4d8-7a1734bde2ee" testName="FileHandler.Tests.Modules.Word.WordModuleTests.W01_SimpleTable_ExtractsAndTranslatesCells" computerName="TOFU" duration="00:00:00.0168904" startTime="2026-09-18T09:12:43.3495766+07:00" endTime="2026-09-18T09:12:43.3664999+07:00" testType="13cdc9d9-ddb5-4fa4-a97d-d965ccfc6d4b" outcome="Passed" testListId="8c84fa94-04c1-424b-9868-57a2d4851a1d" relativeResultsDirectory="8349e2a8-7a3d-4f97-ab5b-d1f90081255d" />
    <UnitTestResult executionId="8cebe0a1-990a-4b29-8c0d-5e5095ef3c27" testId="4430e0e2-1f53-5801-74fd-93a0f3775114" testName="FileHandler.Tests.Diagnostics.TraceStatePlacementTests.MarkdownFormatting_RecordsTokensBeforeAndAfterNormalization" computerName="TOFU" duration="00:00:00.0147240" startTime="2026-09-18T09:12:43.3410507+07:00" endTime="2026-09-18T09:12:43.3558090+07:00" testType="13cdc9d9-ddb5-4fa4-a97d-d965ccfc6d4b" outcome="Passed" testListId="8c84fa94-04c1-424b-9868-57a2d4851a1d" relativeResultsDirectory="8cebe0a1-990a-4b29-8c0d-5e5095ef3c27" />
    <UnitTestResult executionId="089a9b4e-aa8e-4769-9eb9-f54b10d6d0fc" testId="184876ed-d8d0-0f84-a231-bbc69e10a8d4" testName="FileHandler.Tests.Api.DebugControllerTests.Toggle_UpdatesRuntimeDebugEnablement" computerName="TOFU" duration="00:00:00.0299071" startTime="2026-09-18T09:12:44.0754434+07:00" endTime="2026-09-18T09:12:44.1053845+07:00" testType="13cdc9d9-ddb5-4fa4-a97d-d965ccfc6d4b" outcome="Passed" testListId="8c84fa94-04c1-424b-9868-57a2d4851a1d" relativeResultsDirectory="089a9b4e-aa8e-4769-9eb9-f54b10d6d0fc" />
    <UnitTestResult executionId="772d4b57-d30c-4c23-95cd-67cc799aa302" testId="f551d21d-3fb6-b8d4-751e-125fc3c1dac7" testName="FileHandler.Tests.Modules.Markdown.MarkdownServiceTests.IdentityIsBytePerfectWithBomAndCrLf" computerName="TOFU" duration="00:00:00.0013512" startTime="2026-09-18T09:12:43.1788669+07:00" endTime="2026-09-18T09:12:43.1802532+07:00" testType="13cdc9d9-ddb5-4fa4-a97d-d965ccfc6d4b" outcome="Passed" testListId="8c84fa94-04c1-424b-9868-57a2d4851a1d" relativeResultsDirectory="772d4b57-d30c-4c23-95cd-67cc799aa302" />
    <UnitTestResult executionId="24a3c034-6706-4f56-acdd-308874101492" testId="210808ca-cec9-f0fb-d34f-1d46152aa3ea" testName="FileHandler.Tests.Api.FilesApiTests.SelectsHandlerByExtension(name: &quot;guide.md&quot;, expected: &quot;Hello&quot;)" computerName="TOFU" duration="00:00:00.7206031" startTime="2026-09-18T09:12:42.9884278+07:00" endTime="2026-09-18T09:12:43.7090688+07:00" testType="13cdc9d9-ddb5-4fa4-a97d-d965ccfc6d4b" outcome="Passed" testListId="8c84fa94-04c1-424b-9868-57a2d4851a1d" relativeResultsDirectory="24a3c034-6706-4f56-acdd-308874101492" />
    <UnitTestResult executionId="5ae8bd6f-710e-4cff-a4d9-eab9026fecb5" testId="f619eec4-39e1-7d4b-b001-8edc9a52d52a" testName="FileHandler.Tests.Modules.Markdown.MarkdownTranslationApplierTests.Apply_PropagatesCancellation" computerName="TOFU" duration="00:00:00.0004710" startTime="2026-09-18T09:12:43.1077953+07:00" endTime="2026-09-18T09:12:43.1083005+07:00" testType="13cdc9d9-ddb5-4fa4-a97d-d965ccfc6d4b" outcome="Passed" testListId="8c84fa94-04c1-424b-9868-57a2d4851a1d" relativeResultsDirectory="5ae8bd6f-710e-4cff-a4d9-eab9026fecb5" />
    <UnitTestResult executionId="a2396c47-c6a6-42ea-8eb2-77d3b8c76a4e" testId="ca291bec-5503-d519-00d0-e757bc32cad6" testName="FileHandler.Tests.Api.FilesApiTests.PlainTextUsesExistingJsonAndErrorContracts(json: &quot;[\&quot; \t\&quot;]&quot;, status: 400, expected: &quot;invalid_json&quot;)" computerName="TOFU" duration="00:00:00.0010674" startTime="2026-09-18T09:12:43.7370015+07:00" endTime="2026-09-18T09:12:43.7380946+07:00" testType="13cdc9d9-ddb5-4fa4-a97d-d965ccfc6d4b" outcome="Passed" testListId="8c84fa94-04c1-424b-9868-57a2d4851a1d" relativeResultsDirectory="a2396c47-c6a6-42ea-8eb2-77d3b8c76a4e" />
    <UnitTestResult executionId="76a5b00e-a885-443c-bc53-36071e1adcb8" testId="910292cf-307a-1798-c5a4-c8fe66619e17" testName="FileHandler.Tests.Modules.PlainText.PlainTextServiceTests.PropagatesSourceErrors(sizeLimit: False)" computerName="TOFU" duration="00:00:00.0013168" startTime="2026-09-18T09:12:43.1404013+07:00" endTime="2026-09-18T09:12:43.1417408+07:00" testType="13cdc9d9-ddb5-4fa4-a97d-d965ccfc6d4b" outcome="Passed" testListId="8c84fa94-04c1-424b-9868-57a2d4851a1d" relativeResultsDirectory="76a5b00e-a885-443c-bc53-36071e1adcb8" />
    <UnitTestResult executionId="a95af322-0852-4387-89e3-daf96cf959be" testId="fa692203-2698-2ed4-3d4e-b6e7026eff53" testName="FileHandler.Tests.Modules.Excel.ExcelModuleTests.E11_ModifyingSst_RemovesOptionalCountAndUniqueCount" computerName="TOFU" duration="00:00:00.0214205" startTime="2026-09-18T09:12:43.2456352+07:00" endTime="2026-09-18T09:12:43.2670898+07:00" testType="13cdc9d9-ddb5-4fa4-a97d-d965ccfc6d4b" outcome="Passed" testListId="8c84fa94-04c1-424b-9868-57a2d4851a1d" relativeResultsDirectory="a95af322-0852-4387-89e3-daf96cf959be" />
    <UnitTestResult executionId="5efaaf5c-d86f-4fb0-aedf-06677cbd15e2" testId="dc680dda-7b56-e55c-f5f7-4018ec2aee5a" testName="FileHandler.Tests.Diagnostics.TraceSessionTests.TraceCall_RecordsOneCompletionAndRestoresParent(kind: &quot;cancel&quot;)" computerName="TOFU" duration="00:00:00.0110601" startTime="2026-09-18T09:12:43.1467452+07:00" endTime="2026-09-18T09:12:43.1578476+07:00" testType="13cdc9d9-ddb5-4fa4-a97d-d965ccfc6d4b" outcome="Passed" testListId="8c84fa94-04c1-424b-9868-57a2d4851a1d" relativeResultsDirectory="5efaaf5c-d86f-4fb0-aedf-06677cbd15e2" />
    <UnitTestResult executionId="30187416-8042-4c88-a96c-ab4b0a76e64c" testId="0e8b47b9-b3c0-27b9-af54-f0b650304abf" testName="FileHandler.Tests.Modules.Markdown.MarkdownTranslationApplierTests.Apply_IdentityPreservesOriginalEscapes" computerName="TOFU" duration="00:00:00.0006122" startTime="2026-09-18T09:12:43.0928345+07:00" endTime="2026-09-18T09:12:43.0934776+07:00" testType="13cdc9d9-ddb5-4fa4-a97d-d965ccfc6d4b" outcome="Passed" testListId="8c84fa94-04c1-424b-9868-57a2d4851a1d" relativeResultsDirectory="30187416-8042-4c88-a96c-ab4b0a76e64c" />
    <UnitTestResult executionId="42de0766-7884-4ba4-b130-09a7f9439c57" testId="0fc08649-cb75-ed09-37ce-e77bf2731ead" testName="FileHandler.Tests.Diagnostics.TraceSessionTests.Flush_EnforcesSerializedByteLimit" computerName="TOFU" duration="00:00:00.1115199" startTime="2026-09-18T09:12:43.0066218+07:00" endTime="2026-09-18T09:12:43.1182009+07:00" testType="13cdc9d9-ddb5-4fa4-a97d-d965ccfc6d4b" outcome="Passed" testListId="8c84fa94-04c1-424b-9868-57a2d4851a1d" relativeResultsDirectory="42de0766-7884-4ba4-b130-09a7f9439c57" />
    <UnitTestResult executionId="69be74ed-7f70-4335-accc-430452145843" testId="1f0cf914-fb51-c849-41f7-a9102496549f" testName="FileHandler.Tests.Api.FilesApiTests.ExportAcceptsUploadedJsonFileForTranslations" computerName="TOFU" duration="00:00:00.0027190" startTime="2026-09-18T09:12:44.0279308+07:00" endTime="2026-09-18T09:12:44.0306722+07:00" testType="13cdc9d9-ddb5-4fa4-a97d-d965ccfc6d4b" outcome="Passed" testListId="8c84fa94-04c1-424b-9868-57a2d4851a1d" relativeResultsDirectory="69be74ed-7f70-4335-accc-430452145843" />
    <UnitTestResult executionId="c85a0059-5048-4ddc-9dda-230fff7b1d3d" testId="3f7fa056-d2a4-a8f0-32eb-60b8b608c464" testName="FileHandler.Tests.Modules.Markdown.MarkdownProfileTests.EnforcesUnitTranslationAndOutputLimits" computerName="TOFU" duration="00:00:00.0011965" startTime="2026-09-18T09:12:43.0543273+07:00" endTime="2026-09-18T09:12:43.0555491+07:00" testType="13cdc9d9-ddb5-4fa4-a97d-d965ccfc6d4b" outcome="Passed" testListId="8c84fa94-04c1-424b-9868-57a2d4851a1d" relativeResultsDirectory="c85a0059-5048-4ddc-9dda-230fff7b1d3d" />
    <UnitTestResult executionId="4a4bfc5d-5605-4afb-81e6-2e6dd8dab141" testId="66d18db1-7809-b80a-71ce-b815931d4d9b" testName="FileHandler.Tests.Modules.Markdown.MarkdownServiceBoundaryTests.ImportAndExport_ReturnReadErrorsWithoutPartialResults(sizeLimit: False)" computerName="TOFU" duration="00:00:00.3835177" startTime="2026-09-18T09:12:42.5117663+07:00" endTime="2026-09-18T09:12:42.9021981+07:00" testType="13cdc9d9-ddb5-4fa4-a97d-d965ccfc6d4b" outcome="Passed" testListId="8c84fa94-04c1-424b-9868-57a2d4851a1d" relativeResultsDirectory="4a4bfc5d-5605-4afb-81e6-2e6dd8dab141" />
    <UnitTestResult executionId="c034313c-c366-40b7-8eab-16a5e5dc8e22" testId="a12c6002-18f9-dae5-a451-d8598606de24" testName="FileHandler.Tests.Modules.PlainText.PlainTextServiceTests.IdentityIsBytePerfect(text: &quot; \t\r\n\r\n &quot;)" computerName="TOFU" duration="00:00:00.0000769" startTime="2026-09-18T09:12:43.1248639+07:00" endTime="2026-09-18T09:12:43.1249612+07:00" testType="13cdc9d9-ddb5-4fa4-a97d-d965ccfc6d4b" outcome="Passed" testListId="8c84fa94-04c1-424b-9868-57a2d4851a1d" relativeResultsDirectory="c034313c-c366-40b7-8eab-16a5e5dc8e22" />
    <UnitTestResult executionId="afd0fe87-a682-49b5-869e-00973e99cef5" testId="a24cf5f9-41ed-7b62-db09-7fd7f52e924e" testName="FileHandler.Tests.Api.FilesApiTests.PlainTextRejectsInvalidEncoding(path: &quot;/import&quot;)" computerName="TOFU" duration="00:00:00.0030139" startTime="2026-09-18T09:12:44.0123152+07:00" endTime="2026-09-18T09:12:44.0153614+07:00" testType="13cdc9d9-ddb5-4fa4-a97d-d965ccfc6d4b" outcome="Passed" testListId="8c84fa94-04c1-424b-9868-57a2d4851a1d" relativeResultsDirectory="afd0fe87-a682-49b5-869e-00973e99cef5" />
    <UnitTestResult executionId="e34ef90a-a446-47b1-a342-dce571e87b99" testId="dafe0d87-1c14-564b-09ca-a3bd5aac9105" testName="FileHandler.Tests.Common.FileTypeDetectorTests.RejectsOtherNames(name: &quot;a.md.exe&quot;)" computerName="TOFU" duration="00:00:00.0000231" startTime="2026-09-18T09:12:43.1383053+07:00" endTime="2026-09-18T09:12:43.1383644+07:00" testType="13cdc9d9-ddb5-4fa4-a97d-d965ccfc6d4b" outcome="Passed" testListId="8c84fa94-04c1-424b-9868-57a2d4851a1d" relativeResultsDirectory="e34ef90a-a446-47b1-a342-dce571e87b99" />
    <UnitTestResult executionId="e71d52d9-47f9-4033-8617-5f1a45bf8382" testId="011838c3-c634-7eab-7725-93f0534caf1c" testName="FileHandler.Tests.Modules.Markdown.MarkdownTranslationApplierTests.Apply_AcceptsExactCharacterLimit" computerName="TOFU" duration="00:00:00.0003377" startTime="2026-09-18T09:12:43.1046315+07:00" endTime="2026-09-18T09:12:43.1050005+07:00" testType="13cdc9d9-ddb5-4fa4-a97d-d965ccfc6d4b" outcome="Passed" testListId="8c84fa94-04c1-424b-9868-57a2d4851a1d" relativeResultsDirectory="e71d52d9-47f9-4033-8617-5f1a45bf8382" />
    <UnitTestResult executionId="e68a8456-910c-4fb2-af0a-4398f459d8db" testId="3a118d30-0da0-3bfe-cc16-8748947c6cc1" testName="FileHandler.Tests.Modules.Markdown.MarkdownSourceReaderTests.EnforcesActualStreamLimit" computerName="TOFU" duration="00:00:00.0009320" startTime="2026-09-18T09:12:43.0830751+07:00" endTime="2026-09-18T09:12:43.0840425+07:00" testType="13cdc9d9-ddb5-4fa4-a97d-d965ccfc6d4b" outcome="Passed" testListId="8c84fa94-04c1-424b-9868-57a2d4851a1d" relativeResultsDirectory="e68a8456-910c-4fb2-af0a-4398f459d8db" />
    <UnitTestResult executionId="395e7550-87f9-4ed7-a316-1f800c6ec852" testId="23bf0730-6c1a-239d-efce-7dda177a43b8" testName="FileHandler.Tests.Modules.Markdown.MarkdownPrimitiveTests.Parse_PreservesMalformedMarkersAsText(text: &quot;&lt;keepme1/&quot;)" computerName="TOFU" duration="00:00:00.0043698" startTime="2026-09-18T09:12:42.9709977+07:00" endTime="2026-09-18T09:12:42.9753948+07:00" testType="13cdc9d9-ddb5-4fa4-a97d-d965ccfc6d4b" outcome="Passed" testListId="8c84fa94-04c1-424b-9868-57a2d4851a1d" relativeResultsDirectory="395e7550-87f9-4ed7-a316-1f800c6ec852" />
    <UnitTestResult executionId="7298b56a-b1d7-4256-a664-18cf98742146" testId="68708302-e4b2-157e-20ba-69cb8d26480e" testName="FileHandler.Tests.Common.Utf8TextReaderTests.ReadsChunkedNonSeekableSourceWithoutClosingIt(bom: False)" computerName="TOFU" duration="00:00:00.0003846" startTime="2026-09-18T09:12:42.9690764+07:00" endTime="2026-09-18T09:12:42.9694813+07:00" testType="13cdc9d9-ddb5-4fa4-a97d-d965ccfc6d4b" outcome="Passed" testListId="8c84fa94-04c1-424b-9868-57a2d4851a1d" relativeResultsDirectory="7298b56a-b1d7-4256-a664-18cf98742146" />
    <UnitTestResult executionId="07e2c316-cbc8-4bed-98f7-78d5ad48216e" testId="a7e200ab-d4a1-2471-e033-f9fbca85c007" testName="FileHandler.Tests.Api.FilesApiTests.Import_Returns415_WhenNotMultipart" computerName="TOFU" duration="00:00:00.0039537" startTime="2026-09-18T09:12:43.7412335+07:00" endTime="2026-09-18T09:12:43.7452177+07:00" testType="13cdc9d9-ddb5-4fa4-a97d-d965ccfc6d4b" outcome="Passed" testListId="8c84fa94-04c1-424b-9868-57a2d4851a1d" relativeResultsDirectory="07e2c316-cbc8-4bed-98f7-78d5ad48216e" />
    <UnitTestResult executionId="92ce8c48-5a79-4be1-80bc-4897a49e83b7" testId="ad988520-93f5-41f8-274b-ec07e0056c7e" testName="FileHandler.Tests.Api.FilesApiTests.PlainTextExportReturnsExactAttachment(uploadJson: False)" computerName="TOFU" duration="00:00:00.0026582" startTime="2026-09-18T09:12:44.0172757+07:00" endTime="2026-09-18T09:12:44.0199576+07:00" testType="13cdc9d9-ddb5-4fa4-a97d-d965ccfc6d4b" outcome="Passed" testListId="8c84fa94-04c1-424b-9868-57a2d4851a1d" relativeResultsDirectory="92ce8c48-5a79-4be1-80bc-4897a49e83b7" />
    <UnitTestResult executionId="950339f3-56ec-4389-9e18-9790c10aa5ba" testId="0a53a202-981f-7e57-eb5b-a69c67803bd2" testName="FileHandler.Tests.Common.FileTypeDetectorTests.PreservesOriginalAttachmentName(source: &quot;../Report.TXT&quot;, expected: &quot;Report.TXT&quot;)" computerName="TOFU" duration="00:00:00.0002646" startTime="2026-09-18T09:12:43.1234535+07:00" endTime="2026-09-18T09:12:43.1237494+07:00" testType="13cdc9d9-ddb5-4fa4-a97d-d965ccfc6d4b" outcome="Passed" testListId="8c84fa94-04c1-424b-9868-57a2d4851a1d" relativeResultsDirectory="950339f3-56ec-4389-9e18-9790c10aa5ba" />
    <UnitTestResult executionId="91c90ea4-6b3b-4185-9193-f30d7c32382e" testId="8d6f2e94-6ad7-8de6-f9cb-e18411c2f0f9" testName="FileHandler.Tests.Api.FilesControllerTests.Export_RejectsInvalidJsonContract(json: &quot;{}&quot;, code: &quot;invalid_translated_texts&quot;)" computerName="TOFU" duration="00:00:00.0000714" startTime="2026-09-18T09:12:43.0600520+07:00" endTime="2026-09-18T09:12:43.0601367+07:00" testType="13cdc9d9-ddb5-4fa4-a97d-d965ccfc6d4b" outcome="Passed" testListId="8c84fa94-04c1-424b-9868-57a2d4851a1d" relativeResultsDirectory="91c90ea4-6b3b-4185-9193-f30d7c32382e" />
    <UnitTestResult executionId="938a8b5e-ce6b-48c4-8721-3003a9c63cd3" testId="3bb4a669-7c68-691c-d34f-5dd534f09b95" testName="FileHandler.Tests.Modules.PlainText.PlainTextServiceTests.EnforcesUnitAndTranslationBoundaries" computerName="TOFU" duration="00:00:00.0010303" startTime="2026-09-18T09:12:43.2002418+07:00" endTime="2026-09-18T09:12:43.2012971+07:00" testType="13cdc9d9-ddb5-4fa4-a97d-d965ccfc6d4b" outcome="Passed" testListId="8c84fa94-04c1-424b-9868-57a2d4851a1d" relativeResultsDirectory="938a8b5e-ce6b-48c4-8721-3003a9c63cd3" />
    <UnitTestResult executionId="4e7c22ec-e813-4944-878a-f5329507082f" testId="8fead0c9-8d7d-0533-6cba-173497e9f72a" testName="FileHandler.Tests.Common.Utf8TextReaderTests.PropagatesCancellationWithoutClosingStream" computerName="TOFU" duration="00:00:00.0031369" startTime="2026-09-18T09:12:42.9788957+07:00" endTime="2026-09-18T09:12:42.9820657+07:00" testType="13cdc9d9-ddb5-4fa4-a97d-d965ccfc6d4b" outcome="Passed" testListId="8c84fa94-04c1-424b-9868-57a2d4851a1d" relativeResultsDirectory="4e7c22ec-e813-4944-878a-f5329507082f" />
    <UnitTestResult executionId="d7a8ddf5-cdda-42bd-9d1e-001689753777" testId="5e021d95-7fba-1389-a2aa-eb9238041afb" testName="FileHandler.Tests.Modules.Markdown.MarkdownTranslationApplierTests.Apply_WithInternalAnchors_AllowsTranslatingPrecedingParagraph" computerName="TOFU" duration="00:00:00.0005318" startTime="2026-09-18T09:12:43.1068744+07:00" endTime="2026-09-18T09:12:43.1074451+07:00" testType="13cdc9d9-ddb5-4fa4-a97d-d965ccfc6d4b" outcome="Passed" testListId="8c84fa94-04c1-424b-9868-57a2d4851a1d" relativeResultsDirectory="d7a8ddf5-cdda-42bd-9d1e-001689753777" />
    <UnitTestResult executionId="b2016e77-37be-443e-8362-9da99a8534aa" testId="2d763244-7543-4cd3-8482-20d81c88fef3" testName="FileHandler.Tests.Modules.Markdown.MarkdownProfileTests.RejectsCountEmptyDuplicateUnexpectedAndProtectedContent" computerName="TOFU" duration="00:00:00.0019684" startTime="2026-09-18T09:12:43.0520728+07:00" endTime="2026-09-18T09:12:43.0540689+07:00" testType="13cdc9d9-ddb5-4fa4-a97d-d965ccfc6d4b" outcome="Passed" testListId="8c84fa94-04c1-424b-9868-57a2d4851a1d" relativeResultsDirectory="b2016e77-37be-443e-8362-9da99a8534aa" />
    <UnitTestResult executionId="e3b97b4e-b68b-4b5e-be17-4ba08677a38d" testId="3fc054cb-90ba-2665-3a1b-853b9f679a2a" testName="FileHandler.Tests.Api.DebugTraceTests.DisabledDoesNotCreateDirectoryOrEvaluateSnapshots" computerName="TOFU" duration="00:00:00.0169632" startTime="2026-09-18T09:12:43.7725381+07:00" endTime="2026-09-18T09:12:43.7895366+07:00" testType="13cdc9d9-ddb5-4fa4-a97d-d965ccfc6d4b" outcome="Passed" testListId="8c84fa94-04c1-424b-9868-57a2d4851a1d" relativeResultsDirectory="e3b97b4e-b68b-4b5e-be17-4ba08677a38d" />
    <UnitTestResult executionId="9a466690-f135-4a73-bcda-6ac5ff24fe1e" testId="bead30ce-8e13-a596-e9a6-bea8f72d685c" testName="FileHandler.Tests.Modules.Markdown.MarkdownUnifiedTokenTests.InvalidWireTokensReturnNoOutput(translation: &quot;&lt;ox:r0&gt; &lt;/ox:r0&gt;&lt;ox:r1&gt;B&lt;/ox:r1&gt;&quot;, code: &quot;empty_translation&quot;)" computerName="TOFU" duration="00:00:00.0001767" startTime="2026-09-18T09:12:42.9703795+07:00" endTime="2026-09-18T09:12:42.9705779+07:00" testType="13cdc9d9-ddb5-4fa4-a97d-d965ccfc6d4b" outcome="Passed" testListId="8c84fa94-04c1-424b-9868-57a2d4851a1d" relativeResultsDirectory="9a466690-f135-4a73-bcda-6ac5ff24fe1e" />
    <UnitTestResult executionId="a079c3e0-59fb-4c6e-b748-e78092072f7c" testId="74c81d51-9005-7313-6115-2ce8f6ba7d07" testName="FileHandler.Tests.Diagnostics.TraceSessionTests.NextCall_GeneratesSequentialUniqueCallIds" computerName="TOFU" duration="00:00:00.0016425" startTime="2026-09-18T09:12:43.1185840+07:00" endTime="2026-09-18T09:12:43.1202618+07:00" testType="13cdc9d9-ddb5-4fa4-a97d-d965ccfc6d4b" outcome="Passed" testListId="8c84fa94-04c1-424b-9868-57a2d4851a1d" relativeResultsDirectory="a079c3e0-59fb-4c6e-b748-e78092072f7c" />
    <UnitTestResult executionId="a0947593-28da-4283-83b3-ec2b452ff40e" testId="ae8ef786-cf7e-4002-3c8f-71a0e43aa754" testName="FileHandler.Tests.Api.GlobalExceptionHandlerTests.TryHandleAsync_MapsErrorsWithoutLeakingExceptionDetails(kind: &quot;other&quot;, status: 500, code: &quot;internal_error&quot;)" computerName="TOFU" duration="00:00:00.0030390" startTime="2026-09-18T09:12:43.1172288+07:00" endTime="2026-09-18T09:12:43.1202914+07:00" testType="13cdc9d9-ddb5-4fa4-a97d-d965ccfc6d4b" outcome="Passed" testListId="8c84fa94-04c1-424b-9868-57a2d4851a1d" relativeResultsDirectory="a0947593-28da-4283-83b3-ec2b452ff40e" />
    <UnitTestResult executionId="2bf97196-c0ef-47ec-95d0-b8072c0b102f" testId="08977bfb-024b-335b-9efe-564aa7f6f36b" testName="FileHandler.Tests.Diagnostics.DebugTraceMiddlewareTests.InvokeAsync_DisabledCallsNextWithoutCreatingFiles" computerName="TOFU" duration="00:00:00.4678512" startTime="2026-09-18T09:12:42.5117577+07:00" endTime="2026-09-18T09:12:42.9866013+07:00" testType="13cdc9d9-ddb5-4fa4-a97d-d965ccfc6d4b" outcome="Passed" testListId="8c84fa94-04c1-424b-9868-57a2d4851a1d" relativeResultsDirectory="2bf97196-c0ef-47ec-95d0-b8072c0b102f" />
    <UnitTestResult executionId="ccf79b42-0877-4ac5-8045-03bf546e7ec1" testId="768387d6-b51c-ec30-c476-f8383a1b8b09" testName="FileHandler.Tests.Api.FilesApiTests.MarkdownWireTokensRoundTripThroughHttp" computerName="TOFU" duration="00:00:00.0039229" startTime="2026-09-18T09:12:44.0330465+07:00" endTime="2026-09-18T09:12:44.0369919+07:00" testType="13cdc9d9-ddb5-4fa4-a97d-d965ccfc6d4b" outcome="Passed" testListId="8c84fa94-04c1-424b-9868-57a2d4851a1d" relativeResultsDirectory="ccf79b42-0877-4ac5-8045-03bf546e7ec1" />
    <UnitTestResult executionId="2b757ff2-7d20-474e-bffa-223f46d71b04" testId="ea74679b-7323-33a4-f5c8-2d21b158f628" testName="FileHandler.Tests.Diagnostics.TraceStatePlacementTests.Detection_RecordsOnlySuccessfulType(name: &quot;guide.pdf&quot;, expected: null)" computerName="TOFU" duration="00:00:00.0062711" startTime="2026-09-18T09:12:43.3740218+07:00" endTime="2026-09-18T09:12:43.3803253+07:00" testType="13cdc9d9-ddb5-4fa4-a97d-d965ccfc6d4b" outcome="Passed" testListId="8c84fa94-04c1-424b-9868-57a2d4851a1d" relativeResultsDirectory="2b757ff2-7d20-474e-bffa-223f46d71b04" />
    <UnitTestResult executionId="707dc026-2e7a-49f2-b896-f89ba3bd06ef" testId="c54445cb-efb6-ff65-a1d0-bb4d41bb6d11" testName="FileHandler.Tests.Common.FileTypeDetectorTests.DetectsMarkdown(name: &quot;C:\\fake\\guide.md&quot;)" computerName="TOFU" duration="00:00:00.0000205" startTime="2026-09-18T09:12:43.1318674+07:00" endTime="2026-09-18T09:12:43.1319226+07:00" testType="13cdc9d9-ddb5-4fa4-a97d-d965ccfc6d4b" outcome="Passed" testListId="8c84fa94-04c1-424b-9868-57a2d4851a1d" relativeResultsDirectory="707dc026-2e7a-49f2-b896-f89ba3bd06ef" />
    <UnitTestResult executionId="f40a90dd-3c78-4e92-ac35-4d57e576f011" testId="736672b5-140f-d0ca-15b1-3b57290c0f73" testName="FileHandler.Tests.Modules.Markdown.MarkdownServiceTests.AcceptanceExampleImportsAndExports" computerName="TOFU" duration="00:00:00.0015102" startTime="2026-09-18T09:12:43.1995446+07:00" endTime="2026-09-18T09:12:43.2010794+07:00" testType="13cdc9d9-ddb5-4fa4-a97d-d965ccfc6d4b" outcome="Passed" testListId="8c84fa94-04c1-424b-9868-57a2d4851a1d" relativeResultsDirectory="f40a90dd-3c78-4e92-ac35-4d57e576f011" />
    <UnitTestResult executionId="762ebce1-5d95-428f-9c75-36791e568221" testId="bbe8b303-3879-013c-cbe8-43f9f75214b9" testName="FileHandler.Tests.Modules.Markdown.MarkdownUnifiedTokenTests.InvalidWireTokensReturnNoOutput(translation: &quot;&lt;ox:r1&gt;B&lt;/ox:r1&gt;&lt;ox:r0&gt;A&lt;/ox:r0&gt;&quot;, code: &quot;invalid_marker_syntax&quot;)" computerName="TOFU" duration="00:00:00.0001706" startTime="2026-09-18T09:12:42.9707819+07:00" endTime="2026-09-18T09:12:42.9709753+07:00" testType="13cdc9d9-ddb5-4fa4-a97d-d965ccfc6d4b" outcome="Passed" testListId="8c84fa94-04c1-424b-9868-57a2d4851a1d" relativeResultsDirectory="762ebce1-5d95-428f-9c75-36791e568221" />
    <UnitTestResult executionId="2745473e-8d34-4fdf-aacb-5fb4e8171fa8" testId="e9312ae3-8c70-f640-08e5-ecb8293e6f40" testName="FileHandler.Tests.Modules.PlainText.PlainTextServiceTests.LongSourceParagraphCanImportButIdentityMustMeetTranslationLimit" computerName="TOFU" duration="00:00:00.0009037" startTime="2026-09-18T09:12:43.2066355+07:00" endTime="2026-09-18T09:12:43.2075627+07:00" testType="13cdc9d9-ddb5-4fa4-a97d-d965ccfc6d4b" outcome="Passed" testListId="8c84fa94-04c1-424b-9868-57a2d4851a1d" relativeResultsDirectory="2745473e-8d34-4fdf-aacb-5fb4e8171fa8" />
    <UnitTestResult executionId="cbb08d6f-e4d7-4cfa-8739-68529f6abd54" testId="967a4c17-7747-0d4e-3cf6-0a8317a293ac" testName="FileHandler.Tests.Modules.PowerPoint.PowerPointModuleTests.P01_TableWithBreakAndEmptyCell_ExtractsTokens" computerName="TOFU" duration="00:00:00.0126668" startTime="2026-09-18T09:12:43.2659584+07:00" endTime="2026-09-18T09:12:43.2786579+07:00" testType="13cdc9d9-ddb5-4fa4-a97d-d965ccfc6d4b" outcome="Passed" testListId="8c84fa94-04c1-424b-9868-57a2d4851a1d" relativeResultsDirectory="cbb08d6f-e4d7-4cfa-8739-68529f6abd54" />
    <UnitTestResult executionId="eb69bd0a-45f0-4286-9384-1209aeeb646f" testId="dd95533c-1faa-26b7-6945-d370548c0737" testName="FileHandler.Tests.Api.FilesControllerTests.Export_MapsResourceLimitsTo413(limit: &quot;output&quot;, code: &quot;output_too_large&quot;)" computerName="TOFU" duration="00:00:00.0022935" startTime="2026-09-18T09:12:43.0621530+07:00" endTime="2026-09-18T09:12:43.0644746+07:00" testType="13cdc9d9-ddb5-4fa4-a97d-d965ccfc6d4b" outcome="Passed" testListId="8c84fa94-04c1-424b-9868-57a2d4851a1d" relativeResultsDirectory="eb69bd0a-45f0-4286-9384-1209aeeb646f" />
    <UnitTestResult executionId="e5a0d786-5f0a-4f31-98a1-347d63d73a12" testId="b923650e-3e9e-bd7d-8bc0-fe63adaa771f" testName="FileHandler.Tests.Modules.Markdown.MarkdownTranslationApplierTests.Apply_RejectsInvalidMarkersAtomically(translation: &quot;&lt;/ox:r0&gt;x&lt;ox:r0&gt;&quot;, code: &quot;invalid_marker_syntax&quot;)" computerName="TOFU" duration="00:00:00.0001566" startTime="2026-09-18T09:12:43.0915478+07:00" endTime="2026-09-18T09:12:43.0917385+07:00" testType="13cdc9d9-ddb5-4fa4-a97d-d965ccfc6d4b" outcome="Passed" testListId="8c84fa94-04c1-424b-9868-57a2d4851a1d" relativeResultsDirectory="e5a0d786-5f0a-4f31-98a1-347d63d73a12" />
    <UnitTestResult executionId="b107aeda-3935-40a8-a0a5-fa2f23945644" testId="e90a5145-ec89-d41f-260b-a3350d5a76e3" testName="FileHandler.Tests.Modules.Markdown.MarkdownServiceTests.Export_PreservesQuotePrefix_InNestedEmphasisMultiline" computerName="TOFU" duration="00:00:00.0013642" startTime="2026-09-18T09:12:43.1770864+07:00" endTime="2026-09-18T09:12:43.1784825+07:00" testType="13cdc9d9-ddb5-4fa4-a97d-d965ccfc6d4b" outcome="Passed" testListId="8c84fa94-04c1-424b-9868-57a2d4851a1d" relativeResultsDirectory="b107aeda-3935-40a8-a0a5-fa2f23945644" />
    <UnitTestResult executionId="ad0f3413-dc6d-4e13-b76a-99a52ade406f" testId="a3baf18d-64a5-fe04-9859-0334b4548bbf" testName="FileHandler.Tests.Modules.Markdown.MarkdownServiceTests.CallsAreDeterministicAndConcurrent" computerName="TOFU" duration="00:00:00.0132858" startTime="2026-09-18T09:12:43.2013963+07:00" endTime="2026-09-18T09:12:43.2147252+07:00" testType="13cdc9d9-ddb5-4fa4-a97d-d965ccfc6d4b" outcome="Passed" testListId="8c84fa94-04c1-424b-9868-57a2d4851a1d" relativeResultsDirectory="ad0f3413-dc6d-4e13-b76a-99a52ade406f" />
    <UnitTestResult executionId="e43a6386-73ad-47df-b9b7-ea3f9502d188" testId="4b978a2b-7d9e-7685-1784-4686ff40daba" testName="FileHandler.Tests.Common.FileTypeDetectorTests.SanitizesOutputName" computerName="TOFU" duration="00:00:00.0001048" startTime="2026-09-18T09:12:43.1394443+07:00" endTime="2026-09-18T09:12:43.1395788+07:00" testType="13cdc9d9-ddb5-4fa4-a97d-d965ccfc6d4b" outcome="Passed" testListId="8c84fa94-04c1-424b-9868-57a2d4851a1d" relativeResultsDirectory="e43a6386-73ad-47df-b9b7-ea3f9502d188" />
    <UnitTestResult executionId="8de49b9d-0296-4882-b36f-ff11095498ae" testId="24b8cff5-9a2f-b8ca-7371-50f28ef97d7a" testName="FileHandler.Tests.Modules.PowerPoint.PowerPointModuleTests.P04_SlideShapes_ExtractsAndTranslates" computerName="TOFU" duration="00:00:00.0382551" startTime="2026-09-18T09:12:43.2273285+07:00" endTime="2026-09-18T09:12:43.2656247+07:00" testType="13cdc9d9-ddb5-4fa4-a97d-d965ccfc6d4b" outcome="Passed" testListId="8c84fa94-04c1-424b-9868-57a2d4851a1d" relativeResultsDirectory="8de49b9d-0296-4882-b36f-ff11095498ae" />
    <UnitTestResult executionId="857f83fc-3129-4ddd-a349-05127370e9ec" testId="43adb70c-97e8-a02e-66f0-71d0eb948e0d" testName="FileHandler.Tests.Api.FilesApiTests.ImportReturnsBareArray" computerName="TOFU" duration="00:00:00.0019790" startTime="2026-09-18T09:12:44.0506700+07:00" endTime="2026-09-18T09:12:44.0526707+07:00" testType="13cdc9d9-ddb5-4fa4-a97d-d965ccfc6d4b" outcome="Passed" testListId="8c84fa94-04c1-424b-9868-57a2d4851a1d" relativeResultsDirectory="857f83fc-3129-4ddd-a349-05127370e9ec" />
    <UnitTestResult executionId="3bf27c80-ca97-47d7-96ba-6f09b7b1d183" testId="c7c74bf3-66e5-c060-b79d-84f1ba0a76ce" testName="FileHandler.Tests.Api.DebugTraceTests.UnwritableDestinationDoesNotBreakRequest" computerName="TOFU" duration="00:00:00.0196573" startTime="2026-09-18T09:12:43.9199906+07:00" endTime="2026-09-18T09:12:43.9396816+07:00" testType="13cdc9d9-ddb5-4fa4-a97d-d965ccfc6d4b" outcome="Passed" testListId="8c84fa94-04c1-424b-9868-57a2d4851a1d" relativeResultsDirectory="3bf27c80-ca97-47d7-96ba-6f09b7b1d183" />
    <UnitTestResult executionId="464947ca-7bfa-4513-9003-d77bae9a4f54" testId="728889bc-b10e-1f0f-3a40-ba743f3eed71" testName="FileHandler.Tests.Modules.Office.OfficeTextCodecAndBindingTests.Encode_RichMultiSlot_ProducesCanonicalTokens" computerName="TOFU" duration="00:00:00.0042629" startTime="2026-09-18T09:12:42.9710878+07:00" endTime="2026-09-18T09:12:42.9753971+07:00" testType="13cdc9d9-ddb5-4fa4-a97d-d965ccfc6d4b" outcome="Passed" testListId="8c84fa94-04c1-424b-9868-57a2d4851a1d" relativeResultsDirectory="464947ca-7bfa-4513-9003-d77bae9a4f54" />
    <UnitTestResult executionId="355b26e1-86d4-4230-95b9-8381e3832ac9" testId="30de41f5-daeb-2060-f10b-f3e3e71fbab6" testName="FileHandler.Tests.Api.DebugTraceTests.RealExecutionCreatesValidTraceFiles" computerName="TOFU" duration="00:00:00.0495156" startTime="2026-09-18T09:12:43.8635080+07:00" endTime="2026-09-18T09:12:43.9130657+07:00" testType="13cdc9d9-ddb5-4fa4-a97d-d965ccfc6d4b" outcome="Passed" testListId="8c84fa94-04c1-424b-9868-57a2d4851a1d" relativeResultsDirectory="355b26e1-86d4-4230-95b9-8381e3832ac9" />
    <UnitTestResult executionId="da85e8f5-8f19-4f13-95af-0fba2d1e58e2" testId="c37d03f4-896c-14d3-2d29-6c211013e424" testName="FileHandler.Tests.Modules.Markdown.MarkdownPrimitiveTests.GetLine_UsesOneBasedLines(offset: 4, expected: 2)" computerName="TOFU" duration="00:00:00.0000206" startTime="2026-09-18T09:12:42.9940653+07:00" endTime="2026-09-18T09:12:42.9941072+07:00" testType="13cdc9d9-ddb5-4fa4-a97d-d965ccfc6d4b" outcome="Passed" testListId="8c84fa94-04c1-424b-9868-57a2d4851a1d" relativeResultsDirectory="da85e8f5-8f19-4f13-95af-0fba2d1e58e2" />
    <UnitTestResult executionId="82821d5c-a299-4651-909f-79cc910bf5f9" testId="b6b37d14-c74d-488b-860f-e0db38325fdf" testName="FileHandler.Tests.Modules.PlainText.PlainTextServiceTests.ImportsParagraphsAndExportsLiteralTranslations" computerName="TOFU" duration="00:00:00.0008202" startTime="2026-09-18T09:12:43.1985481+07:00" endTime="2026-09-18T09:12:43.1993916+07:00" testType="13cdc9d9-ddb5-4fa4-a97d-d965ccfc6d4b" outcome="Passed" testListId="8c84fa94-04c1-424b-9868-57a2d4851a1d" relativeResultsDirectory="82821d5c-a299-4651-909f-79cc910bf5f9" />
    <UnitTestResult executionId="d59692a6-f0ec-490c-9f07-a9770e73db7b" testId="3335c73e-2ea8-5b23-32e2-468aa147abcc" testName="FileHandler.Tests.Modules.PlainText.PlainTextServiceTests.IdentityIsBytePerfect(text: &quot;&quot;)" computerName="TOFU" duration="00:00:00.0000677" startTime="2026-09-18T09:12:43.1251720+07:00" endTime="2026-09-18T09:12:43.1252611+07:00" testType="13cdc9d9-ddb5-4fa4-a97d-d965ccfc6d4b" outcome="Passed" testListId="8c84fa94-04c1-424b-9868-57a2d4851a1d" relativeResultsDirectory="d59692a6-f0ec-490c-9f07-a9770e73db7b" />
    <UnitTestResult executionId="ffd7d643-2dbb-43ac-80cb-3e999dc90cde" testId="81007fa6-ac90-54f7-b295-cb19111a8cb5" testName="FileHandler.Tests.Modules.PlainText.PlainTextSegmenterTests.PreservesParagraphSpansAndLineRanges(newline: &quot;\r\n&quot;)" computerName="TOFU" duration="00:00:00.0002233" startTime="2026-09-18T09:12:43.0239074+07:00" endTime="2026-09-18T09:12:43.0241650+07:00" testType="13cdc9d9-ddb5-4fa4-a97d-d965ccfc6d4b" outcome="Passed" testListId="8c84fa94-04c1-424b-9868-57a2d4851a1d" relativeResultsDirectory="ffd7d643-2dbb-43ac-80cb-3e999dc90cde" />
    <UnitTestResult executionId="84243b91-521f-4d08-89f0-16ba685cd918" testId="270a01de-6735-1542-8d56-34d4c4fbc1aa" testName="FileHandler.Tests.Modules.Markdown.MarkdownUnifiedTokenTests.NestedFormattingUsesFlatRuns" computerName="TOFU" duration="00:00:00.0013944" startTime="2026-09-18T09:12:43.0010921+07:00" endTime="2026-09-18T09:12:43.0025092+07:00" testType="13cdc9d9-ddb5-4fa4-a97d-d965ccfc6d4b" outcome="Passed" testListId="8c84fa94-04c1-424b-9868-57a2d4851a1d" relativeResultsDirectory="84243b91-521f-4d08-89f0-16ba685cd918" />
    <UnitTestResult executionId="60567fae-2670-47d3-b4f1-da09a7d82e35" testId="b79ec5f0-ac47-b719-a0e8-57fbde23e489" testName="FileHandler.Tests.Api.GlobalExceptionHandlerTests.TryHandleAsync_MapsErrorsWithoutLeakingExceptionDetails(kind: &quot;invalid-data&quot;, status: 500, code: &quot;internal_error&quot;)" computerName="TOFU" duration="00:00:00.0002307" startTime="2026-09-18T09:12:43.1205185+07:00" endTime="2026-09-18T09:12:43.1207738+07:00" testType="13cdc9d9-ddb5-4fa4-a97d-d965ccfc6d4b" outcome="Passed" testListId="8c84fa94-04c1-424b-9868-57a2d4851a1d" relativeResultsDirectory="60567fae-2670-47d3-b4f1-da09a7d82e35" />
    <UnitTestResult executionId="d356d49c-25c3-495d-ade0-6a6087ee293c" testId="77e35797-8f89-7e34-71f8-29de0ae1cbf4" testName="FileHandler.Tests.Api.FilesControllerTests.Export_RejectsInvalidJsonContract(json: &quot;[&quot;, code: &quot;invalid_json&quot;)" computerName="TOFU" duration="00:00:00.0696957" startTime="2026-09-18T09:12:42.9881185+07:00" endTime="2026-09-18T09:12:43.0578433+07:00" testType="13cdc9d9-ddb5-4fa4-a97d-d965ccfc6d4b" outcome="Passed" testListId="8c84fa94-04c1-424b-9868-57a2d4851a1d" relativeResultsDirectory="d356d49c-25c3-495d-ade0-6a6087ee293c" />
    <UnitTestResult executionId="f7d3e4a9-7eff-43dc-b2bf-c54c5f9977c7" testId="d366c46c-5cca-0e4d-9a3b-f4a9c05a0ccc" testName="FileHandler.Tests.Diagnostics.TraceStatePlacementTests.PlainTextBudget_RecordsBytesBeforeEveryRejection(limit: 9, expectedBytes: 10)" computerName="TOFU" duration="00:00:00.0078123" startTime="2026-09-18T09:12:43.3658374+07:00" endTime="2026-09-18T09:12:43.3736843+07:00" testType="13cdc9d9-ddb5-4fa4-a97d-d965ccfc6d4b" outcome="Passed" testListId="8c84fa94-04c1-424b-9868-57a2d4851a1d" relativeResultsDirectory="f7d3e4a9-7eff-43dc-b2bf-c54c5f9977c7" />
    <UnitTestResult executionId="2f7475b6-a6d5-48c3-bdd6-2b345a4f7ba2" testId="ec2baaf7-f9a0-e8d3-9f71-b7fb6c32642a" testName="FileHandler.Tests.Modules.Markdown.MarkdownPrimitiveTests.EncodeAndDecode_PreserveUnicodeAndBom(bom: False)" computerName="TOFU" duration="00:00:00.0038526" startTime="2026-09-18T09:12:42.9870718+07:00" endTime="2026-09-18T09:12:42.9909510+07:00" testType="13cdc9d9-ddb5-4fa4-a97d-d965ccfc6d4b" outcome="Passed" testListId="8c84fa94-04c1-424b-9868-57a2d4851a1d" relativeResultsDirectory="2f7475b6-a6d5-48c3-bdd6-2b345a4f7ba2" />
    <UnitTestResult executionId="9441149a-8d9e-42d1-85cc-d9b22755cfde" testId="d90fc2a8-04bd-5d2a-b4c2-b770fbf3c397" testName="FileHandler.Tests.Modules.PowerPoint.PowerPointModuleTests.P03_MergedTable_SkipsContinuationCell" computerName="TOFU" duration="00:00:00.0096877" startTime="2026-09-18T09:12:43.2172763+07:00" endTime="2026-09-18T09:12:43.2269982+07:00" testType="13cdc9d9-ddb5-4fa4-a97d-d965ccfc6d4b" outcome="Passed" testListId="8c84fa94-04c1-424b-9868-57a2d4851a1d" relativeResultsDirectory="9441149a-8d9e-42d1-85cc-d9b22755cfde" />
    <UnitTestResult executionId="732b4827-92fa-4bd0-8209-1440a730608e" testId="a005a50e-2309-e149-b335-bd00c34cf541" testName="FileHandler.Tests.Modules.Markdown.MarkdownUnifiedTokenTests.InvalidWireTokensReturnNoOutput(translation: &quot;&lt;ox:r0&gt;&lt;ox:r1&gt;A&lt;/ox:r1&gt;&lt;/ox:r0&gt;&lt;ox:r1&gt;B&lt;/ox:r1&gt;&quot;, code: &quot;invalid_marker_syntax&quot;)" computerName="TOFU" duration="00:00:00.0001774" startTime="2026-09-18T09:12:42.9699105+07:00" endTime="2026-09-18T09:12:42.9701080+07:00" testType="13cdc9d9-ddb5-4fa4-a97d-d965ccfc6d4b" outcome="Passed" testListId="8c84fa94-04c1-424b-9868-57a2d4851a1d" relativeResultsDirectory="732b4827-92fa-4bd0-8209-1440a730608e" />
    <UnitTestResult executionId="d068a327-c7d5-48c5-b909-750d72448c21" testId="3d58cb0e-b26b-f001-e80e-8a81dd080386" testName="FileHandler.Tests.Api.DebugTraceTests.InvalidUtf8RecordsErrorAndStillReturnsValidationResponse" computerName="TOFU" duration="00:00:00.0230234" startTime="2026-09-18T09:12:43.9594721+07:00" endTime="2026-09-18T09:12:43.9825316+07:00" testType="13cdc9d9-ddb5-4fa4-a97d-d965ccfc6d4b" outcome="Passed" testListId="8c84fa94-04c1-424b-9868-57a2d4851a1d" relativeResultsDirectory="d068a327-c7d5-48c5-b909-750d72448c21" />
    <UnitTestResult executionId="131efd39-5124-409f-8735-5e43708d58b6" testId="ad09ce0c-92cf-dc39-13c5-477412b2aac5" testName="FileHandler.Tests.Diagnostics.TraceSessionTests.TraceCall_RecordsOneCompletionAndRestoresParent(kind: &quot;void&quot;)" computerName="TOFU" duration="00:00:00.0071471" startTime="2026-09-18T09:12:43.1648763+07:00" endTime="2026-09-18T09:12:43.1720760+07:00" testType="13cdc9d9-ddb5-4fa4-a97d-d965ccfc6d4b" outcome="Passed" testListId="8c84fa94-04c1-424b-9868-57a2d4851a1d" relativeResultsDirectory="131efd39-5124-409f-8735-5e43708d58b6" />
    <UnitTestResult executionId="5d3c8c5c-062d-4224-a078-1b3a6840e35e" testId="72513e1f-25be-13b1-d650-b9a62940cc18" testName="FileHandler.Tests.Api.FilesControllerTests.Export_ReturnsDownloadWithSafeName" computerName="TOFU" duration="00:00:00.0027060" startTime="2026-09-18T09:12:43.0676318+07:00" endTime="2026-09-18T09:12:43.0703798+07:00" testType="13cdc9d9-ddb5-4fa4-a97d-d965ccfc6d4b" outcome="Passed" testListId="8c84fa94-04c1-424b-9868-57a2d4851a1d" relativeResultsDirectory="5d3c8c5c-062d-4224-a078-1b3a6840e35e" />
    <UnitTestResult executionId="3f4cbcd9-89ae-4a22-9920-7de5dad14c69" testId="e1983cad-786e-ebcd-b70f-d65272e824e4" testName="FileHandler.Tests.Modules.Markdown.MarkdownPrimitiveTests.Parse_PreservesMalformedMarkersAsText(text: &quot;&lt;keepme&gt;&quot;)" computerName="TOFU" duration="00:00:00.0000291" startTime="2026-09-18T09:12:42.9759735+07:00" endTime="2026-09-18T09:12:42.9760343+07:00" testType="13cdc9d9-ddb5-4fa4-a97d-d965ccfc6d4b" outcome="Passed" testListId="8c84fa94-04c1-424b-9868-57a2d4851a1d" relativeResultsDirectory="3f4cbcd9-89ae-4a22-9920-7de5dad14c69" />
    <UnitTestResult executionId="00182f0d-d01b-4869-a5ef-6e643dae6eab" testId="75475ad7-2b2f-d678-7ca0-cb62eb7b1d7d" testName="FileHandler.Tests.Modules.PlainText.PlainTextSegmenterTests.RejectsExcessUnits(source: &quot;A\n\nB&quot;, limit: 1)" computerName="TOFU" duration="00:00:00.0000229" startTime="2026-09-18T09:12:43.0274092+07:00" endTime="2026-09-18T09:12:43.0274510+07:00" testType="13cdc9d9-ddb5-4fa4-a97d-d965ccfc6d4b" outcome="Passed" testListId="8c84fa94-04c1-424b-9868-57a2d4851a1d" relativeResultsDirectory="00182f0d-d01b-4869-a5ef-6e643dae6eab" />
    <UnitTestResult executionId="d9dd300d-d51d-468b-a2b4-7eb4329872cf" testId="52753c54-3fdd-2253-6c02-570a166b05ee" testName="FileHandler.Tests.Api.FilesApiTests.PlainTextResourceLimitsReturn413(limit: &quot;output&quot;, expected: &quot;output_too_large&quot;)" computerName="TOFU" duration="00:00:00.0169621" startTime="2026-09-18T09:12:43.9741539+07:00" endTime="2026-09-18T09:12:43.9911567+07:00" testType="13cdc9d9-ddb5-4fa4-a97d-d965ccfc6d4b" outcome="Passed" testListId="8c84fa94-04c1-424b-9868-57a2d4851a1d" relativeResultsDirectory="d9dd300d-d51d-468b-a2b4-7eb4329872cf" />
    <UnitTestResult executionId="113374a8-9942-46f8-9b58-b8280bb11d81" testId="56df04b4-c560-3e8b-a7fd-54e3293421f9" testName="FileHandler.Tests.Modules.Markdown.MarkdownTranslationApplierTests.Apply_RestoresFormattingAndProtectedContent" computerName="TOFU" duration="00:00:00.0007143" startTime="2026-09-18T09:12:43.0940701+07:00" endTime="2026-09-18T09:12:43.0948276+07:00" testType="13cdc9d9-ddb5-4fa4-a97d-d965ccfc6d4b" outcome="Passed" testListId="8c84fa94-04c1-424b-9868-57a2d4851a1d" relativeResultsDirectory="113374a8-9942-46f8-9b58-b8280bb11d81" />
    <UnitTestResult executionId="b828a20f-ed39-4733-b839-f12af07ea40f" testId="f323fab1-bbc2-c69a-0f32-f3a2e1a0f86e" testName="FileHandler.Tests.Api.FilesApiTests.PlainTextExportReturnsExactAttachment(uploadJson: True)" computerName="TOFU" duration="00:00:00.0073528" startTime="2026-09-18T09:12:44.0201307+07:00" endTime="2026-09-18T09:12:44.0275118+07:00" testType="13cdc9d9-ddb5-4fa4-a97d-d965ccfc6d4b" outcome="Passed" testListId="8c84fa94-04c1-424b-9868-57a2d4851a1d" relativeResultsDirectory="b828a20f-ed39-4733-b839-f12af07ea40f" />
    <UnitTestResult executionId="854e479a-59ae-48b1-9630-fa6c341b1294" testId="7924ec40-1e0a-c846-9e2e-a6160fbff127" testName="FileHandler.Tests.Modules.PlainText.PlainTextServiceTests.PreservesUntouchedSpansAroundChangedAndUnchangedParagraphs" computerName="TOFU" duration="00:00:00.0008400" startTime="2026-09-18T09:12:43.1174503+07:00" endTime="2026-09-18T09:12:43.1183117+07:00" testType="13cdc9d9-ddb5-4fa4-a97d-d965ccfc6d4b" outcome="Passed" testListId="8c84fa94-04c1-424b-9868-57a2d4851a1d" relativeResultsDirectory="854e479a-59ae-48b1-9630-fa6c341b1294" />
    <UnitTestResult executionId="00225c93-99c2-4b55-bcd6-d133db95ff68" testId="d55ca342-dda7-4efc-239f-39cbe52f6b8d" testName="FileHandler.Tests.Modules.PowerPoint.PowerPointModuleTests.P02_RichCellIdentity_PreservesExactBytes" computerName="TOFU" duration="00:00:00.6980957" startTime="2026-09-18T09:12:42.5117804+07:00" endTime="2026-09-18T09:12:43.2169085+07:00" testType="13cdc9d9-ddb5-4fa4-a97d-d965ccfc6d4b" outcome="Passed" testListId="8c84fa94-04c1-424b-9868-57a2d4851a1d" relativeResultsDirectory="00225c93-99c2-4b55-bcd6-d133db95ff68" />
    <UnitTestResult executionId="60611fd2-3736-48bd-be88-1e1e3b61fe1d" testId="db50120d-5ceb-9e52-690c-3ff6228d5d76" testName="FileHandler.Tests.Modules.Office.OfficeTraceAndApiTests.Export_ExcelDocument_ReturnsTranslatedFile" computerName="TOFU" duration="00:00:00.1396413" startTime="2026-09-18T09:12:43.0934845+07:00" endTime="2026-09-18T09:12:43.2331618+07:00" testType="13cdc9d9-ddb5-4fa4-a97d-d965ccfc6d4b" outcome="Passed" testListId="8c84fa94-04c1-424b-9868-57a2d4851a1d" relativeResultsDirectory="60611fd2-3736-48bd-be88-1e1e3b61fe1d" />
    <UnitTestResult executionId="487ce72b-3b85-4f93-b217-b7be0ef7773e" testId="1e3b997d-8849-2f0b-8df1-c72577a7aabe" testName="FileHandler.Tests.Api.GlobalExceptionHandlerTests.TryHandleAsync_MapsErrorsWithoutLeakingExceptionDetails(kind: &quot;multipart&quot;, status: 413, code: &quot;request_too_large&quot;)" computerName="TOFU" duration="00:00:00.1998992" startTime="2026-09-18T09:12:42.9170938+07:00" endTime="2026-09-18T09:12:43.1170207+07:00" testType="13cdc9d9-ddb5-4fa4-a97d-d965ccfc6d4b" outcome="Passed" testListId="8c84fa94-04c1-424b-9868-57a2d4851a1d" relativeResultsDirectory="487ce72b-3b85-4f93-b217-b7be0ef7773e" />
    <UnitTestResult executionId="12cb282e-4ec4-4fe6-8f27-4786c9a2f1c7" testId="cc74102b-a7ac-1ce5-8cc1-945d39f85984" testName="FileHandler.Tests.Modules.Markdown.MarkdownServiceTests.EmptyFileRoundTrips" computerName="TOFU" duration="00:00:00.0010983" startTime="2026-09-18T09:12:43.1757037+07:00" endTime="2026-09-18T09:12:43.1768281+07:00" testType="13cdc9d9-ddb5-4fa4-a97d-d965ccfc6d4b" outcome="Passed" testListId="8c84fa94-04c1-424b-9868-57a2d4851a1d" relativeResultsDirectory="12cb282e-4ec4-4fe6-8f27-4786c9a2f1c7" />
    <UnitTestResult executionId="6965325d-e10f-4c51-8242-fd28238d2cf0" testId="af86579b-7649-bb31-8e5e-86bc430daefb" testName="FileHandler.Tests.Diagnostics.TraceValueTests.Format_BoundsLengthDepthAndCollectionSize" computerName="TOFU" duration="00:00:00.0029202" startTime="2026-09-18T09:12:43.1913249+07:00" endTime="2026-09-18T09:12:43.1942932+07:00" testType="13cdc9d9-ddb5-4fa4-a97d-d965ccfc6d4b" outcome="Passed" testListId="8c84fa94-04c1-424b-9868-57a2d4851a1d" relativeResultsDirectory="6965325d-e10f-4c51-8242-fd28238d2cf0" />
    <UnitTestResult executionId="d3716fd6-481f-4a1d-95ef-497c884dfc76" testId="266c80b5-66ba-2a1f-6f2f-cc26a26b81a4" testName="FileHandler.Tests.Common.FileTypeDetectorTests.DetectsMarkdown(name: &quot;A.MD&quot;)" computerName="TOFU" duration="00:00:00.0002198" startTime="2026-09-18T09:12:43.1311936+07:00" endTime="2026-09-18T09:12:43.1314416+07:00" testType="13cdc9d9-ddb5-4fa4-a97d-d965ccfc6d4b" outcome="Passed" testListId="8c84fa94-04c1-424b-9868-57a2d4851a1d" relativeResultsDirectory="d3716fd6-481f-4a1d-95ef-497c884dfc76" />
    <UnitTestResult executionId="bb480f1b-8c9d-4ab8-bc50-2aaddb4dfcbd" testId="b40f3dcb-6c17-ccf5-a353-f1f417810d4b" testName="FileHandler.Tests.Modules.Markdown.MarkdownExtractorTests.Extract_SkipsNonTranslatableContent(text: &quot;`only code`&quot;)" computerName="TOFU" duration="00:00:00.0027286" startTime="2026-09-18T09:12:42.9018208+07:00" endTime="2026-09-18T09:12:42.9045922+07:00" testType="13cdc9d9-ddb5-4fa4-a97d-d965ccfc6d4b" outcome="Passed" testListId="8c84fa94-04c1-424b-9868-57a2d4851a1d" relativeResultsDirectory="bb480f1b-8c9d-4ab8-bc50-2aaddb4dfcbd" />
    <UnitTestResult executionId="d22fcf53-fb15-487b-986a-88f7689d3fc0" testId="a9b63746-d6f9-b45e-f0cb-fe6f5c5f8c4a" testName="FileHandler.Tests.Modules.Markdown.MarkdownExtractorTests.Extract_ProtectsInlineSource(source: &quot;Read `code`&quot;, protectedSource: &quot;`code`&quot;)" computerName="TOFU" duration="00:00:00.0006503" startTime="2026-09-18T09:12:42.9958034+07:00" endTime="2026-09-18T09:12:42.9964847+07:00" testType="13cdc9d9-ddb5-4fa4-a97d-d965ccfc6d4b" outcome="Passed" testListId="8c84fa94-04c1-424b-9868-57a2d4851a1d" relativeResultsDirectory="d22fcf53-fb15-487b-986a-88f7689d3fc0" />
    <UnitTestResult executionId="73328a90-327c-4ce0-9dae-c2d9baf0dae6" testId="20ca9aeb-7e36-0283-4448-fe2873a32622" testName="FileHandler.Tests.Modules.Office.OfficeTextCodecAndBindingTests.Decode_CountMismatch_ReturnsTranslationCountMismatch" computerName="TOFU" duration="00:00:00.0054733" startTime="2026-09-18T09:12:42.8302123+07:00" endTime="2026-09-18T09:12:42.8357318+07:00" testType="13cdc9d9-ddb5-4fa4-a97d-d965ccfc6d4b" outcome="Passed" testListId="8c84fa94-04c1-424b-9868-57a2d4851a1d" relativeResultsDirectory="73328a90-327c-4ce0-9dae-c2d9baf0dae6" />
    <UnitTestResult executionId="27430f9b-4cec-4965-a4da-98e31ff8862d" testId="fa16295d-df57-4169-fde5-59b020c87d10" testName="FileHandler.Tests.Modules.Markdown.MarkdownPrimitiveTests.GetLine_UsesOneBasedLines(offset: 99, expected: 3)" computerName="TOFU" duration="00:00:00.0002255" startTime="2026-09-18T09:12:42.9930730+07:00" endTime="2026-09-18T09:12:42.9933257+07:00" testType="13cdc9d9-ddb5-4fa4-a97d-d965ccfc6d4b" outcome="Passed" testListId="8c84fa94-04c1-424b-9868-57a2d4851a1d" relativeResultsDirectory="27430f9b-4cec-4965-a4da-98e31ff8862d" />
    <UnitTestResult executionId="623dec30-22a3-4dc3-90e0-057a3c01a80f" testId="b91b1d5c-4350-66b0-648a-a6bde46a6d8f" testName="FileHandler.Tests.Modules.Markdown.MarkdownExtractorTests.Extract_RecordsNewlinePolicy(source: &quot;One&quot;, replacement: &quot;\n&quot;, softBreak: False)" computerName="TOFU" duration="00:00:00.0565135" startTime="2026-09-18T09:12:42.9121032+07:00" endTime="2026-09-18T09:12:42.9686573+07:00" testType="13cdc9d9-ddb5-4fa4-a97d-d965ccfc6d4b" outcome="Passed" testListId="8c84fa94-04c1-424b-9868-57a2d4851a1d" relativeResultsDirectory="623dec30-22a3-4dc3-90e0-057a3c01a80f" />
    <UnitTestResult executionId="9f31c827-1f48-437b-918e-8cccce15d91a" testId="7e520cb1-d1d9-c86c-5463-ae82a22b950f" testName="FileHandler.Tests.Api.FilesControllerTests.Export_RejectsInvalidJsonContract(json: &quot;null&quot;, code: &quot;invalid_translated_texts&quot;)" computerName="TOFU" duration="00:00:00.0001142" startTime="2026-09-18T09:12:43.0593900+07:00" endTime="2026-09-18T09:12:43.0595328+07:00" testType="13cdc9d9-ddb5-4fa4-a97d-d965ccfc6d4b" outcome="Passed" testListId="8c84fa94-04c1-424b-9868-57a2d4851a1d" relativeResultsDirectory="9f31c827-1f48-437b-918e-8cccce15d91a" />
    <UnitTestResult executionId="3a7772f3-8a59-45cd-88c6-8e572569d152" testId="da976fa5-4845-9d40-8fd9-f8c239fa29dc" testName="FileHandler.Tests.Modules.PlainText.PlainTextServiceTests.IdentityIsBytePerfect(text: &quot;one&quot;)" computerName="TOFU" duration="00:00:00.0026017" startTime="2026-09-18T09:12:43.1209049+07:00" endTime="2026-09-18T09:12:43.1235303+07:00" testType="13cdc9d9-ddb5-4fa4-a97d-d965ccfc6d4b" outcome="Passed" testListId="8c84fa94-04c1-424b-9868-57a2d4851a1d" relativeResultsDirectory="3a7772f3-8a59-45cd-88c6-8e572569d152" />
    <UnitTestResult executionId="6dc8482a-ff0e-454a-a47b-b4300990feee" testId="755a11dc-04e1-3fae-fa12-a703f00e2769" testName="FileHandler.Tests.Api.FilesApiTests.SelectsHandlerByExtension(name: &quot;guide.txt&quot;, expected: &quot;# Hello&quot;)" computerName="TOFU" duration="00:00:00.0031047" startTime="2026-09-18T09:12:43.7093271+07:00" endTime="2026-09-18T09:12:43.7124609+07:00" testType="13cdc9d9-ddb5-4fa4-a97d-d965ccfc6d4b" outcome="Passed" testListId="8c84fa94-04c1-424b-9868-57a2d4851a1d" relativeResultsDirectory="6dc8482a-ff0e-454a-a47b-b4300990feee" />
    <UnitTestResult executionId="3b3474ef-e6e4-43c8-b335-74a8c9ac50c8" testId="e21e305d-4acd-25e9-0153-7071c379ffcf" testName="FileHandler.Tests.Api.DebugTraceTests.HiddenContentDoesNotLeakSourceOrTranslation" computerName="TOFU" duration="00:00:00.0468702" startTime="2026-09-18T09:12:43.7252919+07:00" endTime="2026-09-18T09:12:43.7722025+07:00" testType="13cdc9d9-ddb5-4fa4-a97d-d965ccfc6d4b" outcome="Passed" testListId="8c84fa94-04c1-424b-9868-57a2d4851a1d" relativeResultsDirectory="3b3474ef-e6e4-43c8-b335-74a8c9ac50c8" />
    <UnitTestResult executionId="4b3857d6-6baf-479c-83bd-8d19fd9be20d" testId="7937cf12-de41-e4a0-91e6-52afedd92b65" testName="FileHandler.Tests.Modules.Office.OfficeTraceAndApiTests.Import_FileTooLarge_Returns413PayloadTooLarge" computerName="TOFU" duration="00:00:00.5744089" startTime="2026-09-18T09:12:42.5117759+07:00" endTime="2026-09-18T09:12:43.0931107+07:00" testType="13cdc9d9-ddb5-4fa4-a97d-d965ccfc6d4b" outcome="Passed" testListId="8c84fa94-04c1-424b-9868-57a2d4851a1d" relativeResultsDirectory="4b3857d6-6baf-479c-83bd-8d19fd9be20d" />
    <UnitTestResult executionId="4aa7a808-01c2-4236-b214-3f562660dc69" testId="645dc0b6-863d-6cd5-c80b-0de668cbb4f7" testName="FileHandler.Tests.Modules.PlainText.PlainTextSegmenterTests.RejectsExcessUnits(source: &quot;A\n\nB\n&quot;, limit: 1)" computerName="TOFU" duration="00:00:00.0002320" startTime="2026-09-18T09:12:43.0270167+07:00" endTime="2026-09-18T09:12:43.0272725+07:00" testType="13cdc9d9-ddb5-4fa4-a97d-d965ccfc6d4b" outcome="Passed" testListId="8c84fa94-04c1-424b-9868-57a2d4851a1d" relativeResultsDirectory="4aa7a808-01c2-4236-b214-3f562660dc69" />
    <UnitTestResult executionId="6461c10f-7fa0-430e-aca0-1b461ec20048" testId="b3a73fc6-a5d6-1ead-996d-4957908094d7" testName="FileHandler.Tests.Api.FilesApiTests.ExportReturnsAttachment" computerName="TOFU" duration="00:00:00.0023360" startTime="2026-09-18T09:12:44.0449922+07:00" endTime="2026-09-18T09:12:44.0473518+07:00" testType="13cdc9d9-ddb5-4fa4-a97d-d965ccfc6d4b" outcome="Passed" testListId="8c84fa94-04c1-424b-9868-57a2d4851a1d" relativeResultsDirectory="6461c10f-7fa0-430e-aca0-1b461ec20048" />
    <UnitTestResult executionId="62c465a6-8aee-4035-baa6-83e8e6b91d65" testId="67c29756-17a3-78f5-88bd-547c25538eaf" testName="FileHandler.Tests.Modules.Markdown.MarkdownTranslationApplierTests.Apply_ValidatesEachTranslationWithSourceLocation(translation: &quot; \t&quot;, code: &quot;empty_translation&quot;)" computerName="TOFU" duration="00:00:00.0001455" startTime="2026-09-18T09:12:43.1035197+07:00" endTime="2026-09-18T09:12:43.1037025+07:00" testType="13cdc9d9-ddb5-4fa4-a97d-d965ccfc6d4b" outcome="Passed" testListId="8c84fa94-04c1-424b-9868-57a2d4851a1d" relativeResultsDirectory="62c465a6-8aee-4035-baa6-83e8e6b91d65" />
    <UnitTestResult executionId="78d62c74-8d6b-447c-949e-2893f15b9b68" testId="3d9c227c-b74c-1d3e-643f-49809579722c" testName="FileHandler.Tests.Api.FilesApiTests.PlainTextResourceLimitsReturn413(limit: &quot;file&quot;, expected: &quot;file_too_large&quot;)" computerName="TOFU" duration="00:00:00.0204669" startTime="2026-09-18T09:12:43.9914420+07:00" endTime="2026-09-18T09:12:44.0119529+07:00" testType="13cdc9d9-ddb5-4fa4-a97d-d965ccfc6d4b" outcome="Passed" testListId="8c84fa94-04c1-424b-9868-57a2d4851a1d" relativeResultsDirectory="78d62c74-8d6b-447c-949e-2893f15b9b68" />
    <UnitTestResult executionId="02f21f95-ab4a-4f45-bfbc-06beab9a5500" testId="1028e034-294b-861b-6d30-6af503d8aae6" testName="FileHandler.Tests.Modules.Office.OfficeTextCodecAndBindingTests.Decode_ValidTokens_ExtractsSlotsInOrder" computerName="TOFU" duration="00:00:00.1323340" startTime="2026-09-18T09:12:42.8361480+07:00" endTime="2026-09-18T09:12:42.9685329+07:00" testType="13cdc9d9-ddb5-4fa4-a97d-d965ccfc6d4b" outcome="Passed" testListId="8c84fa94-04c1-424b-9868-57a2d4851a1d" relativeResultsDirectory="02f21f95-ab4a-4f45-bfbc-06beab9a5500" />
    <UnitTestResult executionId="a1348cd8-6b4f-416e-afdc-6df31166ce0a" testId="5d967018-5e57-aff0-45a9-8d5df5574df8" testName="FileHandler.Tests.Modules.PlainText.PlainTextServiceTests.PropagatesSourceErrors(sizeLimit: True)" computerName="TOFU" duration="00:00:00.0003238" startTime="2026-09-18T09:12:43.1419780+07:00" endTime="2026-09-18T09:12:43.1423270+07:00" testType="13cdc9d9-ddb5-4fa4-a97d-d965ccfc6d4b" outcome="Passed" testListId="8c84fa94-04c1-424b-9868-57a2d4851a1d" relativeResultsDirectory="a1348cd8-6b4f-416e-afdc-6df31166ce0a" />
    <UnitTestResult executionId="5f3d6b84-a4fc-4678-97d7-bc10ecbb7212" testId="f099ea4d-c76d-fd1e-0d83-0e2e186c88ad" testName="FileHandler.Tests.Diagnostics.DebugTraceMiddlewareTests.InvokeAsync_CannotCreateDirectoryStillCallsNextOnce" computerName="TOFU" duration="00:00:00.0082382" startTime="2026-09-18T09:12:43.1546131+07:00" endTime="2026-09-18T09:12:43.1628885+07:00" testType="13cdc9d9-ddb5-4fa4-a97d-d965ccfc6d4b" outcome="Passed" testListId="8c84fa94-04c1-424b-9868-57a2d4851a1d" relativeResultsDirectory="5f3d6b84-a4fc-4678-97d7-bc10ecbb7212" />
    <UnitTestResult executionId="d5eaf873-5e91-4627-a476-0671c9e1b221" testId="8b650ee9-88b1-708e-8c9b-9c696057c38d" testName="FileHandler.Tests.Modules.Markdown.MarkdownExtractorTests.ValidateStructure_ProtectsBlocksAndInlineTargets(before: &quot;[Hello](https://a.test)&quot;, after: &quot;[Bonjour](https://a.test)&quot;, valid: True)" computerName="TOFU" duration="00:00:00.0001383" startTime="2026-09-18T09:12:42.9930777+07:00" endTime="2026-09-18T09:12:42.9932410+07:00" testType="13cdc9d9-ddb5-4fa4-a97d-d965ccfc6d4b" outcome="Passed" testListId="8c84fa94-04c1-424b-9868-57a2d4851a1d" relativeResultsDirectory="d5eaf873-5e91-4627-a476-0671c9e1b221" />
    <UnitTestResult executionId="a7a1b8ea-5296-4e3e-97e1-1318ebbc301a" testId="48a5f744-9504-45be-6dbb-f54ae7c3ad91" testName="FileHandler.Tests.Common.FileTypeDetectorTests.PreservesOriginalAttachmentName(source: &quot;Deck.PPTX&quot;, expected: &quot;Deck.PPTX&quot;)" computerName="TOFU" duration="00:00:00.0000237" startTime="2026-09-18T09:12:43.1251747+07:00" endTime="2026-09-18T09:12:43.1252278+07:00" testType="13cdc9d9-ddb5-4fa4-a97d-d965ccfc6d4b" outcome="Passed" testListId="8c84fa94-04c1-424b-9868-57a2d4851a1d" relativeResultsDirectory="a7a1b8ea-5296-4e3e-97e1-1318ebbc301a" />
    <UnitTestResult executionId="e6176cda-5ef6-48d1-812d-4eb3c5c320d5" testId="662784e9-0e74-19f6-9397-95888d2d75d5" testName="FileHandler.Tests.Modules.Markdown.MarkdownTranslationApplierTests.Apply_PropagatesExtractionErrorsAndCountMismatch" computerName="TOFU" duration="00:00:00.0011961" startTime="2026-09-18T09:12:43.1053365+07:00" endTime="2026-09-18T09:12:43.1065729+07:00" testType="13cdc9d9-ddb5-4fa4-a97d-d965ccfc6d4b" outcome="Passed" testListId="8c84fa94-04c1-424b-9868-57a2d4851a1d" relativeResultsDirectory="e6176cda-5ef6-48d1-812d-4eb3c5c320d5" />
    <UnitTestResult executionId="2c6219c0-5509-4a49-867a-7acfedc22b00" testId="dcd9987f-71dd-1cbe-e3cf-0fbc2e5387aa" testName="FileHandler.Tests.Modules.PlainText.PlainTextServiceTests.RejectsCountMismatch(count: 0)" computerName="TOFU" duration="00:00:00.0002575" startTime="2026-09-18T09:12:43.1202605+07:00" endTime="2026-09-18T09:12:43.1205445+07:00" testType="13cdc9d9-ddb5-4fa4-a97d-d965ccfc6d4b" outcome="Passed" testListId="8c84fa94-04c1-424b-9868-57a2d4851a1d" relativeResultsDirectory="2c6219c0-5509-4a49-867a-7acfedc22b00" />
    <UnitTestResult executionId="ad789b61-948d-413d-b9e6-3cb328a7328f" testId="c8f6adfe-2706-fa53-a8ec-73260cd8422b" testName="FileHandler.Tests.Modules.PlainText.PlainTextSegmenterTests.RejectsExcessUnits(source: &quot;A&quot;, limit: 0)" computerName="TOFU" duration="00:00:00.0001655" startTime="2026-09-18T09:12:43.0267009+07:00" endTime="2026-09-18T09:12:43.0268885+07:00" testType="13cdc9d9-ddb5-4fa4-a97d-d965ccfc6d4b" outcome="Passed" testListId="8c84fa94-04c1-424b-9868-57a2d4851a1d" relativeResultsDirectory="ad789b61-948d-413d-b9e6-3cb328a7328f" />
[...]
    <TestEntry testId="90d1bfbd-845b-d129-f159-42d22c42c6ce" executionId="841d141d-b292-4759-bbdf-c180fde201fd" testListId="8c84fa94-04c1-424b-9868-57a2d4851a1d" />
    <TestEntry testId="7b33229f-ef41-90cd-8c53-720865bd7da5" executionId="05dda50e-d8f8-47ec-9fd7-280f7400264a" testListId="8c84fa94-04c1-424b-9868-57a2d4851a1d" />
    <TestEntry testId="e1ba0a59-3541-ae62-7e23-9a72dc47c8cf" executionId="ac75877b-6415-4ce0-9cbb-8e9fadf52b8e" testListId="8c84fa94-04c1-424b-9868-57a2d4851a1d" />
    <TestEntry testId="d6143197-37cc-f38d-d1dc-97e51f0f0084" executionId="993fe6d4-9812-40e5-a95c-54fbc9097f85" testListId="8c84fa94-04c1-424b-9868-57a2d4851a1d" />
    <TestEntry testId="51c583e0-cc41-a519-b4af-4cc337b181f0" executionId="3d7992e5-3619-4caf-921a-c5ccb2def4b5" testListId="8c84fa94-04c1-424b-9868-57a2d4851a1d" />
    <TestEntry testId="d39ab237-5187-0302-ed11-c9d40d80ad2f" executionId="5d9509fa-330e-4330-9356-81101f9901d9" testListId="8c84fa94-04c1-424b-9868-57a2d4851a1d" />
    <TestEntry testId="a0092c73-d595-21e6-99f6-a4b41b5bb5ed" executionId="d5a67c5d-80b1-43bb-8983-e71b93917dc0" testListId="8c84fa94-04c1-424b-9868-57a2d4851a1d" />
    <TestEntry testId="445a7723-adf4-0ca3-7c97-1142651af21a" executionId="167f1f8a-6321-4355-876e-aa60e4a17e58" testListId="8c84fa94-04c1-424b-9868-57a2d4851a1d" />
    <TestEntry testId="a17c7ad7-d8f3-3855-d983-271516ce4968" executionId="daa0f31b-b726-45ac-9f70-1c42524aaf6f" testListId="8c84fa94-04c1-424b-9868-57a2d4851a1d" />
    <TestEntry testId="4f65a761-d0bc-da9f-bf94-d971a78cb253" executionId="b27add54-f40e-4d13-b164-5a541c4313fe" testListId="8c84fa94-04c1-424b-9868-57a2d4851a1d" />
    <TestEntry testId="16380bf7-8022-85c5-1238-51a385ab596a" executionId="01baec70-7804-477e-9661-9fb873131b22" testListId="8c84fa94-04c1-424b-9868-57a2d4851a1d" />
    <TestEntry testId="ae9552db-5b75-2269-a874-59f6258a3b7e" executionId="a3a7eb71-dd48-45d4-88f9-f790eafb0231" testListId="8c84fa94-04c1-424b-9868-57a2d4851a1d" />
    <TestEntry testId="dcceee13-6bc5-27e1-13ee-9c9c3997b0d3" executionId="0de6c59e-7e66-49c8-a4f6-7db16c47b106" testListId="8c84fa94-04c1-424b-9868-57a2d4851a1d" />
    <TestEntry testId="3c3a58ce-f67c-1fff-7f70-431144e2c496" executionId="09a406c9-000f-4a7f-9b25-cfe3eaae8f29" testListId="8c84fa94-04c1-424b-9868-57a2d4851a1d" />
    <TestEntry testId="244fb408-f161-163b-0631-056d18dafd28" executionId="048f5a4d-d8f5-4a48-83ce-96ba5cd900c9" testListId="8c84fa94-04c1-424b-9868-57a2d4851a1d" />
    <TestEntry testId="6e2fb7d9-6ce3-3126-18d6-ddf2e714af8c" executionId="916a78be-0d5d-4ffc-a688-217d59725901" testListId="8c84fa94-04c1-424b-9868-57a2d4851a1d" />
    <TestEntry testId="70201412-7655-82c1-6df7-b4fde32449ce" executionId="64137272-b7fe-4410-9578-1920593f1732" testListId="8c84fa94-04c1-424b-9868-57a2d4851a1d" />
    <TestEntry testId="b6ea78bf-fb81-a1ee-7afd-863ccde0ff01" executionId="563338d7-6a3d-432c-a621-6e58122a0b48" testListId="8c84fa94-04c1-424b-9868-57a2d4851a1d" />
    <TestEntry testId="216df590-9ff3-2b45-3b81-ddf142e4e76d" executionId="a45856e7-00d9-44c2-a078-037c2d5ebceb" testListId="8c84fa94-04c1-424b-9868-57a2d4851a1d" />
    <TestEntry testId="a8746dd9-08e5-3039-bc6e-92242e43e11f" executionId="a7966e02-593a-4cdf-a34f-1f788d4d1ce5" testListId="8c84fa94-04c1-424b-9868-57a2d4851a1d" />
    <TestEntry testId="5384d886-02fe-2837-8d72-643dca71e133" executionId="8cac027e-e244-4df9-9538-687159b46791" testListId="8c84fa94-04c1-424b-9868-57a2d4851a1d" />
    <TestEntry testId="b13a78de-ee89-6bfb-3c76-95ca270b226d" executionId="b4c1b265-d094-4f2b-ba7f-4fedbd7e0a5e" testListId="8c84fa94-04c1-424b-9868-57a2d4851a1d" />
    <TestEntry testId="958cc1d5-771a-311a-7525-8be18e366868" executionId="2bdf7d90-fde5-40e2-b75f-5734b1983e98" testListId="8c84fa94-04c1-424b-9868-57a2d4851a1d" />
    <TestEntry testId="58450d44-1184-bae6-db30-e8a3573ea8c2" executionId="93e89909-f5e7-47d0-ac6d-84124c8b6de0" testListId="8c84fa94-04c1-424b-9868-57a2d4851a1d" />
    <TestEntry testId="9c5b673a-da6d-8ce2-5957-fbdff679221c" executionId="cdf4601f-0d7e-4fd6-b37b-c916b91c12df" testListId="8c84fa94-04c1-424b-9868-57a2d4851a1d" />
    <TestEntry testId="37f6a34b-6181-1583-7a94-a28c028f3efd" executionId="b9d33d76-1eb8-4d21-b663-465770fde242" testListId="8c84fa94-04c1-424b-9868-57a2d4851a1d" />
    <TestEntry testId="9cbe6f34-d981-e9c8-e4a1-25d1b9415b9e" executionId="989f0c95-2a3c-4aac-9a2b-61c24c2dee10" testListId="8c84fa94-04c1-424b-9868-57a2d4851a1d" />
    <TestEntry testId="290bdbb9-aa67-83e7-b6a9-dbe06c274232" executionId="782158f5-f0b1-423c-850f-52626b86f4be" testListId="8c84fa94-04c1-424b-9868-57a2d4851a1d" />
    <TestEntry testId="dbafc39e-927b-e764-f72c-8ebf2e46bd58" executionId="948d085a-5f76-4e05-85dc-f743fd55d9ea" testListId="8c84fa94-04c1-424b-9868-57a2d4851a1d" />
    <TestEntry testId="68c7f453-96c2-17fe-4bdf-908bc1c81a7c" executionId="76cc4faf-f2d1-428d-bee8-b870dcd7581f" testListId="8c84fa94-04c1-424b-9868-57a2d4851a1d" />
    <TestEntry testId="8efcb8a0-03f8-c325-7e57-262b2398f5d4" executionId="8947908b-9342-4580-9841-f74a72bdff03" testListId="8c84fa94-04c1-424b-9868-57a2d4851a1d" />
    <TestEntry testId="cd2e9a99-fd0f-64a0-1e21-ab663119c29b" executionId="f7cb34b9-403e-4161-9340-bdbd63337c2a" testListId="8c84fa94-04c1-424b-9868-57a2d4851a1d" />
    <TestEntry testId="e1ce5f4d-8574-1d81-1537-4ae8eadcbaa1" executionId="08c0db5e-62a7-4f73-ac99-1dbaa8b7130c" testListId="8c84fa94-04c1-424b-9868-57a2d4851a1d" />
    <TestEntry testId="c9355402-324a-ca9c-24b4-a9a9d74733ad" executionId="8c99f03f-6d55-4932-af7e-380d165b536e" testListId="8c84fa94-04c1-424b-9868-57a2d4851a1d" />
    <TestEntry testId="ab5a1b86-da15-fafc-94de-e201c5f05101" executionId="aa5e07aa-8fc6-4c55-b186-7cdcb1206626" testListId="8c84fa94-04c1-424b-9868-57a2d4851a1d" />
    <TestEntry testId="31f556cb-9c3b-fd87-8c87-0cee3ba528df" executionId="017170b9-e009-4857-a544-8fd79ab78156" testListId="8c84fa94-04c1-424b-9868-57a2d4851a1d" />
    <TestEntry testId="c5f93e41-0bfa-9cca-3078-bb0c562eb65c" executionId="c4780916-2a8b-4198-b4c9-1998b5b3578d" testListId="8c84fa94-04c1-424b-9868-57a2d4851a1d" />
    <TestEntry testId="52b70a87-86b6-8945-6331-e290727a4ec2" executionId="bbe4ad39-d4fc-4fbe-8e44-4741fcc705f1" testListId="8c84fa94-04c1-424b-9868-57a2d4851a1d" />
    <TestEntry testId="1fc646cf-d982-fb43-35b6-37f8afb82fea" executionId="3f0cae4f-cf2c-485f-bac4-320377b59a5f" testListId="8c84fa94-04c1-424b-9868-57a2d4851a1d" />
    <TestEntry testId="c0cad581-442e-e477-4326-7f3df87554bc" executionId="18b2df3b-7054-4435-9516-7b3fee82bc25" testListId="8c84fa94-04c1-424b-9868-57a2d4851a1d" />
    <TestEntry testId="9d7ce52b-047b-eb5b-39fc-d6982ff97068" executionId="f4fc3da1-1b9d-4262-ade9-aed02c33630c" testListId="8c84fa94-04c1-424b-9868-57a2d4851a1d" />
    <TestEntry testId="b2bdce56-99d1-04d2-11e3-b41398a57dfe" executionId="bf4a3117-14cc-432d-b4a3-e9ea43e3cb04" testListId="8c84fa94-04c1-424b-9868-57a2d4851a1d" />
    <TestEntry testId="a81a43f3-1e09-abf0-b5aa-6b20b4944120" executionId="bf2def67-0ff9-466b-82f0-c53c61d6db17" testListId="8c84fa94-04c1-424b-9868-57a2d4851a1d" />
    <TestEntry testId="ac6bdef7-5bbd-d9e4-36ea-2afc5a81cf05" executionId="b0fca47c-d473-47f7-ad28-2295427c009c" testListId="8c84fa94-04c1-424b-9868-57a2d4851a1d" />
    <TestEntry testId="d53ad50f-3add-b074-9940-e94b5f93d0a8" executionId="4f0eb101-13a8-46a6-a0cd-7f88ea5d08f2" testListId="8c84fa94-04c1-424b-9868-57a2d4851a1d" />
    <TestEntry testId="0397993a-c6aa-90f9-100c-4700ecde4142" executionId="0e6204e9-a96b-46e4-a9b8-257428e1a61d" testListId="8c84fa94-04c1-424b-9868-57a2d4851a1d" />
    <TestEntry testId="15a4169b-70b1-ec39-a8f9-2089cc007d47" executionId="a9a7b8e0-754f-4d4b-88ac-26066e3097d5" testListId="8c84fa94-04c1-424b-9868-57a2d4851a1d" />
    <TestEntry testId="e48b0b7c-b1a4-9484-ae7d-3d8ea833c136" executionId="8d1f8df0-d39a-46ec-b925-d3cdde917956" testListId="8c84fa94-04c1-424b-9868-57a2d4851a1d" />
    <TestEntry testId="2eb58b26-cc7d-8831-901c-ed0736fba22f" executionId="d4655a5d-c1f1-4caa-9e06-6bc4adcc8fef" testListId="8c84fa94-04c1-424b-9868-57a2d4851a1d" />
    <TestEntry testId="4368c7fc-f3ec-47d5-6434-c992d62aa7c0" executionId="6ccb80b7-2ffe-4b55-b749-6673a89c4b22" testListId="8c84fa94-04c1-424b-9868-57a2d4851a1d" />
    <TestEntry testId="9626a0e8-4df3-8834-992f-9813e41f4773" executionId="ae036a56-622e-46cc-a752-4ee8b7afbad2" testListId="8c84fa94-04c1-424b-9868-57a2d4851a1d" />
    <TestEntry testId="834a8d3d-617b-28c0-e55c-80ba7e0a86d3" executionId="661eb7d6-b8bc-4079-ac62-d2f8cdb51f6b" testListId="8c84fa94-04c1-424b-9868-57a2d4851a1d" />
    <TestEntry testId="6499a875-144a-e664-b410-20d13c34dc1c" executionId="29d64788-2baa-42d3-9099-1f9c9bb1b5c1" testListId="8c84fa94-04c1-424b-9868-57a2d4851a1d" />
    <TestEntry testId="54a5ca33-7ec0-642c-3bdf-0a331044495a" executionId="449fc0d9-2cc0-49cd-af31-78d2ba040426" testListId="8c84fa94-04c1-424b-9868-57a2d4851a1d" />
    <TestEntry testId="d7f8be77-5ea7-ed3d-9ede-60f86c8d184a" executionId="9eeea516-5f36-49ab-9015-b962516001cd" testListId="8c84fa94-04c1-424b-9868-57a2d4851a1d" />
    <TestEntry testId="e14b8965-34d2-0a6c-6638-1832e4b085e1" executionId="dd3a4d8f-d7fa-48a4-b11d-c3e48940bc2e" testListId="8c84fa94-04c1-424b-9868-57a2d4851a1d" />
    <TestEntry testId="6f025e76-c755-2626-7d3b-0dcbe9217480" executionId="0cced05f-48a2-4355-95be-48660388f7d0" testListId="8c84fa94-04c1-424b-9868-57a2d4851a1d" />
    <TestEntry testId="8092fb95-bce0-448f-b9ea-f0a13448846b" executionId="defe3704-62b1-4bab-ab4f-799227980d5c" testListId="8c84fa94-04c1-424b-9868-57a2d4851a1d" />
    <TestEntry testId="561699d2-c75a-f547-2336-bc51ce3026d1" executionId="144ef674-a4c2-4a31-bc06-01e371450cd1" testListId="8c84fa94-04c1-424b-9868-57a2d4851a1d" />
    <TestEntry testId="937d5af8-bae8-5490-fe92-7e6f0a1b44ea" executionId="da30fa44-3e38-421b-8b82-f3e90b02fce3" testListId="8c84fa94-04c1-424b-9868-57a2d4851a1d" />
    <TestEntry testId="041154c4-5a48-7d53-88f7-246a6c948c45" executionId="6cdbdca3-d821-4a79-8256-44a44b12b39d" testListId="8c84fa94-04c1-424b-9868-57a2d4851a1d" />
    <TestEntry testId="527d41f3-8259-70d7-213d-c2d66eb5b815" executionId="c983a618-4e89-4a42-ab30-be215fff923e" testListId="8c84fa94-04c1-424b-9868-57a2d4851a1d" />
    <TestEntry testId="ab8c4ba0-f6ed-db58-785c-c2199b9479b6" executionId="c58faf65-d9ae-4919-a54e-ddbdf84ad5bf" testListId="8c84fa94-04c1-424b-9868-57a2d4851a1d" />
    <TestEntry testId="d24fcc4a-6f4b-5ce3-93eb-eb689ee1b57c" executionId="d658f6e0-a4b2-4392-aafb-95c5bd5a9c19" testListId="8c84fa94-04c1-424b-9868-57a2d4851a1d" />
    <TestEntry testId="44bb6072-108c-b65a-4688-66a8adaf4e5e" executionId="2269a7a7-a20d-41e9-93fa-3c3779d2c241" testListId="8c84fa94-04c1-424b-9868-57a2d4851a1d" />
    <TestEntry testId="887a2329-3b57-5b1b-d60e-58d8c211dab2" executionId="e2a5a651-dae3-4f60-b369-99beae88f841" testListId="8c84fa94-04c1-424b-9868-57a2d4851a1d" />
    <TestEntry testId="9ab41f3d-b78a-2fa3-3656-a2ba870fd6bc" executionId="d47c9d4e-8135-483d-96ec-0347c994013e" testListId="8c84fa94-04c1-424b-9868-57a2d4851a1d" />
    <TestEntry testId="de175096-debc-4ee2-bd82-706db6479631" executionId="c6cc61be-9e9f-478e-888e-3872b6276d7f" testListId="8c84fa94-04c1-424b-9868-57a2d4851a1d" />
    <TestEntry testId="913791f7-18b1-f8a1-90f9-43c1de154eb6" executionId="2779bac9-3f02-4e4b-95a2-86a2d9693ca2" testListId="8c84fa94-04c1-424b-9868-57a2d4851a1d" />
    <TestEntry testId="e8ad5726-418a-3739-65d6-4a0ec3c2c4f0" executionId="c3b52db4-d619-4e7f-bffa-afeba65b8337" testListId="8c84fa94-04c1-424b-9868-57a2d4851a1d" />
    <TestEntry testId="3ba25545-a1e6-6e60-736f-6d6965adde50" executionId="f7b3dfb5-7ee6-4ac5-b4ff-5d5d2b19ebf5" testListId="8c84fa94-04c1-424b-9868-57a2d4851a1d" />
    <TestEntry testId="8bb2216e-f9d5-9392-399a-a9d60d26ae75" executionId="e83652cc-901d-4e2b-9a61-5e225cde6cc2" testListId="8c84fa94-04c1-424b-9868-57a2d4851a1d" />
    <TestEntry testId="f53ef7a4-63b5-61ca-897d-4be91661e7d3" executionId="dfb6755d-5245-4d0e-b31e-03383a871135" testListId="8c84fa94-04c1-424b-9868-57a2d4851a1d" />
    <TestEntry testId="ab7812e9-778b-260f-6d1a-0d8b85392b7d" executionId="7c81e740-7317-4d7f-8b4b-88c82a24880b" testListId="8c84fa94-04c1-424b-9868-57a2d4851a1d" />
    <TestEntry testId="016dd5c5-ad7d-e475-bb07-41c77c276245" executionId="d6da83ea-42a1-416e-ab90-8aca1b8b93d4" testListId="8c84fa94-04c1-424b-9868-57a2d4851a1d" />
    <TestEntry testId="af0bae40-a49a-aa10-4699-0fd168b68c06" executionId="490b7704-fb92-4dbc-957d-51d647bdb517" testListId="8c84fa94-04c1-424b-9868-57a2d4851a1d" />
    <TestEntry testId="6f1ac53a-139c-0504-3be6-e59a4f894808" executionId="20fe4e24-776c-4411-8e1d-b89568516b9d" testListId="8c84fa94-04c1-424b-9868-57a2d4851a1d" />
    <TestEntry testId="ed24907c-d8dd-619b-e945-e31db40b6a90" executionId="43283522-59b4-4258-8f98-46212ed67231" testListId="8c84fa94-04c1-424b-9868-57a2d4851a1d" />
    <TestEntry testId="da7a6684-75a3-5e5f-4dfd-15299431c2c7" executionId="aa7da8b7-289a-4f03-879f-00960b8bdeaf" testListId="8c84fa94-04c1-424b-9868-57a2d4851a1d" />
    <TestEntry testId="6c80bc22-6719-ab69-9d6b-b53015f28eb1" executionId="0b9431eb-3bfc-48d6-a4f0-df6b62f85aaf" testListId="8c84fa94-04c1-424b-9868-57a2d4851a1d" />
    <TestEntry testId="25926472-a364-ffeb-5b93-80695e353950" executionId="9be9f5a3-f950-4266-96f2-5ab0e1cba6f1" testListId="8c84fa94-04c1-424b-9868-57a2d4851a1d" />
    <TestEntry testId="dcfe3f5d-f199-9868-7a90-41e7749c6f0f" executionId="99a6bc06-b1e1-49de-b1f5-b7da1df7e740" testListId="8c84fa94-04c1-424b-9868-57a2d4851a1d" />
    <TestEntry testId="96b66d1c-e889-3324-57a6-bbb05beeb66b" executionId="07b7b57f-d371-4b14-be6f-b1781dcbca5b" testListId="8c84fa94-04c1-424b-9868-57a2d4851a1d" />
    <TestEntry testId="2a842fca-934a-2c3e-e381-291ad163fa70" executionId="8af491e2-13dd-4bff-8cb0-a90676acd159" testListId="8c84fa94-04c1-424b-9868-57a2d4851a1d" />
    <TestEntry testId="17221b6d-8d52-cd01-71a8-442b908d238a" executionId="d4895928-4a6e-49ef-8997-1f145ccd9496" testListId="8c84fa94-04c1-424b-9868-57a2d4851a1d" />
    <TestEntry testId="53cb3a4e-61f6-514b-4afe-ff5b48bda2aa" executionId="24cbc28d-f940-4efb-ba98-ffc01fd5e5ae" testListId="8c84fa94-04c1-424b-9868-57a2d4851a1d" />
    <TestEntry testId="5b4fc875-3064-bf4c-68e7-bb45b8ab7a76" executionId="51a1f05e-9602-4ab1-ac86-96ff1ea8a25d" testListId="8c84fa94-04c1-424b-9868-57a2d4851a1d" />
    <TestEntry testId="19d6d8e4-ebd9-a755-1801-b6d5170e78b5" executionId="a19f8202-cca4-4ddf-9fc6-e576e3cae071" testListId="8c84fa94-04c1-424b-9868-57a2d4851a1d" />
    <TestEntry testId="5757c5f3-82c4-27f1-7c5b-a018ec4d733f" executionId="b5aa26e1-9d90-4b18-9b59-9feb2156ff01" testListId="8c84fa94-04c1-424b-9868-57a2d4851a1d" />
    <TestEntry testId="5419b5c9-4f11-ddcd-2e62-fda60f6e65fc" executionId="3c753a37-4cc0-4958-8c3c-f48217adb9a0" testListId="8c84fa94-04c1-424b-9868-57a2d4851a1d" />
    <TestEntry testId="2aae3276-e271-b1b0-c733-5425869c5669" executionId="553e1b66-e2fd-431e-a083-bb3f6871bcc7" testListId="8c84fa94-04c1-424b-9868-57a2d4851a1d" />
    <TestEntry testId="8275b615-9ee5-7054-5796-9674c0e0925c" executionId="4fd05cc5-8506-4a20-9ef3-570bd963dab6" testListId="8c84fa94-04c1-424b-9868-57a2d4851a1d" />
    <TestEntry testId="595fa0a4-13f2-f990-45ef-2be629954915" executionId="899c9942-215a-46a1-9dd3-24af2da508b2" testListId="8c84fa94-04c1-424b-9868-57a2d4851a1d" />
    <TestEntry testId="93b74934-ad7d-b010-0fba-b4f5aae53e55" executionId="9157540b-1474-475e-8557-01ab2e637467" testListId="8c84fa94-04c1-424b-9868-57a2d4851a1d" />
    <TestEntry testId="22b419df-7dc5-dd6f-1535-d7a8130fba20" executionId="ef9ad7e5-21e7-4ed4-9ee6-9ab9aff2c483" testListId="8c84fa94-04c1-424b-9868-57a2d4851a1d" />
    <TestEntry testId="983cec73-ce4d-e6c4-1d81-bbd92d676edd" executionId="664f1562-f3e6-4e48-a195-2cd008e9dd7b" testListId="8c84fa94-04c1-424b-9868-57a2d4851a1d" />
    <TestEntry testId="fc45a577-bb39-341c-dea0-1445c84ae79e" executionId="5fac06ea-c7c8-482f-b210-9efb3c6dd721" testListId="8c84fa94-04c1-424b-9868-57a2d4851a1d" />
    <TestEntry testId="c7feea64-d6af-5f2f-3336-4790e8c5f40d" executionId="b00a22ed-f807-406f-9632-07db54b5c1fa" testListId="8c84fa94-04c1-424b-9868-57a2d4851a1d" />
    <TestEntry testId="757e1da9-e5f4-1ae0-f633-9280dbe26894" executionId="e07294a4-8448-4bee-a337-96c3a775e1b5" testListId="8c84fa94-04c1-424b-9868-57a2d4851a1d" />
    <TestEntry testId="099baf2e-d4b6-001e-96a7-7181c2d356a7" executionId="1ec538c1-4fef-442b-8138-a6ea7249164f" testListId="8c84fa94-04c1-424b-9868-57a2d4851a1d" />
    <TestEntry testId="978d9eb3-40ae-5eab-50c8-3a2b1cfdac6c" executionId="40826e6e-22d2-4bb7-8144-51c07e112b90" testListId="8c84fa94-04c1-424b-9868-57a2d4851a1d" />
    <TestEntry testId="b0850129-e862-1dcd-4fb2-449626409253" executionId="4b4ca752-a29f-45e3-acad-7dd4a9c224e8" testListId="8c84fa94-04c1-424b-9868-57a2d4851a1d" />
    <TestEntry testId="d720a001-e245-1294-ee63-8e77b709def6" executionId="17089e13-a698-4b2e-8210-1e76ad421f12" testListId="8c84fa94-04c1-424b-9868-57a2d4851a1d" />
    <TestEntry testId="31f3a164-a0f7-704a-8fe6-52321f5792ce" executionId="c5ddf470-7ad0-4b75-8eb2-cb0ed2752a48" testListId="8c84fa94-04c1-424b-9868-57a2d4851a1d" />
    <TestEntry testId="74905a7a-dda8-7fdb-034f-046ae913839a" executionId="03f9bc14-18ba-4ee2-b6f7-867b9a6c107e" testListId="8c84fa94-04c1-424b-9868-57a2d4851a1d" />
    <TestEntry testId="477eb030-c35c-3d09-2049-ff76c904480c" executionId="70c87f3a-4839-4258-bb70-796da8d1748f" testListId="8c84fa94-04c1-424b-9868-57a2d4851a1d" />
    <TestEntry testId="03b6c75d-4c51-f339-6319-01eac4674cf7" executionId="c86c5d4a-6c9c-41a1-b409-adc5bce50f85" testListId="8c84fa94-04c1-424b-9868-57a2d4851a1d" />
    <TestEntry testId="6461f272-959b-87e9-1b20-652c11735a7b" executionId="77b87fd6-6c09-4be1-89ca-5086f92801ca" testListId="8c84fa94-04c1-424b-9868-57a2d4851a1d" />
    <TestEntry testId="40cb82a1-26a7-45c9-f331-d68208ab35ba" executionId="98f851a0-5624-4990-a5e8-c42f90ba9d63" testListId="8c84fa94-04c1-424b-9868-57a2d4851a1d" />
    <TestEntry testId="1021dd24-c8e0-7d67-8c24-0ce3dd16cd5b" executionId="533ecfb1-7f7c-467c-b745-cd3821aa0520" testListId="8c84fa94-04c1-424b-9868-57a2d4851a1d" />
    <TestEntry testId="6d0fad59-442a-b9c3-371a-49f837a1c438" executionId="96840e73-bdca-44ee-9002-26f615ef8697" testListId="8c84fa94-04c1-424b-9868-57a2d4851a1d" />
    <TestEntry testId="fb8d4c88-17e8-cdfc-2622-d776d332e403" executionId="f7c99cfd-137f-488c-886c-f7cb43a5c974" testListId="8c84fa94-04c1-424b-9868-57a2d4851a1d" />
    <TestEntry testId="2a8ad839-abc0-a144-b018-0e9f08a799e4" executionId="59d37f0d-9d61-4ed3-9088-9eb9803633c1" testListId="8c84fa94-04c1-424b-9868-57a2d4851a1d" />
    <TestEntry testId="da36d4df-896e-89a2-6d86-da23f8c22abd" executionId="df0155c1-b5eb-4dd3-87a4-136ad6635bed" testListId="8c84fa94-04c1-424b-9868-57a2d4851a1d" />
    <TestEntry testId="f61dea73-9216-a8dc-584f-56879a772fd9" executionId="9decfb57-d3f3-491b-b5a6-65019d95bedd" testListId="8c84fa94-04c1-424b-9868-57a2d4851a1d" />
  </TestEntries>
  <TestLists>
    <TestList name="Results Not in a List" id="8c84fa94-04c1-424b-9868-57a2d4851a1d" />
    <TestList name="All Loaded Results" id="19431567-8539-422a-85d7-44ee4e166bda" />
  </TestLists>
  <ResultSummary outcome="Completed">
    <Counters total="359" executed="359" passed="359" failed="0" error="0" timeout="0" aborted="0" inconclusive="0" passedButRunAborted="0" notRunnable="0" notExecuted="0" disconnected="0" warning="0" completed="0" inProgress="0" pending="0" />
    <Output>
      <StdOut>[xUnit.net 00:00:00.00] xUnit.net VSTest Adapter v3.1.5+1b188a7b0a (64-bit .NET 10.0.12)&#xD;
[xUnit.net 00:00:00.78]   Discovering: FileHandler.Tests&#xD;
[xUnit.net 00:00:01.07]   Discovered:  FileHandler.Tests&#xD;
[xUnit.net 00:00:01.27]   Starting:    FileHandler.Tests&#xD;
[xUnit.net 00:00:03.02]   Finished:    FileHandler.Tests (ID = '4c64af4a2d734a84f9e2ad3c589cb0603c6ce5b148c30c738e29524e9d7b0b9c')&#xD;
</StdOut>
    </Output>
  </ResultSummary>
</TestRun>