<?xml version="1.0" encoding="utf-8"?>
<TestRun id="576b6838-014d-468b-aa32-12b128661895" name="bqhai@TOFU 2026-09-18 09:17:52" runUser="Tofu\CodexSandboxOffline" xmlns="http://microsoft.com/schemas/VisualStudio/TeamTest/2010">
  <Times creation="2026-09-18T09:17:52.9662312+07:00" queuing="2026-09-18T09:17:52.9662315+07:00" start="2026-09-18T09:17:51.7790416+07:00" finish="2026-09-18T09:17:53.9106851+07:00" />
  <TestSettings name="default" id="c88af0f1-f749-40c0-b0a2-56240925be4e">
    <Deployment runDeploymentRoot="bqhai_TOFU_2026-09-18_09_17_52" />
  </TestSettings>
  <Results>
    <UnitTestResult executionId="dde3214b-a862-421e-be98-f9b6869534d2" testId="4b978a2b-7d9e-7685-1784-4686ff40daba" testName="FileHandler.Tests.Common.FileTypeDetectorTests.SanitizesOutputName" computerName="TOFU" duration="00:00:00.0000997" startTime="2026-09-18T09:17:53.0087329+07:00" endTime="2026-09-18T09:17:53.0088564+07:00" testType="13cdc9d9-ddb5-4fa4-a97d-d965ccfc6d4b" outcome="Passed" testListId="8c84fa94-04c1-424b-9868-57a2d4851a1d" relativeResultsDirectory="dde3214b-a862-421e-be98-f9b6869534d2" />
    <UnitTestResult executionId="09668e7a-275c-4e7f-a1ad-b53faf970316" testId="4368c7fc-f3ec-47d5-6434-c992d62aa7c0" testName="FileHandler.Tests.Modules.PlainText.PlainTextSegmenterTests.ObservesCancellation(length: 0)" computerName="TOFU" duration="00:00:00.0013427" startTime="2026-09-18T09:17:52.9416147+07:00" endTime="2026-09-18T09:17:52.9429886+07:00" testType="13cdc9d9-ddb5-4fa4-a97d-d965ccfc6d4b" outcome="Passed" testListId="8c84fa94-04c1-424b-9868-57a2d4851a1d" relativeResultsDirectory="09668e7a-275c-4e7f-a1ad-b53faf970316" />
    <UnitTestResult executionId="e818f647-7003-4757-918b-ead8e0b1cfa3" testId="af86579b-7649-bb31-8e5e-86bc430daefb" testName="FileHandler.Tests.Diagnostics.TraceValueTests.Format_BoundsLengthDepthAndCollectionSize" computerName="TOFU" duration="00:00:00.0031828" startTime="2026-09-18T09:17:53.0931753+07:00" endTime="2026-09-18T09:17:53.0963938+07:00" testType="13cdc9d9-ddb5-4fa4-a97d-d965ccfc6d4b" outcome="Passed" testListId="8c84fa94-04c1-424b-9868-57a2d4851a1d" relativeResultsDirectory="e818f647-7003-4757-918b-ead8e0b1cfa3" />
    <UnitTestResult executionId="b2b3b1e7-0ba1-451f-9f68-932ace8bb312" testId="662784e9-0e74-19f6-9397-95888d2d75d5" testName="FileHandler.Tests.Modules.Markdown.MarkdownTranslationApplierTests.Apply_PropagatesExtractionErrorsAndCountMismatch" computerName="TOFU" duration="00:00:00.0012167" startTime="2026-09-18T09:17:53.0750715+07:00" endTime="2026-09-18T09:17:53.0763201+07:00" testType="13cdc9d9-ddb5-4fa4-a97d-d965ccfc6d4b" outcome="Passed" testListId="8c84fa94-04c1-424b-9868-57a2d4851a1d" relativeResultsDirectory="b2b3b1e7-0ba1-451f-9f68-932ace8bb312" />
    <UnitTestResult executionId="d78260a9-a4bc-4ed3-9eb4-dcff8d6337ce" testId="c314e823-ad75-49eb-41e8-193bb79632f4" testName="FileHandler.Tests.Modules.Markdown.MarkdownMarkerCodecTests.ReservesLiteralIdsIncludingLeadingZeros" computerName="TOFU" duration="00:00:00.0005643" startTime="2026-09-18T09:17:53.1151524+07:00" endTime="2026-09-18T09:17:53.1157484+07:00" testType="13cdc9d9-ddb5-4fa4-a97d-d965ccfc6d4b" outcome="Passed" testListId="8c84fa94-04c1-424b-9868-57a2d4851a1d" relativeResultsDirectory="d78260a9-a4bc-4ed3-9eb4-dcff8d6337ce" />
    <UnitTestResult executionId="85424888-3991-4cec-a2d4-6ee3a4b3de93" testId="4286f9fa-c999-acf5-5e9d-6846aa807408" testName="FileHandler.Tests.Api.FilesControllerTests.Export_MapsResourceLimitsTo413(limit: &quot;translation&quot;, code: &quot;translation_too_long&quot;)" computerName="TOFU" duration="00:00:00.0004022" startTime="2026-09-18T09:17:53.0988533+07:00" endTime="2026-09-18T09:17:53.0992849+07:00" testType="13cdc9d9-ddb5-4fa4-a97d-d965ccfc6d4b" outcome="Passed" testListId="8c84fa94-04c1-424b-9868-57a2d4851a1d" relativeResultsDirectory="85424888-3991-4cec-a2d4-6ee3a4b3de93" />
    <UnitTestResult executionId="a1224585-9222-41c7-b33e-2502f283bf35" testId="b679313d-2e31-f136-c939-70bd916c6715" testName="FileHandler.Tests.Modules.Markdown.MarkdownExtractorTests.Extract_ProtectsInlineSource(source: &quot;Read &lt;b&gt;text&lt;/b&gt;&quot;, protectedSource: &quot;&lt;b&gt;&quot;)" computerName="TOFU" duration="00:00:00.0004102" startTime="2026-09-18T09:17:53.0074935+07:00" endTime="2026-09-18T09:17:53.0079370+07:00" testType="13cdc9d9-ddb5-4fa4-a97d-d965ccfc6d4b" outcome="Passed" testListId="8c84fa94-04c1-424b-9868-57a2d4851a1d" relativeResultsDirectory="a1224585-9222-41c7-b33e-2502f283bf35" />
    <UnitTestResult executionId="44c17dc1-b0a5-4562-b460-313f4712e41a" testId="32979019-7d34-8898-0b6c-7b2962261d17" testName="FileHandler.Tests.Modules.Markdown.MarkdownTranslationApplierTests.Apply_RejectsInvalidMarkersAtomically(translation: &quot;&lt;ox:r00&gt;x&lt;/ox:r00&gt;&quot;, code: &quot;invalid_marker_syntax&quot;)" computerName="TOFU" duration="00:00:00.0001644" startTime="2026-09-18T09:17:53.0613388+07:00" endTime="2026-09-18T09:17:53.0615303+07:00" testType="13cdc9d9-ddb5-4fa4-a97d-d965ccfc6d4b" outcome="Passed" testListId="8c84fa94-04c1-424b-9868-57a2d4851a1d" relativeResultsDirectory="44c17dc1-b0a5-4562-b460-313f4712e41a" />
    <UnitTestResult executionId="5d937cf7-95a9-43be-b218-af0003ec5e40" testId="254bf367-dbc0-91aa-ae7c-f29aa0f04c38" testName="FileHandler.Tests.Modules.Office.OfficeReviewRegressionTests.PowerPoint_MultipleParagraphs_StayIndependent" computerName="TOFU" duration="00:00:00.0420420" startTime="2026-09-18T09:17:53.2871560+07:00" endTime="2026-09-18T09:17:53.3292364+07:00" testType="13cdc9d9-ddb5-4fa4-a97d-d965ccfc6d4b" outcome="Passed" testListId="8c84fa94-04c1-424b-9868-57a2d4851a1d" relativeResultsDirectory="5d937cf7-95a9-43be-b218-af0003ec5e40" />
    <UnitTestResult executionId="83be6b33-9d8d-4b51-ac5c-9e9e300d0ca8" testId="40bfac6f-ccc6-fe2e-cf55-b243c6cabe53" testName="FileHandler.Tests.Modules.Markdown.MarkdownExtractorTests.Extract_SkipsNonTranslatableContent(text: &quot;&quot;)" computerName="TOFU" duration="00:00:00.0414456" startTime="2026-09-18T09:17:52.9051253+07:00" endTime="2026-09-18T09:17:52.9501675+07:00" testType="13cdc9d9-ddb5-4fa4-a97d-d965ccfc6d4b" outcome="Passed" testListId="8c84fa94-04c1-424b-9868-57a2d4851a1d" relativeResultsDirectory="83be6b33-9d8d-4b51-ac5c-9e9e300d0ca8" />
    <UnitTestResult executionId="688dd3dd-a774-4f09-a168-db8e09bb909d" testId="26931c1d-9548-ad7b-d3bd-3ff1f82a5eba" testName="FileHandler.Tests.Modules.Word.WordModuleTests.W14_TranslationCountMismatch_ReturnsError" computerName="TOFU" duration="00:00:00.1344554" startTime="2026-09-18T09:17:53.0518431+07:00" endTime="2026-09-18T09:17:53.1863301+07:00" testType="13cdc9d9-ddb5-4fa4-a97d-d965ccfc6d4b" outcome="Passed" testListId="8c84fa94-04c1-424b-9868-57a2d4851a1d" relativeResultsDirectory="688dd3dd-a774-4f09-a168-db8e09bb909d" />
    <UnitTestResult executionId="bf345627-8f40-4848-8111-97c3d6b3111e" testId="c538e0fa-6775-7226-2b90-846e1926ec39" testName="FileHandler.Tests.Diagnostics.TraceStatePlacementTests.MarkdownExtraction_GroupsWorkBeforeProcessingAndSnapshotsBuffers" computerName="TOFU" duration="00:00:00.0186399" startTime="2026-09-18T09:17:53.3265575+07:00" endTime="2026-09-18T09:17:53.3452329+07:00" testType="13cdc9d9-ddb5-4fa4-a97d-d965ccfc6d4b" outcome="Passed" testListId="8c84fa94-04c1-424b-9868-57a2d4851a1d" relativeResultsDirectory="bf345627-8f40-4848-8111-97c3d6b3111e" />
    <UnitTestResult executionId="fdc81ac7-2632-434e-87b4-aaeefaced23e" testId="53cb3a4e-61f6-514b-4afe-ff5b48bda2aa" testName="FileHandler.Tests.Modules.Markdown.MarkdownPrimitiveTests.ReadAsync_PropagatesCancellation" computerName="TOFU" duration="00:00:00.0010761" startTime="2026-09-18T09:17:52.9766215+07:00" endTime="2026-09-18T09:17:52.9777294+07:00" testType="13cdc9d9-ddb5-4fa4-a97d-d965ccfc6d4b" outcome="Passed" testListId="8c84fa94-04c1-424b-9868-57a2d4851a1d" relativeResultsDirectory="fdc81ac7-2632-434e-87b4-aaeefaced23e" />
    <UnitTestResult executionId="308ffc4b-dcf7-4b37-a62f-4bccde1589e3" testId="2a8ad839-abc0-a144-b018-0e9f08a799e4" testName="FileHandler.Tests.Modules.Office.OfficeTraceAndApiTests.Export_PowerPointDocument_ReturnsTranslatedFile" computerName="TOFU" duration="00:00:00.0254809" startTime="2026-09-18T09:17:53.2836339+07:00" endTime="2026-09-18T09:17:53.3091478+07:00" testType="13cdc9d9-ddb5-4fa4-a97d-d965ccfc6d4b" outcome="Passed" testListId="8c84fa94-04c1-424b-9868-57a2d4851a1d" relativeResultsDirectory="308ffc4b-dcf7-4b37-a62f-4bccde1589e3" />
    <UnitTestResult executionId="f110cf73-e63e-474b-b8df-77d8ed6c47da" testId="b99963c8-70e1-0c66-15e6-c413668baddb" testName="FileHandler.Tests.Diagnostics.TraceStatePlacementTests.MarkdownExport_RecordsDecisionsAndReversePatchOrder" computerName="TOFU" duration="00:00:00.0490532" startTime="2026-09-18T09:17:53.0823341+07:00" endTime="2026-09-18T09:17:53.1314270+07:00" testType="13cdc9d9-ddb5-4fa4-a97d-d965ccfc6d4b" outcome="Passed" testListId="8c84fa94-04c1-424b-9868-57a2d4851a1d" relativeResultsDirectory="f110cf73-e63e-474b-b8df-77d8ed6c47da" />
    <UnitTestResult executionId="b1be26e3-a5a3-4afc-9618-cc79d3156115" testId="22b419df-7dc5-dd6f-1535-d7a8130fba20" testName="FileHandler.Tests.Modules.Markdown.MarkdownTranslationApplierTests.Apply_ValidatesEachTranslationWithSourceLocation(translation: &quot;&quot;, code: &quot;empty_translation&quot;)" computerName="TOFU" duration="00:00:00.0004413" startTime="2026-09-18T09:17:53.0657681+07:00" endTime="2026-09-18T09:17:53.0662410+07:00" testType="13cdc9d9-ddb5-4fa4-a97d-d965ccfc6d4b" outcome="Passed" testListId="8c84fa94-04c1-424b-9868-57a2d4851a1d" relativeResultsDirectory="b1be26e3-a5a3-4afc-9618-cc79d3156115" />
    <UnitTestResult executionId="78cf1e76-7121-486e-84dc-c7c1a724e30b" testId="68c7f453-96c2-17fe-4bdf-908bc1c81a7c" testName="FileHandler.Tests.Modules.Office.OfficeExportSessionAndBoundaryTests.BoundedStream_ExceedsLimit_ThrowsFileLimitException" computerName="TOFU" duration="00:00:00.0008576" startTime="2026-09-18T09:17:53.1139318+07:00" endTime="2026-09-18T09:17:53.1148254+07:00" testType="13cdc9d9-ddb5-4fa4-a97d-d965ccfc6d4b" outcome="Passed" testListId="8c84fa94-04c1-424b-9868-57a2d4851a1d" relativeResultsDirectory="78cf1e76-7121-486e-84dc-c7c1a724e30b" />
    <UnitTestResult executionId="204f666b-df55-44f3-a928-ea05732c92a5" testId="e1ba0a59-3541-ae62-7e23-9a72dc47c8cf" testName="FileHandler.Tests.Modules.Markdown.MarkdownExtractorTests.ValidateStructure_ProtectsBlocksAndInlineTargets(before: &quot;[Hello](https://a.test)&quot;, after: &quot;[Hello](https://b.test)&quot;, valid: False)" computerName="TOFU" duration="00:00:00.0008162" startTime="2026-09-18T09:17:53.0002443+07:00" endTime="2026-09-18T09:17:53.0010963+07:00" testType="13cdc9d9-ddb5-4fa4-a97d-d965ccfc6d4b" outcome="Passed" testListId="8c84fa94-04c1-424b-9868-57a2d4851a1d" relativeResultsDirectory="204f666b-df55-44f3-a928-ea05732c92a5" />
    <UnitTestResult executionId="5f94dcf3-139d-4c23-990d-f76224ae159f" testId="a4e2ccea-50ff-69b4-df7e-7be9f053a431" testName="FileHandler.Tests.Modules.Markdown.MarkdownPrimitiveTests.BuildLineMap_RecordsEveryLineStart(text: &quot;&quot;, expected: [0])" computerName="TOFU" duration="00:00:00.0000181" startTime="2026-09-18T09:17:52.9401912+07:00" endTime="2026-09-18T09:17:52.9402360+07:00" testType="13cdc9d9-ddb5-4fa4-a97d-d965ccfc6d4b" outcome="Passed" testListId="8c84fa94-04c1-424b-9868-57a2d4851a1d" relativeResultsDirectory="5f94dcf3-139d-4c23-990d-f76224ae159f" />
    <UnitTestResult executionId="ba89f0ed-e8e3-4d01-b60b-65b31b02df8b" testId="2a842fca-934a-2c3e-e381-291ad163fa70" testName="FileHandler.Tests.Modules.Word.WordModuleTests.W06_MultipleStories_ExtractsInStoryOrder" computerName="TOFU" duration="00:00:00.0390581" startTime="2026-09-18T09:17:53.2721794+07:00" endTime="2026-09-18T09:17:53.3112669+07:00" testType="13cdc9d9-ddb5-4fa4-a97d-d965ccfc6d4b" outcome="Passed" testListId="8c84fa94-04c1-424b-9868-57a2d4851a1d" relativeResultsDirectory="ba89f0ed-e8e3-4d01-b60b-65b31b02df8b" />
    <UnitTestResult executionId="f4ae7b86-6368-4c44-bcb3-7b65e4b778a7" testId="da976fa5-4845-9d40-8fd9-f8c239fa29dc" testName="FileHandler.Tests.Modules.PlainText.PlainTextServiceTests.IdentityIsBytePerfect(text: &quot;one&quot;)" computerName="TOFU" duration="00:00:00.0025500" startTime="2026-09-18T09:17:52.9848952+07:00" endTime="2026-09-18T09:17:52.9874747+07:00" testType="13cdc9d9-ddb5-4fa4-a97d-d965ccfc6d4b" outcome="Passed" testListId="8c84fa94-04c1-424b-9868-57a2d4851a1d" relativeResultsDirectory="f4ae7b86-6368-4c44-bcb3-7b65e4b778a7" />
    <UnitTestResult executionId="28bcdc1c-6ac8-4e72-b096-27c477ac9f8e" testId="561699d2-c75a-f547-2336-bc51ce3026d1" testName="FileHandler.Tests.Modules.PlainText.PlainTextSegmenterTests.PreservesParagraphSpansAndLineRanges(newline: &quot;\r&quot;)" computerName="TOFU" duration="00:00:00.0000283" startTime="2026-09-18T09:17:52.9473494+07:00" endTime="2026-09-18T09:17:52.9474020+07:00" testType="13cdc9d9-ddb5-4fa4-a97d-d965ccfc6d4b" outcome="Passed" testListId="8c84fa94-04c1-424b-9868-57a2d4851a1d" relativeResultsDirectory="28bcdc1c-6ac8-4e72-b096-27c477ac9f8e" />
    <UnitTestResult executionId="8ab994db-7308-471b-988b-dcc33cead245" testId="d24fcc4a-6f4b-5ce3-93eb-eb689ee1b57c" testName="FileHandler.Tests.Api.DebugControllerTests.Logs_SupportsListingFilteringGetAndDelete" computerName="TOFU" duration="00:00:00.0415503" startTime="2026-09-18T09:17:53.7992587+07:00" endTime="2026-09-18T09:17:53.8408465+07:00" testType="13cdc9d9-ddb5-4fa4-a97d-d965ccfc6d4b" outcome="Passed" testListId="8c84fa94-04c1-424b-9868-57a2d4851a1d" relativeResultsDirectory="8ab994db-7308-471b-988b-dcc33cead245" />
    <UnitTestResult executionId="bbafdd4d-f4e2-495a-a683-f3a05678eb5f" testId="ad988520-93f5-41f8-274b-ec07e0056c7e" testName="FileHandler.Tests.Api.FilesApiTests.PlainTextExportReturnsExactAttachment(uploadJson: False)" computerName="TOFU" duration="00:00:00.0029543" startTime="2026-09-18T09:17:53.7051180+07:00" endTime="2026-09-18T09:17:53.7081049+07:00" testType="13cdc9d9-ddb5-4fa4-a97d-d965ccfc6d4b" outcome="Passed" testListId="8c84fa94-04c1-424b-9868-57a2d4851a1d" relativeResultsDirectory="bbafdd4d-f4e2-495a-a683-f3a05678eb5f" />
    <UnitTestResult executionId="8f852bf6-1840-4d2a-a923-60e9247fdf48" testId="3f7fa056-d2a4-a8f0-32eb-60b8b608c464" testName="FileHandler.Tests.Modules.Markdown.MarkdownProfileTests.EnforcesUnitTranslationAndOutputLimits" computerName="TOFU" duration="00:00:00.0017740" startTime="2026-09-18T09:17:53.0405337+07:00" endTime="2026-09-18T09:17:53.0423346+07:00" testType="13cdc9d9-ddb5-4fa4-a97d-d965ccfc6d4b" outcome="Passed" testListId="8c84fa94-04c1-424b-9868-57a2d4851a1d" relativeResultsDirectory="8f852bf6-1840-4d2a-a923-60e9247fdf48" />
    <UnitTestResult executionId="eec20acc-a034-4ef6-9835-c207a5ca0c9f" testId="dafe0d87-1c14-564b-09ca-a3bd5aac9105" testName="FileHandler.Tests.Common.FileTypeDetectorTests.RejectsOtherNames(name: &quot;a.md.exe&quot;)" computerName="TOFU" duration="00:00:00.0000224" startTime="2026-09-18T09:17:53.0077122+07:00" endTime="2026-09-18T09:17:53.0077625+07:00" testType="13cdc9d9-ddb5-4fa4-a97d-d965ccfc6d4b" outcome="Passed" testListId="8c84fa94-04c1-424b-9868-57a2d4851a1d" relativeResultsDirectory="eec20acc-a034-4ef6-9835-c207a5ca0c9f" />
    <UnitTestResult executionId="047371b9-8af1-44fa-8fc4-497f53c581df" testId="42d97435-b4d9-17b5-0897-1550972c2f4d" testName="FileHandler.Tests.Modules.Markdown.MarkdownExtractorTests.ValidateStructure_ProtectsBlocksAndInlineTargets(before: &quot;Hello&quot;, after: &quot;Hello\n\nWorld&quot;, valid: False)" computerName="TOFU" duration="00:00:00.0001375" startTime="2026-09-18T09:17:53.0025692+07:00" endTime="2026-09-18T09:17:53.0027366+07:00" testType="13cdc9d9-ddb5-4fa4-a97d-d965ccfc6d4b" outcome="Passed" testListId="8c84fa94-04c1-424b-9868-57a2d4851a1d" relativeResultsDirectory="047371b9-8af1-44fa-8fc4-497f53c581df" />
    <UnitTestResult executionId="03ccb67c-e475-4967-89ec-6b7900ded10a" testId="685d6313-7f16-9faf-f245-6cb5c58a746a" testName="FileHandler.Tests.Api.FilesApiTests.RejectsBadJsonAndExtensionWithArrayErrors" computerName="TOFU" duration="00:00:00.0025551" startTime="2026-09-18T09:17:53.7276872+07:00" endTime="2026-09-18T09:17:53.7302689+07:00" testType="13cdc9d9-ddb5-4fa4-a97d-d965ccfc6d4b" outcome="Passed" testListId="8c84fa94-04c1-424b-9868-57a2d4851a1d" relativeResultsDirectory="03ccb67c-e475-4967-89ec-6b7900ded10a" />
    <UnitTestResult executionId="37e08914-6235-4444-b112-ef346e9ad4cc" testId="8dba80f8-534d-96eb-2b7f-70a3ee38b9f2" testName="FileHandler.Tests.Modules.Office.OfficeTextCodecAndBindingTests.Decode_MalformedTokenSyntax_ReturnsInvalidTranslation" computerName="TOFU" duration="00:00:00.0003660" startTime="2026-09-18T09:17:53.0861270+07:00" endTime="2026-09-18T09:17:53.0865209+07:00" testType="13cdc9d9-ddb5-4fa4-a97d-d965ccfc6d4b" outcome="Passed" testListId="8c84fa94-04c1-424b-9868-57a2d4851a1d" relativeResultsDirectory="37e08914-6235-4444-b112-ef346e9ad4cc" />
    <UnitTestResult executionId="8f64cac8-a5c2-4dba-af9a-220065d91bbd" testId="913791f7-18b1-f8a1-90f9-43c1de154eb6" testName="FileHandler.Tests.Modules.Markdown.MarkdownExtractorTests.Extract_EncodesNestedFormattingAndDecodedLiterals" computerName="TOFU" duration="00:00:00.0041253" startTime="2026-09-18T09:17:53.0095482+07:00" endTime="2026-09-18T09:17:53.0137084+07:00" testType="13cdc9d9-ddb5-4fa4-a97d-d965ccfc6d4b" outcome="Passed" testListId="8c84fa94-04c1-424b-9868-57a2d4851a1d" relativeResultsDirectory="8f64cac8-a5c2-4dba-af9a-220065d91bbd" />
    <UnitTestResult executionId="8a1fd3cc-15c4-41d0-a750-31126ac428ea" testId="7ca9eab3-30af-23e0-e3fd-8c38283a0c3d" testName="FileHandler.Tests.Modules.PlainText.PlainTextServiceTests.RejectsInvalidTranslationsWithLocations(translation: &quot; \t &quot;, code: &quot;empty_translation&quot;)" computerName="TOFU" duration="00:00:00.0051978" startTime="2026-09-18T09:17:52.9746342+07:00" endTime="2026-09-18T09:17:52.9798546+07:00" testType="13cdc9d9-ddb5-4fa4-a97d-d965ccfc6d4b" outcome="Passed" testListId="8c84fa94-04c1-424b-9868-57a2d4851a1d" relativeResultsDirectory="8a1fd3cc-15c4-41d0-a750-31126ac428ea" />
    <UnitTestResult executionId="8f033303-2dfc-46ac-93ee-a73951cc63eb" testId="6b7fc7ee-1004-bd76-6ee2-4e4d65f4469f" testName="FileHandler.Tests.Common.Utf8TextReaderTests.RejectsInvalidEncoding(bytes: [237, 160, 128])" computerName="TOFU" duration="00:00:00.0002264" startTime="2026-09-18T09:17:53.0717464+07:00" endTime="2026-09-18T09:17:53.0719978+07:00" testType="13cdc9d9-ddb5-4fa4-a97d-d965ccfc6d4b" outcome="Passed" testListId="8c84fa94-04c1-424b-9868-57a2d4851a1d" relativeResultsDirectory="8f033303-2dfc-46ac-93ee-a73951cc63eb" />
    <UnitTestResult executionId="45347c93-9f87-4b7b-9eba-f933289b9bd4" testId="ac4e380c-11b2-5b7f-ebe8-6dcdd74a9477" testName="FileHandler.Tests.Modules.Markdown.MarkdownPrimitiveTests.MarkerDelimiters_ParseAsMatchingPair(id: 2147483647)" computerName="TOFU" duration="00:00:00.0017073" startTime="2026-09-18T09:17:52.9633373+07:00" endTime="2026-09-18T09:17:52.9650808+07:00" testType="13cdc9d9-ddb5-4fa4-a97d-d965ccfc6d4b" outcome="Passed" testListId="8c84fa94-04c1-424b-9868-57a2d4851a1d" relativeResultsDirectory="45347c93-9f87-4b7b-9eba-f933289b9bd4" />
    <UnitTestResult executionId="8c269fc5-fbb9-40f8-b40e-c75646cde451" testId="a24cf5f9-41ed-7b62-db09-7fd7f52e924e" testName="FileHandler.Tests.Api.FilesApiTests.PlainTextRejectsInvalidEncoding(path: &quot;/import&quot;)" computerName="TOFU" duration="00:00:00.0030944" startTime="2026-09-18T09:17:53.6999780+07:00" endTime="2026-09-18T09:17:53.7031016+07:00" testType="13cdc9d9-ddb5-4fa4-a97d-d965ccfc6d4b" outcome="Passed" testListId="8c84fa94-04c1-424b-9868-57a2d4851a1d" relativeResultsDirectory="8c269fc5-fbb9-40f8-b40e-c75646cde451" />
    <UnitTestResult executionId="9ed10da1-7728-49ef-b164-cba826f8b756" testId="fa16295d-df57-4169-fde5-59b020c87d10" testName="FileHandler.Tests.Modules.Markdown.MarkdownPrimitiveTests.GetLine_UsesOneBasedLines(offset: 99, expected: 3)" computerName="TOFU" duration="00:00:00.0001688" startTime="2026-09-18T09:17:52.9743872+07:00" endTime="2026-09-18T09:17:52.9745855+07:00" testType="13cdc9d9-ddb5-4fa4-a97d-d965ccfc6d4b" outcome="Passed" testListId="8c84fa94-04c1-424b-9868-57a2d4851a1d" relativeResultsDirectory="9ed10da1-7728-49ef-b164-cba826f8b756" />
    <UnitTestResult executionId="ff69421f-a5da-46f7-bc6a-6500b547a325" testId="abb5ed7a-a8fe-6bd5-d0c0-6d609f8abe8f" testName="FileHandler.Tests.Modules.Markdown.MarkdownPrimitiveTests.BuildLineMap_RecordsEveryLineStart(text: &quot;\n\n&quot;, expected: [0, 1, 2])" computerName="TOFU" duration="00:00:00.0166682" startTime="2026-09-18T09:17:52.9051269+07:00" endTime="2026-09-18T09:17:52.9325117+07:00" testType="13cdc9d9-ddb5-4fa4-a97d-d965ccfc6d4b" outcome="Passed" testListId="8c84fa94-04c1-424b-9868-57a2d4851a1d" relativeResultsDirectory="ff69421f-a5da-46f7-bc6a-6500b547a325" />
    <UnitTestResult executionId="286359e7-fabd-4640-a6fb-4f410cd7fdb5" testId="67ab7501-1663-ebf2-6dae-13085a0cd85b" testName="FileHandler.Tests.Api.FilesApiTests.PlainTextUsesExistingJsonAndErrorContracts(json: &quot;[\&quot;\&quot;]&quot;, status: 422, expected: &quot;empty_translation&quot;)" computerName="TOFU" duration="00:00:00.0023249" startTime="2026-09-18T09:17:53.4368070+07:00" endTime="2026-09-18T09:17:53.4391621+07:00" testType="13cdc9d9-ddb5-4fa4-a97d-d965ccfc6d4b" outcome="Passed" testListId="8c84fa94-04c1-424b-9868-57a2d4851a1d" relativeResultsDirectory="286359e7-fabd-4640-a6fb-4f410cd7fdb5" />
    <UnitTestResult executionId="c2304d10-ed5f-401d-a55d-1af6be22087b" testId="f61dea73-9216-a8dc-584f-56879a772fd9" testName="FileHandler.Tests.Common.FileTypeDetectorTests.DetectsPlainText(name: &quot;guide.TXT&quot;)" computerName="TOFU" duration="00:00:00.0002704" startTime="2026-09-18T09:17:53.0042693+07:00" endTime="2026-09-18T09:17:53.0045710+07:00" testType="13cdc9d9-ddb5-4fa4-a97d-d965ccfc6d4b" outcome="Passed" testListId="8c84fa94-04c1-424b-9868-57a2d4851a1d" relativeResultsDirectory="c2304d10-ed5f-401d-a55d-1af6be22087b" />
    <UnitTestResult executionId="da1c9253-41b8-4ec8-9f10-fab6b8bcb8e9" testId="dd95533c-1faa-26b7-6945-d370548c0737" testName="FileHandler.Tests.Api.FilesControllerTests.Export_MapsResourceLimitsTo413(limit: &quot;output&quot;, code: &quot;output_too_large&quot;)" computerName="TOFU" duration="00:00:00.0013249" startTime="2026-09-18T09:17:53.0972826+07:00" endTime="2026-09-18T09:17:53.0986324+07:00" testType="13cdc9d9-ddb5-4fa4-a97d-d965ccfc6d4b" outcome="Passed" testListId="8c84fa94-04c1-424b-9868-57a2d4851a1d" relativeResultsDirectory="da1c9253-41b8-4ec8-9f10-fab6b8bcb8e9" />
    <UnitTestResult executionId="bbdf169e-4841-43d3-bcd1-fa59fd3672ab" testId="37f112ec-6ffd-62a0-69f0-85bbcacf4b01" testName="FileHandler.Tests.Diagnostics.TraceStatePlacementTests.ReaderFailure_RecordsMeasuredBytesAndBom(limit: 100, code: &quot;invalid_encoding&quot;)" computerName="TOFU" duration="00:00:00.0082925" startTime="2026-09-18T09:17:53.1320287+07:00" endTime="2026-09-18T09:17:53.1403715+07:00" testType="13cdc9d9-ddb5-4fa4-a97d-d965ccfc6d4b" outcome="Passed" testListId="8c84fa94-04c1-424b-9868-57a2d4851a1d" relativeResultsDirectory="bbdf169e-4841-43d3-bcd1-fa59fd3672ab" />
    <UnitTestResult executionId="1178fa3f-270f-459f-91a6-46e57b840b42" testId="3c3a58ce-f67c-1fff-7f70-431144e2c496" testName="FileHandler.Tests.Api.FilesApiTests.PlainTextRejectsInvalidEncoding(path: &quot;/export&quot;)" computerName="TOFU" duration="00:00:00.0013789" startTime="2026-09-18T09:17:53.7033709+07:00" endTime="2026-09-18T09:17:53.7047805+07:00" testType="13cdc9d9-ddb5-4fa4-a97d-d965ccfc6d4b" outcome="Passed" testListId="8c84fa94-04c1-424b-9868-57a2d4851a1d" relativeResultsDirectory="1178fa3f-270f-459f-91a6-46e57b840b42" />
    <UnitTestResult executionId="f787e545-8994-4df5-9178-0466fa907471" testId="d21ea77e-0633-19ae-ff0e-5e38eb5c77db" testName="FileHandler.Tests.Api.DebugTraceTests.PlainTextTraceRecordsWorkflowAndHonorsRedaction(captureContent: True)" computerName="TOFU" duration="00:00:00.0365974" startTime="2026-09-18T09:17:53.5340055+07:00" endTime="2026-09-18T09:17:53.5706532+07:00" testType="13cdc9d9-ddb5-4fa4-a97d-d965ccfc6d4b" outcome="Passed" testListId="8c84fa94-04c1-424b-9868-57a2d4851a1d" relativeResultsDirectory="f787e545-8994-4df5-9178-0466fa907471" />
    <UnitTestResult executionId="46c71437-0539-4907-8cdf-a45fe901736b" testId="61fdb7ac-4f6c-723d-0267-5011409b5154" testName="FileHandler.Tests.Modules.Excel.ExcelModuleTests.E12_IdentityExport_ReturnsExactSourceBytes" computerName="TOFU" duration="00:00:00.0087411" startTime="2026-09-18T09:17:53.3082783+07:00" endTime="2026-09-18T09:17:53.3170433+07:00" testType="13cdc9d9-ddb5-4fa4-a97d-d965ccfc6d4b" outcome="Passed" testListId="8c84fa94-04c1-424b-9868-57a2d4851a1d" relativeResultsDirectory="46c71437-0539-4907-8cdf-a45fe901736b" />
    <UnitTestResult executionId="ac4ef505-5937-469c-a91b-016f7c23ab35" testId="96b66d1c-e889-3324-57a6-bbb05beeb66b" testName="FileHandler.Tests.Common.FileTypeDetectorTests.UsesPlainTextFallbackName(name: &quot;&quot;)" computerName="TOFU" duration="00:00:00.0006298" startTime="2026-09-18T09:17:52.9885197+07:00" endTime="2026-09-18T09:17:52.9891750+07:00" testType="13cdc9d9-ddb5-4fa4-a97d-d965ccfc6d4b" outcome="Passed" testListId="8c84fa94-04c1-424b-9868-57a2d4851a1d" relativeResultsDirectory="ac4ef505-5937-469c-a91b-016f7c23ab35" />
    <UnitTestResult executionId="b0c73f6e-d1e8-4493-9e46-e615e8b184fd" testId="9c3e83c2-9573-0665-27cf-699710169095" testName="FileHandler.Tests.Modules.Markdown.MarkdownUnifiedTokenTests.InvalidWireTokensReturnNoOutput(translation: &quot;&lt;ox:r0&gt;\\q&lt;/ox:r0&gt;&lt;ox:r1&gt;B&lt;/ox:r1&gt;&quot;, code: &quot;invalid_marker_syntax&quot;)" computerName="TOFU" duration="00:00:00.0016367" startTime="2026-09-18T09:17:53.0160797+07:00" endTime="2026-09-18T09:17:53.0177468+07:00" testType="13cdc9d9-ddb5-4fa4-a97d-d965ccfc6d4b" outcome="Passed" testListId="8c84fa94-04c1-424b-9868-57a2d4851a1d" relativeResultsDirectory="b0c73f6e-d1e8-4493-9e46-e615e8b184fd" />
    <UnitTestResult executionId="9381c6b3-095c-4743-b54a-1a9a69a86a4e" testId="d7f8be77-5ea7-ed3d-9ede-60f86c8d184a" testName="FileHandler.Tests.Common.FileTypeDetectorTests.DetectsPlainText(name: &quot;guide.txt&quot;)" computerName="TOFU" duration="00:00:00.0000290" startTime="2026-09-18T09:17:53.0047922+07:00" endTime="2026-09-18T09:17:53.0048463+07:00" testType="13cdc9d9-ddb5-4fa4-a97d-d965ccfc6d4b" outcome="Passed" testListId="8c84fa94-04c1-424b-9868-57a2d4851a1d" relativeResultsDirectory="9381c6b3-095c-4743-b54a-1a9a69a86a4e" />
    <UnitTestResult executionId="ee47fb01-7c83-426e-aca4-2ef6daec408f" testId="ed24907c-d8dd-619b-e945-e31db40b6a90" testName="FileHandler.Tests.Modules.Markdown.MarkdownProfileTests.LiteralProtocolMarkerIsCollisionSafe" computerName="TOFU" duration="00:00:00.0013437" startTime="2026-09-18T09:17:53.0440293+07:00" endTime="2026-09-18T09:17:53.0454060+07:00" testType="13cdc9d9-ddb5-4fa4-a97d-d965ccfc6d4b" outcome="Passed" testListId="8c84fa94-04c1-424b-9868-57a2d4851a1d" relativeResultsDirectory="ee47fb01-7c83-426e-aca4-2ef6daec408f" />
    <UnitTestResult executionId="75cdec7f-ba42-440d-8b7c-68b9884ab2b0" testId="a161cc91-f800-1a1e-9ab5-62f1713d1802" testName="FileHandler.Tests.Modules.Markdown.MarkdownSourceReaderTests.PreservesBomAndMixedLines" computerName="TOFU" duration="00:00:00.0192849" startTime="2026-09-18T09:17:52.9050911+07:00" endTime="2026-09-18T09:17:52.9325221+07:00" testType="13cdc9d9-ddb5-4fa4-a97d-d965ccfc6d4b" outcome="Passed" testListId="8c84fa94-04c1-424b-9868-57a2d4851a1d" relativeResultsDirectory="75cdec7f-ba42-440d-8b7c-68b9884ab2b0" />
    <UnitTestResult executionId="3d8129b1-ac88-41bc-8ee1-b5bcbfe701d4" testId="16380bf7-8022-85c5-1238-51a385ab596a" testName="FileHandler.Tests.Common.FileTypeDetectorTests.DetectsPlainText(name: &quot;../../guide.txt&quot;)" computerName="TOFU" duration="00:00:00.0000267" startTime="2026-09-18T09:17:53.0050129+07:00" endTime="2026-09-18T09:17:53.0050653+07:00" testType="13cdc9d9-ddb5-4fa4-a97d-d965ccfc6d4b" outcome="Passed" testListId="8c84fa94-04c1-424b-9868-57a2d4851a1d" relativeResultsDirectory="3d8129b1-ac88-41bc-8ee1-b5bcbfe701d4" />
    <UnitTestResult executionId="8f7e2e4d-e63e-4c78-b63b-4d1ea4574cce" testId="451d5e19-06e2-32c8-11b4-39c126cbc72e" testName="FileHandler.Tests.Modules.Office.OfficeReviewRegressionTests.Word_StyledWhitespace_IdentityRoundTrips" computerName="TOFU" duration="00:00:00.0059100" startTime="2026-09-18T09:17:53.4199875+07:00" endTime="2026-09-18T09:17:53.4259265+07:00" testType="13cdc9d9-ddb5-4fa4-a97d-d965ccfc6d4b" outcome="Passed" testListId="8c84fa94-04c1-424b-9868-57a2d4851a1d" relativeResultsDirectory="8f7e2e4d-e63e-4c78-b63b-4d1ea4574cce" />
    <UnitTestResult executionId="5676f374-1010-4000-ba59-becd58b4a4e9" testId="bad40f91-2c23-38aa-6ad4-9e4d9722aea9" testName="FileHandler.Tests.Modules.Markdown.MarkdownPrimitiveTests.MarkerDelimiters_ParseAsMatchingPair(id: 1)" computerName="TOFU" duration="00:00:00.0006054" startTime="2026-09-18T09:17:52.9653120+07:00" endTime="2026-09-18T09:17:52.9659513+07:00" testType="13cdc9d9-ddb5-4fa4-a97d-d965ccfc6d4b" outcome="Passed" testListId="8c84fa94-04c1-424b-9868-57a2d4851a1d" relativeResultsDirectory="5676f374-1010-4000-ba59-becd58b4a4e9" />
    <UnitTestResult executionId="2a8ac8e4-b730-4e62-b6c0-dc5bba6650d5" testId="ea74679b-7323-33a4-f5c8-2d21b158f628" testName="FileHandler.Tests.Diagnostics.TraceStatePlacementTests.Detection_RecordsOnlySuccessfulType(name: &quot;guide.pdf&quot;, expected: null)" computerName="TOFU" duration="00:00:00.0108827" startTime="2026-09-18T09:17:53.2793342+07:00" endTime="2026-09-18T09:17:53.2902667+07:00" testType="13cdc9d9-ddb5-4fa4-a97d-d965ccfc6d4b" outcome="Passed" testListId="8c84fa94-04c1-424b-9868-57a2d4851a1d" relativeResultsDirectory="2a8ac8e4-b730-4e62-b6c0-dc5bba6650d5" />
    <UnitTestResult executionId="600e1711-c938-434d-a919-d1d49a217d88" testId="20ca9aeb-7e36-0283-4448-fe2873a32622" testName="FileHandler.Tests.Modules.Office.OfficeTextCodecAndBindingTests.Decode_CountMismatch_ReturnsTranslationCountMismatch" computerName="TOFU" duration="00:00:00.0034355" startTime="2026-09-18T09:17:53.0779227+07:00" endTime="2026-09-18T09:17:53.0813964+07:00" testType="13cdc9d9-ddb5-4fa4-a97d-d965ccfc6d4b" outcome="Passed" testListId="8c84fa94-04c1-424b-9868-57a2d4851a1d" relativeResultsDirectory="600e1711-c938-434d-a919-d1d49a217d88" />
    <UnitTestResult executionId="eabf663c-6279-42b2-abba-c317708b187d" testId="e1ce5f4d-8574-1d81-1537-4ae8eadcbaa1" testName="FileHandler.Tests.Api.DebugControllerTests.Status_ReturnsCurrentConfigurationAndLogCount" computerName="TOFU" duration="00:00:00.0129405" startTime="2026-09-18T09:17:53.7745188+07:00" endTime="2026-09-18T09:17:53.7874958+07:00" testType="13cdc9d9-ddb5-4fa4-a97d-d965ccfc6d4b" outcome="Passed" testListId="8c84fa94-04c1-424b-9868-57a2d4851a1d" relativeResultsDirectory="eabf663c-6279-42b2-abba-c317708b187d" />
    <UnitTestResult executionId="eaf80fa4-3757-4960-9ed5-7c2cb3c59c8c" testId="6d0fad59-442a-b9c3-371a-49f837a1c438" testName="FileHandler.Tests.Api.FilesControllerTests.Import_ReturnsTexts" computerName="TOFU" duration="00:00:00.0010433" startTime="2026-09-18T09:17:53.1165811+07:00" endTime="2026-09-18T09:17:53.1176533+07:00" testType="13cdc9d9-ddb5-4fa4-a97d-d965ccfc6d4b" outcome="Passed" testListId="8c84fa94-04c1-424b-9868-57a2d4851a1d" relativeResultsDirectory="eaf80fa4-3757-4960-9ed5-7c2cb3c59c8c" />
    <UnitTestResult executionId="0dc5a3e0-c3a7-4e6b-b5a3-4df5cace7855" testId="37f6a34b-6181-1583-7a94-a28c028f3efd" testName="FileHandler.Tests.Modules.Markdown.MarkdownPrimitiveTests.Parse_PreservesMalformedMarkersAsText(text: &quot;&lt;keepme2147483648&gt;&quot;)" computerName="TOFU" duration="00:00:00.0000620" startTime="2026-09-18T09:17:52.9628680+07:00" endTime="2026-09-18T09:17:52.9629714+07:00" testType="13cdc9d9-ddb5-4fa4-a97d-d965ccfc6d4b" outcome="Passed" testListId="8c84fa94-04c1-424b-9868-57a2d4851a1d" relativeResultsDirectory="0dc5a3e0-c3a7-4e6b-b5a3-4df5cace7855" />
    <UnitTestResult executionId="93208318-0578-4044-b87b-cb1224096ead" testId="81007fa6-ac90-54f7-b295-cb19111a8cb5" testName="FileHandler.Tests.Modules.PlainText.PlainTextSegmenterTests.PreservesParagraphSpansAndLineRanges(newline: &quot;\r\n&quot;)" computerName="TOFU" duration="00:00:00.0002046" startTime="2026-09-18T09:17:52.9469289+07:00" endTime="2026-09-18T09:17:52.9471653+07:00" testType="13cdc9d9-ddb5-4fa4-a97d-d965ccfc6d4b" outcome="Passed" testListId="8c84fa94-04c1-424b-9868-57a2d4851a1d" relativeResultsDirectory="93208318-0578-4044-b87b-cb1224096ead" />
    <UnitTestResult executionId="6a20c595-239d-41ab-9f98-bd343e1b28fd" testId="e9312ae3-8c70-f640-08e5-ecb8293e6f40" testName="FileHandler.Tests.Modules.PlainText.PlainTextServiceTests.LongSourceParagraphCanImportButIdentityMustMeetTranslationLimit" computerName="TOFU" duration="00:00:00.0009179" startTime="2026-09-18T09:17:53.0406787+07:00" endTime="2026-09-18T09:17:53.0416243+07:00" testType="13cdc9d9-ddb5-4fa4-a97d-d965ccfc6d4b" outcome="Passed" testListId="8c84fa94-04c1-424b-9868-57a2d4851a1d" relativeResultsDirectory="6a20c595-239d-41ab-9f98-bd343e1b28fd" />
    <UnitTestResult executionId="009ad9c3-4961-44a5-ab0c-8eec3c9bf6b0" testId="887a2329-3b57-5b1b-d60e-58d8c211dab2" testName="FileHandler.Tests.Modules.PlainText.PlainTextServiceTests.ObservesCancellationDuringExport(cancelAfter: 3)" computerName="TOFU" duration="00:00:00.0005008" startTime="2026-09-18T09:17:52.9707022+07:00" endTime="2026-09-18T09:17:52.9712340+07:00" testType="13cdc9d9-ddb5-4fa4-a97d-d965ccfc6d4b" outcome="Passed" testListId="8c84fa94-04c1-424b-9868-57a2d4851a1d" relativeResultsDirectory="009ad9c3-4961-44a5-ab0c-8eec3c9bf6b0" />
    <UnitTestResult executionId="43efb394-4ae1-4621-985f-313487f81c05" testId="52b70a87-86b6-8945-6331-e290727a4ec2" testName="FileHandler.Tests.Modules.PlainText.PlainTextSegmenterTests.PreservesParagraphSpansAndLineRanges(newline: &quot;\n&quot;)" computerName="TOFU" duration="00:00:00.0016606" startTime="2026-09-18T09:17:52.9449836+07:00" endTime="2026-09-18T09:17:52.9466793+07:00" testType="13cdc9d9-ddb5-4fa4-a97d-d965ccfc6d4b" outcome="Passed" testListId="8c84fa94-04c1-424b-9868-57a2d4851a1d" relativeResultsDirectory="43efb394-4ae1-4621-985f-313487f81c05" />
    <UnitTestResult executionId="1f641f80-2359-4c0f-b6fe-db9f7e5e9b0e" testId="d720a001-e245-1294-ee63-8e77b709def6" testName="FileHandler.Tests.Modules.PlainText.PlainTextServiceTests.ObservesCancellationDuringExport(cancelAfter: 5)" computerName="TOFU" duration="00:00:00.0165792" startTime="2026-09-18T09:17:52.9537997+07:00" endTime="2026-09-18T09:17:52.9704159+07:00" testType="13cdc9d9-ddb5-4fa4-a97d-d965ccfc6d4b" outcome="Passed" testListId="8c84fa94-04c1-424b-9868-57a2d4851a1d" relativeResultsDirectory="1f641f80-2359-4c0f-b6fe-db9f7e5e9b0e" />
    <UnitTestResult executionId="e31e512b-d1ba-4999-b2e1-d07f1b01aa00" testId="70201412-7655-82c1-6df7-b4fde32449ce" testName="FileHandler.Tests.Diagnostics.DebugTraceMiddlewareTests.InvokeAsync_NonTraceableEndpointSkipsTracing" computerName="TOFU" duration="00:00:00.0012588" startTime="2026-09-18T09:17:53.0385787+07:00" endTime="2026-09-18T09:17:53.0398634+07:00" testType="13cdc9d9-ddb5-4fa4-a97d-d965ccfc6d4b" outcome="Passed" testListId="8c84fa94-04c1-424b-9868-57a2d4851a1d" relativeResultsDirectory="e31e512b-d1ba-4999-b2e1-d07f1b01aa00" />
    <UnitTestResult executionId="9e34ddea-9d8f-4330-b237-5cf2dd037050" testId="2d763244-7543-4cd3-8482-20d81c88fef3" testName="FileHandler.Tests.Modules.Markdown.MarkdownProfileTests.RejectsCountEmptyDuplicateUnexpectedAndProtectedContent" computerName="TOFU" duration="00:00:00.0044212" startTime="2026-09-18T09:17:53.0354665+07:00" endTime="2026-09-18T09:17:53.0399163+07:00" testType="13cdc9d9-ddb5-4fa4-a97d-d965ccfc6d4b" outcome="Passed" testListId="8c84fa94-04c1-424b-9868-57a2d4851a1d" relativeResultsDirectory="9e34ddea-9d8f-4330-b237-5cf2dd037050" />
    <UnitTestResult executionId="b6a89ecf-6d0a-4889-8120-99d0f022f3ba" testId="3d58cb0e-b26b-f001-e80e-8a81dd080386" testName="FileHandler.Tests.Api.DebugTraceTests.InvalidUtf8RecordsErrorAndStillReturnsValidationResponse" computerName="TOFU" duration="00:00:00.0295208" startTime="2026-09-18T09:17:53.6669476+07:00" endTime="2026-09-18T09:17:53.6965081+07:00" testType="13cdc9d9-ddb5-4fa4-a97d-d965ccfc6d4b" outcome="Passed" testListId="8c84fa94-04c1-424b-9868-57a2d4851a1d" relativeResultsDirectory="b6a89ecf-6d0a-4889-8120-99d0f022f3ba" />
    <UnitTestResult executionId="5a826164-9363-49ee-9687-2de9404c6f47" testId="978d9eb3-40ae-5eab-50c8-3a2b1cfdac6c" testName="FileHandler.Tests.Api.FilesApiTests.PlainTextUsesExistingJsonAndErrorContracts(json: &quot;[/* note */\&quot;Xin\nchào\&quot;,]&quot;, status: 200, expected: &quot;Xin\nchào&quot;)" computerName="TOFU" duration="00:00:00.0013502" startTime="2026-09-18T09:17:53.4448224+07:00" endTime="2026-09-18T09:17:53.4461971+07:00" testType="13cdc9d9-ddb5-4fa4-a97d-d965ccfc6d4b" outcome="Passed" testListId="8c84fa94-04c1-424b-9868-57a2d4851a1d" relativeResultsDirectory="5a826164-9363-49ee-9687-2de9404c6f47" />
    <UnitTestResult executionId="4c0645a7-a961-4426-8186-6ece0a54857b" testId="db50120d-5ceb-9e52-690c-3ff6228d5d76" testName="FileHandler.Tests.Modules.Office.OfficeTraceAndApiTests.Export_ExcelDocument_ReturnsTranslatedFile" computerName="TOFU" duration="00:00:00.1310263" startTime="2026-09-18T09:17:53.1027032+07:00" endTime="2026-09-18T09:17:53.2337602+07:00" testType="13cdc9d9-ddb5-4fa4-a97d-d965ccfc6d4b" outcome="Passed" testListId="8c84fa94-04c1-424b-9868-57a2d4851a1d" relativeResultsDirectory="4c0645a7-a961-4426-8186-6ece0a54857b" />
    <UnitTestResult executionId="0843addf-e5f0-4727-8f1c-04930157c1c4" testId="757e1da9-e5f4-1ae0-f633-9280dbe26894" testName="FileHandler.Tests.Modules.Markdown.MarkdownPrimitiveTests.GetLine_UsesOneBasedLines(offset: 3, expected: 2)" computerName="TOFU" duration="00:00:00.0000222" startTime="2026-09-18T09:17:52.9760100+07:00" endTime="2026-09-18T09:17:52.9760593+07:00" testType="13cdc9d9-ddb5-4fa4-a97d-d965ccfc6d4b" outcome="Passed" testListId="8c84fa94-04c1-424b-9868-57a2d4851a1d" relativeResultsDirectory="0843addf-e5f0-4727-8f1c-04930157c1c4" />
    <UnitTestResult executionId="67cd61d7-6072-4763-8cc9-72d3ffd111b4" testId="54a5ca33-7ec0-642c-3bdf-0a331044495a" testName="FileHandler.Tests.Modules.PlainText.PlainTextServiceTests.RejectsLoneSurrogatesWithoutThrowing" computerName="TOFU" duration="00:00:00.0007091" startTime="2026-09-18T09:17:52.9895309+07:00" endTime="2026-09-18T09:17:52.9902619+07:00" testType="13cdc9d9-ddb5-4fa4-a97d-d965ccfc6d4b" outcome="Passed" testListId="8c84fa94-04c1-424b-9868-57a2d4851a1d" relativeResultsDirectory="67cd61d7-6072-4763-8cc9-72d3ffd111b4" />
    <UnitTestResult executionId="4d9c070c-3e8d-475d-824a-753b5ae5aaef" testId="ca291bec-5503-d519-00d0-e757bc32cad6" testName="FileHandler.Tests.Api.FilesApiTests.PlainTextUsesExistingJsonAndErrorContracts(json: &quot;[\&quot; \t\&quot;]&quot;, status: 400, expected: &quot;invalid_json&quot;)" computerName="TOFU" duration="00:00:00.0009974" startTime="2026-09-18T09:17:53.4425196+07:00" endTime="2026-09-18T09:17:53.4435410+07:00" testType="13cdc9d9-ddb5-4fa4-a97d-d965ccfc6d4b" outcome="Passed" testListId="8c84fa94-04c1-424b-9868-57a2d4851a1d" relativeResultsDirectory="4d9c070c-3e8d-475d-824a-753b5ae5aaef" />
    <UnitTestResult executionId="c9f33f54-9e29-43be-b713-c324ea8e1148" testId="fbab741d-8d87-11cc-b970-68727f34f56f" testName="FileHandler.Tests.Api.FilesControllerTests.Export_RejectsInvalidJsonContract(json: &quot;[1]&quot;, code: &quot;invalid_translated_texts&quot;)" computerName="TOFU" duration="00:00:00.0001147" startTime="2026-09-18T09:17:53.0961377+07:00" endTime="2026-09-18T09:17:53.0962724+07:00" testType="13cdc9d9-ddb5-4fa4-a97d-d965ccfc6d4b" outcome="Passed" testListId="8c84fa94-04c1-424b-9868-57a2d4851a1d" relativeResultsDirectory="c9f33f54-9e29-43be-b713-c324ea8e1148" />
    <UnitTestResult executionId="ba7e8ea6-8d74-4e3b-965a-4344e1fb1a1f" testId="967a4c17-7747-0d4e-3cf6-0a8317a293ac" testName="FileHandler.Tests.Modules.PowerPoint.PowerPointModuleTests.P01_TableWithBreakAndEmptyCell_ExtractsTokens" computerName="TOFU" duration="00:00:00.0142321" startTime="2026-09-18T09:17:53.2714514+07:00" endTime="2026-09-18T09:17:53.2857237+07:00" testType="13cdc9d9-ddb5-4fa4-a97d-d965ccfc6d4b" outcome="Passed" testListId="8c84fa94-04c1-424b-9868-57a2d4851a1d" relativeResultsDirectory="ba7e8ea6-8d74-4e3b-965a-4344e1fb1a1f" />
    <UnitTestResult executionId="d6423513-77ff-43b8-8c8e-a4fd2eec08bb" testId="fb8d4c88-17e8-cdfc-2622-d776d332e403" testName="FileHandler.Tests.Modules.Office.OfficePackageReaderAndValidatorTests.ReadAsync_ValidPowerPointPresentation_SucceedsWithSource" computerName="TOFU" duration="00:00:00.0506111" startTime="2026-09-18T09:17:53.1038076+07:00" endTime="2026-09-18T09:17:53.1544638+07:00" testType="13cdc9d9-ddb5-4fa4-a97d-d965ccfc6d4b" outcome="Passed" testListId="8c84fa94-04c1-424b-9868-57a2d4851a1d" relativeResultsDirectory="d6423513-77ff-43b8-8c8e-a4fd2eec08bb" />
    <UnitTestResult executionId="02fd8bae-7635-49b4-afa9-b44ef98b228f" testId="1d5cb18a-ca3c-0824-8e87-84b3345ffc03" testName="FileHandler.Tests.Modules.Office.OfficeTraceAndApiTests.Import_ExcelDocument_ReturnsOkWithTexts" computerName="TOFU" duration="00:00:00.0114366" startTime="2026-09-18T09:17:53.2716870+07:00" endTime="2026-09-18T09:17:53.2831670+07:00" testType="13cdc9d9-ddb5-4fa4-a97d-d965ccfc6d4b" outcome="Passed" testListId="8c84fa94-04c1-424b-9868-57a2d4851a1d" relativeResultsDirectory="02fd8bae-7635-49b4-afa9-b44ef98b228f" />
    <UnitTestResult executionId="bafc8c9c-2764-4515-9b94-838915ff6b57" testId="d55ca342-dda7-4efc-239f-39cbe52f6b8d" testName="FileHandler.Tests.Modules.PowerPoint.PowerPointModuleTests.P02_RichCellIdentity_PreservesExactBytes" computerName="TOFU" duration="00:00:00.2506229" startTime="2026-09-18T09:17:52.9633576+07:00" endTime="2026-09-18T09:17:53.2140181+07:00" testType="13cdc9d9-ddb5-4fa4-a97d-d965ccfc6d4b" outcome="Passed" testListId="8c84fa94-04c1-424b-9868-57a2d4851a1d" relativeResultsDirectory="bafc8c9c-2764-4515-9b94-838915ff6b57" />
    <UnitTestResult executionId="da6f843e-0a37-494b-8832-e5b0d14b76ea" testId="96241b07-808a-a26d-a342-3f5bf8a1bc78" testName="FileHandler.Tests.Api.DebugTraceTests.CaptureContent_WhenFalse_RedactsExceptionMessages" computerName="TOFU" duration="00:00:00.0117591" startTime="2026-09-18T09:17:53.6548566+07:00" endTime="2026-09-18T09:17:53.6666498+07:00" testType="13cdc9d9-ddb5-4fa4-a97d-d965ccfc6d4b" outcome="Passed" testListId="8c84fa94-04c1-424b-9868-57a2d4851a1d" relativeResultsDirectory="da6f843e-0a37-494b-8832-e5b0d14b76ea" />
    <UnitTestResult executionId="945cd389-a540-43ce-ac7a-673e874060b4" testId="ab8c4ba0-f6ed-db58-785c-c2199b9479b6" testName="FileHandler.Tests.Modules.Office.OfficeTraceAndApiTests.Import_WordDocument_ReturnsOkWithTexts" computerName="TOFU" duration="00:00:00.0049894" startTime="2026-09-18T09:17:53.2541141+07:00" endTime="2026-09-18T09:17:53.2629649+07:00" testType="13cdc9d9-ddb5-4fa4-a97d-d965ccfc6d4b" outcome="Passed" testListId="8c84fa94-04c1-424b-9868-57a2d4851a1d" relativeResultsDirectory="945cd389-a540-43ce-ac7a-673e874060b4" />
    <UnitTestResult executionId="2828fb5f-01e4-42a0-8922-a8507ab301a8" testId="9c5b673a-da6d-8ce2-5957-fbdff679221c" testName="FileHandler.Tests.Api.FilesControllerTests.Export_RejectsInvalidJsonContract(json: &quot;[true]&quot;, code: &quot;invalid_translated_texts&quot;)" computerName="TOFU" duration="00:00:00.0003771" startTime="2026-09-18T09:17:53.0944529+07:00" endTime="2026-09-18T09:17:53.0948643+07:00" testType="13cdc9d9-ddb5-4fa4-a97d-d965ccfc6d4b" outcome="Passed" testListId="8c84fa94-04c1-424b-9868-57a2d4851a1d" relativeResultsDirectory="2828fb5f-01e4-42a0-8922-a8507ab301a8" />
    <UnitTestResult executionId="53e8ccfa-c817-4f06-9e83-ca02e18b4fc0" testId="b40f3dcb-6c17-ccf5-a353-f1f417810d4b" testName="FileHandler.Tests.Modules.Markdown.MarkdownExtractorTests.Extract_SkipsNonTranslatableContent(text: &quot;`only code`&quot;)" computerName="TOFU" duration="00:00:00.0289985" startTime="2026-09-18T09:17:52.9503754+07:00" endTime="2026-09-18T09:17:52.9794112+07:00" testType="13cdc9d9-ddb5-4fa4-a97d-d965ccfc6d4b" outcome="Passed" testListId="8c84fa94-04c1-424b-9868-57a2d4851a1d" relativeResultsDirectory="53e8ccfa-c817-4f06-9e83-ca02e18b4fc0" />
    <UnitTestResult executionId="4dfd7535-dd8d-4e64-b0fd-73dcc88e6054" testId="5710ebdb-4709-48d8-7e9b-e8e1e675870f" testName="FileHandler.Tests.Modules.Markdown.MarkdownTranslationApplierTests.Apply_RejectsInvalidMarkersAtomically(translation: &quot;&lt;ox:r0&gt;x&lt;/ox:r0&gt;&lt;ox:r0&gt;y&lt;/ox:r0&gt;&quot;, code: &quot;invalid_marker_syntax&quot;)" computerName="TOFU" duration="00:00:00.0011214" startTime="2026-09-18T09:17:53.0584700+07:00" endTime="2026-09-18T09:17:53.0596248+07:00" testType="13cdc9d9-ddb5-4fa4-a97d-d965ccfc6d4b" outcome="Passed" testListId="8c84fa94-04c1-424b-9868-57a2d4851a1d" relativeResultsDirectory="4dfd7535-dd8d-4e64-b0fd-73dcc88e6054" />
    <UnitTestResult executionId="37336263-545b-4151-b3d3-c3c760b73e3e" testId="e90a5145-ec89-d41f-260b-a3350d5a76e3" testName="FileHandler.Tests.Modules.Markdown.MarkdownServiceTests.Export_PreservesQuotePrefix_InNestedEmphasisMultiline" computerName="TOFU" duration="00:00:00.0230935" startTime="2026-09-18T09:17:52.9664956+07:00" endTime="2026-09-18T09:17:52.9896165+07:00" testType="13cdc9d9-ddb5-4fa4-a97d-d965ccfc6d4b" outcome="Passed" testListId="8c84fa94-04c1-424b-9868-57a2d4851a1d" relativeResultsDirectory="37336263-545b-4151-b3d3-c3c760b73e3e" />
    <UnitTestResult executionId="a7fde06b-d6b5-46c4-9790-52f225117a9c" testId="0fc1745a-dcd7-e3be-3aff-dd039cb91b1a" testName="FileHandler.Tests.Api.FilesApiTests.PlainTextUsesExistingJsonAndErrorContracts(json: &quot;[&quot;, status: 400, expected: &quot;invalid_json&quot;)" computerName="TOFU" duration="00:00:00.0009609" startTime="2026-09-18T09:17:53.4436967+07:00" endTime="2026-09-18T09:17:53.4446813+07:00" testType="13cdc9d9-ddb5-4fa4-a97d-d965ccfc6d4b" outcome="Passed" testListId="8c84fa94-04c1-424b-9868-57a2d4851a1d" relativeResultsDirectory="a7fde06b-d6b5-46c4-9790-52f225117a9c" />
    <UnitTestResult executionId="3329bdb9-e429-410f-9af1-ce689cb8065f" testId="604384dc-28f8-2060-6de9-b7ca97ed7ae1" testName="FileHandler.Tests.Modules.Markdown.MarkdownProfileTests.RejectsHeadingChangeWhenInternalAnchorExists" computerName="TOFU" duration="00:00:00.0070587" startTime="2026-09-18T09:17:53.0457792+07:00" endTime="2026-09-18T09:17:53.0528706+07:00" testType="13cdc9d9-ddb5-4fa4-a97d-d965ccfc6d4b" outcome="Passed" testListId="8c84fa94-04c1-424b-9868-57a2d4851a1d" relativeResultsDirectory="3329bdb9-e429-410f-9af1-ce689cb8065f" />
    <UnitTestResult executionId="fba65155-4f4b-4b55-8db5-b8979baba148" testId="b3a73fc6-a5d6-1ead-996d-4957908094d7" testName="FileHandler.Tests.Api.FilesApiTests.ExportReturnsAttachment" computerName="TOFU" duration="00:00:00.0020705" startTime="2026-09-18T09:17:53.7253120+07:00" endTime="2026-09-18T09:17:53.7274069+07:00" testType="13cdc9d9-ddb5-4fa4-a97d-d965ccfc6d4b" outcome="Passed" testListId="8c84fa94-04c1-424b-9868-57a2d4851a1d" relativeResultsDirectory="fba65155-4f4b-4b55-8db5-b8979baba148" />
    <UnitTestResult executionId="f054acc4-5004-4339-8483-75c9a9924798" testId="3986cb6a-b3a5-3d17-09f1-2dda1d07ef0b" testName="FileHandler.Tests.Common.FileTypeDetectorTests.DetectsPlainText(name: &quot;C:\\fake\\guide.txt&quot;)" computerName="TOFU" duration="00:00:00.0029971" startTime="2026-09-18T09:17:53.0009808+07:00" endTime="2026-09-18T09:17:53.0040146+07:00" testType="13cdc9d9-ddb5-4fa4-a97d-d965ccfc6d4b" outcome="Passed" testListId="8c84fa94-04c1-424b-9868-57a2d4851a1d" relativeResultsDirectory="f054acc4-5004-4339-8483-75c9a9924798" />
    <UnitTestResult executionId="d2ffe039-10ef-43c1-a3d3-37f29438212a" testId="b923650e-3e9e-bd7d-8bc0-fe63adaa771f" testName="FileHandler.Tests.Modules.Markdown.MarkdownTranslationApplierTests.Apply_RejectsInvalidMarkersAtomically(translation: &quot;&lt;/ox:r0&gt;x&lt;ox:r0&gt;&quot;, code: &quot;invalid_marker_syntax&quot;)" computerName="TOFU" duration="00:00:00.0001544" startTime="2026-09-18T09:17:53.0609338+07:00" endTime="2026-09-18T09:17:53.0611182+07:00" testType="13cdc9d9-ddb5-4fa4-a97d-d965ccfc6d4b" outcome="Passed" testListId="8c84fa94-04c1-424b-9868-57a2d4851a1d" relativeResultsDirectory="d2ffe039-10ef-43c1-a3d3-37f29438212a" />
    <UnitTestResult executionId="b31e9212-a22f-4aee-8121-7d83c95d24f2" testId="b91b1d5c-4350-66b0-648a-a6bde46a6d8f" testName="FileHandler.Tests.Modules.Markdown.MarkdownExtractorTests.Extract_RecordsNewlinePolicy(source: &quot;One&quot;, replacement: &quot;\n&quot;, softBreak: False)" computerName="TOFU" duration="00:00:00.0005188" startTime="2026-09-18T09:17:52.9856365+07:00" endTime="2026-09-18T09:17:52.9861846+07:00" testType="13cdc9d9-ddb5-4fa4-a97d-d965ccfc6d4b" outcome="Passed" testListId="8c84fa94-04c1-424b-9868-57a2d4851a1d" relativeResultsDirectory="b31e9212-a22f-4aee-8121-7d83c95d24f2" />
    <UnitTestResult executionId="f49975d9-8c19-4d34-acc2-a8cec47f715f" testId="3ba25545-a1e6-6e60-736f-6d6965adde50" testName="FileHandler.Tests.Modules.Markdown.MarkdownPrimitiveTests.ReadAsync_AcceptsExactByteLimitAndLeavesStreamOpen(length: 100000)" computerName="TOFU" duration="00:00:00.0024867" startTime="2026-09-18T09:17:52.9797898+07:00" endTime="2026-09-18T09:17:52.9823082+07:00" testType="13cdc9d9-ddb5-4fa4-a97d-d965ccfc6d4b" outcome="Passed" testListId="8c84fa94-04c1-424b-9868-57a2d4851a1d" relativeResultsDirectory="f49975d9-8c19-4d34-acc2-a8cec47f715f" />
    <UnitTestResult executionId="3cab8992-8ad4-4ce5-b4a3-de1f45e1861f" testId="23d8a9df-0a86-7e99-bee9-5c4ea270c645" testName="FileHandler.Tests.Modules.Office.OfficeReviewRegressionTests.Word_EditMask_RejectsUnboundTextMutation" computerName="TOFU" duration="00:00:00.0034642" startTime="2026-09-18T09:17:53.3938052+07:00" endTime="2026-09-18T09:17:53.3973088+07:00" testType="13cdc9d9-ddb5-4fa4-a97d-d965ccfc6d4b" outcome="Passed" testListId="8c84fa94-04c1-424b-9868-57a2d4851a1d" relativeResultsDirectory="3cab8992-8ad4-4ce5-b4a3-de1f45e1861f" />
    <UnitTestResult executionId="bffd886e-ff6e-454c-8d3f-9e176e1dd184" testId="755a11dc-04e1-3fae-fa12-a703f00e2769" testName="FileHandler.Tests.Api.FilesApiTests.SelectsHandlerByExtension(name: &quot;guide.txt&quot;, expected: &quot;# Hello&quot;)" computerName="TOFU" duration="00:00:00.0032468" startTime="2026-09-18T09:17:53.4209841+07:00" endTime="2026-09-18T09:17:53.4242628+07:00" testType="13cdc9d9-ddb5-4fa4-a97d-d965ccfc6d4b" outcome="Passed" testListId="8c84fa94-04c1-424b-9868-57a2d4851a1d" relativeResultsDirectory="bffd886e-ff6e-454c-8d3f-9e176e1dd184" />
    <UnitTestResult executionId="9a69cb73-7e19-4576-af45-c46fe2681e16" testId="7e520cb1-d1d9-c86c-5463-ae82a22b950f" testName="FileHandler.Tests.Api.FilesControllerTests.Export_RejectsInvalidJsonContract(json: &quot;null&quot;, code: &quot;invalid_translated_texts&quot;)" computerName="TOFU" duration="00:00:00.0001131" startTime="2026-09-18T09:17:53.0951184+07:00" endTime="2026-09-18T09:17:53.0952529+07:00" testType="13cdc9d9-ddb5-4fa4-a97d-d965ccfc6d4b" outcome="Passed" testListId="8c84fa94-04c1-424b-9868-57a2d4851a1d" relativeResultsDirectory="9a69cb73-7e19-4576-af45-c46fe2681e16" />
    <UnitTestResult executionId="ca4dc67c-7da3-47a5-802f-4000de63b2e5" testId="66d18db1-7809-b80a-71ce-b815931d4d9b" testName="FileHandler.Tests.Modules.Markdown.MarkdownServiceBoundaryTests.ImportAndExport_ReturnReadErrorsWithoutPartialResults(sizeLimit: False)" computerName="TOFU" duration="00:00:00.0315756" startTime="2026-09-18T09:17:52.9050739+07:00" endTime="2026-09-18T09:17:52.9436849+07:00" testType="13cdc9d9-ddb5-4fa4-a97d-d965ccfc6d4b" outcome="Passed" testListId="8c84fa94-04c1-424b-9868-57a2d4851a1d" relativeResultsDirectory="ca4dc67c-7da3-47a5-802f-4000de63b2e5" />
    <UnitTestResult executionId="1bf44028-22a6-4e5d-a511-080590caf5f5" testId="ec2baaf7-f9a0-e8d3-9f71-b7fb6c32642a" testName="FileHandler.Tests.Modules.Markdown.MarkdownPrimitiveTests.EncodeAndDecode_PreserveUnicodeAndBom(bom: False)" computerName="TOFU" duration="00:00:00.0039246" startTime="2026-09-18T09:17:52.9685449+07:00" endTime="2026-09-18T09:17:52.9724991+07:00" testType="13cdc9d9-ddb5-4fa4-a97d-d965ccfc6d4b" outcome="Passed" testListId="8c84fa94-04c1-424b-9868-57a2d4851a1d" relativeResultsDirectory="1bf44028-22a6-4e5d-a511-080590caf5f5" />
    <UnitTestResult executionId="d5d7789b-16b8-46bc-9842-20829864309c" testId="e8ab0a66-e3b7-98a3-f076-7e3583551aee" testName="FileHandler.Tests.Diagnostics.TraceStatePlacementTests.PlainTextBudget_RecordsBytesBeforeEveryRejection(limit: 10, expectedBytes: 11)" computerName="TOFU" duration="00:00:00.0112575" startTime="2026-09-18T09:17:53.2579849+07:00" endTime="2026-09-18T09:17:53.2692792+07:00" testType="13cdc9d9-ddb5-4fa4-a97d-d965ccfc6d4b" outcome="Passed" testListId="8c84fa94-04c1-424b-9868-57a2d4851a1d" relativeResultsDirectory="d5d7789b-16b8-46bc-9842-20829864309c" />
    <UnitTestResult executionId="3d9de1f1-9eb1-44f9-864c-f84e340ce62d" testId="8b650ee9-88b1-708e-8c9b-9c696057c38d" testName="FileHandler.Tests.Modules.Markdown.MarkdownExtractorTests.ValidateStructure_ProtectsBlocksAndInlineTargets(before: &quot;[Hello](https://a.test)&quot;, after: &quot;[Bonjour](https://a.test)&quot;, valid: True)" computerName="TOFU" duration="00:00:00.0001458" startTime="2026-09-18T09:17:53.0021580+07:00" endTime="2026-09-18T09:17:53.0023350+07:00" testType="13cdc9d9-ddb5-4fa4-a97d-d965ccfc6d4b" outcome="Passed" testListId="8c84fa94-04c1-424b-9868-57a2d4851a1d" relativeResultsDirectory="3d9de1f1-9eb1-44f9-864c-f84e340ce62d" />
    <UnitTestResult executionId="689c8471-a829-4ad3-8d14-a899b318f99f" testId="719a2b99-97de-9358-c107-44757dbc6770" testName="FileHandler.Tests.Diagnostics.DebugTraceMiddlewareTests.InvokeAsync_EnabledLogsResponseAndRestoresAmbientState" computerName="TOFU" duration="00:00:00.0948225" startTime="2026-09-18T09:17:52.9416086+07:00" endTime="2026-09-18T09:17:53.0364743+07:00" testType="13cdc9d9-ddb5-4fa4-a97d-d965ccfc6d4b" outcome="Passed" testListId="8c84fa94-04c1-424b-9868-57a2d4851a1d" relativeResultsDirectory="689c8471-a829-4ad3-8d14-a899b318f99f" />
    <UnitTestResult executionId="eea7cb7d-7e85-4cab-9cb8-5901c0431764" testId="080b5f81-8146-701a-f162-8d3f16feb009" testName="FileHandler.Tests.Diagnostics.DebugTraceMiddlewareTests.InvokeAsync_LogsAndRethrowsOriginalException" computerName="TOFU" duration="00:00:00.0194884" startTime="2026-09-18T09:17:53.0402198+07:00" endTime="2026-09-18T09:17:53.0597420+07:00" testType="13cdc9d9-ddb5-4fa4-a97d-d965ccfc6d4b" outcome="Passed" testListId="8c84fa94-04c1-424b-9868-57a2d4851a1d" relativeResultsDirectory="eea7cb7d-7e85-4cab-9cb8-5901c0431764" />
    <UnitTestResult executionId="a188d57d-fe3c-41eb-ba04-4e747fab348e" testId="e953c4eb-5a5a-cac3-7baf-b5c86e0f1394" testName="FileHandler.Tests.Api.FilesApiTests.SelectsHandlerByExtension(name: &quot;guide.TXT&quot;, expected: &quot;# Hello&quot;)" computerName="TOFU" duration="00:00:00.0023308" startTime="2026-09-18T09:17:53.4244347+07:00" endTime="2026-09-18T09:17:53.4267920+07:00" testType="13cdc9d9-ddb5-4fa4-a97d-d965ccfc6d4b" outcome="Passed" testListId="8c84fa94-04c1-424b-9868-57a2d4851a1d" relativeResultsDirectory="a188d57d-fe3c-41eb-ba04-4e747fab348e" />
    <UnitTestResult executionId="4ba69b30-dc80-4260-80c5-e7fee4b5470a" testId="a16ca726-fbc6-d7fc-dc1b-ce9ec9ccb1c3" testName="FileHandler.Tests.Modules.Markdown.MarkdownServiceTests.Export_AllowsLiteralMarkerPrefixInSource" computerName="TOFU" duration="00:00:00.0014064" startTime="2026-09-18T09:17:53.0142683+07:00" endTime="2026-09-18T09:17:53.0157038+07:00" testType="13cdc9d9-ddb5-4fa4-a97d-d965ccfc6d4b" outcome="Passed" testListId="8c84fa94-04c1-424b-9868-57a2d4851a1d" relativeResultsDirectory="4ba69b30-dc80-4260-80c5-e7fee4b5470a" />
    <UnitTestResult executionId="ade2d29c-c10c-47a3-a33a-099df2e1541e" testId="72513e1f-25be-13b1-d650-b9a62940cc18" testName="FileHandler.Tests.Api.FilesControllerTests.Export_ReturnsDownloadWithSafeName" computerName="TOFU" duration="00:00:00.0093890" startTime="2026-09-18T09:17:53.1023186+07:00" endTime="2026-09-18T09:17:53.1117567+07:00" testType="13cdc9d9-ddb5-4fa4-a97d-d965ccfc6d4b" outcome="Passed" testListId="8c84fa94-04c1-424b-9868-57a2d4851a1d" relativeResultsDirectory="ade2d29c-c10c-47a3-a33a-099df2e1541e" />
    <UnitTestResult executionId="a794b7a9-26f0-4aa9-9fa3-4c7a6a651d62" testId="205586e7-672c-1d93-7d4a-0a4e563c7971" testName="FileHandler.Tests.Common.FileTypeDetectorTests.UsesPlainTextFallbackName(name: null)" computerName="TOFU" duration="00:00:00.0002895" startTime="2026-09-18T09:17:52.9893821+07:00" endTime="2026-09-18T09:17:52.9896979+07:00" testType="13cdc9d9-ddb5-4fa4-a97d-d965ccfc6d4b" outcome="Passed" testListId="8c84fa94-04c1-424b-9868-57a2d4851a1d" relativeResultsDirectory="a794b7a9-26f0-4aa9-9fa3-4c7a6a651d62" />
    <UnitTestResult executionId="c3541ec6-30be-4c69-abc9-e4b32c4ce903" testId="cc74102b-a7ac-1ce5-8cc1-945d39f85984" testName="FileHandler.Tests.Modules.Markdown.MarkdownServiceTests.EmptyFileRoundTrips" computerName="TOFU" duration="00:00:00.0540854" startTime="2026-09-18T09:17:52.9051186+07:00" endTime="2026-09-18T09:17:52.9662055+07:00" testType="13cdc9d9-ddb5-4fa4-a97d-d965ccfc6d4b" outcome="Passed" testListId="8c84fa94-04c1-424b-9868-57a2d4851a1d" relativeResultsDirectory="c3541ec6-30be-4c69-abc9-e4b32c4ce903" />
    <UnitTestResult executionId="af8636da-e196-4102-b6eb-222c65deb23c" testId="0a53a202-981f-7e57-eb5b-a69c67803bd2" testName="FileHandler.Tests.Common.FileTypeDetectorTests.PreservesOriginalAttachmentName(source: &quot;../Report.TXT&quot;, expected: &quot;Report.TXT&quot;)" computerName="TOFU" duration="00:00:00.0008707" startTime="2026-09-18T09:17:52.9900496+07:00" endTime="2026-09-18T09:17:52.9909501+07:00" testType="13cdc9d9-ddb5-4fa4-a97d-d965ccfc6d4b" outcome="Passed" testListId="8c84fa94-04c1-424b-9868-57a2d4851a1d" relativeResultsDirectory="af8636da-e196-4102-b6eb-222c65deb23c" />
    <UnitTestResult executionId="ce602cca-142d-468a-bf48-8c876c3b9fa5" testId="3335c73e-2ea8-5b23-32e2-468aa147abcc" testName="FileHandler.Tests.Modules.PlainText.PlainTextServiceTests.IdentityIsBytePerfect(text: &quot;&quot;)" computerName="TOFU" duration="00:00:00.0000628" startTime="2026-09-18T09:17:52.9891425+07:00" endTime="2026-09-18T09:17:52.9892244+07:00" testType="13cdc9d9-ddb5-4fa4-a97d-d965ccfc6d4b" outcome="Passed" testListId="8c84fa94-04c1-424b-9868-57a2d4851a1d" relativeResultsDirectory="ce602cca-142d-468a-bf48-8c876c3b9fa5" />
    <UnitTestResult executionId="420e0b04-a2ae-4038-90a6-6be17a701695" testId="e8ad5726-418a-3739-65d6-4a0ec3c2c4f0" testName="FileHandler.Tests.Diagnostics.TraceStatePlacementTests.PlainTextSegmentation_RecordsQuotaLocation" computerName="TOFU" duration="00:00:00.0150819" startTime="2026-09-18T09:17:53.1495229+07:00" endTime="2026-09-18T09:17:53.1646493+07:00" testType="13cdc9d9-ddb5-4fa4-a97d-d965ccfc6d4b" outcome="Passed" testListId="8c84fa94-04c1-424b-9868-57a2d4851a1d" relativeResultsDirectory="420e0b04-a2ae-4038-90a6-6be17a701695" />
    <UnitTestResult executionId="c238118b-8956-4054-b5d0-066cad833396" testId="a3baf18d-64a5-fe04-9859-0334b4548bbf" testName="FileHandler.Tests.Modules.Markdown.MarkdownServiceTests.CallsAreDeterministicAndConcurrent" computerName="TOFU" duration="00:00:00.0078383" startTime="2026-09-18T09:17:53.0491812+07:00" endTime="2026-09-18T09:17:53.0570513+07:00" testType="13cdc9d9-ddb5-4fa4-a97d-d965ccfc6d4b" outcome="Passed" testListId="8c84fa94-04c1-424b-9868-57a2d4851a1d" relativeResultsDirectory="c238118b-8956-4054-b5d0-066cad833396" />
    <UnitTestResult executionId="d5289120-9309-470d-ba1f-18578528532c" testId="527d41f3-8259-70d7-213d-c2d66eb5b815" testName="FileHandler.Tests.Modules.Markdown.MarkdownPrimitiveTests.GetRange_UsesExclusiveEnd(start: 0, end: 4, first: 1, last: 2)" computerName="TOFU" duration="00:00:00.0008916" startTime="2026-09-18T09:17:52.9663402+07:00" endTime="2026-09-18T09:17:52.9672670+07:00" testType="13cdc9d9-ddb5-4fa4-a97d-d965ccfc6d4b" outcome="Passed" testListId="8c84fa94-04c1-424b-9868-57a2d4851a1d" relativeResultsDirectory="d5289120-9309-470d-ba1f-18578528532c" />
    <UnitTestResult executionId="1bfaf0da-a221-4ecb-9182-5aba54a7228a" testId="8f903864-23d2-234c-5ce6-93400aff5029" testName="FileHandler.Tests.Modules.Office.OfficeReviewRegressionTests.Excel_RichSecondSlot_PreservesRuns(shared: True)" computerName="TOFU" duration="00:00:00.0301745" startTime="2026-09-18T09:17:53.2407695+07:00" endTime="2026-09-18T09:17:53.2709838+07:00" testType="13cdc9d9-ddb5-4fa4-a97d-d965ccfc6d4b" outcome="Passed" testListId="8c84fa94-04c1-424b-9868-57a2d4851a1d" relativeResultsDirectory="1bfaf0da-a221-4ecb-9182-5aba54a7228a" />
    <UnitTestResult executionId="24e165af-2bae-4d87-9a34-fe26b568ee49" testId="595fa0a4-13f2-f990-45ef-2be629954915" testName="FileHandler.Tests.Diagnostics.TraceSessionTests.TraceCall_RecordsOneCompletionAndRestoresParent(kind: &quot;error&quot;)" computerName="TOFU" duration="00:00:00.0070538" startTime="2026-09-18T09:17:53.0720456+07:00" endTime="2026-09-18T09:17:53.0791354+07:00" testType="13cdc9d9-ddb5-4fa4-a97d-d965ccfc6d4b" outcome="Passed" testListId="8c84fa94-04c1-424b-9868-57a2d4851a1d" relativeResultsDirectory="24e165af-2bae-4d87-9a34-fe26b568ee49" />
    <UnitTestResult executionId="bff1a9b6-88c7-4b5e-87b8-ae2f450123e8" testId="73c7867b-1471-b42b-4844-78919b1f8c2a" testName="FileHandler.Tests.Modules.Markdown.MarkdownServiceTests.Export_PreservesLiteralHtmlEntitiesAndNumberedLists(translation: &quot;A &amp;copy; B &amp;#65;&quot;, expectedHtmlSubstring: &quot;A &amp;amp;copy; B &amp;amp;#65;&quot;)" computerName="TOFU" duration="00:00:00.0022220" startTime="2026-09-18T09:17:53.0573753+07:00" endTime="2026-09-18T09:17:53.0596248+07:00" testType="13cdc9d9-ddb5-4fa4-a97d-d965ccfc6d4b" outcome="Passed" testListId="8c84fa94-04c1-424b-9868-57a2d4851a1d" relativeResultsDirectory="bff1a9b6-88c7-4b5e-87b8-ae2f450123e8" />
    <UnitTestResult executionId="1d671ba7-f2dd-4219-a6e7-b65a30be4f03" testId="bead30ce-8e13-a596-e9a6-bea8f72d685c" testName="FileHandler.Tests.Modules.Markdown.MarkdownUnifiedTokenTests.InvalidWireTokensReturnNoOutput(translation: &quot;&lt;ox:r0&gt; &lt;/ox:r0&gt;&lt;ox:r1&gt;B&lt;/ox:r1&gt;&quot;, code: &quot;empty_translation&quot;)" computerName="TOFU" duration="00:00:00.0001901" startTime="2026-09-18T09:17:53.0192576+07:00" endTime="2026-09-18T09:17:53.0194726+07:00" testType="13cdc9d9-ddb5-4fa4-a97d-d965ccfc6d4b" outcome="Passed" testListId="8c84fa94-04c1-424b-9868-57a2d4851a1d" relativeResultsDirectory="1d671ba7-f2dd-4219-a6e7-b65a30be4f03" />
    <UnitTestResult executionId="98de8f0b-9672-461f-b36f-ca18c8ba29fa" testId="0c93680d-ba04-c731-22e8-adcdff10ba5e" testName="FileHandler.Tests.Diagnostics.TraceStatePlacementTests.ControllerNormalization_RecordsParseProgressAndHonorsRedaction(captureContent: True)" computerName="TOFU" duration="00:00:00.0169716" startTime="2026-09-18T09:17:53.2147424+07:00" endTime="2026-09-18T09:17:53.2317538+07:00" testType="13cdc9d9-ddb5-4fa4-a97d-d965ccfc6d4b" outcome="Passed" testListId="8c84fa94-04c1-424b-9868-57a2d4851a1d" relativeResultsDirectory="98de8f0b-9672-461f-b36f-ca18c8ba29fa" />
    <UnitTestResult executionId="c7cdc76d-e68a-46d1-ac8b-779d75024c18" testId="30b36c46-1a33-c131-67cd-fcbc59815e8d" testName="FileHandler.Tests.Modules.Excel.ExcelModuleTests.E15_TranslationCountMismatch_ReturnsError" computerName="TOFU" duration="00:00:00.0127721" startTime="2026-09-18T09:17:53.2340067+07:00" endTime="2026-09-18T09:17:53.2468159+07:00" testType="13cdc9d9-ddb5-4fa4-a97d-d965ccfc6d4b" outcome="Passed" testListId="8c84fa94-04c1-424b-9868-57a2d4851a1d" relativeResultsDirectory="c7cdc76d-e68a-46d1-ac8b-779d75024c18" />
    <UnitTestResult executionId="81758af8-c22c-47ef-acf0-f044dbea4e0c" testId="e48b0b7c-b1a4-9484-ae7d-3d8ea833c136" testName="FileHandler.Tests.Modules.PlainText.PlainTextSegmenterTests.AllowsEmptySourceWithZeroQuota(source: &quot;&quot;)" computerName="TOFU" duration="00:00:00.0005377" startTime="2026-09-18T09:17:52.9395041+07:00" endTime="2026-09-18T09:17:52.9400992+07:00" testType="13cdc9d9-ddb5-4fa4-a97d-d965ccfc6d4b" outcome="Passed" testListId="8c84fa94-04c1-424b-9868-57a2d4851a1d" relativeResultsDirectory="81758af8-c22c-47ef-acf0-f044dbea4e0c" />
    <UnitTestResult executionId="99a02965-b5f1-4942-9479-35f449d4f3cd" testId="a0806af5-ce57-3f41-0e87-27f5f4405d4b" testName="FileHandler.Tests.Api.FilesControllerTests.Export_AcceptsJsonWithCommentsAndRawNewlines" computerName="TOFU" duration="00:00:00.0009861" startTime="2026-09-18T09:17:53.1152471+07:00" endTime="2026-09-18T09:17:53.1162597+07:00" testType="13cdc9d9-ddb5-4fa4-a97d-d965ccfc6d4b" outcome="Passed" testListId="8c84fa94-04c1-424b-9868-57a2d4851a1d" relativeResultsDirectory="99a02965-b5f1-4942-9479-35f449d4f3cd" />
    <UnitTestResult executionId="8f4e8199-4f0f-45f6-ae3d-27df1b7cc76d" testId="a81a43f3-1e09-abf0-b5aa-6b20b4944120" testName="FileHandler.Tests.Modules.PlainText.PlainTextServiceTests.EnforcesExactOutputByteBudget(limit: 11, success: False)" computerName="TOFU" duration="00:00:00.0003344" startTime="2026-09-18T09:17:52.9738728+07:00" endTime="2026-09-18T09:17:52.9742366+07:00" testType="13cdc9d9-ddb5-4fa4-a97d-d965ccfc6d4b" outcome="Passed" testListId="8c84fa94-04c1-424b-9868-57a2d4851a1d" relativeResultsDirectory="8f4e8199-4f0f-45f6-ae3d-27df1b7cc76d" />
    <UnitTestResult executionId="f56b7195-ccb2-45d5-84ee-88b607a0f5cc" testId="3bb4a669-7c68-691c-d34f-5dd534f09b95" testName="FileHandler.Tests.Modules.PlainText.PlainTextServiceTests.EnforcesUnitAndTranslationBoundaries" computerName="TOFU" duration="00:00:00.0016700" startTime="2026-09-18T09:17:53.0354665+07:00" endTime="2026-09-18T09:17:53.0371657+07:00" testType="13cdc9d9-ddb5-4fa4-a97d-d965ccfc6d4b" outcome="Passed" testListId="8c84fa94-04c1-424b-9868-57a2d4851a1d" relativeResultsDirectory="f56b7195-ccb2-45d5-84ee-88b607a0f5cc" />
    <UnitTestResult executionId="231df003-c4c3-46bb-a211-8d89282207a0" testId="ae8ef786-cf7e-4002-3c8f-71a0e43aa754" testName="FileHandler.Tests.Api.GlobalExceptionHandlerTests.TryHandleAsync_MapsErrorsWithoutLeakingExceptionDetails(kind: &quot;other&quot;, status: 500, code: &quot;internal_error&quot;)" computerName="TOFU" duration="00:00:00.0016465" startTime="2026-09-18T09:17:53.0956807+07:00" endTime="2026-09-18T09:17:53.0973529+07:00" testType="13cdc9d9-ddb5-4fa4-a97d-d965ccfc6d4b" outcome="Passed" testListId="8c84fa94-04c1-424b-9868-57a2d4851a1d" relativeResultsDirectory="231df003-c4c3-46bb-a211-8d89282207a0" />
    <UnitTestResult executionId="233c0780-6b06-4fa9-8ea5-9f39a479fd8e" testId="197a7178-f0c2-4b16-e411-fe3ed085478b" testName="FileHandler.Tests.Modules.Office.OfficePackageReaderAndValidatorTests.ReadAsync_NonZipBytes_ReturnsOfficePackageCorrupt" computerName="TOFU" duration="00:00:00.0009169" startTime="2026-09-18T09:17:53.1548987+07:00" endTime="2026-09-18T09:17:53.1558523+07:00" testType="13cdc9d9-ddb5-4fa4-a97d-d965ccfc6d4b" outcome="Passed" testListId="8c84fa94-04c1-424b-9868-57a2d4851a1d" relativeResultsDirectory="233c0780-6b06-4fa9-8ea5-9f39a479fd8e" />
    <UnitTestResult executionId="6a2b7c49-6922-450a-b82e-e121c6b966c6" testId="28cc37a8-d488-a45b-794e-33c6e60677e1" testName="FileHandler.Tests.Api.DebugTraceTests.CancellationAndLimitsProduceClosedSafeJson" computerName="TOFU" duration="00:00:00.0123498" startTime="2026-09-18T09:17:53.6970582+07:00" endTime="2026-09-18T09:17:53.7094888+07:00" testType="13cdc9d9-ddb5-4fa4-a97d-d965ccfc6d4b" outcome="Passed" testListId="8c84fa94-04c1-424b-9868-57a2d4851a1d" relativeResultsDirectory="6a2b7c49-6922-450a-b82e-e121c6b966c6" />
    <UnitTestResult executionId="56f7dc98-0b36-4851-a07e-85ed380c4e98" testId="3f4b1f04-1a45-b005-0f7d-25f2170f12ec" testName="FileHandler.Tests.Modules.Markdown.MarkdownServiceBoundaryTests.ImportAndExport_ReturnReadErrorsWithoutPartialResults(sizeLimit: True)" computerName="TOFU" duration="00:00:00.0005719" startTime="2026-09-18T09:17:52.9439236+07:00" endTime="2026-09-18T09:17:52.9445258+07:00" testType="13cdc9d9-ddb5-4fa4-a97d-d965ccfc6d4b" outcome="Passed" testListId="8c84fa94-04c1-424b-9868-57a2d4851a1d" relativeResultsDirectory="56f7dc98-0b36-4851-a07e-85ed380c4e98" />
    <UnitTestResult executionId="1f8ea2db-8686-495b-a9eb-eae2ff9b54a7" testId="2aae3276-e271-b1b0-c733-5425869c5669" testName="FileHandler.Tests.Diagnostics.TraceValueTests.Format_DescribesStreamsWithoutReadingThemAndDefersLazySequences" computerName="TOFU" duration="00:00:00.0088552" startTime="2026-09-18T09:17:53.0966922+07:00" endTime="2026-09-18T09:17:53.1055839+07:00" testType="13cdc9d9-ddb5-4fa4-a97d-d965ccfc6d4b" outcome="Passed" testListId="8c84fa94-04c1-424b-9868-57a2d4851a1d" relativeResultsDirectory="1f8ea2db-8686-495b-a9eb-eae2ff9b54a7" />
    <UnitTestResult executionId="f831f37d-e99c-475e-8263-c2e11fb1e1b3" testId="b26c6fea-c967-3edc-cf6b-9e38451aa13e" testName="FileHandler.Tests.Modules.Excel.ExcelModuleTests.E01_InlineStringCells_ExtractsAndTranslates" computerName="TOFU" duration="00:00:00.0370081" startTime="2026-09-18T09:17:53.2704835+07:00" endTime="2026-09-18T09:17:53.3075297+07:00" testType="13cdc9d9-ddb5-4fa4-a97d-d965ccfc6d4b" outcome="Passed" testListId="8c84fa94-04c1-424b-9868-57a2d4851a1d" relativeResultsDirectory="f831f37d-e99c-475e-8263-c2e11fb1e1b3" />
    <UnitTestResult executionId="0f294714-9816-4290-be45-cc1050761d96" testId="48a5f744-9504-45be-6dbb-f54ae7c3ad91" testName="FileHandler.Tests.Common.FileTypeDetectorTests.PreservesOriginalAttachmentName(source: &quot;Deck.PPTX&quot;, expected: &quot;Deck.PPTX&quot;)" computerName="TOFU" duration="00:00:00.0000227" startTime="2026-09-18T09:17:53.0003209+07:00" endTime="2026-09-18T09:17:53.0003733+07:00" testType="13cdc9d9-ddb5-4fa4-a97d-d965ccfc6d4b" outcome="Passed" testListId="8c84fa94-04c1-424b-9868-57a2d4851a1d" relativeResultsDirectory="0f294714-9816-4290-be45-cc1050761d96" />
    <UnitTestResult executionId="8929943a-270d-4b7d-b6d7-693675021f7d" testId="4430e0e2-1f53-5801-74fd-93a0f3775114" testName="FileHandler.Tests.Diagnostics.TraceStatePlacementTests.MarkdownFormatting_RecordsTokensBeforeAndAfterNormalization" computerName="TOFU" duration="00:00:00.0215281" startTime="2026-09-18T09:17:53.2321757+07:00" endTime="2026-09-18T09:17:53.2537478+07:00" testType="13cdc9d9-ddb5-4fa4-a97d-d965ccfc6d4b" outcome="Passed" testListId="8c84fa94-04c1-424b-9868-57a2d4851a1d" relativeResultsDirectory="8929943a-270d-4b7d-b6d7-693675021f7d" />
    <UnitTestResult executionId="34c65147-6996-4c9c-8b47-42c5af862e7b" testId="31f556cb-9c3b-fd87-8c87-0cee3ba528df" testName="FileHandler.Tests.Diagnostics.TraceStatePlacementTests.ControllerNormalization_RecordsParseProgressAndHonorsRedaction(captureContent: False)" computerName="TOFU" duration="00:00:00.0194826" startTime="2026-09-18T09:17:53.1948831+07:00" endTime="2026-09-18T09:17:53.2144011+07:00" testType="13cdc9d9-ddb5-4fa4-a97d-d965ccfc6d4b" outcome="Passed" testListId="8c84fa94-04c1-424b-9868-57a2d4851a1d" relativeResultsDirectory="34c65147-6996-4c9c-8b47-42c5af862e7b" />
    <UnitTestResult executionId="3281c0ef-e964-43e9-b82f-66d806de245c" testId="b6b37d14-c74d-488b-860f-e0db38325fdf" testName="FileHandler.Tests.Modules.PlainText.PlainTextServiceTests.ImportsParagraphsAndExportsLiteralTranslations" computerName="TOFU" duration="00:00:00.0025266" startTime="2026-09-18T09:17:53.0276562+07:00" endTime="2026-09-18T09:17:53.0302091+07:00" testType="13cdc9d9-ddb5-4fa4-a97d-d965ccfc6d4b" outcome="Passed" testListId="8c84fa94-04c1-424b-9868-57a2d4851a1d" relativeResultsDirectory="3281c0ef-e964-43e9-b82f-66d806de245c" />
    <UnitTestResult executionId="ab5c3083-c5dc-42f5-81f1-f2c142bc932e" testId="958cc1d5-771a-311a-7525-8be18e366868" testName="FileHandler.Tests.Modules.Office.OfficeReviewRegressionTests.Excel_MergedFollowerText_IsRejected" computerName="TOFU" duration="00:00:00.0154771" startTime="2026-09-18T09:17:53.2712942+07:00" endTime="2026-09-18T09:17:53.2868041+07:00" testType="13cdc9d9-ddb5-4fa4-a97d-d965ccfc6d4b" outcome="Passed" testListId="8c84fa94-04c1-424b-9868-57a2d4851a1d" relativeResultsDirectory="ab5c3083-c5dc-42f5-81f1-f2c142bc932e" />
    <UnitTestResult executionId="b21c81e0-b234-4e22-852a-8f8b1b7e9b6d" testId="de71410a-5444-b272-f601-ac6f99658afd" testName="FileHandler.Tests.Diagnostics.DebugTraceMiddlewareTests.Warn_ContainsLoggingProviderFailures" computerName="TOFU" duration="00:00:00.0014000" startTime="2026-09-18T09:17:53.0367497+07:00" endTime="2026-09-18T09:17:53.0381835+07:00" testType="13cdc9d9-ddb5-4fa4-a97d-d965ccfc6d4b" outcome="Passed" testListId="8c84fa94-04c1-424b-9868-57a2d4851a1d" relativeResultsDirectory="b21c81e0-b234-4e22-852a-8f8b1b7e9b6d" />
    <UnitTestResult executionId="5e6c5a02-4707-4759-bc0f-c0e6f98956ec" testId="5f73c565-b3d4-4fe3-9926-84d92d2354d3" testName="FileHandler.Tests.Modules.Markdown.MarkdownTranslationApplierTests.Apply_RejectsMissingSoftBreakTokens(translation: &quot;a\nb&quot;)" computerName="TOFU" duration="00:00:00.0001603" startTime="2026-09-18T09:17:53.0572369+07:00" endTime="2026-09-18T09:17:53.0574222+07:00" testType="13cdc9d9-ddb5-4fa4-a97d-d965ccfc6d4b" outcome="Passed" testListId="8c84fa94-04c1-424b-9868-57a2d4851a1d" relativeResultsDirectory="5e6c5a02-4707-4759-bc0f-c0e6f98956ec" />
    <UnitTestResult executionId="a5b5d6de-3124-46c4-8f1c-5a4f1d128b37" testId="79b97a16-4d0c-7d4a-2ca6-747dbda5ad9e" testName="FileHandler.Tests.Modules.Markdown.MarkdownServiceTests.Export_PreservesHardBreak_SpacesAndBackslash_WithCrlfAndLf(source: &quot;One  \r\nTwo&quot;, expected: &quot;Mot  \r\nHai&quot;)" computerName="TOFU" duration="00:00:00.0236578" startTime="2026-09-18T09:17:53.0181764+07:00" endTime="2026-09-18T09:17:53.0418606+07:00" testType="13cdc9d9-ddb5-4fa4-a97d-d965ccfc6d4b" outcome="Passed" testListId="8c84fa94-04c1-424b-9868-57a2d4851a1d" relativeResultsDirectory="a5b5d6de-3124-46c4-8f1c-5a4f1d128b37" />
    <UnitTestResult executionId="b747f78c-5814-4b06-9e0e-860d2c1967d0" testId="3a118d30-0da0-3bfe-cc16-8748947c6cc1" testName="FileHandler.Tests.Modules.Markdown.MarkdownSourceReaderTests.EnforcesActualStreamLimit" computerName="TOFU" duration="00:00:00.0019676" startTime="2026-09-18T09:17:52.9415306+07:00" endTime="2026-09-18T09:17:52.9435251+07:00" testType="13cdc9d9-ddb5-4fa4-a97d-d965ccfc6d4b" outcome="Passed" testListId="8c84fa94-04c1-424b-9868-57a2d4851a1d" relativeResultsDirectory="b747f78c-5814-4b06-9e0e-860d2c1967d0" />
    <UnitTestResult executionId="2c8643f1-71dd-4170-b3f1-1320999a676b" testId="1f0cf914-fb51-c849-41f7-a9102496549f" testName="FileHandler.Tests.Api.FilesApiTests.ExportAcceptsUploadedJsonFileForTranslations" computerName="TOFU" duration="00:00:00.0023572" startTime="2026-09-18T09:17:53.7103287+07:00" endTime="2026-09-18T09:17:53.7127105+07:00" testType="13cdc9d9-ddb5-4fa4-a97d-d965ccfc6d4b" outcome="Passed" testListId="8c84fa94-04c1-424b-9868-57a2d4851a1d" relativeResultsDirectory="2c8643f1-71dd-4170-b3f1-1320999a676b" />
    <UnitTestResult executionId="e4fc5964-618a-4098-857b-b07ad0642762" testId="cb8073dd-7265-eebd-5ee1-37e50f0c74f6" testName="FileHandler.Tests.Common.FileTypeDetectorTests.PreservesOriginalAttachmentName(source: &quot;C:\\folder/mixed\\Hợp đồng.DOCX&quot;, expected: &quot;Hợp đồng.DOCX&quot;)" computerName="TOFU" duration="00:00:00.0000365" startTime="2026-09-18T09:17:52.9992182+07:00" endTime="2026-09-18T09:17:52.9993020+07:00" testType="13cdc9d9-ddb5-4fa4-a97d-d965ccfc6d4b" outcome="Passed" testListId="8c84fa94-04c1-424b-9868-57a2d4851a1d" relativeResultsDirectory="e4fc5964-618a-4098-857b-b07ad0642762" />
    <UnitTestResult executionId="3219d951-a4c3-40df-a6d5-ba7a5d729ba2" testId="184876ed-d8d0-0f84-a231-bbc69e10a8d4" testName="FileHandler.Tests.Api.DebugControllerTests.Toggle_UpdatesRuntimeDebugEnablement" computerName="TOFU" duration="00:00:00.0168190" startTime="2026-09-18T09:17:53.7573744+07:00" endTime="2026-09-18T09:17:53.7742284+07:00" testType="13cdc9d9-ddb5-4fa4-a97d-d965ccfc6d4b" outcome="Passed" testListId="8c84fa94-04c1-424b-9868-57a2d4851a1d" relativeResultsDirectory="3219d951-a4c3-40df-a6d5-ba7a5d729ba2" />
    <UnitTestResult executionId="83acc15b-1b64-4a59-a0ca-e0b919957c64" testId="20f5da96-37fb-49db-c665-e0983bc91b49" testName="FileHandler.Tests.Api.DebugTraceTests.EventLimit_StopsAddingStatesAndEvaluatingFactories" computerName="TOFU" duration="00:00:00.0152339" startTime="2026-09-18T09:17:53.6186405+07:00" endTime="2026-09-18T09:17:53.6339226+07:00" testType="13cdc9d9-ddb5-4fa4-a97d-d965ccfc6d4b" outcome="Passed" testListId="8c84fa94-04c1-424b-9868-57a2d4851a1d" relativeResultsDirectory="83acc15b-1b64-4a59-a0ca-e0b919957c64" />
    <UnitTestResult executionId="f7260126-62af-47bd-9e87-00366bdc7ee4" testId="d90fc2a8-04bd-5d2a-b4c2-b770fbf3c397" testName="FileHandler.Tests.Modules.PowerPoint.PowerPointModuleTests.P03_MergedTable_SkipsContinuationCell" computerName="TOFU" duration="00:00:00.0117881" startTime="2026-09-18T09:17:53.2144405+07:00" endTime="2026-09-18T09:17:53.2262708+07:00" testType="13cdc9d9-ddb5-4fa4-a97d-d965ccfc6d4b" outcome="Passed" testListId="8c84fa94-04c1-424b-9868-57a2d4851a1d" relativeResultsDirectory="f7260126-62af-47bd-9e87-00366bdc7ee4" />
    <UnitTestResult executionId="3a9e36e4-6114-4eea-bf59-a8b0b50b7be0" testId="5384d886-02fe-2837-8d72-643dca71e133" testName="FileHandler.Tests.Modules.PlainText.PlainTextServiceTests.RejectsInvalidTranslationsWithLocations(translation: null, code: &quot;invalid_translation&quot;)" computerName="TOFU" duration="00:00:00.0000441" startTime="2026-09-18T09:17:52.9808214+07:00" endTime="2026-09-18T09:17:52.9808832+07:00" testType="13cdc9d9-ddb5-4fa4-a97d-d965ccfc6d4b" outcome="Passed" testListId="8c84fa94-04c1-424b-9868-57a2d4851a1d" relativeResultsDirectory="3a9e36e4-6114-4eea-bf59-a8b0b50b7be0" />
    <UnitTestResult executionId="494ebce2-dddc-43a8-888b-6c4b4b3fff56" testId="e46d6240-b21f-df45-4f91-96ffa4038003" testName="FileHandler.Tests.Modules.PlainText.PlainTextServiceTests.IdentityIsBytePerfect(text: &quot;```\n[link](https://example.com)\n```\n\n&lt;keepme1&gt;&quot;···)" computerName="TOFU" duration="00:00:00.0000885" startTime="2026-09-18T09:17:52.9884866+07:00" endTime="2026-09-18T09:17:52.9885981+07:00" testType="13cdc9d9-ddb5-4fa4-a97d-d965ccfc6d4b" outcome="Passed" testListId="8c84fa94-04c1-424b-9868-57a2d4851a1d" relativeResultsDirectory="494ebce2-dddc-43a8-888b-6c4b4b3fff56" />
    <UnitTestResult executionId="4e4eb027-e142-4d23-91ed-71ebfc679280" testId="b79ec5f0-ac47-b719-a0e8-57fbde23e489" testName="FileHandler.Tests.Api.GlobalExceptionHandlerTests.TryHandleAsync_MapsErrorsWithoutLeakingExceptionDetails(kind: &quot;invalid-data&quot;, status: 500, code: &quot;internal_error&quot;)" computerName="TOFU" duration="00:00:00.0002421" startTime="2026-09-18T09:17:53.0975729+07:00" endTime="2026-09-18T09:17:53.0978397+07:00" testType="13cdc9d9-ddb5-4fa4-a97d-d965ccfc6d4b" outcome="Passed" testListId="8c84fa94-04c1-424b-9868-57a2d4851a1d" relativeResultsDirectory="4e4eb027-e142-4d23-91ed-71ebfc679280" />
[...]
    <TestEntry testId="30de41f5-daeb-2060-f10b-f3e3e71fbab6" executionId="ae8a2d97-29e4-4fd6-bd9d-f010b961d0da" testListId="8c84fa94-04c1-424b-9868-57a2d4851a1d" />
    <TestEntry testId="4f81e929-e919-5165-b524-771f7f6fb555" executionId="7abca4f5-8afe-433e-b6e9-48ec6b8d14c8" testListId="8c84fa94-04c1-424b-9868-57a2d4851a1d" />
    <TestEntry testId="244fb408-f161-163b-0631-056d18dafd28" executionId="87d44e6c-de54-4ade-abbf-e28766e1623f" testListId="8c84fa94-04c1-424b-9868-57a2d4851a1d" />
    <TestEntry testId="445a7723-adf4-0ca3-7c97-1142651af21a" executionId="4d6280b7-ef76-40ef-9c85-22dd66331f26" testListId="8c84fa94-04c1-424b-9868-57a2d4851a1d" />
    <TestEntry testId="a89fd723-ff4e-3ec5-27ab-6578d7aba2ae" executionId="1a10f009-c3ae-407c-b60e-1c6270fef74e" testListId="8c84fa94-04c1-424b-9868-57a2d4851a1d" />
    <TestEntry testId="5d967018-5e57-aff0-45a9-8d5df5574df8" executionId="fb938bab-d52d-4150-98e1-3cf9f9bdabd5" testListId="8c84fa94-04c1-424b-9868-57a2d4851a1d" />
    <TestEntry testId="a7e200ab-d4a1-2471-e033-f9fbca85c007" executionId="336aefd5-5701-4005-8ba1-71fcd1ec207b" testListId="8c84fa94-04c1-424b-9868-57a2d4851a1d" />
    <TestEntry testId="736672b5-140f-d0ca-15b1-3b57290c0f73" executionId="21959ba7-bac7-4ac5-9737-6e8a10a5fb34" testListId="8c84fa94-04c1-424b-9868-57a2d4851a1d" />
    <TestEntry testId="51aa5cea-f764-7437-a5a0-47ebccf9b745" executionId="4df55670-f322-4eeb-973a-58fdbdb742bb" testListId="8c84fa94-04c1-424b-9868-57a2d4851a1d" />
    <TestEntry testId="6499a875-144a-e664-b410-20d13c34dc1c" executionId="f4bc32c0-f874-46ef-8cbe-408c84c0217e" testListId="8c84fa94-04c1-424b-9868-57a2d4851a1d" />
    <TestEntry testId="2b6dd8c3-e680-7e34-06c6-3097ba5803ce" executionId="651c32af-a64e-4b0e-8479-65a375fc8fa4" testListId="8c84fa94-04c1-424b-9868-57a2d4851a1d" />
    <TestEntry testId="dcfe3f5d-f199-9868-7a90-41e7749c6f0f" executionId="c6bfe763-7083-4d9e-9b13-becbb16cfdf6" testListId="8c84fa94-04c1-424b-9868-57a2d4851a1d" />
    <TestEntry testId="ad09ce0c-92cf-dc39-13c5-477412b2aac5" executionId="c28901e2-faf3-44f7-8962-ab482b6bf530" testListId="8c84fa94-04c1-424b-9868-57a2d4851a1d" />
    <TestEntry testId="016dd5c5-ad7d-e475-bb07-41c77c276245" executionId="ad2149d2-2d23-4420-bbf5-6f14af0332be" testListId="8c84fa94-04c1-424b-9868-57a2d4851a1d" />
    <TestEntry testId="56df04b4-c560-3e8b-a7fd-54e3293421f9" executionId="a6c004cf-baee-4252-9456-620914a52d70" testListId="8c84fa94-04c1-424b-9868-57a2d4851a1d" />
    <TestEntry testId="dca02781-74cf-c1b0-4d61-810e295b8010" executionId="78032b4d-c654-4f7b-b2c4-dc35ffe1a3d5" testListId="8c84fa94-04c1-424b-9868-57a2d4851a1d" />
    <TestEntry testId="65be491b-71e5-7a5e-187e-1fdee6aff064" executionId="7b378d5f-e8f3-40fc-bb9c-cf4b43064612" testListId="8c84fa94-04c1-424b-9868-57a2d4851a1d" />
    <TestEntry testId="270a01de-6735-1542-8d56-34d4c4fbc1aa" executionId="3bfdad07-acdf-4072-aff7-e32db7150d2c" testListId="8c84fa94-04c1-424b-9868-57a2d4851a1d" />
    <TestEntry testId="da36d4df-896e-89a2-6d86-da23f8c22abd" executionId="e24e97f1-443a-4a00-9523-34b2d2e8eab6" testListId="8c84fa94-04c1-424b-9868-57a2d4851a1d" />
    <TestEntry testId="d39ab237-5187-0302-ed11-c9d40d80ad2f" executionId="b9429653-b998-4e70-960d-e18f1cfbefaf" testListId="8c84fa94-04c1-424b-9868-57a2d4851a1d" />
    <TestEntry testId="8275b615-9ee5-7054-5796-9674c0e0925c" executionId="b357bf64-4024-4ad3-9a8d-e4b0e0005e95" testListId="8c84fa94-04c1-424b-9868-57a2d4851a1d" />
    <TestEntry testId="e6b4f7a3-63f1-a45f-8f50-f30b12e4cdc5" executionId="4dba3908-68ec-4f6d-9a51-6d7daa70737c" testListId="8c84fa94-04c1-424b-9868-57a2d4851a1d" />
    <TestEntry testId="59e0280d-1a00-1724-0256-4d91041e2451" executionId="6ac7162c-62f4-4502-b125-f9811795dd91" testListId="8c84fa94-04c1-424b-9868-57a2d4851a1d" />
    <TestEntry testId="093cc5f7-031c-bdcc-132d-a8aa8240593a" executionId="0ee3cc5b-cf89-42a7-9256-016543c8bbf6" testListId="8c84fa94-04c1-424b-9868-57a2d4851a1d" />
    <TestEntry testId="43adb70c-97e8-a02e-66f0-71d0eb948e0d" executionId="e6e4ef86-2d20-415d-8aa0-031835c3307b" testListId="8c84fa94-04c1-424b-9868-57a2d4851a1d" />
    <TestEntry testId="2109a8af-445f-b557-950f-0a3b07d6c8b2" executionId="3cfd41e5-20d2-4e89-9d91-d9f14fb1259e" testListId="8c84fa94-04c1-424b-9868-57a2d4851a1d" />
    <TestEntry testId="b6ea78bf-fb81-a1ee-7afd-863ccde0ff01" executionId="399b5b71-37be-43f3-bf2f-6be8a463edaa" testListId="8c84fa94-04c1-424b-9868-57a2d4851a1d" />
    <TestEntry testId="37fba5b5-d681-4e10-fafd-c28e763191cc" executionId="ab2a0868-508b-4f17-a4dc-01980d596d40" testListId="8c84fa94-04c1-424b-9868-57a2d4851a1d" />
    <TestEntry testId="8092fb95-bce0-448f-b9ea-f0a13448846b" executionId="c6bd1bd3-a914-4bce-8288-0e2c5f2c24ad" testListId="8c84fa94-04c1-424b-9868-57a2d4851a1d" />
    <TestEntry testId="c8f6adfe-2706-fa53-a8ec-73260cd8422b" executionId="ca64a64f-2851-4eb3-8750-626675f50d8c" testListId="8c84fa94-04c1-424b-9868-57a2d4851a1d" />
    <TestEntry testId="26239874-47ce-c34e-0f15-7bbcb54967e6" executionId="9186aed7-a152-42be-bba7-21273376c442" testListId="8c84fa94-04c1-424b-9868-57a2d4851a1d" />
    <TestEntry testId="bcc536a2-fb79-b600-1783-8d5deba17b27" executionId="253735ea-3c1d-40b4-afee-73425c219812" testListId="8c84fa94-04c1-424b-9868-57a2d4851a1d" />
    <TestEntry testId="fa692203-2698-2ed4-3d4e-b6e7026eff53" executionId="72fc68f4-40e1-4c84-8b6c-bfe13f6114aa" testListId="8c84fa94-04c1-424b-9868-57a2d4851a1d" />
    <TestEntry testId="cff01ed7-9d45-2c5b-9090-5b1d900b3df6" executionId="d0926d36-3f53-4ff3-abf6-793b5963e558" testListId="8c84fa94-04c1-424b-9868-57a2d4851a1d" />
    <TestEntry testId="9cbe6f34-d981-e9c8-e4a1-25d1b9415b9e" executionId="c7037c59-dc2e-4ae1-9e35-1d43aaf954fb" testListId="8c84fa94-04c1-424b-9868-57a2d4851a1d" />
    <TestEntry testId="d366c46c-5cca-0e4d-9a3b-f4a9c05a0ccc" executionId="e4450570-5dc7-4a91-a153-3b910b22c170" testListId="8c84fa94-04c1-424b-9868-57a2d4851a1d" />
    <TestEntry testId="fe3f077a-88dd-f4c6-d45e-8c97687fda04" executionId="586a8081-4f24-4629-9a0e-46f6fcec9b7b" testListId="8c84fa94-04c1-424b-9868-57a2d4851a1d" />
    <TestEntry testId="d6143197-37cc-f38d-d1dc-97e51f0f0084" executionId="4c053aa6-45ac-46e6-9040-d5590524dc57" testListId="8c84fa94-04c1-424b-9868-57a2d4851a1d" />
    <TestEntry testId="4f65a761-d0bc-da9f-bf94-d971a78cb253" executionId="7c1cf670-d16c-4661-8f41-74cec873aceb" testListId="8c84fa94-04c1-424b-9868-57a2d4851a1d" />
    <TestEntry testId="c54445cb-efb6-ff65-a1d0-bb4d41bb6d11" executionId="d1c4a925-39ad-4893-a5aa-bfa64d888fd2" testListId="8c84fa94-04c1-424b-9868-57a2d4851a1d" />
    <TestEntry testId="f53ef7a4-63b5-61ca-897d-4be91661e7d3" executionId="c9e750b2-ba12-4dc8-a5e5-7b7b1332ccf1" testListId="8c84fa94-04c1-424b-9868-57a2d4851a1d" />
    <TestEntry testId="93b74934-ad7d-b010-0fba-b4f5aae53e55" executionId="6ed3e0d1-6eed-42a5-b1ac-bdeaba22fa07" testListId="8c84fa94-04c1-424b-9868-57a2d4851a1d" />
    <TestEntry testId="0eddcfc5-94ff-095e-aad8-7569634ac83e" executionId="5dcd4e3d-b328-4a8a-8bdf-3384a1e3d3bd" testListId="8c84fa94-04c1-424b-9868-57a2d4851a1d" />
    <TestEntry testId="672b06f6-f5b3-aa07-6de6-2b8d7da58b2d" executionId="f0757162-1123-4d69-a3cd-6f44af9bb344" testListId="8c84fa94-04c1-424b-9868-57a2d4851a1d" />
    <TestEntry testId="d53ad50f-3add-b074-9940-e94b5f93d0a8" executionId="6bc5aaec-354c-4a69-8f3c-015a83de8d4b" testListId="8c84fa94-04c1-424b-9868-57a2d4851a1d" />
    <TestEntry testId="183c0650-db29-18f0-0adf-d480e7573375" executionId="3f4c994b-4fa1-4375-9f3f-28ca20315c72" testListId="8c84fa94-04c1-424b-9868-57a2d4851a1d" />
    <TestEntry testId="58450d44-1184-bae6-db30-e8a3573ea8c2" executionId="5515964c-4d06-4241-b2ab-ea8bc3158b27" testListId="8c84fa94-04c1-424b-9868-57a2d4851a1d" />
    <TestEntry testId="e1983cad-786e-ebcd-b70f-d65272e824e4" executionId="6757c51a-9d3c-4933-a67e-c593758e0674" testListId="8c84fa94-04c1-424b-9868-57a2d4851a1d" />
    <TestEntry testId="b0850129-e862-1dcd-4fb2-449626409253" executionId="df12464c-591d-4efd-9063-c80e40438873" testListId="8c84fa94-04c1-424b-9868-57a2d4851a1d" />
    <TestEntry testId="c5f93e41-0bfa-9cca-3078-bb0c562eb65c" executionId="86a10084-b128-42de-9ed3-7a2a942dc94c" testListId="8c84fa94-04c1-424b-9868-57a2d4851a1d" />
    <TestEntry testId="87de932d-4492-01d1-f140-b8a5f27b52ba" executionId="1cfdca42-247b-4144-b52b-9a03bb52b8d3" testListId="8c84fa94-04c1-424b-9868-57a2d4851a1d" />
    <TestEntry testId="03b6c75d-4c51-f339-6319-01eac4674cf7" executionId="629e8ab3-63d3-47d9-a96c-f2c1f95ebfae" testListId="8c84fa94-04c1-424b-9868-57a2d4851a1d" />
    <TestEntry testId="52753c54-3fdd-2253-6c02-570a166b05ee" executionId="885f9ad3-5314-495f-896f-117d0543f4ae" testListId="8c84fa94-04c1-424b-9868-57a2d4851a1d" />
    <TestEntry testId="a9b63746-d6f9-b45e-f0cb-fe6f5c5f8c4a" executionId="fef4d16c-0829-4935-9edc-132c5b128b66" testListId="8c84fa94-04c1-424b-9868-57a2d4851a1d" />
    <TestEntry testId="a005a50e-2309-e149-b335-bd00c34cf541" executionId="2ab23e59-116e-485f-b2a2-34ae016b5920" testListId="8c84fa94-04c1-424b-9868-57a2d4851a1d" />
    <TestEntry testId="699da836-406e-89ca-00e7-997808931866" executionId="ca00bf82-0d6b-42d5-bcff-4d5047cf0dc6" testListId="8c84fa94-04c1-424b-9868-57a2d4851a1d" />
    <TestEntry testId="28db56e7-9d51-e198-8908-26bb6c3bf75c" executionId="846209ee-24b4-422f-a36c-f6ff0f91c1a5" testListId="8c84fa94-04c1-424b-9868-57a2d4851a1d" />
    <TestEntry testId="e21e305d-4acd-25e9-0153-7071c379ffcf" executionId="10377cdd-9fe7-46f3-8843-82d6dbababc0" testListId="8c84fa94-04c1-424b-9868-57a2d4851a1d" />
    <TestEntry testId="21e45607-6bea-526f-c1ac-871d127e3e08" executionId="58db10f5-50bb-412d-9923-4e5b90bc22b4" testListId="8c84fa94-04c1-424b-9868-57a2d4851a1d" />
    <TestEntry testId="a958ade5-748c-3ba0-f9c9-4b9f65a41e36" executionId="04c8d922-ac92-4ac0-9da8-89b2870ef8cf" testListId="8c84fa94-04c1-424b-9868-57a2d4851a1d" />
    <TestEntry testId="d2ef2ddd-e930-e44d-8309-5aed6c438d16" executionId="373525bf-9b54-400b-baa0-2d24db1a8325" testListId="8c84fa94-04c1-424b-9868-57a2d4851a1d" />
    <TestEntry testId="81e86b4d-3c9c-3a77-023c-430dcbdafb38" executionId="f95100bd-0728-4f3b-9389-4a5f14dac974" testListId="8c84fa94-04c1-424b-9868-57a2d4851a1d" />
    <TestEntry testId="40cb82a1-26a7-45c9-f331-d68208ab35ba" executionId="fc18a08e-4618-4bca-8394-004c6d509f47" testListId="8c84fa94-04c1-424b-9868-57a2d4851a1d" />
    <TestEntry testId="834a8d3d-617b-28c0-e55c-80ba7e0a86d3" executionId="970c3d35-ccea-43ec-9923-e2fa1d0c886e" testListId="8c84fa94-04c1-424b-9868-57a2d4851a1d" />
    <TestEntry testId="dbb69f21-b444-9391-7075-e1f1173b0cc8" executionId="3a57ab25-0737-4753-8941-e3b8edbd5fc1" testListId="8c84fa94-04c1-424b-9868-57a2d4851a1d" />
    <TestEntry testId="4ad0dd35-20f6-6c91-0620-67e22df07c4a" executionId="10fcd96a-5a2d-48a2-a0cf-6e5f50d48a74" testListId="8c84fa94-04c1-424b-9868-57a2d4851a1d" />
    <TestEntry testId="d58f696d-8d8f-586e-01cb-0f03a8cc3677" executionId="e66aed01-f57a-46bb-910b-bfa0e92a8d8a" testListId="8c84fa94-04c1-424b-9868-57a2d4851a1d" />
    <TestEntry testId="7daa7abc-6fb5-abfc-4935-d6eca12dee2c" executionId="592d1f67-7274-4a6e-8930-19bdd0304708" testListId="8c84fa94-04c1-424b-9868-57a2d4851a1d" />
    <TestEntry testId="5702a71a-de50-e7aa-884f-eb91bde50c90" executionId="8b7881e7-1d2b-4b30-993a-06fabc97c5e7" testListId="8c84fa94-04c1-424b-9868-57a2d4851a1d" />
    <TestEntry testId="bbf10581-e294-948d-6cf8-d989043b9a5b" executionId="a73794ba-38a3-4012-a558-b5bfcb77804a" testListId="8c84fa94-04c1-424b-9868-57a2d4851a1d" />
    <TestEntry testId="6f1ac53a-139c-0504-3be6-e59a4f894808" executionId="e6777d28-435f-4be2-9fa2-31e29bb38159" testListId="8c84fa94-04c1-424b-9868-57a2d4851a1d" />
    <TestEntry testId="0e8b47b9-b3c0-27b9-af54-f0b650304abf" executionId="57ccbf9d-52e8-4941-8623-80fcda7e55c5" testListId="8c84fa94-04c1-424b-9868-57a2d4851a1d" />
    <TestEntry testId="9d8f9729-62ea-209b-6851-d55dd50b39b4" executionId="4aa470e2-02c9-4471-9c63-8439fd4c33c9" testListId="8c84fa94-04c1-424b-9868-57a2d4851a1d" />
    <TestEntry testId="ae9552db-5b75-2269-a874-59f6258a3b7e" executionId="cf2f2d75-cc70-4d0f-9b99-dd264095444c" testListId="8c84fa94-04c1-424b-9868-57a2d4851a1d" />
    <TestEntry testId="24b8cff5-9a2f-b8ca-7371-50f28ef97d7a" executionId="f5c5b3f9-0edb-43cf-b6e8-f7685d0bfa11" testListId="8c84fa94-04c1-424b-9868-57a2d4851a1d" />
    <TestEntry testId="1e3b997d-8849-2f0b-8df1-c72577a7aabe" executionId="7acee57d-5327-4cf1-a43f-82d1bfe64446" testListId="8c84fa94-04c1-424b-9868-57a2d4851a1d" />
    <TestEntry testId="5b4fc875-3064-bf4c-68e7-bb45b8ab7a76" executionId="5516d448-ae26-4c65-86b0-3baf545fc0b7" testListId="8c84fa94-04c1-424b-9868-57a2d4851a1d" />
    <TestEntry testId="02daa22c-6d55-6b38-3148-6c36346e7e74" executionId="89d686da-e961-4ce6-a880-d74e98a7b867" testListId="8c84fa94-04c1-424b-9868-57a2d4851a1d" />
    <TestEntry testId="19d6d8e4-ebd9-a755-1801-b6d5170e78b5" executionId="dc07bf67-6733-4cc7-ba1e-34bfe94bfea6" testListId="8c84fa94-04c1-424b-9868-57a2d4851a1d" />
    <TestEntry testId="ab7812e9-778b-260f-6d1a-0d8b85392b7d" executionId="a4a50bb6-4b93-4f96-8241-23e784d883d2" testListId="8c84fa94-04c1-424b-9868-57a2d4851a1d" />
    <TestEntry testId="937d5af8-bae8-5490-fe92-7e6f0a1b44ea" executionId="082c6792-1860-44be-9448-57bc1c7da428" testListId="8c84fa94-04c1-424b-9868-57a2d4851a1d" />
    <TestEntry testId="81cc80cb-567a-86cf-f158-07e09f02c12e" executionId="49f356c4-52ea-4650-a0e0-a0c21741ee80" testListId="8c84fa94-04c1-424b-9868-57a2d4851a1d" />
    <TestEntry testId="6f025e76-c755-2626-7d3b-0dcbe9217480" executionId="78f0dd3f-5812-422f-a8be-f73c0afe8541" testListId="8c84fa94-04c1-424b-9868-57a2d4851a1d" />
    <TestEntry testId="3b42eecc-b2ba-cd9b-562d-6ae84644885b" executionId="ed34ca06-b7f5-40f8-a5e2-befbc042dbcc" testListId="8c84fa94-04c1-424b-9868-57a2d4851a1d" />
    <TestEntry testId="1c465807-a1f0-fb31-6a2c-488b0830b6a8" executionId="ec2fcc6c-dba9-4584-8c68-59ca64e22e57" testListId="8c84fa94-04c1-424b-9868-57a2d4851a1d" />
    <TestEntry testId="65c39c94-884b-c01a-01f9-03c17aee8608" executionId="1cf67131-f078-44ff-bcf1-e193423623f3" testListId="8c84fa94-04c1-424b-9868-57a2d4851a1d" />
    <TestEntry testId="099baf2e-d4b6-001e-96a7-7181c2d356a7" executionId="a517cb6c-37fe-4fea-b184-788746d1578a" testListId="8c84fa94-04c1-424b-9868-57a2d4851a1d" />
    <TestEntry testId="55710f18-fe9d-677f-23a3-93f347512777" executionId="0c9282b6-29fd-432f-ad9e-31003a2f05c9" testListId="8c84fa94-04c1-424b-9868-57a2d4851a1d" />
    <TestEntry testId="90d3dfb0-c871-1b17-c982-80aeb2ba8614" executionId="94ac62b1-46d0-4072-ac7f-4045f2e66e61" testListId="8c84fa94-04c1-424b-9868-57a2d4851a1d" />
    <TestEntry testId="2a7a372f-634d-71f5-ca4a-1ea5a2c85552" executionId="6705ea34-5f85-4057-9735-b020b3bc2a13" testListId="8c84fa94-04c1-424b-9868-57a2d4851a1d" />
    <TestEntry testId="34339ba6-393a-c624-9a62-d7093ca69d48" executionId="c141f5ce-a487-4c8e-a22f-73a6e5065390" testListId="8c84fa94-04c1-424b-9868-57a2d4851a1d" />
    <TestEntry testId="36bbea3c-eede-98a3-24c0-e7828f5915ea" executionId="3a77068f-d2fd-4c65-ad4b-e734f32cb062" testListId="8c84fa94-04c1-424b-9868-57a2d4851a1d" />
    <TestEntry testId="d749e3c5-2ca3-60eb-6561-89353b132fb2" executionId="91277b5b-da9b-4673-ac2d-0e7bea782ae6" testListId="8c84fa94-04c1-424b-9868-57a2d4851a1d" />
    <TestEntry testId="b13a78de-ee89-6bfb-3c76-95ca270b226d" executionId="8bceee16-f185-435d-948b-457a98cd9f50" testListId="8c84fa94-04c1-424b-9868-57a2d4851a1d" />
    <TestEntry testId="37cfb3d3-e74f-a902-863a-1eaf3c8828fa" executionId="e8016a34-e641-4542-a52c-c5265e43abbf" testListId="8c84fa94-04c1-424b-9868-57a2d4851a1d" />
    <TestEntry testId="74c81d51-9005-7313-6115-2ce8f6ba7d07" executionId="2efa079e-dda2-49df-9cd8-eef24f8a75fc" testListId="8c84fa94-04c1-424b-9868-57a2d4851a1d" />
    <TestEntry testId="477eb030-c35c-3d09-2049-ff76c904480c" executionId="9b70a114-c740-4528-9ea8-08ed5358ffff" testListId="8c84fa94-04c1-424b-9868-57a2d4851a1d" />
    <TestEntry testId="7924ec40-1e0a-c846-9e2e-a6160fbff127" executionId="c0b2ad2b-d6cd-4b6a-adc9-f0848ce5c16e" testListId="8c84fa94-04c1-424b-9868-57a2d4851a1d" />
    <TestEntry testId="ac6bdef7-5bbd-d9e4-36ea-2afc5a81cf05" executionId="85f84cbe-8344-4fa3-a7e5-5bdcaa675750" testListId="8c84fa94-04c1-424b-9868-57a2d4851a1d" />
    <TestEntry testId="1fb51676-f356-d25f-04b4-4715345d3e65" executionId="9d383f62-6c28-4cd4-ae02-c511c9f091d6" testListId="8c84fa94-04c1-424b-9868-57a2d4851a1d" />
    <TestEntry testId="728889bc-b10e-1f0f-3a40-ba743f3eed71" executionId="e1e4e66c-6b2a-403d-8cd4-d11749a8a43e" testListId="8c84fa94-04c1-424b-9868-57a2d4851a1d" />
    <TestEntry testId="68112b55-1082-a0a2-95f3-75cff49f603c" executionId="b114cc85-f2c5-4907-a318-a7017e175963" testListId="8c84fa94-04c1-424b-9868-57a2d4851a1d" />
    <TestEntry testId="b525ee83-046a-ae32-0bc9-48eac56c092b" executionId="217feafb-7dc3-432c-8160-f01d0e010b9d" testListId="8c84fa94-04c1-424b-9868-57a2d4851a1d" />
    <TestEntry testId="2ed25f66-4b58-6987-26e6-58b0b3dd5710" executionId="7e6581b2-c4fe-4914-847c-443bd36fdae3" testListId="8c84fa94-04c1-424b-9868-57a2d4851a1d" />
    <TestEntry testId="1028e034-294b-861b-6d30-6af503d8aae6" executionId="66759451-8e34-4b4e-881a-ad70dbb31686" testListId="8c84fa94-04c1-424b-9868-57a2d4851a1d" />
    <TestEntry testId="25926472-a364-ffeb-5b93-80695e353950" executionId="bd9050ed-d59b-4401-8347-cd0cf4d123fc" testListId="8c84fa94-04c1-424b-9868-57a2d4851a1d" />
    <TestEntry testId="6461f272-959b-87e9-1b20-652c11735a7b" executionId="b0f4c548-2731-412f-afc2-21bc9db18537" testListId="8c84fa94-04c1-424b-9868-57a2d4851a1d" />
    <TestEntry testId="17221b6d-8d52-cd01-71a8-442b908d238a" executionId="9cb8263e-0aa0-4a3c-8a9d-b6b6c2eccc71" testListId="8c84fa94-04c1-424b-9868-57a2d4851a1d" />
    <TestEntry testId="67c29756-17a3-78f5-88bd-547c25538eaf" executionId="4daeee95-1f12-4cf6-8319-f136f08d7d6c" testListId="8c84fa94-04c1-424b-9868-57a2d4851a1d" />
    <TestEntry testId="c7c74bf3-66e5-c060-b79d-84f1ba0a76ce" executionId="f9205f01-7921-42a5-aba1-4bb0588723f3" testListId="8c84fa94-04c1-424b-9868-57a2d4851a1d" />
    <TestEntry testId="2eb58b26-cc7d-8831-901c-ed0736fba22f" executionId="0429e697-b817-4e41-b225-1195067382e9" testListId="8c84fa94-04c1-424b-9868-57a2d4851a1d" />
    <TestEntry testId="23bf0730-6c1a-239d-efce-7dda177a43b8" executionId="734a653a-8524-4df4-976b-d62bb0395e84" testListId="8c84fa94-04c1-424b-9868-57a2d4851a1d" />
    <TestEntry testId="f323fab1-bbc2-c69a-0f32-f3a2e1a0f86e" executionId="0f02aac8-6da4-4907-a12e-1e5fbb60fd62" testListId="8c84fa94-04c1-424b-9868-57a2d4851a1d" />
    <TestEntry testId="32474e8d-8a4e-8ee5-d0b3-590bffee69fd" executionId="7e1563ef-1c89-4c57-92ed-4cdea65137a9" testListId="8c84fa94-04c1-424b-9868-57a2d4851a1d" />
    <TestEntry testId="0397993a-c6aa-90f9-100c-4700ecde4142" executionId="36d7f6e1-9cbc-4123-8a44-ea0bf32cd09b" testListId="8c84fa94-04c1-424b-9868-57a2d4851a1d" />
  </TestEntries>
  <TestLists>
    <TestList name="Results Not in a List" id="8c84fa94-04c1-424b-9868-57a2d4851a1d" />
    <TestList name="All Loaded Results" id="19431567-8539-422a-85d7-44ee4e166bda" />
  </TestLists>
  <ResultSummary outcome="Completed">
    <Counters total="359" executed="359" passed="359" failed="0" error="0" timeout="0" aborted="0" inconclusive="0" passedButRunAborted="0" notRunnable="0" notExecuted="0" disconnected="0" warning="0" completed="0" inProgress="0" pending="0" />
    <Output>
      <StdOut>[xUnit.net 00:00:00.00] xUnit.net VSTest Adapter v3.1.5+1b188a7b0a (64-bit .NET 10.0.12)&#xD;
[xUnit.net 00:00:00.16]   Discovering: FileHandler.Tests&#xD;
[xUnit.net 00:00:00.48]   Discovered:  FileHandler.Tests&#xD;
[xUnit.net 00:00:00.68]   Starting:    FileHandler.Tests&#xD;
[xUnit.net 00:00:01.69]   Finished:    FileHandler.Tests (ID = '4c64af4a2d734a84f9e2ad3c589cb0603c6ce5b148c30c738e29524e9d7b0b9c')&#xD;
</StdOut>
    </Output>
  </ResultSummary>
</TestRun>